<?xml version="1.0" encoding="UTF-8"?>
<testsuites name="Test Suite 5_ASC" time="243.426" tests="1" failures="0" errors="0">
   <testsuite name="Test Suite 5_ASC" tests="1" failures="0" errors="0" time="243.426" timestamp="2020-09-01 20:00:14" hostname="Mahi - MSAMARA" id="Test Suites/Test Suite 5_ASC">
      <properties>
         <property name="deviceName" value=""/>
         <property name="devicePlatform" value=""/>
         <property name="logFolder" value="C:\\Users\\Mahi\\git\\KatalonGitTestASC1\\Reports\\20200901_195956\\Test Suite 5_ASC\\20200901_195956"/>
         <property name="logFiles" value="C:\\Users\\Mahi\\git\\KatalonGitTestASC1\\Reports\\20200901_195956\\Test Suite 5_ASC\\20200901_195956\\execution0.log"/>
         <property name="attachments" value=""/>
         <property name="hostName" value="Mahi - MSAMARA"/>
         <property name="os" value="Windows 8.1 64bit"/>
         <property name="katalonVersion" value="null.null"/>
         <property name="browser" value="Chrome 84.0.4147.135"/>
         <property name="hostAddress" value="192.168.43.25"/>
         <property name="sessionId" value="8948a735a1f2c6744e380f232b3eb8fd"/>
         <property name="seleniumVersion" value="3.141.59"/>
         <property name="proxyInformation" value="ProxyInformation { proxyOption=NO_PROXY, proxyServerType=HTTP, username=, password=********, proxyServerAddress=, proxyServerPort=0, executionList=\&quot;\&quot;, isApplyToDesiredCapabilities=true }"/>
         <property name="platform" value="Windows 8.1"/>
      </properties>
      <testcase name="Test Cases/Messages/Messages Section" time="242.789" classname="Test Cases/Messages/Messages Section" status="PASSED">
         <system-out><![CDATA[2020-09-01 20:00:15 - [TEST_CASE][PASSED] - Test Cases/Messages/Messages Section: Test Cases/Messages/Messages Section

2020-09-01 20:00:16 - [TEST_STEP][PASSED] - openBrowser(""): Browser is opened with url: ''

2020-09-01 20:00:16 - [MESSAGE][INFO] - Starting 'Chrome' driver

2020-09-01 20:00:16 - [MESSAGE][INFO] - Action delay is set to 0 milliseconds

2020-09-01 20:00:20 - [MESSAGE][PASSED] - Browser is opened with url: ''

2020-09-01 20:00:20 - [TEST_STEP][PASSED] - navigateToUrl("https://www.wp.americansoftwarecontracts.com/"): Navigate to 'https://www.wp.americansoftwarecontracts.com/' successfully

2020-09-01 20:00:38 - [MESSAGE][PASSED] - Navigate to 'https://www.wp.americansoftwarecontracts.com/' successfully

2020-09-01 20:00:38 - [TEST_STEP][PASSED] - maximizeWindow(): Current window maximized

2020-09-01 20:00:41 - [MESSAGE][PASSED] - Current window maximized

2020-09-01 20:00:41 - [TEST_STEP][PASSED] - click(findTestObject("Object Repository/All Sections/Page_American Software Contracts  Marketpla_f90b1c/a_Sign In")): Object: 'Object Repository/All Sections/Page_American Software Contracts  Marketpla_f90b1c/a_Sign In' is clicked on

2020-09-01 20:00:42 - [MESSAGE][PASSED] - Object: 'Object Repository/All Sections/Page_American Software Contracts  Marketpla_f90b1c/a_Sign In' is clicked on

2020-09-01 20:00:42 - [TEST_STEP][PASSED] - setText(findTestObject("Object Repository/All Sections/Page_American Software Contracts  Marketpla_f90b1c/input_Login_username"), "mahendram15@gmail.com"): Text 'mahendram15@gmail.com' is set on object 'Object Repository/All Sections/Page_American Software Contracts  Marketpla_f90b1c/input_Login_username'

2020-09-01 20:00:44 - [MESSAGE][PASSED] - Text 'mahendram15@gmail.com' is set on object 'Object Repository/All Sections/Page_American Software Contracts  Marketpla_f90b1c/input_Login_username'

2020-09-01 20:00:44 - [TEST_STEP][PASSED] - setEncryptedText(findTestObject("Object Repository/All Sections/Page_American Software Contracts  Marketpla_f90b1c/input_Login_password"), "XUwhRSdIKYJlFl7OB//OUg=="): Text ****** has been set on object 'Object Repository/All Sections/Page_American Software Contracts  Marketpla_f90b1c/input_Login_password'

2020-09-01 20:00:44 - [MESSAGE][PASSED] - Text ****** has been set on object 'Object Repository/All Sections/Page_American Software Contracts  Marketpla_f90b1c/input_Login_password'

2020-09-01 20:00:44 - [TEST_STEP][PASSED] - click(findTestObject("Object Repository/All Sections/Page_American Software Contracts  Marketpla_f90b1c/button_login")): Object: 'Object Repository/All Sections/Page_American Software Contracts  Marketpla_f90b1c/button_login' is clicked on

2020-09-01 20:00:45 - [MESSAGE][PASSED] - Object: 'Object Repository/All Sections/Page_American Software Contracts  Marketpla_f90b1c/button_login' is clicked on

2020-09-01 20:00:45 - [TEST_STEP][PASSED] - click(findTestObject("Object Repository/All Sections/Page_Dashboard  American Software Contracts/a_Message")): Object: 'Object Repository/All Sections/Page_Dashboard  American Software Contracts/a_Message' is clicked on

2020-09-01 20:00:58 - [MESSAGE][PASSED] - Object: 'Object Repository/All Sections/Page_Dashboard  American Software Contracts/a_Message' is clicked on

2020-09-01 20:00:58 - [TEST_STEP][PASSED] - click(findTestObject("Object Repository/All Sections/Page_Dashboard  American Software Contracts/a_Click To View")): Object: 'Object Repository/All Sections/Page_Dashboard  American Software Contracts/a_Click To View' is clicked on

2020-09-01 20:01:03 - [MESSAGE][PASSED] - Object: 'Object Repository/All Sections/Page_Dashboard  American Software Contracts/a_Click To View' is clicked on

2020-09-01 20:01:03 - [TEST_STEP][PASSED] - delay(3): Delayed 3 second(s)

2020-09-01 20:01:06 - [MESSAGE][PASSED] - Delayed 3 second(s)

2020-09-01 20:01:06 - [TEST_STEP][PASSED] - click(findTestObject("Object Repository/All Sections/Page_Dashboard  American Software Contracts/a_Message")): Object: 'Object Repository/All Sections/Page_Dashboard  American Software Contracts/a_Message' is clicked on

2020-09-01 20:01:14 - [MESSAGE][PASSED] - Object: 'Object Repository/All Sections/Page_Dashboard  American Software Contracts/a_Message' is clicked on

2020-09-01 20:01:14 - [TEST_STEP][PASSED] - click(findTestObject("Object Repository/All Sections/Page_Dashboard  American Software Contracts/a_Click To View_1")): Object: 'Object Repository/All Sections/Page_Dashboard  American Software Contracts/a_Click To View_1' is clicked on

2020-09-01 20:01:19 - [MESSAGE][PASSED] - Object: 'Object Repository/All Sections/Page_Dashboard  American Software Contracts/a_Click To View_1' is clicked on

2020-09-01 20:01:19 - [TEST_STEP][PASSED] - delay(3): Delayed 3 second(s)

2020-09-01 20:01:22 - [MESSAGE][PASSED] - Delayed 3 second(s)

2020-09-01 20:01:22 - [TEST_STEP][PASSED] - click(findTestObject("Object Repository/All Sections/Page_Dashboard  American Software Contracts/a_Message")): Object: 'Object Repository/All Sections/Page_Dashboard  American Software Contracts/a_Message' is clicked on

2020-09-01 20:01:27 - [MESSAGE][PASSED] - Object: 'Object Repository/All Sections/Page_Dashboard  American Software Contracts/a_Message' is clicked on

2020-09-01 20:01:27 - [TEST_STEP][PASSED] - click(findTestObject("Object Repository/All Sections/Page_Dashboard  American Software Contracts/a_Upgrade Now")): Object: 'Object Repository/All Sections/Page_Dashboard  American Software Contracts/a_Upgrade Now' is clicked on

2020-09-01 20:01:31 - [MESSAGE][PASSED] - Object: 'Object Repository/All Sections/Page_Dashboard  American Software Contracts/a_Upgrade Now' is clicked on

2020-09-01 20:01:31 - [TEST_STEP][PASSED] - delay(3): Delayed 3 second(s)

2020-09-01 20:01:34 - [MESSAGE][PASSED] - Delayed 3 second(s)

2020-09-01 20:01:34 - [TEST_STEP][PASSED] - click(findTestObject("Object Repository/All Sections/Page_Dashboard  American Software Contracts/a_Message")): Object: 'Object Repository/All Sections/Page_Dashboard  American Software Contracts/a_Message' is clicked on

2020-09-01 20:01:41 - [MESSAGE][PASSED] - Object: 'Object Repository/All Sections/Page_Dashboard  American Software Contracts/a_Message' is clicked on

2020-09-01 20:01:41 - [TEST_STEP][PASSED] - click(findTestObject("Object Repository/All Sections/Page_Dashboard  American Software Contracts/a_View More")): Object: 'Object Repository/All Sections/Page_Dashboard  American Software Contracts/a_View More' is clicked on

2020-09-01 20:01:43 - [MESSAGE][PASSED] - Object: 'Object Repository/All Sections/Page_Dashboard  American Software Contracts/a_View More' is clicked on

2020-09-01 20:01:43 - [TEST_STEP][PASSED] - delay(3): Delayed 3 second(s)

2020-09-01 20:01:46 - [MESSAGE][PASSED] - Delayed 3 second(s)

2020-09-01 20:01:46 - [TEST_STEP][PASSED] - click(findTestObject("Object Repository/All Sections/Page_Dashboard  American Software Contracts/i_Trail Freelancer_wt-btncancel fa fa-times")): Object: 'Object Repository/All Sections/Page_Dashboard  American Software Contracts/i_Trail Freelancer_wt-btncancel fa fa-times' is clicked on

2020-09-01 20:01:47 - [MESSAGE][PASSED] - Object: 'Object Repository/All Sections/Page_Dashboard  American Software Contracts/i_Trail Freelancer_wt-btncancel fa fa-times' is clicked on

2020-09-01 20:01:47 - [TEST_STEP][PASSED] - delay(3): Delayed 3 second(s)

2020-09-01 20:01:50 - [MESSAGE][PASSED] - Delayed 3 second(s)

2020-09-01 20:01:50 - [TEST_STEP][PASSED] - click(findTestObject("Object Repository/All Sections/Page_Dashboard  American Software Contracts/a_Click To View_1_2")): Object: 'Object Repository/All Sections/Page_Dashboard  American Software Contracts/a_Click To View_1_2' is clicked on

2020-09-01 20:01:56 - [MESSAGE][PASSED] - Object: 'Object Repository/All Sections/Page_Dashboard  American Software Contracts/a_Click To View_1_2' is clicked on

2020-09-01 20:01:56 - [TEST_STEP][PASSED] - delay(3): Delayed 3 second(s)

2020-09-01 20:01:59 - [MESSAGE][PASSED] - Delayed 3 second(s)

2020-09-01 20:01:59 - [TEST_STEP][PASSED] - click(findTestObject("Object Repository/All Sections/Page_Dashboard  American Software Contracts/a_Saved Service")): Object: 'Object Repository/All Sections/Page_Dashboard  American Software Contracts/a_Saved Service' is clicked on

2020-09-01 20:02:06 - [MESSAGE][PASSED] - Object: 'Object Repository/All Sections/Page_Dashboard  American Software Contracts/a_Saved Service' is clicked on

2020-09-01 20:02:06 - [TEST_STEP][PASSED] - delay(3): Delayed 3 second(s)

2020-09-01 20:02:09 - [MESSAGE][PASSED] - Delayed 3 second(s)

2020-09-01 20:02:09 - [TEST_STEP][PASSED] - click(findTestObject("Object Repository/All Sections/Page_Dashboard  American Software Contracts/a_Followed Companies")): Object: 'Object Repository/All Sections/Page_Dashboard  American Software Contracts/a_Followed Companies' is clicked on

2020-09-01 20:02:15 - [MESSAGE][PASSED] - Object: 'Object Repository/All Sections/Page_Dashboard  American Software Contracts/a_Followed Companies' is clicked on

2020-09-01 20:02:15 - [TEST_STEP][PASSED] - delay(3): Delayed 3 second(s)

2020-09-01 20:02:18 - [MESSAGE][PASSED] - Delayed 3 second(s)

2020-09-01 20:02:18 - [TEST_STEP][PASSED] - click(findTestObject("Object Repository/All Sections/Page_Dashboard  American Software Contracts/a_Liked Freelancers")): Object: 'Object Repository/All Sections/Page_Dashboard  American Software Contracts/a_Liked Freelancers' is clicked on

2020-09-01 20:02:23 - [MESSAGE][PASSED] - Object: 'Object Repository/All Sections/Page_Dashboard  American Software Contracts/a_Liked Freelancers' is clicked on

2020-09-01 20:02:23 - [TEST_STEP][PASSED] - delay(3): Delayed 3 second(s)

2020-09-01 20:02:26 - [MESSAGE][PASSED] - Delayed 3 second(s)

2020-09-01 20:02:26 - [TEST_STEP][PASSED] - click(findTestObject("Object Repository/All Sections/Page_Dashboard  American Software Contracts/a_Message")): Object: 'Object Repository/All Sections/Page_Dashboard  American Software Contracts/a_Message' is clicked on

2020-09-01 20:02:31 - [MESSAGE][PASSED] - Object: 'Object Repository/All Sections/Page_Dashboard  American Software Contracts/a_Message' is clicked on

2020-09-01 20:02:31 - [TEST_STEP][PASSED] - click(findTestObject("Object Repository/All Sections/Page_Dashboard  American Software Contracts/a_Total Ongoing Jobs")): Object: 'Object Repository/All Sections/Page_Dashboard  American Software Contracts/a_Total Ongoing Jobs' is clicked on

2020-09-01 20:02:35 - [MESSAGE][PASSED] - Object: 'Object Repository/All Sections/Page_Dashboard  American Software Contracts/a_Total Ongoing Jobs' is clicked on

2020-09-01 20:02:35 - [TEST_STEP][PASSED] - delay(3): Delayed 3 second(s)

2020-09-01 20:02:38 - [MESSAGE][PASSED] - Delayed 3 second(s)

2020-09-01 20:02:38 - [TEST_STEP][PASSED] - click(findTestObject("Object Repository/All Sections/Page_Dashboard  American Software Contracts/a_Message")): Object: 'Object Repository/All Sections/Page_Dashboard  American Software Contracts/a_Message' is clicked on

2020-09-01 20:02:43 - [MESSAGE][PASSED] - Object: 'Object Repository/All Sections/Page_Dashboard  American Software Contracts/a_Message' is clicked on

2020-09-01 20:02:43 - [TEST_STEP][PASSED] - click(findTestObject("Object Repository/All Sections/Page_Dashboard  American Software Contracts/a_Total Completed Jobs")): Object: 'Object Repository/All Sections/Page_Dashboard  American Software Contracts/a_Total Completed Jobs' is clicked on

2020-09-01 20:02:48 - [MESSAGE][PASSED] - Object: 'Object Repository/All Sections/Page_Dashboard  American Software Contracts/a_Total Completed Jobs' is clicked on

2020-09-01 20:02:48 - [TEST_STEP][PASSED] - delay(3): Delayed 3 second(s)

2020-09-01 20:02:51 - [MESSAGE][PASSED] - Delayed 3 second(s)

2020-09-01 20:02:51 - [TEST_STEP][PASSED] - click(findTestObject("Object Repository/All Sections/Page_Dashboard  American Software Contracts/a_Message")): Object: 'Object Repository/All Sections/Page_Dashboard  American Software Contracts/a_Message' is clicked on

2020-09-01 20:02:56 - [MESSAGE][PASSED] - Object: 'Object Repository/All Sections/Page_Dashboard  American Software Contracts/a_Message' is clicked on

2020-09-01 20:02:56 - [TEST_STEP][PASSED] - click(findTestObject("Object Repository/All Sections/Page_Dashboard  American Software Contracts/a_Total Cancelled Jobs")): Object: 'Object Repository/All Sections/Page_Dashboard  American Software Contracts/a_Total Cancelled Jobs' is clicked on

2020-09-01 20:02:59 - [MESSAGE][PASSED] - Object: 'Object Repository/All Sections/Page_Dashboard  American Software Contracts/a_Total Cancelled Jobs' is clicked on

2020-09-01 20:02:59 - [TEST_STEP][PASSED] - delay(3): Delayed 3 second(s)

2020-09-01 20:03:02 - [MESSAGE][PASSED] - Delayed 3 second(s)

2020-09-01 20:03:02 - [TEST_STEP][PASSED] - click(findTestObject("Object Repository/All Sections/Page_Dashboard  American Software Contracts/a_Message")): Object: 'Object Repository/All Sections/Page_Dashboard  American Software Contracts/a_Message' is clicked on

2020-09-01 20:03:08 - [MESSAGE][PASSED] - Object: 'Object Repository/All Sections/Page_Dashboard  American Software Contracts/a_Message' is clicked on

2020-09-01 20:03:08 - [TEST_STEP][PASSED] - click(findTestObject("Object Repository/All Sections/Page_Dashboard  American Software Contracts/a_Total Posted Jobs")): Object: 'Object Repository/All Sections/Page_Dashboard  American Software Contracts/a_Total Posted Jobs' is clicked on

2020-09-01 20:03:14 - [MESSAGE][PASSED] - Object: 'Object Repository/All Sections/Page_Dashboard  American Software Contracts/a_Total Posted Jobs' is clicked on

2020-09-01 20:03:14 - [TEST_STEP][PASSED] - delay(3): Delayed 3 second(s)

2020-09-01 20:03:17 - [MESSAGE][PASSED] - Delayed 3 second(s)

2020-09-01 20:03:17 - [TEST_STEP][PASSED] - click(findTestObject("Object Repository/All Sections/Page_Dashboard  American Software Contracts/a_Message")): Object: 'Object Repository/All Sections/Page_Dashboard  American Software Contracts/a_Message' is clicked on

2020-09-01 20:03:21 - [MESSAGE][PASSED] - Object: 'Object Repository/All Sections/Page_Dashboard  American Software Contracts/a_Message' is clicked on

2020-09-01 20:03:21 - [TEST_STEP][PASSED] - click(findTestObject("Object Repository/All Sections/Page_Dashboard  American Software Contracts/a_Total Ongoing Services")): Object: 'Object Repository/All Sections/Page_Dashboard  American Software Contracts/a_Total Ongoing Services' is clicked on

2020-09-01 20:03:26 - [MESSAGE][PASSED] - Object: 'Object Repository/All Sections/Page_Dashboard  American Software Contracts/a_Total Ongoing Services' is clicked on

2020-09-01 20:03:26 - [TEST_STEP][PASSED] - delay(3): Delayed 3 second(s)

2020-09-01 20:03:29 - [MESSAGE][PASSED] - Delayed 3 second(s)

2020-09-01 20:03:29 - [TEST_STEP][PASSED] - click(findTestObject("Object Repository/All Sections/Page_Dashboard  American Software Contracts/a_Message")): Object: 'Object Repository/All Sections/Page_Dashboard  American Software Contracts/a_Message' is clicked on

2020-09-01 20:03:33 - [MESSAGE][PASSED] - Object: 'Object Repository/All Sections/Page_Dashboard  American Software Contracts/a_Message' is clicked on

2020-09-01 20:03:33 - [TEST_STEP][PASSED] - click(findTestObject("Object Repository/All Sections/Page_Dashboard  American Software Contracts/main_Pushapjit S            Post a Job     _6b199f")): Object: 'Object Repository/All Sections/Page_Dashboard  American Software Contracts/main_Pushapjit S            Post a Job     _6b199f' is clicked on

2020-09-01 20:03:34 - [MESSAGE][PASSED] - Object: 'Object Repository/All Sections/Page_Dashboard  American Software Contracts/main_Pushapjit S            Post a Job     _6b199f' is clicked on

2020-09-01 20:03:34 - [TEST_STEP][PASSED] - delay(3): Delayed 3 second(s)

2020-09-01 20:03:37 - [MESSAGE][PASSED] - Delayed 3 second(s)

2020-09-01 20:03:37 - [TEST_STEP][PASSED] - click(findTestObject("Object Repository/All Sections/Page_Dashboard  American Software Contracts/a_Total Completed Services")): Object: 'Object Repository/All Sections/Page_Dashboard  American Software Contracts/a_Total Completed Services' is clicked on

2020-09-01 20:03:41 - [MESSAGE][PASSED] - Object: 'Object Repository/All Sections/Page_Dashboard  American Software Contracts/a_Total Completed Services' is clicked on

2020-09-01 20:03:41 - [TEST_STEP][PASSED] - click(findTestObject("Object Repository/All Sections/Page_Dashboard  American Software Contracts/a_Message")): Object: 'Object Repository/All Sections/Page_Dashboard  American Software Contracts/a_Message' is clicked on

2020-09-01 20:03:45 - [MESSAGE][PASSED] - Object: 'Object Repository/All Sections/Page_Dashboard  American Software Contracts/a_Message' is clicked on

2020-09-01 20:03:45 - [TEST_STEP][PASSED] - click(findTestObject("Object Repository/All Sections/Page_Dashboard  American Software Contracts/a_Total Cancelled Services")): Object: 'Object Repository/All Sections/Page_Dashboard  American Software Contracts/a_Total Cancelled Services' is clicked on

2020-09-01 20:03:50 - [MESSAGE][PASSED] - Object: 'Object Repository/All Sections/Page_Dashboard  American Software Contracts/a_Total Cancelled Services' is clicked on

2020-09-01 20:03:50 - [TEST_STEP][PASSED] - delay(3): Delayed 3 second(s)

2020-09-01 20:03:53 - [MESSAGE][PASSED] - Delayed 3 second(s)

2020-09-01 20:03:53 - [TEST_STEP][PASSED] - click(findTestObject("Object Repository/All Sections/Page_Dashboard  American Software Contracts/h3_Mahendra A")): Object: 'Object Repository/All Sections/Page_Dashboard  American Software Contracts/h3_Mahendra A' is clicked on

2020-09-01 20:03:54 - [MESSAGE][PASSED] - Object: 'Object Repository/All Sections/Page_Dashboard  American Software Contracts/h3_Mahendra A' is clicked on

2020-09-01 20:03:54 - [TEST_STEP][PASSED] - click(findTestObject("Packages_Employer/Page_Checkout  American Software Contracts/span_Dashboard")): Object: 'Object Repository/Packages_Employer/Page_Checkout  American Software Contracts/span_Dashboard' is clicked on

2020-09-01 20:03:58 - [MESSAGE][PASSED] - Object: 'Object Repository/Packages_Employer/Page_Checkout  American Software Contracts/span_Dashboard' is clicked on

2020-09-01 20:03:58 - [TEST_STEP][PASSED] - delay(3): Delayed 3 second(s)

2020-09-01 20:04:01 - [MESSAGE][PASSED] - Delayed 3 second(s)

2020-09-01 20:04:01 - [TEST_STEP][PASSED] - click(findTestObject("Packages_Employer/Page_Dashboard  American Software Contracts/h3_Mahendra A")): Object: 'Object Repository/Packages_Employer/Page_Dashboard  American Software Contracts/h3_Mahendra A' is clicked on

2020-09-01 20:04:02 - [MESSAGE][PASSED] - Object: 'Object Repository/Packages_Employer/Page_Dashboard  American Software Contracts/h3_Mahendra A' is clicked on

2020-09-01 20:04:02 - [TEST_STEP][PASSED] - click(findTestObject("Packages_Employer/Page_Dashboard  American Software Contracts/span_Logout")): Object: 'Object Repository/Packages_Employer/Page_Dashboard  American Software Contracts/span_Logout' is clicked on

2020-09-01 20:04:13 - [MESSAGE][PASSED] - Object: 'Object Repository/Packages_Employer/Page_Dashboard  American Software Contracts/span_Logout' is clicked on

2020-09-01 20:04:13 - [TEST_STEP][PASSED] - delay(3): Delayed 3 second(s)

2020-09-01 20:04:16 - [MESSAGE][PASSED] - Delayed 3 second(s)

2020-09-01 20:04:16 - [TEST_STEP][PASSED] - closeBrowser(): Browser is closed

2020-09-01 20:04:18 - [MESSAGE][PASSED] - Browser is closed]]></system-out>
         <system-err><![CDATA[]]></system-err>
      </testcase>
      <system-out><![CDATA[2020-09-01 20:00:14 - [TEST_SUITE][PASSED] - Test Suite 5_ASC: Test Cases/Messages/Messages Section]]></system-out>
      <system-err><![CDATA[]]></system-err>
   </testsuite>
</testsuites>
