<?xml version="1.0" encoding="UTF-8"?>
<testsuites name="Test Suite 6_ASC" time="93.149" tests="1" failures="0" errors="0">
   <testsuite name="Test Suite 6_ASC" tests="1" failures="0" errors="0" time="93.149" timestamp="2020-09-16 13:20:32" hostname="Mahi - MSAMARA" id="Test Suites/Test Suite 6_ASC">
      <properties>
         <property name="deviceName" value=""/>
         <property name="devicePlatform" value=""/>
         <property name="logFolder" value="C:\\Users\\Mahi\\git\\KatalonGitTestASC1\\Reports\\20200916_132023\\Test Suite 6_ASC\\20200916_132023"/>
         <property name="logFiles" value="C:\\Users\\Mahi\\git\\KatalonGitTestASC1\\Reports\\20200916_132023\\Test Suite 6_ASC\\20200916_132023\\execution0.log"/>
         <property name="attachments" value=""/>
         <property name="hostName" value="Mahi - MSAMARA"/>
         <property name="os" value="Windows 8.1 64bit"/>
         <property name="katalonVersion" value="7.6.2.205"/>
         <property name="browser" value="Chrome 85.0.4183.102"/>
         <property name="hostAddress" value="192.168.0.107"/>
         <property name="sessionId" value="7a346661435313b2b1d96c852ed4cbe5"/>
         <property name="seleniumVersion" value="3.141.59"/>
         <property name="proxyInformation" value="ProxyInformation { proxyOption=NO_PROXY, proxyServerType=HTTP, username=, password=********, proxyServerAddress=, proxyServerPort=0, executionList=\&quot;\&quot;, isApplyToDesiredCapabilities=true }"/>
         <property name="platform" value="Windows 8.1"/>
      </properties>
      <testcase name="Test Cases/Invoice and support/IN -HE -SU" time="92.544" classname="Test Cases/Invoice and support/IN -HE -SU" status="PASSED">
         <system-out><![CDATA[2020-09-16 13:20:32 - [TEST_CASE][PASSED] - Test Cases/Invoice and support/IN -HE -SU: Test Cases/Invoice and support/IN -HE -SU

2020-09-16 13:20:33 - [TEST_STEP][PASSED] - openBrowser(""): Browser is opened with url: ''

2020-09-16 13:20:34 - [MESSAGE][INFO] - Starting 'Chrome' driver

2020-09-16 13:20:34 - [MESSAGE][INFO] - Action delay is set to 0 milliseconds

2020-09-16 13:20:37 - [MESSAGE][PASSED] - Browser is opened with url: ''

2020-09-16 13:20:37 - [TEST_STEP][PASSED] - navigateToUrl("https://www.wp.americansoftwarecontracts.com/"): Navigate to 'https://www.wp.americansoftwarecontracts.com/' successfully

2020-09-16 13:20:42 - [MESSAGE][PASSED] - Navigate to 'https://www.wp.americansoftwarecontracts.com/' successfully

2020-09-16 13:20:42 - [TEST_STEP][PASSED] - maximizeWindow(): Current window maximized

2020-09-16 13:20:44 - [MESSAGE][PASSED] - Current window maximized

2020-09-16 13:20:44 - [TEST_STEP][PASSED] - click(findTestObject("Object Repository/IN -HE -SU/Page_American Software Contracts  Marketpla_f90b1c/a_Sign In")): Object: 'Object Repository/IN -HE -SU/Page_American Software Contracts  Marketpla_f90b1c/a_Sign In' is clicked on

2020-09-16 13:20:45 - [MESSAGE][PASSED] - Object: 'Object Repository/IN -HE -SU/Page_American Software Contracts  Marketpla_f90b1c/a_Sign In' is clicked on

2020-09-16 13:20:45 - [TEST_STEP][PASSED] - setText(findTestObject("Object Repository/IN -HE -SU/Page_American Software Contracts  Marketpla_f90b1c/input_Login_username"), "mahendram15@gmail.com"): Text 'mahendram15@gmail.com' is set on object 'Object Repository/IN -HE -SU/Page_American Software Contracts  Marketpla_f90b1c/input_Login_username'

2020-09-16 13:20:46 - [MESSAGE][PASSED] - Text 'mahendram15@gmail.com' is set on object 'Object Repository/IN -HE -SU/Page_American Software Contracts  Marketpla_f90b1c/input_Login_username'

2020-09-16 13:20:46 - [TEST_STEP][PASSED] - setEncryptedText(findTestObject("Object Repository/IN -HE -SU/Page_American Software Contracts  Marketpla_f90b1c/input_Login_password"), "XUwhRSdIKYJlFl7OB//OUg=="): Text ****** has been set on object 'Object Repository/IN -HE -SU/Page_American Software Contracts  Marketpla_f90b1c/input_Login_password'

2020-09-16 13:20:47 - [MESSAGE][PASSED] - Text ****** has been set on object 'Object Repository/IN -HE -SU/Page_American Software Contracts  Marketpla_f90b1c/input_Login_password'

2020-09-16 13:20:47 - [TEST_STEP][PASSED] - click(findTestObject("Object Repository/IN -HE -SU/Page_American Software Contracts  Marketpla_f90b1c/button_login")): Object: 'Object Repository/IN -HE -SU/Page_American Software Contracts  Marketpla_f90b1c/button_login' is clicked on

2020-09-16 13:20:47 - [MESSAGE][PASSED] - Object: 'Object Repository/IN -HE -SU/Page_American Software Contracts  Marketpla_f90b1c/button_login' is clicked on

2020-09-16 13:20:47 - [TEST_STEP][PASSED] - click(findTestObject("Object Repository/IN -HE -SU/Page_Dashboard  American Software Contracts/h3_Mahendra A")): Object: 'Object Repository/IN -HE -SU/Page_Dashboard  American Software Contracts/h3_Mahendra A' is clicked on

2020-09-16 13:20:55 - [MESSAGE][PASSED] - Object: 'Object Repository/IN -HE -SU/Page_Dashboard  American Software Contracts/h3_Mahendra A' is clicked on

2020-09-16 13:20:55 - [TEST_STEP][PASSED] - click(findTestObject("Object Repository/IN -HE -SU/Page_Dashboard  American Software Contracts/span_Invoices")): Object: 'Object Repository/IN -HE -SU/Page_Dashboard  American Software Contracts/span_Invoices' is clicked on

2020-09-16 13:20:59 - [MESSAGE][PASSED] - Object: 'Object Repository/IN -HE -SU/Page_Dashboard  American Software Contracts/span_Invoices' is clicked on

2020-09-16 13:20:59 - [TEST_STEP][PASSED] - delay(3): Delayed 3 second(s)

2020-09-16 13:21:02 - [MESSAGE][PASSED] - Delayed 3 second(s)

2020-09-16 13:21:02 - [TEST_STEP][PASSED] - click(findTestObject("Object Repository/IN -HE -SU/Page_Dashboard  American Software Contracts/a_View")): Object: 'Object Repository/IN -HE -SU/Page_Dashboard  American Software Contracts/a_View' is clicked on

2020-09-16 13:21:03 - [MESSAGE][PASSED] - Object: 'Object Repository/IN -HE -SU/Page_Dashboard  American Software Contracts/a_View' is clicked on

2020-09-16 13:21:03 - [TEST_STEP][PASSED] - delay(3): Delayed 3 second(s)

2020-09-16 13:21:06 - [MESSAGE][PASSED] - Delayed 3 second(s)

2020-09-16 13:21:06 - [TEST_STEP][PASSED] - switchToWindowTitle("My account – American Software Contracts"): Switched to window with title: 'My account – American Software Contracts'

2020-09-16 13:21:07 - [MESSAGE][PASSED] - Switched to window with title: 'My account – American Software Contracts'

2020-09-16 13:21:07 - [TEST_STEP][PASSED] - delay(3): Delayed 3 second(s)

2020-09-16 13:21:10 - [MESSAGE][PASSED] - Delayed 3 second(s)

2020-09-16 13:21:10 - [TEST_STEP][PASSED] - click(findTestObject("Object Repository/IN -HE -SU/Page_My account  American Software Contracts/a_Return to dashboard")): Object: 'Object Repository/IN -HE -SU/Page_My account  American Software Contracts/a_Return to dashboard' is clicked on

2020-09-16 13:21:14 - [MESSAGE][PASSED] - Object: 'Object Repository/IN -HE -SU/Page_My account  American Software Contracts/a_Return to dashboard' is clicked on

2020-09-16 13:21:14 - [TEST_STEP][PASSED] - delay(3): Delayed 3 second(s)

2020-09-16 13:21:17 - [MESSAGE][PASSED] - Delayed 3 second(s)

2020-09-16 13:21:17 - [TEST_STEP][PASSED] - click(findTestObject("Object Repository/IN -HE -SU/Page_Dashboard  American Software Contracts/h3_Mahendra A")): Object: 'Object Repository/IN -HE -SU/Page_Dashboard  American Software Contracts/h3_Mahendra A' is clicked on

2020-09-16 13:21:17 - [MESSAGE][PASSED] - Object: 'Object Repository/IN -HE -SU/Page_Dashboard  American Software Contracts/h3_Mahendra A' is clicked on

2020-09-16 13:21:17 - [TEST_STEP][PASSED] - click(findTestObject("Object Repository/IN -HE -SU/Page_Dashboard  American Software Contracts/span_Help and Support")): Object: 'Object Repository/IN -HE -SU/Page_Dashboard  American Software Contracts/span_Help and Support' is clicked on

2020-09-16 13:21:20 - [MESSAGE][PASSED] - Object: 'Object Repository/IN -HE -SU/Page_Dashboard  American Software Contracts/span_Help and Support' is clicked on

2020-09-16 13:21:20 - [TEST_STEP][PASSED] - delay(3): Delayed 3 second(s)

2020-09-16 13:21:23 - [MESSAGE][PASSED] - Delayed 3 second(s)

2020-09-16 13:21:23 - [TEST_STEP][PASSED] - setText(findTestObject("Object Repository/IN -HE -SU/Page_Dashboard  American Software Contracts/textarea_Ask your query_message"), "test"): Text 'test' is set on object 'Object Repository/IN -HE -SU/Page_Dashboard  American Software Contracts/textarea_Ask your query_message'

2020-09-16 13:21:24 - [MESSAGE][PASSED] - Text 'test' is set on object 'Object Repository/IN -HE -SU/Page_Dashboard  American Software Contracts/textarea_Ask your query_message'

2020-09-16 13:21:24 - [TEST_STEP][PASSED] - click(findTestObject("Object Repository/IN -HE -SU/Page_Dashboard  American Software Contracts/a_Submit")): Object: 'Object Repository/IN -HE -SU/Page_Dashboard  American Software Contracts/a_Submit' is clicked on

2020-09-16 13:21:25 - [MESSAGE][PASSED] - Object: 'Object Repository/IN -HE -SU/Page_Dashboard  American Software Contracts/a_Submit' is clicked on

2020-09-16 13:21:25 - [TEST_STEP][PASSED] - delay(3): Delayed 3 second(s)

2020-09-16 13:21:28 - [MESSAGE][PASSED] - Delayed 3 second(s)

2020-09-16 13:21:28 - [TEST_STEP][PASSED] - selectOptionByValue(findTestObject("IN -HE -SU/Page_Dashboard  American Software Contracts/select_Select query typeQueryQuery Type"), "Query Type", true): All options with value 'Query Type' are selected in object 'Object Repository/IN -HE -SU/Page_Dashboard  American Software Contracts/select_Select query typeQueryQuery Type'  using regular expression

2020-09-16 13:21:31 - [MESSAGE][PASSED] - All options with value 'Query Type' are selected in object 'Object Repository/IN -HE -SU/Page_Dashboard  American Software Contracts/select_Select query typeQueryQuery Type'  using regular expression

2020-09-16 13:21:31 - [TEST_STEP][PASSED] - click(findTestObject("Object Repository/IN -HE -SU/Page_Dashboard  American Software Contracts/a_Submit")): Object: 'Object Repository/IN -HE -SU/Page_Dashboard  American Software Contracts/a_Submit' is clicked on

2020-09-16 13:21:31 - [MESSAGE][PASSED] - Object: 'Object Repository/IN -HE -SU/Page_Dashboard  American Software Contracts/a_Submit' is clicked on

2020-09-16 13:21:31 - [TEST_STEP][PASSED] - delay(8): Delayed 8 second(s)

2020-09-16 13:21:39 - [MESSAGE][PASSED] - Delayed 8 second(s)

2020-09-16 13:21:39 - [TEST_STEP][PASSED] - setText(findTestObject("Object Repository/IN -HE -SU/Page_Dashboard  American Software Contracts/textarea_Ask your query_message"), "test45"): Text 'test45' is set on object 'Object Repository/IN -HE -SU/Page_Dashboard  American Software Contracts/textarea_Ask your query_message'

2020-09-16 13:21:40 - [MESSAGE][PASSED] - Text 'test45' is set on object 'Object Repository/IN -HE -SU/Page_Dashboard  American Software Contracts/textarea_Ask your query_message'

2020-09-16 13:21:40 - [TEST_STEP][PASSED] - click(findTestObject("Object Repository/IN -HE -SU/Page_Dashboard  American Software Contracts/a_Submit")): Object: 'Object Repository/IN -HE -SU/Page_Dashboard  American Software Contracts/a_Submit' is clicked on

2020-09-16 13:21:41 - [MESSAGE][PASSED] - Object: 'Object Repository/IN -HE -SU/Page_Dashboard  American Software Contracts/a_Submit' is clicked on

2020-09-16 13:21:41 - [TEST_STEP][PASSED] - delay(8): Delayed 8 second(s)

2020-09-16 13:21:49 - [MESSAGE][PASSED] - Delayed 8 second(s)

2020-09-16 13:21:49 - [TEST_STEP][PASSED] - selectOptionByValue(findTestObject("Object Repository/IN -HE -SU/Page_Dashboard  American Software Contracts/select_Select query typeQueryQuery Type"), "Query Type", true): All options with value 'Query Type' are selected in object 'Object Repository/IN -HE -SU/Page_Dashboard  American Software Contracts/select_Select query typeQueryQuery Type'  using regular expression

2020-09-16 13:21:50 - [MESSAGE][PASSED] - All options with value 'Query Type' are selected in object 'Object Repository/IN -HE -SU/Page_Dashboard  American Software Contracts/select_Select query typeQueryQuery Type'  using regular expression

2020-09-16 13:21:50 - [TEST_STEP][PASSED] - click(findTestObject("Object Repository/IN -HE -SU/Page_Dashboard  American Software Contracts/a_Submit")): Object: 'Object Repository/IN -HE -SU/Page_Dashboard  American Software Contracts/a_Submit' is clicked on

2020-09-16 13:21:50 - [MESSAGE][PASSED] - Object: 'Object Repository/IN -HE -SU/Page_Dashboard  American Software Contracts/a_Submit' is clicked on

2020-09-16 13:21:50 - [TEST_STEP][PASSED] - delay(5): Delayed 5 second(s)

2020-09-16 13:21:55 - [MESSAGE][PASSED] - Delayed 5 second(s)

2020-09-16 13:21:55 - [TEST_STEP][PASSED] - click(findTestObject("Object Repository/IN -HE -SU/Page_Dashboard  American Software Contracts/h3_Mahendra A")): Object: 'Object Repository/IN -HE -SU/Page_Dashboard  American Software Contracts/h3_Mahendra A' is clicked on

2020-09-16 13:21:56 - [MESSAGE][PASSED] - Object: 'Object Repository/IN -HE -SU/Page_Dashboard  American Software Contracts/h3_Mahendra A' is clicked on

2020-09-16 13:21:56 - [TEST_STEP][PASSED] - click(findTestObject("Object Repository/IN -HE -SU/Page_Dashboard  American Software Contracts/span_Logout")): Object: 'Object Repository/IN -HE -SU/Page_Dashboard  American Software Contracts/span_Logout' is clicked on

2020-09-16 13:22:01 - [MESSAGE][PASSED] - Object: 'Object Repository/IN -HE -SU/Page_Dashboard  American Software Contracts/span_Logout' is clicked on

2020-09-16 13:22:01 - [TEST_STEP][PASSED] - delay(3): Delayed 3 second(s)

2020-09-16 13:22:04 - [MESSAGE][PASSED] - Delayed 3 second(s)

2020-09-16 13:22:04 - [TEST_STEP][PASSED] - closeBrowser(): Browser is closed

2020-09-16 13:22:05 - [MESSAGE][PASSED] - Browser is closed]]></system-out>
         <system-err><![CDATA[]]></system-err>
      </testcase>
      <system-out><![CDATA[2020-09-16 13:20:32 - [TEST_SUITE][PASSED] - Test Suite 6_ASC: Test Cases/Invoice and support/IN -HE -SU]]></system-out>
      <system-err><![CDATA[]]></system-err>
   </testsuite>
</testsuites>
