<?xml version="1.0" encoding="UTF-8"?>
<testsuites name="Test Suite 6_ASC" time="107.353" tests="1" failures="0" errors="0">
   <testsuite name="Test Suite 6_ASC" tests="1" failures="0" errors="0" time="107.353" timestamp="2020-09-19 00:12:39" hostname="Mahi - MSAMARA" id="Test Suites/Test Suite 6_ASC">
      <properties>
         <property name="deviceName" value=""/>
         <property name="devicePlatform" value=""/>
         <property name="logFolder" value="C:\\Users\\Mahi\\git\\KatalonGitTestASC1\\Reports\\20200919_001232\\Test Suite 6_ASC\\20200919_001232"/>
         <property name="logFiles" value="C:\\Users\\Mahi\\git\\KatalonGitTestASC1\\Reports\\20200919_001232\\Test Suite 6_ASC\\20200919_001232\\execution0.log"/>
         <property name="attachments" value=""/>
         <property name="hostName" value="Mahi - MSAMARA"/>
         <property name="os" value="Windows 8.1 64bit"/>
         <property name="katalonVersion" value="7.6.2.205"/>
         <property name="browser" value="Chrome 85.0.4183.102"/>
         <property name="hostAddress" value="192.168.0.107"/>
         <property name="sessionId" value="1eba1214ab939ae00b045cbd4213d0a5"/>
         <property name="seleniumVersion" value="3.141.59"/>
         <property name="proxyInformation" value="ProxyInformation { proxyOption=NO_PROXY, proxyServerType=HTTP, username=, password=********, proxyServerAddress=, proxyServerPort=0, executionList=\&quot;\&quot;, isApplyToDesiredCapabilities=true }"/>
         <property name="platform" value="Windows 8.1"/>
      </properties>
      <testcase name="Test Cases/Invoice and support/IN -HE -SU" time="106.846" classname="Test Cases/Invoice and support/IN -HE -SU" status="PASSED">
         <system-out><![CDATA[2020-09-19 00:12:40 - [TEST_CASE][PASSED] - Test Cases/Invoice and support/IN -HE -SU: Test Cases/Invoice and support/IN -HE -SU

2020-09-19 00:12:41 - [TEST_STEP][PASSED] - openBrowser(""): Browser is opened with url: ''

2020-09-19 00:12:41 - [MESSAGE][INFO] - Starting 'Chrome' driver

2020-09-19 00:12:41 - [MESSAGE][INFO] - Action delay is set to 0 milliseconds

2020-09-19 00:12:45 - [MESSAGE][PASSED] - Browser is opened with url: ''

2020-09-19 00:12:45 - [TEST_STEP][PASSED] - navigateToUrl("https://www.wp.americansoftwarecontracts.com/"): Navigate to 'https://www.wp.americansoftwarecontracts.com/' successfully

2020-09-19 00:12:56 - [MESSAGE][PASSED] - Navigate to 'https://www.wp.americansoftwarecontracts.com/' successfully

2020-09-19 00:12:56 - [TEST_STEP][PASSED] - maximizeWindow(): Current window maximized

2020-09-19 00:12:57 - [MESSAGE][PASSED] - Current window maximized

2020-09-19 00:12:57 - [TEST_STEP][PASSED] - delay(5): Delayed 5 second(s)

2020-09-19 00:13:02 - [MESSAGE][PASSED] - Delayed 5 second(s)

2020-09-19 00:13:02 - [TEST_STEP][PASSED] - click(findTestObject("Object Repository/IN -HE -SU/Page_American Software Contracts  Marketpla_f90b1c/a_Sign In")): Object: 'Object Repository/IN -HE -SU/Page_American Software Contracts  Marketpla_f90b1c/a_Sign In' is clicked on

2020-09-19 00:13:03 - [MESSAGE][PASSED] - Object: 'Object Repository/IN -HE -SU/Page_American Software Contracts  Marketpla_f90b1c/a_Sign In' is clicked on

2020-09-19 00:13:03 - [TEST_STEP][PASSED] - setText(findTestObject("Object Repository/IN -HE -SU/Page_American Software Contracts  Marketpla_f90b1c/input_Login_username"), "mahendram15@gmail.com"): Text 'mahendram15@gmail.com' is set on object 'Object Repository/IN -HE -SU/Page_American Software Contracts  Marketpla_f90b1c/input_Login_username'

2020-09-19 00:13:04 - [MESSAGE][PASSED] - Text 'mahendram15@gmail.com' is set on object 'Object Repository/IN -HE -SU/Page_American Software Contracts  Marketpla_f90b1c/input_Login_username'

2020-09-19 00:13:04 - [TEST_STEP][PASSED] - setEncryptedText(findTestObject("Object Repository/IN -HE -SU/Page_American Software Contracts  Marketpla_f90b1c/input_Login_password"), "XUwhRSdIKYJlFl7OB//OUg=="): Text ****** has been set on object 'Object Repository/IN -HE -SU/Page_American Software Contracts  Marketpla_f90b1c/input_Login_password'

2020-09-19 00:13:05 - [MESSAGE][PASSED] - Text ****** has been set on object 'Object Repository/IN -HE -SU/Page_American Software Contracts  Marketpla_f90b1c/input_Login_password'

2020-09-19 00:13:05 - [TEST_STEP][PASSED] - click(findTestObject("Object Repository/IN -HE -SU/Page_American Software Contracts  Marketpla_f90b1c/button_login")): Object: 'Object Repository/IN -HE -SU/Page_American Software Contracts  Marketpla_f90b1c/button_login' is clicked on

2020-09-19 00:13:05 - [MESSAGE][PASSED] - Object: 'Object Repository/IN -HE -SU/Page_American Software Contracts  Marketpla_f90b1c/button_login' is clicked on

2020-09-19 00:13:05 - [TEST_STEP][PASSED] - delay(5): Delayed 5 second(s)

2020-09-19 00:13:10 - [MESSAGE][PASSED] - Delayed 5 second(s)

2020-09-19 00:13:10 - [TEST_STEP][PASSED] - click(findTestObject("Object Repository/IN -HE -SU/Page_Dashboard  American Software Contracts/h3_Mahendra A")): Object: 'Object Repository/IN -HE -SU/Page_Dashboard  American Software Contracts/h3_Mahendra A' is clicked on

2020-09-19 00:13:14 - [MESSAGE][PASSED] - Object: 'Object Repository/IN -HE -SU/Page_Dashboard  American Software Contracts/h3_Mahendra A' is clicked on

2020-09-19 00:13:14 - [TEST_STEP][PASSED] - click(findTestObject("Object Repository/IN -HE -SU/Page_Dashboard  American Software Contracts/span_Invoices")): Object: 'Object Repository/IN -HE -SU/Page_Dashboard  American Software Contracts/span_Invoices' is clicked on

2020-09-19 00:13:18 - [MESSAGE][PASSED] - Object: 'Object Repository/IN -HE -SU/Page_Dashboard  American Software Contracts/span_Invoices' is clicked on

2020-09-19 00:13:18 - [TEST_STEP][PASSED] - delay(3): Delayed 3 second(s)

2020-09-19 00:13:21 - [MESSAGE][PASSED] - Delayed 3 second(s)

2020-09-19 00:13:21 - [TEST_STEP][PASSED] - click(findTestObject("Object Repository/IN -HE -SU/Page_Dashboard  American Software Contracts/a_View")): Object: 'Object Repository/IN -HE -SU/Page_Dashboard  American Software Contracts/a_View' is clicked on

2020-09-19 00:13:22 - [MESSAGE][PASSED] - Object: 'Object Repository/IN -HE -SU/Page_Dashboard  American Software Contracts/a_View' is clicked on

2020-09-19 00:13:22 - [TEST_STEP][PASSED] - delay(3): Delayed 3 second(s)

2020-09-19 00:13:25 - [MESSAGE][PASSED] - Delayed 3 second(s)

2020-09-19 00:13:25 - [TEST_STEP][PASSED] - switchToWindowTitle("My account – American Software Contracts"): Switched to window with title: 'My account – American Software Contracts'

2020-09-19 00:13:26 - [MESSAGE][PASSED] - Switched to window with title: 'My account – American Software Contracts'

2020-09-19 00:13:26 - [TEST_STEP][PASSED] - delay(3): Delayed 3 second(s)

2020-09-19 00:13:29 - [MESSAGE][PASSED] - Delayed 3 second(s)

2020-09-19 00:13:29 - [TEST_STEP][PASSED] - click(findTestObject("Object Repository/IN -HE -SU/Page_My account  American Software Contracts/a_Return to dashboard")): Object: 'Object Repository/IN -HE -SU/Page_My account  American Software Contracts/a_Return to dashboard' is clicked on

2020-09-19 00:13:35 - [MESSAGE][PASSED] - Object: 'Object Repository/IN -HE -SU/Page_My account  American Software Contracts/a_Return to dashboard' is clicked on

2020-09-19 00:13:35 - [TEST_STEP][PASSED] - delay(3): Delayed 3 second(s)

2020-09-19 00:13:38 - [MESSAGE][PASSED] - Delayed 3 second(s)

2020-09-19 00:13:38 - [TEST_STEP][PASSED] - click(findTestObject("Object Repository/IN -HE -SU/Page_Dashboard  American Software Contracts/h3_Mahendra A")): Object: 'Object Repository/IN -HE -SU/Page_Dashboard  American Software Contracts/h3_Mahendra A' is clicked on

2020-09-19 00:13:38 - [MESSAGE][PASSED] - Object: 'Object Repository/IN -HE -SU/Page_Dashboard  American Software Contracts/h3_Mahendra A' is clicked on

2020-09-19 00:13:38 - [TEST_STEP][PASSED] - click(findTestObject("Object Repository/IN -HE -SU/Page_Dashboard  American Software Contracts/span_Help and Support")): Object: 'Object Repository/IN -HE -SU/Page_Dashboard  American Software Contracts/span_Help and Support' is clicked on

2020-09-19 00:13:43 - [MESSAGE][PASSED] - Object: 'Object Repository/IN -HE -SU/Page_Dashboard  American Software Contracts/span_Help and Support' is clicked on

2020-09-19 00:13:43 - [TEST_STEP][PASSED] - delay(3): Delayed 3 second(s)

2020-09-19 00:13:46 - [MESSAGE][PASSED] - Delayed 3 second(s)

2020-09-19 00:13:46 - [TEST_STEP][PASSED] - setText(findTestObject("Object Repository/IN -HE -SU/Page_Dashboard  American Software Contracts/textarea_Ask your query_message"), "test"): Text 'test' is set on object 'Object Repository/IN -HE -SU/Page_Dashboard  American Software Contracts/textarea_Ask your query_message'

2020-09-19 00:13:47 - [MESSAGE][PASSED] - Text 'test' is set on object 'Object Repository/IN -HE -SU/Page_Dashboard  American Software Contracts/textarea_Ask your query_message'

2020-09-19 00:13:47 - [TEST_STEP][PASSED] - click(findTestObject("Object Repository/IN -HE -SU/Page_Dashboard  American Software Contracts/a_Submit")): Object: 'Object Repository/IN -HE -SU/Page_Dashboard  American Software Contracts/a_Submit' is clicked on

2020-09-19 00:13:47 - [MESSAGE][PASSED] - Object: 'Object Repository/IN -HE -SU/Page_Dashboard  American Software Contracts/a_Submit' is clicked on

2020-09-19 00:13:47 - [TEST_STEP][PASSED] - delay(3): Delayed 3 second(s)

2020-09-19 00:13:50 - [MESSAGE][PASSED] - Delayed 3 second(s)

2020-09-19 00:13:50 - [TEST_STEP][PASSED] - selectOptionByValue(findTestObject("IN -HE -SU/Page_Dashboard  American Software Contracts/select_Select query typeQueryQuery Type"), "Query Type", true): All options with value 'Query Type' are selected in object 'Object Repository/IN -HE -SU/Page_Dashboard  American Software Contracts/select_Select query typeQueryQuery Type'  using regular expression

2020-09-19 00:13:53 - [MESSAGE][PASSED] - All options with value 'Query Type' are selected in object 'Object Repository/IN -HE -SU/Page_Dashboard  American Software Contracts/select_Select query typeQueryQuery Type'  using regular expression

2020-09-19 00:13:53 - [TEST_STEP][PASSED] - click(findTestObject("Object Repository/IN -HE -SU/Page_Dashboard  American Software Contracts/a_Submit")): Object: 'Object Repository/IN -HE -SU/Page_Dashboard  American Software Contracts/a_Submit' is clicked on

2020-09-19 00:13:53 - [MESSAGE][PASSED] - Object: 'Object Repository/IN -HE -SU/Page_Dashboard  American Software Contracts/a_Submit' is clicked on

2020-09-19 00:13:53 - [TEST_STEP][PASSED] - delay(8): Delayed 8 second(s)

2020-09-19 00:14:01 - [MESSAGE][PASSED] - Delayed 8 second(s)

2020-09-19 00:14:01 - [TEST_STEP][PASSED] - setText(findTestObject("Object Repository/IN -HE -SU/Page_Dashboard  American Software Contracts/textarea_Ask your query_message"), "test45"): Text 'test45' is set on object 'Object Repository/IN -HE -SU/Page_Dashboard  American Software Contracts/textarea_Ask your query_message'

2020-09-19 00:14:02 - [MESSAGE][PASSED] - Text 'test45' is set on object 'Object Repository/IN -HE -SU/Page_Dashboard  American Software Contracts/textarea_Ask your query_message'

2020-09-19 00:14:02 - [TEST_STEP][PASSED] - click(findTestObject("Object Repository/IN -HE -SU/Page_Dashboard  American Software Contracts/a_Submit")): Object: 'Object Repository/IN -HE -SU/Page_Dashboard  American Software Contracts/a_Submit' is clicked on

2020-09-19 00:14:03 - [MESSAGE][PASSED] - Object: 'Object Repository/IN -HE -SU/Page_Dashboard  American Software Contracts/a_Submit' is clicked on

2020-09-19 00:14:03 - [TEST_STEP][PASSED] - delay(8): Delayed 8 second(s)

2020-09-19 00:14:11 - [MESSAGE][PASSED] - Delayed 8 second(s)

2020-09-19 00:14:11 - [TEST_STEP][PASSED] - selectOptionByValue(findTestObject("Object Repository/IN -HE -SU/Page_Dashboard  American Software Contracts/select_Select query typeQueryQuery Type"), "Query Type", true): All options with value 'Query Type' are selected in object 'Object Repository/IN -HE -SU/Page_Dashboard  American Software Contracts/select_Select query typeQueryQuery Type'  using regular expression

2020-09-19 00:14:12 - [MESSAGE][PASSED] - All options with value 'Query Type' are selected in object 'Object Repository/IN -HE -SU/Page_Dashboard  American Software Contracts/select_Select query typeQueryQuery Type'  using regular expression

2020-09-19 00:14:12 - [TEST_STEP][PASSED] - click(findTestObject("Object Repository/IN -HE -SU/Page_Dashboard  American Software Contracts/a_Submit")): Object: 'Object Repository/IN -HE -SU/Page_Dashboard  American Software Contracts/a_Submit' is clicked on

2020-09-19 00:14:12 - [MESSAGE][PASSED] - Object: 'Object Repository/IN -HE -SU/Page_Dashboard  American Software Contracts/a_Submit' is clicked on

2020-09-19 00:14:12 - [TEST_STEP][PASSED] - delay(5): Delayed 5 second(s)

2020-09-19 00:14:17 - [MESSAGE][PASSED] - Delayed 5 second(s)

2020-09-19 00:14:17 - [TEST_STEP][PASSED] - click(findTestObject("Object Repository/IN -HE -SU/Page_Dashboard  American Software Contracts/h3_Mahendra A")): Object: 'Object Repository/IN -HE -SU/Page_Dashboard  American Software Contracts/h3_Mahendra A' is clicked on

2020-09-19 00:14:18 - [MESSAGE][PASSED] - Object: 'Object Repository/IN -HE -SU/Page_Dashboard  American Software Contracts/h3_Mahendra A' is clicked on

2020-09-19 00:14:18 - [TEST_STEP][PASSED] - click(findTestObject("Object Repository/IN -HE -SU/Page_Dashboard  American Software Contracts/span_Logout")): Object: 'Object Repository/IN -HE -SU/Page_Dashboard  American Software Contracts/span_Logout' is clicked on

2020-09-19 00:14:23 - [MESSAGE][PASSED] - Object: 'Object Repository/IN -HE -SU/Page_Dashboard  American Software Contracts/span_Logout' is clicked on

2020-09-19 00:14:23 - [TEST_STEP][PASSED] - delay(3): Delayed 3 second(s)

2020-09-19 00:14:26 - [MESSAGE][PASSED] - Delayed 3 second(s)

2020-09-19 00:14:26 - [TEST_STEP][PASSED] - closeBrowser(): Browser is closed

2020-09-19 00:14:27 - [MESSAGE][PASSED] - Browser is closed]]></system-out>
         <system-err><![CDATA[]]></system-err>
      </testcase>
      <system-out><![CDATA[2020-09-19 00:12:39 - [TEST_SUITE][PASSED] - Test Suite 6_ASC: Test Cases/Invoice and support/IN -HE -SU]]></system-out>
      <system-err><![CDATA[]]></system-err>
   </testsuite>
</testsuites>
