<?xml version="1.0" encoding="UTF-8"?>
<testsuites name="Test Suite 1_ASC" time="118.116" tests="3" failures="0" errors="0">
   <testsuite name="Test Suite 1_ASC" tests="3" failures="0" errors="0" time="118.116" timestamp="2020-09-23 21:32:14" hostname="Mahi - MSAMARA" id="Test Suites/Test Suite 1_ASC">
      <properties>
         <property name="deviceName" value=""/>
         <property name="devicePlatform" value=""/>
         <property name="logFolder" value="C:\\Users\\Mahi\\git\\KatalonGitTestASC1\\Reports\\20200923_213205\\Test Suite 1_ASC\\20200923_213205"/>
         <property name="logFiles" value="C:\\Users\\Mahi\\git\\KatalonGitTestASC1\\Reports\\20200923_213205\\Test Suite 1_ASC\\20200923_213205\\execution0.log"/>
         <property name="attachments" value=""/>
         <property name="hostName" value="Mahi - MSAMARA"/>
         <property name="os" value="Windows 8.1 64bit"/>
         <property name="katalonVersion" value="7.6.2.205"/>
         <property name="browser" value="Chrome 85.0.4183.102"/>
         <property name="hostAddress" value="192.168.0.107"/>
         <property name="sessionId" value="4e6c35d3fa06c1e64e486ccc5e173a60"/>
         <property name="seleniumVersion" value="3.141.59"/>
         <property name="proxyInformation" value="ProxyInformation { proxyOption=NO_PROXY, proxyServerType=HTTP, username=, password=********, proxyServerAddress=, proxyServerPort=0, executionList=\&quot;\&quot;, isApplyToDesiredCapabilities=true }"/>
         <property name="platform" value="Windows 8.1"/>
      </properties>
      <testcase name="Test Cases/Home Page/Sign In" time="57.932" classname="Test Cases/Home Page/Sign In" status="PASSED">
         <system-out><![CDATA[2020-09-23 21:32:14 - [TEST_CASE][PASSED] - Test Cases/Home Page/Sign In: Test Cases/Home Page/Sign In

2020-09-23 21:32:15 - [TEST_STEP][PASSED] - openBrowser(""): Browser is opened with url: ''

2020-09-23 21:32:15 - [MESSAGE][INFO] - Starting 'Chrome' driver

2020-09-23 21:32:15 - [MESSAGE][INFO] - Action delay is set to 0 milliseconds

2020-09-23 21:32:19 - [MESSAGE][PASSED] - Browser is opened with url: ''

2020-09-23 21:32:19 - [TEST_STEP][PASSED] - navigateToUrl("https://www.wp.americansoftwarecontracts.com/"): Navigate to 'https://www.wp.americansoftwarecontracts.com/' successfully

2020-09-23 21:32:38 - [MESSAGE][PASSED] - Navigate to 'https://www.wp.americansoftwarecontracts.com/' successfully

2020-09-23 21:32:38 - [TEST_STEP][PASSED] - maximizeWindow(): Current window maximized

2020-09-23 21:32:39 - [MESSAGE][PASSED] - Current window maximized

2020-09-23 21:32:39 - [TEST_STEP][PASSED] - delay(10): Delayed 10 second(s)

2020-09-23 21:32:49 - [MESSAGE][PASSED] - Delayed 10 second(s)

2020-09-23 21:32:49 - [TEST_STEP][PASSED] - click(findTestObject("Object Repository/Sign In_ASC/Page_American Software Contracts  Marketpla_f90b1c/a_Sign In")): Object: 'Object Repository/Sign In_ASC/Page_American Software Contracts  Marketpla_f90b1c/a_Sign In' is clicked on

2020-09-23 21:32:50 - [MESSAGE][PASSED] - Object: 'Object Repository/Sign In_ASC/Page_American Software Contracts  Marketpla_f90b1c/a_Sign In' is clicked on

2020-09-23 21:32:50 - [TEST_STEP][PASSED] - setText(findTestObject("Object Repository/Sign In_ASC/Page_American Software Contracts  Marketpla_f90b1c/input_Login_username"), "mahendram15@gmail.com"): Text 'mahendram15@gmail.com' is set on object 'Object Repository/Sign In_ASC/Page_American Software Contracts  Marketpla_f90b1c/input_Login_username'

2020-09-23 21:32:51 - [MESSAGE][PASSED] - Text 'mahendram15@gmail.com' is set on object 'Object Repository/Sign In_ASC/Page_American Software Contracts  Marketpla_f90b1c/input_Login_username'

2020-09-23 21:32:51 - [TEST_STEP][PASSED] - setEncryptedText(findTestObject("Object Repository/Sign In_ASC/Page_American Software Contracts  Marketpla_f90b1c/input_Login_password"), "XUwhRSdIKYJlFl7OB//OUg=="): Text ****** has been set on object 'Object Repository/Sign In_ASC/Page_American Software Contracts  Marketpla_f90b1c/input_Login_password'

2020-09-23 21:32:52 - [MESSAGE][PASSED] - Text ****** has been set on object 'Object Repository/Sign In_ASC/Page_American Software Contracts  Marketpla_f90b1c/input_Login_password'

2020-09-23 21:32:52 - [TEST_STEP][PASSED] - click(findTestObject("Object Repository/Sign In_ASC/Page_American Software Contracts  Marketpla_f90b1c/button_login")): Object: 'Object Repository/Sign In_ASC/Page_American Software Contracts  Marketpla_f90b1c/button_login' is clicked on

2020-09-23 21:32:52 - [MESSAGE][PASSED] - Object: 'Object Repository/Sign In_ASC/Page_American Software Contracts  Marketpla_f90b1c/button_login' is clicked on

2020-09-23 21:32:52 - [TEST_STEP][PASSED] - delay(6): Delayed 6 second(s)

2020-09-23 21:32:58 - [MESSAGE][PASSED] - Delayed 6 second(s)

2020-09-23 21:32:58 - [TEST_STEP][PASSED] - click(findTestObject("Employer/Page_Checkout  American Software Contracts/h3_Mahendra A")): Object: 'Object Repository/Employer/Page_Checkout  American Software Contracts/h3_Mahendra A' is clicked on

2020-09-23 21:33:00 - [MESSAGE][PASSED] - Object: 'Object Repository/Employer/Page_Checkout  American Software Contracts/h3_Mahendra A' is clicked on

2020-09-23 21:33:00 - [TEST_STEP][PASSED] - delay(4): Delayed 4 second(s)

2020-09-23 21:33:04 - [MESSAGE][PASSED] - Delayed 4 second(s)

2020-09-23 21:33:04 - [TEST_STEP][PASSED] - click(findTestObject("Page_Dashboard  American Software Contracts/a_Logout")): Object: 'Object Repository/Page_Dashboard  American Software Contracts/a_Logout' is clicked on

2020-09-23 21:33:08 - [MESSAGE][PASSED] - Object: 'Object Repository/Page_Dashboard  American Software Contracts/a_Logout' is clicked on

2020-09-23 21:33:08 - [TEST_STEP][PASSED] - delay(3): Delayed 3 second(s)

2020-09-23 21:33:11 - [MESSAGE][PASSED] - Delayed 3 second(s)

2020-09-23 21:33:11 - [TEST_STEP][PASSED] - closeBrowser(): Browser is closed

2020-09-23 21:33:12 - [MESSAGE][PASSED] - Browser is closed]]></system-out>
         <system-err><![CDATA[]]></system-err>
      </testcase>
      <testcase name="Test Cases/Home Page/Sign In Validation" time="27.941" classname="Test Cases/Home Page/Sign In Validation" status="PASSED">
         <system-out><![CDATA[2020-09-23 21:33:12 - [TEST_CASE][PASSED] - Test Cases/Home Page/Sign In Validation: Test Cases/Home Page/Sign In Validation

2020-09-23 21:33:12 - [TEST_STEP][PASSED] - openBrowser(""): Browser is opened with url: ''

2020-09-23 21:33:13 - [MESSAGE][INFO] - Starting 'Chrome' driver

2020-09-23 21:33:13 - [MESSAGE][INFO] - Action delay is set to 0 milliseconds

2020-09-23 21:33:15 - [MESSAGE][PASSED] - Browser is opened with url: ''

2020-09-23 21:33:15 - [TEST_STEP][PASSED] - navigateToUrl("https://www.wp.americansoftwarecontracts.com/"): Navigate to 'https://www.wp.americansoftwarecontracts.com/' successfully

2020-09-23 21:33:20 - [MESSAGE][PASSED] - Navigate to 'https://www.wp.americansoftwarecontracts.com/' successfully

2020-09-23 21:33:20 - [TEST_STEP][PASSED] - maximizeWindow(): Current window maximized

2020-09-23 21:33:21 - [MESSAGE][PASSED] - Current window maximized

2020-09-23 21:33:21 - [TEST_STEP][PASSED] - delay(5): Delayed 5 second(s)

2020-09-23 21:33:26 - [MESSAGE][PASSED] - Delayed 5 second(s)

2020-09-23 21:33:26 - [TEST_STEP][PASSED] - click(findTestObject("Object Repository/Page_American Software Contracts  Marketpla_f90b1c/a_Sign In")): Object: 'Object Repository/Page_American Software Contracts  Marketpla_f90b1c/a_Sign In' is clicked on

2020-09-23 21:33:27 - [MESSAGE][PASSED] - Object: 'Object Repository/Page_American Software Contracts  Marketpla_f90b1c/a_Sign In' is clicked on

2020-09-23 21:33:27 - [TEST_STEP][PASSED] - click(findTestObject("Object Repository/Page_American Software Contracts  Marketpla_f90b1c/button_login")): Object: 'Object Repository/Page_American Software Contracts  Marketpla_f90b1c/button_login' is clicked on

2020-09-23 21:33:28 - [MESSAGE][PASSED] - Object: 'Object Repository/Page_American Software Contracts  Marketpla_f90b1c/button_login' is clicked on

2020-09-23 21:33:28 - [TEST_STEP][PASSED] - verifyElementText(findTestObject("Sign In_ASC/Page_American Software/p_Username should not be empty"), "Username should not be empty."): Actual text and expected text of test object 'Object Repository/Sign In_ASC/Page_American Software/p_Username should not be empty' are matched.

2020-09-23 21:33:30 - [MESSAGE][PASSED] - Actual text and expected text of test object 'Object Repository/Sign In_ASC/Page_American Software/p_Username should not be empty' are matched.

2020-09-23 21:33:30 - [TEST_STEP][PASSED] - click(findTestObject("Sign In_ASC/Page_American Software/i__lnr lnr-cross")): Object: 'Object Repository/Sign In_ASC/Page_American Software/i__lnr lnr-cross' is clicked on

2020-09-23 21:33:30 - [MESSAGE][PASSED] - Object: 'Object Repository/Sign In_ASC/Page_American Software/i__lnr lnr-cross' is clicked on

2020-09-23 21:33:30 - [TEST_STEP][PASSED] - delay(3): Delayed 3 second(s)

2020-09-23 21:33:33 - [MESSAGE][PASSED] - Delayed 3 second(s)

2020-09-23 21:33:33 - [TEST_STEP][PASSED] - setText(findTestObject("Object Repository/Page_American Software Contracts  Marketpla_f90b1c/input_Login_username"), "mahendram15@gmail.com"): Text 'mahendram15@gmail.com' is set on object 'Object Repository/Page_American Software Contracts  Marketpla_f90b1c/input_Login_username'

2020-09-23 21:33:34 - [MESSAGE][PASSED] - Text 'mahendram15@gmail.com' is set on object 'Object Repository/Page_American Software Contracts  Marketpla_f90b1c/input_Login_username'

2020-09-23 21:33:34 - [TEST_STEP][PASSED] - click(findTestObject("Object Repository/Page_American Software Contracts  Marketpla_f90b1c/button_login")): Object: 'Object Repository/Page_American Software Contracts  Marketpla_f90b1c/button_login' is clicked on

2020-09-23 21:33:34 - [MESSAGE][PASSED] - Object: 'Object Repository/Page_American Software Contracts  Marketpla_f90b1c/button_login' is clicked on

2020-09-23 21:33:34 - [TEST_STEP][PASSED] - verifyElementText(findTestObject("Sign In_ASC/Page_American Software/p_Password should not be empty"), "Password should not be empty."): Actual text and expected text of test object 'Object Repository/Sign In_ASC/Page_American Software/p_Password should not be empty' are matched.

2020-09-23 21:33:36 - [MESSAGE][PASSED] - Actual text and expected text of test object 'Object Repository/Sign In_ASC/Page_American Software/p_Password should not be empty' are matched.

2020-09-23 21:33:36 - [TEST_STEP][PASSED] - click(findTestObject("Page_American/i__lnr lnr-cross")): Object: 'Object Repository/Page_American/i__lnr lnr-cross' is clicked on

2020-09-23 21:33:36 - [MESSAGE][PASSED] - Object: 'Object Repository/Page_American/i__lnr lnr-cross' is clicked on

2020-09-23 21:33:36 - [TEST_STEP][PASSED] - delay(3): Delayed 3 second(s)

2020-09-23 21:33:39 - [MESSAGE][PASSED] - Delayed 3 second(s)

2020-09-23 21:33:39 - [TEST_STEP][PASSED] - closeBrowser(): Browser is closed

2020-09-23 21:33:40 - [MESSAGE][PASSED] - Browser is closed]]></system-out>
         <system-err><![CDATA[]]></system-err>
      </testcase>
      <testcase name="Test Cases/Home Page/Reset Password and Validation" time="31.645" classname="Test Cases/Home Page/Reset Password and Validation" status="PASSED">
         <system-out><![CDATA[2020-09-23 21:33:40 - [TEST_CASE][PASSED] - Test Cases/Home Page/Reset Password and Validation: Test Cases/Home Page/Reset Password and Validation

2020-09-23 21:33:41 - [TEST_STEP][PASSED] - openBrowser(""): Browser is opened with url: ''

2020-09-23 21:33:41 - [MESSAGE][INFO] - Starting 'Chrome' driver

2020-09-23 21:33:41 - [MESSAGE][INFO] - Action delay is set to 0 milliseconds

2020-09-23 21:33:43 - [MESSAGE][PASSED] - Browser is opened with url: ''

2020-09-23 21:33:43 - [TEST_STEP][PASSED] - navigateToUrl("https://www.wp.americansoftwarecontracts.com/"): Navigate to 'https://www.wp.americansoftwarecontracts.com/' successfully

2020-09-23 21:33:47 - [MESSAGE][PASSED] - Navigate to 'https://www.wp.americansoftwarecontracts.com/' successfully

2020-09-23 21:33:47 - [TEST_STEP][PASSED] - maximizeWindow(): Current window maximized

2020-09-23 21:33:50 - [MESSAGE][PASSED] - Current window maximized

2020-09-23 21:33:50 - [TEST_STEP][PASSED] - delay(5): Delayed 5 second(s)

2020-09-23 21:33:55 - [MESSAGE][PASSED] - Delayed 5 second(s)

2020-09-23 21:33:55 - [TEST_STEP][PASSED] - click(findTestObject("Page_American Software Contracts  Marketpla_f90b1c/a_Sign In")): Object: 'Object Repository/Page_American Software Contracts  Marketpla_f90b1c/a_Sign In' is clicked on

2020-09-23 21:33:55 - [MESSAGE][PASSED] - Object: 'Object Repository/Page_American Software Contracts  Marketpla_f90b1c/a_Sign In' is clicked on

2020-09-23 21:33:55 - [TEST_STEP][PASSED] - delay(2): Delayed 2 second(s)

2020-09-23 21:33:57 - [MESSAGE][PASSED] - Delayed 2 second(s)

2020-09-23 21:33:57 - [TEST_STEP][PASSED] - click(findTestObject("Object Repository/Page_American Software Contracts  Marketpla_f90b1c/a_Reset Password")): Object: 'Object Repository/Page_American Software Contracts  Marketpla_f90b1c/a_Reset Password' is clicked on

2020-09-23 21:33:58 - [MESSAGE][PASSED] - Object: 'Object Repository/Page_American Software Contracts  Marketpla_f90b1c/a_Reset Password' is clicked on

2020-09-23 21:33:58 - [TEST_STEP][PASSED] - click(findTestObject("Object Repository/Page_American Software Contracts  Marketpla_f90b1c/a_Get Password")): Object: 'Object Repository/Page_American Software Contracts  Marketpla_f90b1c/a_Get Password' is clicked on

2020-09-23 21:33:58 - [MESSAGE][PASSED] - Object: 'Object Repository/Page_American Software Contracts  Marketpla_f90b1c/a_Get Password' is clicked on

2020-09-23 21:33:58 - [TEST_STEP][PASSED] - verifyElementText(findTestObject("Object Repository/Page_American Software Contracts  Marketpla_f90b1c/p_Please add email address"), "Please add email address."): Actual text and expected text of test object 'Object Repository/Page_American Software Contracts  Marketpla_f90b1c/p_Please add email address' are matched.

2020-09-23 21:34:00 - [MESSAGE][PASSED] - Actual text and expected text of test object 'Object Repository/Page_American Software Contracts  Marketpla_f90b1c/p_Please add email address' are matched.

2020-09-23 21:34:00 - [TEST_STEP][PASSED] - click(findTestObject("Page_American Software Contracts  Marketpla_f90b1c/i_LinkedIn_lnr lnr-cross")): Object: 'Object Repository/Page_American Software Contracts  Marketpla_f90b1c/i_LinkedIn_lnr lnr-cross' is clicked on

2020-09-23 21:34:00 - [MESSAGE][PASSED] - Object: 'Object Repository/Page_American Software Contracts  Marketpla_f90b1c/i_LinkedIn_lnr lnr-cross' is clicked on

2020-09-23 21:34:00 - [TEST_STEP][PASSED] - delay(3): Delayed 3 second(s)

2020-09-23 21:34:03 - [MESSAGE][PASSED] - Delayed 3 second(s)

2020-09-23 21:34:03 - [TEST_STEP][PASSED] - setText(findTestObject("Object Repository/Page_American Software Contracts  Marketpla_f90b1c/input_LinkedIn_email"), "amaramahendra1989@gmail.com"): Text 'amaramahendra1989@gmail.com' is set on object 'Object Repository/Page_American Software Contracts  Marketpla_f90b1c/input_LinkedIn_email'

2020-09-23 21:34:04 - [MESSAGE][PASSED] - Text 'amaramahendra1989@gmail.com' is set on object 'Object Repository/Page_American Software Contracts  Marketpla_f90b1c/input_LinkedIn_email'

2020-09-23 21:34:04 - [TEST_STEP][PASSED] - click(findTestObject("Object Repository/Page_American Software Contracts  Marketpla_f90b1c/a_Get Password")): Object: 'Object Repository/Page_American Software Contracts  Marketpla_f90b1c/a_Get Password' is clicked on

2020-09-23 21:34:05 - [MESSAGE][PASSED] - Object: 'Object Repository/Page_American Software Contracts  Marketpla_f90b1c/a_Get Password' is clicked on

2020-09-23 21:34:05 - [TEST_STEP][PASSED] - verifyElementText(findTestObject("Object Repository/Page_American Software Contracts  Marketpla_f90b1c/p_A link has been sent please check your email"), "A link has been sent, please check your email."): Actual text and expected text of test object 'Object Repository/Page_American Software Contracts  Marketpla_f90b1c/p_A link has been sent please check your email' are matched.

2020-09-23 21:34:07 - [MESSAGE][PASSED] - Actual text and expected text of test object 'Object Repository/Page_American Software Contracts  Marketpla_f90b1c/p_A link has been sent please check your email' are matched.

2020-09-23 21:34:07 - [TEST_STEP][PASSED] - click(findTestObject("Object Repository/Page_American Software Contracts  Marketpla_f90b1c/i_LinkedIn_lnr lnr-cross_1")): Object: 'Object Repository/Page_American Software Contracts  Marketpla_f90b1c/i_LinkedIn_lnr lnr-cross_1' is clicked on

2020-09-23 21:34:07 - [MESSAGE][PASSED] - Object: 'Object Repository/Page_American Software Contracts  Marketpla_f90b1c/i_LinkedIn_lnr lnr-cross_1' is clicked on

2020-09-23 21:34:07 - [TEST_STEP][PASSED] - delay(4): Delayed 4 second(s)

2020-09-23 21:34:11 - [MESSAGE][PASSED] - Delayed 4 second(s)

2020-09-23 21:34:11 - [TEST_STEP][PASSED] - closeBrowser(): Browser is closed

2020-09-23 21:34:12 - [MESSAGE][PASSED] - Browser is closed]]></system-out>
         <system-err><![CDATA[]]></system-err>
      </testcase>
      <system-out><![CDATA[2020-09-23 21:32:14 - [TEST_SUITE][PASSED] - Test Suite 1_ASC: Test Cases/Home Page/Reset Password and Validation]]></system-out>
      <system-err><![CDATA[]]></system-err>
   </testsuite>
</testsuites>
