<?xml version="1.0" encoding="UTF-8"?>
<testsuites name="Test Suite 6_ASC" time="103.51" tests="1" failures="0" errors="0">
   <testsuite name="Test Suite 6_ASC" tests="1" failures="0" errors="0" time="103.51" timestamp="2020-09-01 23:41:51" hostname="Mahi - MSAMARA" id="Test Suites/Test Suite 6_ASC">
      <properties>
         <property name="deviceName" value=""/>
         <property name="devicePlatform" value=""/>
         <property name="logFolder" value="C:\\Users\\Mahi\\git\\KatalonGitTestASC1\\Reports\\20200901_234142\\Test Suite 6_ASC\\20200901_234142"/>
         <property name="logFiles" value="C:\\Users\\Mahi\\git\\KatalonGitTestASC1\\Reports\\20200901_234142\\Test Suite 6_ASC\\20200901_234142\\execution0.log"/>
         <property name="attachments" value=""/>
         <property name="hostName" value="Mahi - MSAMARA"/>
         <property name="os" value="Windows 8.1 64bit"/>
         <property name="katalonVersion" value="null.null"/>
         <property name="browser" value="Chrome 84.0.4147.135"/>
         <property name="hostAddress" value="192.168.0.102"/>
         <property name="sessionId" value="16cb9e622763b589edda7d73fa1d060c"/>
         <property name="seleniumVersion" value="3.141.59"/>
         <property name="proxyInformation" value="ProxyInformation { proxyOption=NO_PROXY, proxyServerType=HTTP, username=, password=********, proxyServerAddress=, proxyServerPort=0, executionList=\&quot;\&quot;, isApplyToDesiredCapabilities=true }"/>
         <property name="platform" value="Windows 8.1"/>
      </properties>
      <testcase name="Test Cases/Invoice and support/IN -HE -SU" time="103.071" classname="Test Cases/Invoice and support/IN -HE -SU" status="PASSED">
         <system-out><![CDATA[2020-09-01 23:41:51 - [TEST_CASE][PASSED] - Test Cases/Invoice and support/IN -HE -SU: Test Cases/Invoice and support/IN -HE -SU

2020-09-01 23:41:52 - [TEST_STEP][PASSED] - openBrowser(""): Browser is opened with url: ''

2020-09-01 23:41:52 - [MESSAGE][INFO] - Starting 'Chrome' driver

2020-09-01 23:41:53 - [MESSAGE][INFO] - Action delay is set to 0 milliseconds

2020-09-01 23:41:56 - [MESSAGE][PASSED] - Browser is opened with url: ''

2020-09-01 23:41:56 - [TEST_STEP][PASSED] - navigateToUrl("https://www.wp.americansoftwarecontracts.com/"): Navigate to 'https://www.wp.americansoftwarecontracts.com/' successfully

2020-09-01 23:42:08 - [MESSAGE][PASSED] - Navigate to 'https://www.wp.americansoftwarecontracts.com/' successfully

2020-09-01 23:42:08 - [TEST_STEP][PASSED] - maximizeWindow(): Current window maximized

2020-09-01 23:42:10 - [MESSAGE][PASSED] - Current window maximized

2020-09-01 23:42:10 - [TEST_STEP][PASSED] - click(findTestObject("Object Repository/IN -HE -SU/Page_American Software Contracts  Marketpla_f90b1c/a_Sign In")): Object: 'Object Repository/IN -HE -SU/Page_American Software Contracts  Marketpla_f90b1c/a_Sign In' is clicked on

2020-09-01 23:42:11 - [MESSAGE][PASSED] - Object: 'Object Repository/IN -HE -SU/Page_American Software Contracts  Marketpla_f90b1c/a_Sign In' is clicked on

2020-09-01 23:42:11 - [TEST_STEP][PASSED] - setText(findTestObject("Object Repository/IN -HE -SU/Page_American Software Contracts  Marketpla_f90b1c/input_Login_username"), "mahendram15@gmail.com"): Text 'mahendram15@gmail.com' is set on object 'Object Repository/IN -HE -SU/Page_American Software Contracts  Marketpla_f90b1c/input_Login_username'

2020-09-01 23:42:13 - [MESSAGE][PASSED] - Text 'mahendram15@gmail.com' is set on object 'Object Repository/IN -HE -SU/Page_American Software Contracts  Marketpla_f90b1c/input_Login_username'

2020-09-01 23:42:13 - [TEST_STEP][PASSED] - setEncryptedText(findTestObject("Object Repository/IN -HE -SU/Page_American Software Contracts  Marketpla_f90b1c/input_Login_password"), "XUwhRSdIKYJlFl7OB//OUg=="): Text ****** has been set on object 'Object Repository/IN -HE -SU/Page_American Software Contracts  Marketpla_f90b1c/input_Login_password'

2020-09-01 23:42:13 - [MESSAGE][PASSED] - Text ****** has been set on object 'Object Repository/IN -HE -SU/Page_American Software Contracts  Marketpla_f90b1c/input_Login_password'

2020-09-01 23:42:13 - [TEST_STEP][PASSED] - click(findTestObject("Object Repository/IN -HE -SU/Page_American Software Contracts  Marketpla_f90b1c/button_login")): Object: 'Object Repository/IN -HE -SU/Page_American Software Contracts  Marketpla_f90b1c/button_login' is clicked on

2020-09-01 23:42:14 - [MESSAGE][PASSED] - Object: 'Object Repository/IN -HE -SU/Page_American Software Contracts  Marketpla_f90b1c/button_login' is clicked on

2020-09-01 23:42:14 - [TEST_STEP][PASSED] - click(findTestObject("Object Repository/IN -HE -SU/Page_Dashboard  American Software Contracts/h3_Mahendra A")): Object: 'Object Repository/IN -HE -SU/Page_Dashboard  American Software Contracts/h3_Mahendra A' is clicked on

2020-09-01 23:42:21 - [MESSAGE][PASSED] - Object: 'Object Repository/IN -HE -SU/Page_Dashboard  American Software Contracts/h3_Mahendra A' is clicked on

2020-09-01 23:42:21 - [TEST_STEP][PASSED] - click(findTestObject("Object Repository/IN -HE -SU/Page_Dashboard  American Software Contracts/span_Invoices")): Object: 'Object Repository/IN -HE -SU/Page_Dashboard  American Software Contracts/span_Invoices' is clicked on

2020-09-01 23:42:25 - [MESSAGE][PASSED] - Object: 'Object Repository/IN -HE -SU/Page_Dashboard  American Software Contracts/span_Invoices' is clicked on

2020-09-01 23:42:25 - [TEST_STEP][PASSED] - delay(3): Delayed 3 second(s)

2020-09-01 23:42:28 - [MESSAGE][PASSED] - Delayed 3 second(s)

2020-09-01 23:42:28 - [TEST_STEP][PASSED] - click(findTestObject("Object Repository/IN -HE -SU/Page_Dashboard  American Software Contracts/a_View")): Object: 'Object Repository/IN -HE -SU/Page_Dashboard  American Software Contracts/a_View' is clicked on

2020-09-01 23:42:29 - [MESSAGE][PASSED] - Object: 'Object Repository/IN -HE -SU/Page_Dashboard  American Software Contracts/a_View' is clicked on

2020-09-01 23:42:29 - [TEST_STEP][PASSED] - delay(3): Delayed 3 second(s)

2020-09-01 23:42:32 - [MESSAGE][PASSED] - Delayed 3 second(s)

2020-09-01 23:42:32 - [TEST_STEP][PASSED] - switchToWindowTitle("My account – American Software Contracts"): Switched to window with title: 'My account – American Software Contracts'

2020-09-01 23:42:33 - [MESSAGE][PASSED] - Switched to window with title: 'My account – American Software Contracts'

2020-09-01 23:42:33 - [TEST_STEP][PASSED] - delay(3): Delayed 3 second(s)

2020-09-01 23:42:36 - [MESSAGE][PASSED] - Delayed 3 second(s)

2020-09-01 23:42:36 - [TEST_STEP][PASSED] - click(findTestObject("Object Repository/IN -HE -SU/Page_My account  American Software Contracts/a_Return to dashboard")): Object: 'Object Repository/IN -HE -SU/Page_My account  American Software Contracts/a_Return to dashboard' is clicked on

2020-09-01 23:42:40 - [MESSAGE][PASSED] - Object: 'Object Repository/IN -HE -SU/Page_My account  American Software Contracts/a_Return to dashboard' is clicked on

2020-09-01 23:42:40 - [TEST_STEP][PASSED] - delay(3): Delayed 3 second(s)

2020-09-01 23:42:43 - [MESSAGE][PASSED] - Delayed 3 second(s)

2020-09-01 23:42:43 - [TEST_STEP][PASSED] - click(findTestObject("Object Repository/IN -HE -SU/Page_Dashboard  American Software Contracts/h3_Mahendra A")): Object: 'Object Repository/IN -HE -SU/Page_Dashboard  American Software Contracts/h3_Mahendra A' is clicked on

2020-09-01 23:42:43 - [MESSAGE][PASSED] - Object: 'Object Repository/IN -HE -SU/Page_Dashboard  American Software Contracts/h3_Mahendra A' is clicked on

2020-09-01 23:42:43 - [TEST_STEP][PASSED] - click(findTestObject("Object Repository/IN -HE -SU/Page_Dashboard  American Software Contracts/span_Help and Support")): Object: 'Object Repository/IN -HE -SU/Page_Dashboard  American Software Contracts/span_Help and Support' is clicked on

2020-09-01 23:42:46 - [MESSAGE][PASSED] - Object: 'Object Repository/IN -HE -SU/Page_Dashboard  American Software Contracts/span_Help and Support' is clicked on

2020-09-01 23:42:46 - [TEST_STEP][PASSED] - delay(3): Delayed 3 second(s)

2020-09-01 23:42:49 - [MESSAGE][PASSED] - Delayed 3 second(s)

2020-09-01 23:42:49 - [TEST_STEP][PASSED] - setText(findTestObject("Object Repository/IN -HE -SU/Page_Dashboard  American Software Contracts/textarea_Ask your query_message"), "test"): Text 'test' is set on object 'Object Repository/IN -HE -SU/Page_Dashboard  American Software Contracts/textarea_Ask your query_message'

2020-09-01 23:42:50 - [MESSAGE][PASSED] - Text 'test' is set on object 'Object Repository/IN -HE -SU/Page_Dashboard  American Software Contracts/textarea_Ask your query_message'

2020-09-01 23:42:50 - [TEST_STEP][PASSED] - click(findTestObject("Object Repository/IN -HE -SU/Page_Dashboard  American Software Contracts/a_Submit")): Object: 'Object Repository/IN -HE -SU/Page_Dashboard  American Software Contracts/a_Submit' is clicked on

2020-09-01 23:42:51 - [MESSAGE][PASSED] - Object: 'Object Repository/IN -HE -SU/Page_Dashboard  American Software Contracts/a_Submit' is clicked on

2020-09-01 23:42:51 - [TEST_STEP][PASSED] - delay(3): Delayed 3 second(s)

2020-09-01 23:42:54 - [MESSAGE][PASSED] - Delayed 3 second(s)

2020-09-01 23:42:54 - [TEST_STEP][PASSED] - selectOptionByValue(findTestObject("IN -HE -SU/Page_Dashboard  American Software Contracts/select_Select query typeQueryQuery Type"), "Query Type", true): All options with value 'Query Type' are selected in object 'Object Repository/IN -HE -SU/Page_Dashboard  American Software Contracts/select_Select query typeQueryQuery Type'  using regular expression

2020-09-01 23:42:57 - [MESSAGE][PASSED] - All options with value 'Query Type' are selected in object 'Object Repository/IN -HE -SU/Page_Dashboard  American Software Contracts/select_Select query typeQueryQuery Type'  using regular expression

2020-09-01 23:42:57 - [TEST_STEP][PASSED] - click(findTestObject("Object Repository/IN -HE -SU/Page_Dashboard  American Software Contracts/a_Submit")): Object: 'Object Repository/IN -HE -SU/Page_Dashboard  American Software Contracts/a_Submit' is clicked on

2020-09-01 23:42:57 - [MESSAGE][PASSED] - Object: 'Object Repository/IN -HE -SU/Page_Dashboard  American Software Contracts/a_Submit' is clicked on

2020-09-01 23:42:57 - [TEST_STEP][PASSED] - delay(8): Delayed 8 second(s)

2020-09-01 23:43:05 - [MESSAGE][PASSED] - Delayed 8 second(s)

2020-09-01 23:43:05 - [TEST_STEP][PASSED] - setText(findTestObject("Object Repository/IN -HE -SU/Page_Dashboard  American Software Contracts/textarea_Ask your query_message"), "test45"): Text 'test45' is set on object 'Object Repository/IN -HE -SU/Page_Dashboard  American Software Contracts/textarea_Ask your query_message'

2020-09-01 23:43:06 - [MESSAGE][PASSED] - Text 'test45' is set on object 'Object Repository/IN -HE -SU/Page_Dashboard  American Software Contracts/textarea_Ask your query_message'

2020-09-01 23:43:06 - [TEST_STEP][PASSED] - click(findTestObject("Object Repository/IN -HE -SU/Page_Dashboard  American Software Contracts/a_Submit")): Object: 'Object Repository/IN -HE -SU/Page_Dashboard  American Software Contracts/a_Submit' is clicked on

2020-09-01 23:43:06 - [MESSAGE][PASSED] - Object: 'Object Repository/IN -HE -SU/Page_Dashboard  American Software Contracts/a_Submit' is clicked on

2020-09-01 23:43:06 - [TEST_STEP][PASSED] - delay(8): Delayed 8 second(s)

2020-09-01 23:43:14 - [MESSAGE][PASSED] - Delayed 8 second(s)

2020-09-01 23:43:14 - [TEST_STEP][PASSED] - selectOptionByValue(findTestObject("Object Repository/IN -HE -SU/Page_Dashboard  American Software Contracts/select_Select query typeQueryQuery Type"), "Query Type", true): All options with value 'Query Type' are selected in object 'Object Repository/IN -HE -SU/Page_Dashboard  American Software Contracts/select_Select query typeQueryQuery Type'  using regular expression

2020-09-01 23:43:17 - [MESSAGE][PASSED] - All options with value 'Query Type' are selected in object 'Object Repository/IN -HE -SU/Page_Dashboard  American Software Contracts/select_Select query typeQueryQuery Type'  using regular expression

2020-09-01 23:43:17 - [TEST_STEP][PASSED] - click(findTestObject("Object Repository/IN -HE -SU/Page_Dashboard  American Software Contracts/a_Submit")): Object: 'Object Repository/IN -HE -SU/Page_Dashboard  American Software Contracts/a_Submit' is clicked on

2020-09-01 23:43:18 - [MESSAGE][PASSED] - Object: 'Object Repository/IN -HE -SU/Page_Dashboard  American Software Contracts/a_Submit' is clicked on

2020-09-01 23:43:18 - [TEST_STEP][PASSED] - delay(5): Delayed 5 second(s)

2020-09-01 23:43:23 - [MESSAGE][PASSED] - Delayed 5 second(s)

2020-09-01 23:43:23 - [TEST_STEP][PASSED] - click(findTestObject("Object Repository/IN -HE -SU/Page_Dashboard  American Software Contracts/h3_Mahendra A")): Object: 'Object Repository/IN -HE -SU/Page_Dashboard  American Software Contracts/h3_Mahendra A' is clicked on

2020-09-01 23:43:23 - [MESSAGE][PASSED] - Object: 'Object Repository/IN -HE -SU/Page_Dashboard  American Software Contracts/h3_Mahendra A' is clicked on

2020-09-01 23:43:23 - [TEST_STEP][PASSED] - click(findTestObject("Object Repository/IN -HE -SU/Page_Dashboard  American Software Contracts/span_Logout")): Object: 'Object Repository/IN -HE -SU/Page_Dashboard  American Software Contracts/span_Logout' is clicked on

2020-09-01 23:43:30 - [MESSAGE][PASSED] - Object: 'Object Repository/IN -HE -SU/Page_Dashboard  American Software Contracts/span_Logout' is clicked on

2020-09-01 23:43:30 - [TEST_STEP][PASSED] - delay(3): Delayed 3 second(s)

2020-09-01 23:43:33 - [MESSAGE][PASSED] - Delayed 3 second(s)

2020-09-01 23:43:33 - [TEST_STEP][PASSED] - closeBrowser(): Browser is closed

2020-09-01 23:43:34 - [MESSAGE][PASSED] - Browser is closed]]></system-out>
         <system-err><![CDATA[]]></system-err>
      </testcase>
      <system-out><![CDATA[2020-09-01 23:41:51 - [TEST_SUITE][PASSED] - Test Suite 6_ASC: Test Cases/Invoice and support/IN -HE -SU]]></system-out>
      <system-err><![CDATA[]]></system-err>
   </testsuite>
</testsuites>
