<?xml version="1.0" encoding="UTF-8"?>
<testsuites name="Test Suite 5_ASC" time="214.277" tests="1" failures="0" errors="0">
   <testsuite name="Test Suite 5_ASC" tests="1" failures="0" errors="0" time="214.277" timestamp="2020-09-19 00:06:41" hostname="Mahi - MSAMARA" id="Test Suites/Test Suite 5_ASC">
      <properties>
         <property name="deviceName" value=""/>
         <property name="devicePlatform" value=""/>
         <property name="logFolder" value="C:\\Users\\Mahi\\git\\KatalonGitTestASC1\\Reports\\20200919_000633\\Test Suite 5_ASC\\20200919_000633"/>
         <property name="logFiles" value="C:\\Users\\Mahi\\git\\KatalonGitTestASC1\\Reports\\20200919_000633\\Test Suite 5_ASC\\20200919_000633\\execution0.log"/>
         <property name="attachments" value=""/>
         <property name="hostName" value="Mahi - MSAMARA"/>
         <property name="os" value="Windows 8.1 64bit"/>
         <property name="katalonVersion" value="7.6.2.205"/>
         <property name="browser" value="Chrome 85.0.4183.102"/>
         <property name="hostAddress" value="192.168.0.107"/>
         <property name="sessionId" value="ea434d4a5258e33a28fc73d25174fc71"/>
         <property name="seleniumVersion" value="3.141.59"/>
         <property name="proxyInformation" value="ProxyInformation { proxyOption=NO_PROXY, proxyServerType=HTTP, username=, password=********, proxyServerAddress=, proxyServerPort=0, executionList=\&quot;\&quot;, isApplyToDesiredCapabilities=true }"/>
         <property name="platform" value="Windows 8.1"/>
      </properties>
      <testcase name="Test Cases/Messages/Messages Section" time="213.743" classname="Test Cases/Messages/Messages Section" status="PASSED">
         <system-out><![CDATA[2020-09-19 00:06:41 - [TEST_CASE][PASSED] - Test Cases/Messages/Messages Section: Test Cases/Messages/Messages Section

2020-09-19 00:06:42 - [TEST_STEP][PASSED] - openBrowser(""): Browser is opened with url: ''

2020-09-19 00:06:43 - [MESSAGE][INFO] - Starting 'Chrome' driver

2020-09-19 00:06:43 - [MESSAGE][INFO] - Action delay is set to 0 milliseconds

2020-09-19 00:06:47 - [MESSAGE][PASSED] - Browser is opened with url: ''

2020-09-19 00:06:47 - [TEST_STEP][PASSED] - navigateToUrl("https://www.wp.americansoftwarecontracts.com/"): Navigate to 'https://www.wp.americansoftwarecontracts.com/' successfully

2020-09-19 00:06:53 - [MESSAGE][PASSED] - Navigate to 'https://www.wp.americansoftwarecontracts.com/' successfully

2020-09-19 00:06:53 - [TEST_STEP][PASSED] - maximizeWindow(): Current window maximized

2020-09-19 00:06:56 - [MESSAGE][PASSED] - Current window maximized

2020-09-19 00:06:56 - [TEST_STEP][PASSED] - delay(5): Delayed 5 second(s)

2020-09-19 00:07:01 - [MESSAGE][PASSED] - Delayed 5 second(s)

2020-09-19 00:07:01 - [TEST_STEP][PASSED] - click(findTestObject("Object Repository/All Sections/Page_American Software Contracts  Marketpla_f90b1c/a_Sign In")): Object: 'Object Repository/All Sections/Page_American Software Contracts  Marketpla_f90b1c/a_Sign In' is clicked on

2020-09-19 00:07:01 - [MESSAGE][PASSED] - Object: 'Object Repository/All Sections/Page_American Software Contracts  Marketpla_f90b1c/a_Sign In' is clicked on

2020-09-19 00:07:01 - [TEST_STEP][PASSED] - setText(findTestObject("Object Repository/All Sections/Page_American Software Contracts  Marketpla_f90b1c/input_Login_username"), "mahendram15@gmail.com"): Text 'mahendram15@gmail.com' is set on object 'Object Repository/All Sections/Page_American Software Contracts  Marketpla_f90b1c/input_Login_username'

2020-09-19 00:07:02 - [MESSAGE][PASSED] - Text 'mahendram15@gmail.com' is set on object 'Object Repository/All Sections/Page_American Software Contracts  Marketpla_f90b1c/input_Login_username'

2020-09-19 00:07:02 - [TEST_STEP][PASSED] - setEncryptedText(findTestObject("Object Repository/All Sections/Page_American Software Contracts  Marketpla_f90b1c/input_Login_password"), "XUwhRSdIKYJlFl7OB//OUg=="): Text ****** has been set on object 'Object Repository/All Sections/Page_American Software Contracts  Marketpla_f90b1c/input_Login_password'

2020-09-19 00:07:03 - [MESSAGE][PASSED] - Text ****** has been set on object 'Object Repository/All Sections/Page_American Software Contracts  Marketpla_f90b1c/input_Login_password'

2020-09-19 00:07:03 - [TEST_STEP][PASSED] - click(findTestObject("Object Repository/All Sections/Page_American Software Contracts  Marketpla_f90b1c/button_login")): Object: 'Object Repository/All Sections/Page_American Software Contracts  Marketpla_f90b1c/button_login' is clicked on

2020-09-19 00:07:03 - [MESSAGE][PASSED] - Object: 'Object Repository/All Sections/Page_American Software Contracts  Marketpla_f90b1c/button_login' is clicked on

2020-09-19 00:07:03 - [TEST_STEP][PASSED] - delay(5): Delayed 5 second(s)

2020-09-19 00:07:08 - [MESSAGE][PASSED] - Delayed 5 second(s)

2020-09-19 00:07:08 - [TEST_STEP][PASSED] - click(findTestObject("Object Repository/All Sections/Page_Dashboard  American Software Contracts/a_Message")): Object: 'Object Repository/All Sections/Page_Dashboard  American Software Contracts/a_Message' is clicked on

2020-09-19 00:07:25 - [MESSAGE][PASSED] - Object: 'Object Repository/All Sections/Page_Dashboard  American Software Contracts/a_Message' is clicked on

2020-09-19 00:07:25 - [TEST_STEP][PASSED] - click(findTestObject("Object Repository/All Sections/Page_Dashboard  American Software Contracts/a_Click To View")): Object: 'Object Repository/All Sections/Page_Dashboard  American Software Contracts/a_Click To View' is clicked on

2020-09-19 00:07:29 - [MESSAGE][PASSED] - Object: 'Object Repository/All Sections/Page_Dashboard  American Software Contracts/a_Click To View' is clicked on

2020-09-19 00:07:29 - [TEST_STEP][PASSED] - delay(3): Delayed 3 second(s)

2020-09-19 00:07:32 - [MESSAGE][PASSED] - Delayed 3 second(s)

2020-09-19 00:07:32 - [TEST_STEP][PASSED] - click(findTestObject("Object Repository/All Sections/Page_Dashboard  American Software Contracts/a_Message")): Object: 'Object Repository/All Sections/Page_Dashboard  American Software Contracts/a_Message' is clicked on

2020-09-19 00:07:36 - [MESSAGE][PASSED] - Object: 'Object Repository/All Sections/Page_Dashboard  American Software Contracts/a_Message' is clicked on

2020-09-19 00:07:36 - [TEST_STEP][PASSED] - click(findTestObject("Object Repository/All Sections/Page_Dashboard  American Software Contracts/a_Click To View_1")): Object: 'Object Repository/All Sections/Page_Dashboard  American Software Contracts/a_Click To View_1' is clicked on

2020-09-19 00:07:41 - [MESSAGE][PASSED] - Object: 'Object Repository/All Sections/Page_Dashboard  American Software Contracts/a_Click To View_1' is clicked on

2020-09-19 00:07:41 - [TEST_STEP][PASSED] - delay(3): Delayed 3 second(s)

2020-09-19 00:07:44 - [MESSAGE][PASSED] - Delayed 3 second(s)

2020-09-19 00:07:44 - [TEST_STEP][PASSED] - click(findTestObject("Object Repository/All Sections/Page_Dashboard  American Software Contracts/a_Message")): Object: 'Object Repository/All Sections/Page_Dashboard  American Software Contracts/a_Message' is clicked on

2020-09-19 00:07:49 - [MESSAGE][PASSED] - Object: 'Object Repository/All Sections/Page_Dashboard  American Software Contracts/a_Message' is clicked on

2020-09-19 00:07:49 - [TEST_STEP][PASSED] - click(findTestObject("Object Repository/All Sections/Page_Dashboard  American Software Contracts/a_Upgrade Now")): Object: 'Object Repository/All Sections/Page_Dashboard  American Software Contracts/a_Upgrade Now' is clicked on

2020-09-19 00:07:54 - [MESSAGE][PASSED] - Object: 'Object Repository/All Sections/Page_Dashboard  American Software Contracts/a_Upgrade Now' is clicked on

2020-09-19 00:07:54 - [TEST_STEP][PASSED] - delay(3): Delayed 3 second(s)

2020-09-19 00:07:57 - [MESSAGE][PASSED] - Delayed 3 second(s)

2020-09-19 00:07:57 - [TEST_STEP][PASSED] - click(findTestObject("Object Repository/All Sections/Page_Dashboard  American Software Contracts/a_Message")): Object: 'Object Repository/All Sections/Page_Dashboard  American Software Contracts/a_Message' is clicked on

2020-09-19 00:08:01 - [MESSAGE][PASSED] - Object: 'Object Repository/All Sections/Page_Dashboard  American Software Contracts/a_Message' is clicked on

2020-09-19 00:08:01 - [TEST_STEP][PASSED] - click(findTestObject("Object Repository/All Sections/Page_Dashboard  American Software Contracts/a_View More")): Object: 'Object Repository/All Sections/Page_Dashboard  American Software Contracts/a_View More' is clicked on

2020-09-19 00:08:03 - [MESSAGE][PASSED] - Object: 'Object Repository/All Sections/Page_Dashboard  American Software Contracts/a_View More' is clicked on

2020-09-19 00:08:03 - [TEST_STEP][PASSED] - delay(3): Delayed 3 second(s)

2020-09-19 00:08:06 - [MESSAGE][PASSED] - Delayed 3 second(s)

2020-09-19 00:08:06 - [TEST_STEP][PASSED] - click(findTestObject("Object Repository/All Sections/Page_Dashboard  American Software Contracts/i_Trail Freelancer_wt-btncancel fa fa-times")): Object: 'Object Repository/All Sections/Page_Dashboard  American Software Contracts/i_Trail Freelancer_wt-btncancel fa fa-times' is clicked on

2020-09-19 00:08:06 - [MESSAGE][PASSED] - Object: 'Object Repository/All Sections/Page_Dashboard  American Software Contracts/i_Trail Freelancer_wt-btncancel fa fa-times' is clicked on

2020-09-19 00:08:06 - [TEST_STEP][PASSED] - delay(3): Delayed 3 second(s)

2020-09-19 00:08:09 - [MESSAGE][PASSED] - Delayed 3 second(s)

2020-09-19 00:08:09 - [TEST_STEP][PASSED] - click(findTestObject("Object Repository/All Sections/Page_Dashboard  American Software Contracts/a_Click To View_1_2")): Object: 'Object Repository/All Sections/Page_Dashboard  American Software Contracts/a_Click To View_1_2' is clicked on

2020-09-19 00:08:15 - [MESSAGE][PASSED] - Object: 'Object Repository/All Sections/Page_Dashboard  American Software Contracts/a_Click To View_1_2' is clicked on

2020-09-19 00:08:15 - [TEST_STEP][PASSED] - delay(3): Delayed 3 second(s)

2020-09-19 00:08:18 - [MESSAGE][PASSED] - Delayed 3 second(s)

2020-09-19 00:08:18 - [TEST_STEP][PASSED] - click(findTestObject("Object Repository/All Sections/Page_Dashboard  American Software Contracts/a_Saved Service")): Object: 'Object Repository/All Sections/Page_Dashboard  American Software Contracts/a_Saved Service' is clicked on

2020-09-19 00:08:21 - [MESSAGE][PASSED] - Object: 'Object Repository/All Sections/Page_Dashboard  American Software Contracts/a_Saved Service' is clicked on

2020-09-19 00:08:21 - [TEST_STEP][PASSED] - delay(3): Delayed 3 second(s)

2020-09-19 00:08:24 - [MESSAGE][PASSED] - Delayed 3 second(s)

2020-09-19 00:08:24 - [TEST_STEP][PASSED] - click(findTestObject("Object Repository/All Sections/Page_Dashboard  American Software Contracts/a_Followed Companies")): Object: 'Object Repository/All Sections/Page_Dashboard  American Software Contracts/a_Followed Companies' is clicked on

2020-09-19 00:08:28 - [MESSAGE][PASSED] - Object: 'Object Repository/All Sections/Page_Dashboard  American Software Contracts/a_Followed Companies' is clicked on

2020-09-19 00:08:28 - [TEST_STEP][PASSED] - delay(3): Delayed 3 second(s)

2020-09-19 00:08:31 - [MESSAGE][PASSED] - Delayed 3 second(s)

2020-09-19 00:08:31 - [TEST_STEP][PASSED] - click(findTestObject("Object Repository/All Sections/Page_Dashboard  American Software Contracts/a_Liked Freelancers")): Object: 'Object Repository/All Sections/Page_Dashboard  American Software Contracts/a_Liked Freelancers' is clicked on

2020-09-19 00:08:34 - [MESSAGE][PASSED] - Object: 'Object Repository/All Sections/Page_Dashboard  American Software Contracts/a_Liked Freelancers' is clicked on

2020-09-19 00:08:34 - [TEST_STEP][PASSED] - delay(3): Delayed 3 second(s)

2020-09-19 00:08:37 - [MESSAGE][PASSED] - Delayed 3 second(s)

2020-09-19 00:08:37 - [TEST_STEP][PASSED] - click(findTestObject("Object Repository/All Sections/Page_Dashboard  American Software Contracts/a_Message")): Object: 'Object Repository/All Sections/Page_Dashboard  American Software Contracts/a_Message' is clicked on

2020-09-19 00:08:41 - [MESSAGE][PASSED] - Object: 'Object Repository/All Sections/Page_Dashboard  American Software Contracts/a_Message' is clicked on

2020-09-19 00:08:41 - [TEST_STEP][PASSED] - click(findTestObject("Object Repository/All Sections/Page_Dashboard  American Software Contracts/a_Total Ongoing Jobs")): Object: 'Object Repository/All Sections/Page_Dashboard  American Software Contracts/a_Total Ongoing Jobs' is clicked on

2020-09-19 00:08:46 - [MESSAGE][PASSED] - Object: 'Object Repository/All Sections/Page_Dashboard  American Software Contracts/a_Total Ongoing Jobs' is clicked on

2020-09-19 00:08:46 - [TEST_STEP][PASSED] - delay(3): Delayed 3 second(s)

2020-09-19 00:08:49 - [MESSAGE][PASSED] - Delayed 3 second(s)

2020-09-19 00:08:49 - [TEST_STEP][PASSED] - click(findTestObject("Object Repository/All Sections/Page_Dashboard  American Software Contracts/a_Message")): Object: 'Object Repository/All Sections/Page_Dashboard  American Software Contracts/a_Message' is clicked on

2020-09-19 00:08:52 - [MESSAGE][PASSED] - Object: 'Object Repository/All Sections/Page_Dashboard  American Software Contracts/a_Message' is clicked on

2020-09-19 00:08:52 - [TEST_STEP][PASSED] - click(findTestObject("Object Repository/All Sections/Page_Dashboard  American Software Contracts/a_Total Completed Jobs")): Object: 'Object Repository/All Sections/Page_Dashboard  American Software Contracts/a_Total Completed Jobs' is clicked on

2020-09-19 00:08:58 - [MESSAGE][PASSED] - Object: 'Object Repository/All Sections/Page_Dashboard  American Software Contracts/a_Total Completed Jobs' is clicked on

2020-09-19 00:08:58 - [TEST_STEP][PASSED] - delay(3): Delayed 3 second(s)

2020-09-19 00:09:01 - [MESSAGE][PASSED] - Delayed 3 second(s)

2020-09-19 00:09:01 - [TEST_STEP][PASSED] - click(findTestObject("Object Repository/All Sections/Page_Dashboard  American Software Contracts/a_Message")): Object: 'Object Repository/All Sections/Page_Dashboard  American Software Contracts/a_Message' is clicked on

2020-09-19 00:09:04 - [MESSAGE][PASSED] - Object: 'Object Repository/All Sections/Page_Dashboard  American Software Contracts/a_Message' is clicked on

2020-09-19 00:09:04 - [TEST_STEP][PASSED] - click(findTestObject("Object Repository/All Sections/Page_Dashboard  American Software Contracts/a_Total Cancelled Jobs")): Object: 'Object Repository/All Sections/Page_Dashboard  American Software Contracts/a_Total Cancelled Jobs' is clicked on

2020-09-19 00:09:08 - [MESSAGE][PASSED] - Object: 'Object Repository/All Sections/Page_Dashboard  American Software Contracts/a_Total Cancelled Jobs' is clicked on

2020-09-19 00:09:08 - [TEST_STEP][PASSED] - delay(3): Delayed 3 second(s)

2020-09-19 00:09:11 - [MESSAGE][PASSED] - Delayed 3 second(s)

2020-09-19 00:09:11 - [TEST_STEP][PASSED] - click(findTestObject("Object Repository/All Sections/Page_Dashboard  American Software Contracts/a_Message")): Object: 'Object Repository/All Sections/Page_Dashboard  American Software Contracts/a_Message' is clicked on

2020-09-19 00:09:16 - [MESSAGE][PASSED] - Object: 'Object Repository/All Sections/Page_Dashboard  American Software Contracts/a_Message' is clicked on

2020-09-19 00:09:16 - [TEST_STEP][PASSED] - click(findTestObject("Object Repository/All Sections/Page_Dashboard  American Software Contracts/a_Total Posted Jobs")): Object: 'Object Repository/All Sections/Page_Dashboard  American Software Contracts/a_Total Posted Jobs' is clicked on

2020-09-19 00:09:19 - [MESSAGE][PASSED] - Object: 'Object Repository/All Sections/Page_Dashboard  American Software Contracts/a_Total Posted Jobs' is clicked on

2020-09-19 00:09:19 - [TEST_STEP][PASSED] - delay(3): Delayed 3 second(s)

2020-09-19 00:09:22 - [MESSAGE][PASSED] - Delayed 3 second(s)

2020-09-19 00:09:22 - [TEST_STEP][PASSED] - click(findTestObject("Object Repository/All Sections/Page_Dashboard  American Software Contracts/a_Message")): Object: 'Object Repository/All Sections/Page_Dashboard  American Software Contracts/a_Message' is clicked on

2020-09-19 00:09:27 - [MESSAGE][PASSED] - Object: 'Object Repository/All Sections/Page_Dashboard  American Software Contracts/a_Message' is clicked on

2020-09-19 00:09:27 - [TEST_STEP][PASSED] - click(findTestObject("Object Repository/All Sections/Page_Dashboard  American Software Contracts/a_Total Ongoing Services")): Object: 'Object Repository/All Sections/Page_Dashboard  American Software Contracts/a_Total Ongoing Services' is clicked on

2020-09-19 00:09:30 - [MESSAGE][PASSED] - Object: 'Object Repository/All Sections/Page_Dashboard  American Software Contracts/a_Total Ongoing Services' is clicked on

2020-09-19 00:09:30 - [TEST_STEP][PASSED] - delay(3): Delayed 3 second(s)

2020-09-19 00:09:33 - [MESSAGE][PASSED] - Delayed 3 second(s)

2020-09-19 00:09:33 - [TEST_STEP][PASSED] - click(findTestObject("Object Repository/All Sections/Page_Dashboard  American Software Contracts/a_Message")): Object: 'Object Repository/All Sections/Page_Dashboard  American Software Contracts/a_Message' is clicked on

2020-09-19 00:09:37 - [MESSAGE][PASSED] - Object: 'Object Repository/All Sections/Page_Dashboard  American Software Contracts/a_Message' is clicked on

2020-09-19 00:09:37 - [TEST_STEP][PASSED] - click(findTestObject("Object Repository/All Sections/Page_Dashboard  American Software Contracts/main_Pushapjit S            Post a Job     _6b199f")): Object: 'Object Repository/All Sections/Page_Dashboard  American Software Contracts/main_Pushapjit S            Post a Job     _6b199f' is clicked on

2020-09-19 00:09:38 - [MESSAGE][PASSED] - Object: 'Object Repository/All Sections/Page_Dashboard  American Software Contracts/main_Pushapjit S            Post a Job     _6b199f' is clicked on

2020-09-19 00:09:38 - [TEST_STEP][PASSED] - delay(3): Delayed 3 second(s)

2020-09-19 00:09:41 - [MESSAGE][PASSED] - Delayed 3 second(s)

2020-09-19 00:09:41 - [TEST_STEP][PASSED] - click(findTestObject("Object Repository/All Sections/Page_Dashboard  American Software Contracts/a_Total Completed Services")): Object: 'Object Repository/All Sections/Page_Dashboard  American Software Contracts/a_Total Completed Services' is clicked on

2020-09-19 00:09:46 - [MESSAGE][PASSED] - Object: 'Object Repository/All Sections/Page_Dashboard  American Software Contracts/a_Total Completed Services' is clicked on

2020-09-19 00:09:46 - [TEST_STEP][PASSED] - click(findTestObject("Object Repository/All Sections/Page_Dashboard  American Software Contracts/a_Message")): Object: 'Object Repository/All Sections/Page_Dashboard  American Software Contracts/a_Message' is clicked on

2020-09-19 00:09:49 - [MESSAGE][PASSED] - Object: 'Object Repository/All Sections/Page_Dashboard  American Software Contracts/a_Message' is clicked on

2020-09-19 00:09:49 - [TEST_STEP][PASSED] - click(findTestObject("Object Repository/All Sections/Page_Dashboard  American Software Contracts/a_Total Cancelled Services")): Object: 'Object Repository/All Sections/Page_Dashboard  American Software Contracts/a_Total Cancelled Services' is clicked on

2020-09-19 00:09:55 - [MESSAGE][PASSED] - Object: 'Object Repository/All Sections/Page_Dashboard  American Software Contracts/a_Total Cancelled Services' is clicked on

2020-09-19 00:09:55 - [TEST_STEP][PASSED] - delay(3): Delayed 3 second(s)

2020-09-19 00:09:58 - [MESSAGE][PASSED] - Delayed 3 second(s)

2020-09-19 00:09:58 - [TEST_STEP][PASSED] - click(findTestObject("Object Repository/All Sections/Page_Dashboard  American Software Contracts/h3_Mahendra A")): Object: 'Object Repository/All Sections/Page_Dashboard  American Software Contracts/h3_Mahendra A' is clicked on

2020-09-19 00:09:59 - [MESSAGE][PASSED] - Object: 'Object Repository/All Sections/Page_Dashboard  American Software Contracts/h3_Mahendra A' is clicked on

2020-09-19 00:09:59 - [TEST_STEP][PASSED] - click(findTestObject("Packages_Employer/Page_Checkout  American Software Contracts/span_Dashboard")): Object: 'Object Repository/Packages_Employer/Page_Checkout  American Software Contracts/span_Dashboard' is clicked on

2020-09-19 00:10:03 - [MESSAGE][PASSED] - Object: 'Object Repository/Packages_Employer/Page_Checkout  American Software Contracts/span_Dashboard' is clicked on

2020-09-19 00:10:03 - [TEST_STEP][PASSED] - delay(3): Delayed 3 second(s)

2020-09-19 00:10:06 - [MESSAGE][PASSED] - Delayed 3 second(s)

2020-09-19 00:10:06 - [TEST_STEP][PASSED] - click(findTestObject("Packages_Employer/Page_Dashboard  American Software Contracts/h3_Mahendra A")): Object: 'Object Repository/Packages_Employer/Page_Dashboard  American Software Contracts/h3_Mahendra A' is clicked on

2020-09-19 00:10:06 - [MESSAGE][PASSED] - Object: 'Object Repository/Packages_Employer/Page_Dashboard  American Software Contracts/h3_Mahendra A' is clicked on

2020-09-19 00:10:06 - [TEST_STEP][PASSED] - click(findTestObject("Packages_Employer/Page_Dashboard  American Software Contracts/span_Logout")): Object: 'Object Repository/Packages_Employer/Page_Dashboard  American Software Contracts/span_Logout' is clicked on

2020-09-19 00:10:11 - [MESSAGE][PASSED] - Object: 'Object Repository/Packages_Employer/Page_Dashboard  American Software Contracts/span_Logout' is clicked on

2020-09-19 00:10:11 - [TEST_STEP][PASSED] - delay(3): Delayed 3 second(s)

2020-09-19 00:10:14 - [MESSAGE][PASSED] - Delayed 3 second(s)

2020-09-19 00:10:14 - [TEST_STEP][PASSED] - closeBrowser(): Browser is closed

2020-09-19 00:10:15 - [MESSAGE][PASSED] - Browser is closed]]></system-out>
         <system-err><![CDATA[]]></system-err>
      </testcase>
      <system-out><![CDATA[2020-09-19 00:06:41 - [TEST_SUITE][PASSED] - Test Suite 5_ASC: Test Cases/Messages/Messages Section]]></system-out>
      <system-err><![CDATA[]]></system-err>
   </testsuite>
</testsuites>
