<?xml version="1.0" encoding="UTF-8"?>
<testsuites name="Test Suite 7_ASC" time="282.272" tests="3" failures="0" errors="0">
   <testsuite name="Test Suite 7_ASC" tests="3" failures="0" errors="0" time="282.272" timestamp="2020-09-07 19:27:45" hostname="Mahi - MSAMARA" id="Test Suites/Test Suite 7_ASC">
      <properties>
         <property name="deviceName" value=""/>
         <property name="devicePlatform" value=""/>
         <property name="logFolder" value="C:\\Users\\Mahi\\git\\KatalonGitTestASC1\\Reports\\20200907_192735\\Test Suite 7_ASC\\20200907_192735"/>
         <property name="logFiles" value="C:\\Users\\Mahi\\git\\KatalonGitTestASC1\\Reports\\20200907_192735\\Test Suite 7_ASC\\20200907_192735\\execution0.log"/>
         <property name="attachments" value=""/>
         <property name="hostName" value="Mahi - MSAMARA"/>
         <property name="os" value="Windows 8.1 64bit"/>
         <property name="katalonVersion" value="7.6.2.205"/>
         <property name="browser" value="Chrome 85.0.4183.83"/>
         <property name="hostAddress" value="192.168.0.105"/>
         <property name="sessionId" value="ba4256dadf9a1df04dcb00c06f424736"/>
         <property name="seleniumVersion" value="3.141.59"/>
         <property name="proxyInformation" value="ProxyInformation { proxyOption=NO_PROXY, proxyServerType=HTTP, username=, password=********, proxyServerAddress=, proxyServerPort=0, executionList=\&quot;\&quot;, isApplyToDesiredCapabilities=true }"/>
         <property name="platform" value="Windows 8.1"/>
      </properties>
      <testcase name="Test Cases/Data Driven Testing/Post a Job" time="93.624" classname="Test Cases/Data Driven Testing/Post a Job" status="PASSED">
         <system-out><![CDATA[2020-09-07 19:27:46 - [TEST_CASE][PASSED] - Test Cases/Data Driven Testing/Post a Job: Test Cases/Data Driven Testing/Post a Job

2020-09-07 19:27:46 - [TEST_STEP][PASSED] - openBrowser(""): Browser is opened with url: ''

2020-09-07 19:27:47 - [MESSAGE][INFO] - Starting 'Chrome' driver

2020-09-07 19:27:47 - [MESSAGE][INFO] - Action delay is set to 0 milliseconds

2020-09-07 19:27:50 - [MESSAGE][PASSED] - Browser is opened with url: ''

2020-09-07 19:27:50 - [TEST_STEP][PASSED] - navigateToUrl("https://www.wp.americansoftwarecontracts.com/"): Navigate to 'https://www.wp.americansoftwarecontracts.com/' successfully

2020-09-07 19:27:55 - [MESSAGE][PASSED] - Navigate to 'https://www.wp.americansoftwarecontracts.com/' successfully

2020-09-07 19:27:55 - [TEST_STEP][PASSED] - maximizeWindow(): Current window maximized

2020-09-07 19:27:56 - [MESSAGE][PASSED] - Current window maximized

2020-09-07 19:27:56 - [TEST_STEP][PASSED] - delay(3): Delayed 3 second(s)

2020-09-07 19:27:59 - [MESSAGE][PASSED] - Delayed 3 second(s)

2020-09-07 19:27:59 - [TEST_STEP][PASSED] - click(findTestObject("Page_American Software Contracts  Marketpla_f90b1c/a_Sign In")): Object: 'Object Repository/Page_American Software Contracts  Marketpla_f90b1c/a_Sign In' is clicked on

2020-09-07 19:28:00 - [MESSAGE][PASSED] - Object: 'Object Repository/Page_American Software Contracts  Marketpla_f90b1c/a_Sign In' is clicked on

2020-09-07 19:28:00 - [TEST_STEP][PASSED] - setText(findTestObject("Page_American Software Contracts  Marketpla_f90b1c/input_Login_username"), "mahendram15@gmail.com"): Text 'mahendram15@gmail.com' is set on object 'Object Repository/Page_American Software Contracts  Marketpla_f90b1c/input_Login_username'

2020-09-07 19:28:01 - [MESSAGE][PASSED] - Text 'mahendram15@gmail.com' is set on object 'Object Repository/Page_American Software Contracts  Marketpla_f90b1c/input_Login_username'

2020-09-07 19:28:01 - [TEST_STEP][PASSED] - setEncryptedText(findTestObject("Page_American Software Contracts  Marketpla_f90b1c/input_Login_password"), "XUwhRSdIKYJlFl7OB//OUg=="): Text ****** has been set on object 'Object Repository/Page_American Software Contracts  Marketpla_f90b1c/input_Login_password'

2020-09-07 19:28:01 - [MESSAGE][PASSED] - Text ****** has been set on object 'Object Repository/Page_American Software Contracts  Marketpla_f90b1c/input_Login_password'

2020-09-07 19:28:01 - [TEST_STEP][PASSED] - click(findTestObject("Accounts/Page_American Software Contracts  Marketpla_f90b1c/button_login")): Object: 'Object Repository/Accounts/Page_American Software Contracts  Marketpla_f90b1c/button_login' is clicked on

2020-09-07 19:28:33 - [MESSAGE][INFO] - Unable to find the element located by 'By.xpath: (//button[@type='submit'])[2]
//button[@class='wt-loginbtn']'. Please recheck the objects properties to make sure the desired element is located. 

2020-09-07 19:28:33 - [MESSAGE][WARNING] - [SELF-HEALING] Failed to find element with id 'Object Repository/Accounts/Page_American Software Contracts  Marketpla_f90b1c/button_login'. Try using Self-healing.

2020-09-07 19:28:33 - [MESSAGE][WARNING] - [SELF-HEALING] The current locator of test object 'Object Repository/Accounts/Page_American Software Contracts  Marketpla_f90b1c/button_login' was broken. Propose an alternative one: '(//button[@type='submit'])[2]'.

2020-09-07 19:28:33 - [MESSAGE][PASSED] - Object: 'Object Repository/Accounts/Page_American Software Contracts  Marketpla_f90b1c/button_login' is clicked on

2020-09-07 19:28:33 - [TEST_STEP][PASSED] - click(findTestObject("Accounts/Page_Dashboard  American Software Contracts/h3_Mahendra A")): Object: 'Object Repository/Accounts/Page_Dashboard  American Software Contracts/h3_Mahendra A' is clicked on

2020-09-07 19:28:44 - [MESSAGE][PASSED] - Object: 'Object Repository/Accounts/Page_Dashboard  American Software Contracts/h3_Mahendra A' is clicked on

2020-09-07 19:28:44 - [TEST_STEP][PASSED] - click(findTestObject("Page_Checkout  American Software Contracts/span_Manage Jobs")): Object: 'Object Repository/Page_Checkout  American Software Contracts/span_Manage Jobs' is clicked on

2020-09-07 19:28:45 - [MESSAGE][PASSED] - Object: 'Object Repository/Page_Checkout  American Software Contracts/span_Manage Jobs' is clicked on

2020-09-07 19:28:45 - [TEST_STEP][PASSED] - click(findTestObject("Page_Dashboard  American Software Contracts/a_Post a job")): Object: 'Object Repository/Page_Dashboard  American Software Contracts/a_Post a job' is clicked on

2020-09-07 19:28:49 - [MESSAGE][PASSED] - Object: 'Object Repository/Page_Dashboard  American Software Contracts/a_Post a job' is clicked on

2020-09-07 19:28:49 - [TEST_STEP][PASSED] - setText(findTestObject("Object Repository/Page_Dashboard  American Software Contracts/input_Job description_jobtitle"), Title): Text 'Developer' is set on object 'Object Repository/Page_Dashboard  American Software Contracts/input_Job description_jobtitle'

2020-09-07 19:28:51 - [MESSAGE][PASSED] - Text 'Developer' is set on object 'Object Repository/Page_Dashboard  American Software Contracts/input_Job description_jobtitle'

2020-09-07 19:28:51 - [TEST_STEP][PASSED] - click(findTestObject("Object Repository/Page_Dashboard  American Software Contracts/span_Select project level")): Object: 'Object Repository/Page_Dashboard  American Software Contracts/span_Select project level' is clicked on

2020-09-07 19:28:52 - [MESSAGE][PASSED] - Object: 'Object Repository/Page_Dashboard  American Software Contracts/span_Select project level' is clicked on

2020-09-07 19:28:52 - [TEST_STEP][PASSED] - click(findTestObject("Object Repository/Page_Dashboard  American Software Contracts/li_Basic Level")): Object: 'Object Repository/Page_Dashboard  American Software Contracts/li_Basic Level' is clicked on

2020-09-07 19:28:52 - [MESSAGE][PASSED] - Object: 'Object Repository/Page_Dashboard  American Software Contracts/li_Basic Level' is clicked on

2020-09-07 19:28:52 - [TEST_STEP][PASSED] - click(findTestObject("Object Repository/Page_Dashboard  American Software Contracts/span_Select job duration")): Object: 'Object Repository/Page_Dashboard  American Software Contracts/span_Select job duration' is clicked on

2020-09-07 19:28:53 - [MESSAGE][PASSED] - Object: 'Object Repository/Page_Dashboard  American Software Contracts/span_Select job duration' is clicked on

2020-09-07 19:28:53 - [TEST_STEP][PASSED] - click(findTestObject("Object Repository/Page_Dashboard  American Software Contracts/li_01 to 03 months")): Object: 'Object Repository/Page_Dashboard  American Software Contracts/li_01 to 03 months' is clicked on

2020-09-07 19:28:53 - [MESSAGE][PASSED] - Object: 'Object Repository/Page_Dashboard  American Software Contracts/li_01 to 03 months' is clicked on

2020-09-07 19:28:53 - [TEST_STEP][PASSED] - click(findTestObject("Object Repository/Page_Dashboard  American Software Contracts/div_Select freelancer typeAgency Freelancer_e62340"), STOP_ON_FAILURE): Object: 'Object Repository/Page_Dashboard  American Software Contracts/div_Select freelancer typeAgency Freelancer_e62340' is clicked on

2020-09-07 19:28:54 - [MESSAGE][PASSED] - Object: 'Object Repository/Page_Dashboard  American Software Contracts/div_Select freelancer typeAgency Freelancer_e62340' is clicked on

2020-09-07 19:28:54 - [TEST_STEP][PASSED] - click(findTestObject("Object Repository/Page_Dashboard  American Software Contracts/li_Agency Freelancers")): Object: 'Object Repository/Page_Dashboard  American Software Contracts/li_Agency Freelancers' is clicked on

2020-09-07 19:28:54 - [MESSAGE][PASSED] - Object: 'Object Repository/Page_Dashboard  American Software Contracts/li_Agency Freelancers' is clicked on

2020-09-07 19:28:54 - [TEST_STEP][PASSED] - click(findTestObject("Object Repository/Page_Dashboard  American Software Contracts/span_Select english level")): Object: 'Object Repository/Page_Dashboard  American Software Contracts/span_Select english level' is clicked on

2020-09-07 19:28:55 - [MESSAGE][PASSED] - Object: 'Object Repository/Page_Dashboard  American Software Contracts/span_Select english level' is clicked on

2020-09-07 19:28:55 - [TEST_STEP][PASSED] - click(findTestObject("Object Repository/Page_Dashboard  American Software Contracts/li_Basic")): Object: 'Object Repository/Page_Dashboard  American Software Contracts/li_Basic' is clicked on

2020-09-07 19:28:55 - [MESSAGE][PASSED] - Object: 'Object Repository/Page_Dashboard  American Software Contracts/li_Basic' is clicked on

2020-09-07 19:28:55 - [TEST_STEP][PASSED] - click(findTestObject("Object Repository/Page_Dashboard  American Software Contracts/span_Project location type")): Object: 'Object Repository/Page_Dashboard  American Software Contracts/span_Project location type' is clicked on

2020-09-07 19:28:56 - [MESSAGE][PASSED] - Object: 'Object Repository/Page_Dashboard  American Software Contracts/span_Project location type' is clicked on

2020-09-07 19:28:56 - [TEST_STEP][PASSED] - click(findTestObject("Object Repository/Page_Dashboard  American Software Contracts/li_Onsite")): Object: 'Object Repository/Page_Dashboard  American Software Contracts/li_Onsite' is clicked on

2020-09-07 19:28:56 - [MESSAGE][PASSED] - Object: 'Object Repository/Page_Dashboard  American Software Contracts/li_Onsite' is clicked on

2020-09-07 19:28:56 - [TEST_STEP][PASSED] - click(findTestObject("Object Repository/Page_Dashboard  American Software Contracts/input_Remote_chosen-search-input default")): Object: 'Object Repository/Page_Dashboard  American Software Contracts/input_Remote_chosen-search-input default' is clicked on

2020-09-07 19:28:57 - [MESSAGE][PASSED] - Object: 'Object Repository/Page_Dashboard  American Software Contracts/input_Remote_chosen-search-input default' is clicked on

2020-09-07 19:28:57 - [TEST_STEP][PASSED] - click(findTestObject("Object Repository/Page_Dashboard  American Software Contracts/li_Years of Experience Preferred")): Object: 'Object Repository/Page_Dashboard  American Software Contracts/li_Years of Experience Preferred' is clicked on

2020-09-07 19:28:58 - [MESSAGE][PASSED] - Object: 'Object Repository/Page_Dashboard  American Software Contracts/li_Years of Experience Preferred' is clicked on

2020-09-07 19:28:58 - [TEST_STEP][PASSED] - click(findTestObject("Object Repository/Page_Dashboard  American Software Contracts/input_Solution Architect Experience_jobexpiry_date")): Object: 'Object Repository/Page_Dashboard  American Software Contracts/input_Solution Architect Experience_jobexpiry_date' is clicked on

2020-09-07 19:28:58 - [MESSAGE][PASSED] - Object: 'Object Repository/Page_Dashboard  American Software Contracts/input_Solution Architect Experience_jobexpiry_date' is clicked on

2020-09-07 19:28:58 - [TEST_STEP][PASSED] - click(findTestObject("Object Repository/Page_Dashboard  American Software Contracts/div_11")): Object: 'Object Repository/Page_Dashboard  American Software Contracts/div_11' is clicked on

2020-09-07 19:28:59 - [MESSAGE][PASSED] - Object: 'Object Repository/Page_Dashboard  American Software Contracts/div_11' is clicked on

2020-09-07 19:28:59 - [TEST_STEP][PASSED] - click(findTestObject("Object Repository/Page_Dashboard  American Software Contracts/input_Solution Architect Experience_jobdeadline")): Object: 'Object Repository/Page_Dashboard  American Software Contracts/input_Solution Architect Experience_jobdeadline' is clicked on

2020-09-07 19:28:59 - [MESSAGE][PASSED] - Object: 'Object Repository/Page_Dashboard  American Software Contracts/input_Solution Architect Experience_jobdeadline' is clicked on

2020-09-07 19:28:59 - [TEST_STEP][PASSED] - click(findTestObject("Object Repository/Page_Dashboard  American Software Contracts/div_18")): Object: 'Object Repository/Page_Dashboard  American Software Contracts/div_18' is clicked on

2020-09-07 19:29:00 - [MESSAGE][PASSED] - Object: 'Object Repository/Page_Dashboard  American Software Contracts/div_18' is clicked on

2020-09-07 19:29:00 - [TEST_STEP][PASSED] - delay(3): Delayed 3 second(s)

2020-09-07 19:29:03 - [MESSAGE][PASSED] - Delayed 3 second(s)

2020-09-07 19:29:03 - [TEST_STEP][NOT_RUN] - click(findTestObject("Page_Dashboard  American Software Contracts/a_Fixed project")): NOT_RUN: click(findTestObject("Page_Dashboard  American Software Contracts/a_Fixed project"))

2020-09-07 19:29:03 - [MESSAGE][NOT_RUN] - NOT_RUN: click(findTestObject("Page_Dashboard  American Software Contracts/a_Fixed project"))

2020-09-07 19:29:03 - [TEST_STEP][NOT_RUN] - click(findTestObject("Fixed project/Page_Dashboard  American Software Contracts/span_Fixed project")): NOT_RUN: click(findTestObject("Fixed project/Page_Dashboard  American Software Contracts/span_Fixed project"))

2020-09-07 19:29:03 - [MESSAGE][NOT_RUN] - NOT_RUN: click(findTestObject("Fixed project/Page_Dashboard  American Software Contracts/span_Fixed project"))

2020-09-07 19:29:03 - [TEST_STEP][NOT_RUN] - click(findTestObject("Object Repository/Page_Dashboard  American Software Contracts/li_Fixed project")): NOT_RUN: click(findTestObject("Object Repository/Page_Dashboard  American Software Contracts/li_Fixed project"))

2020-09-07 19:29:03 - [MESSAGE][NOT_RUN] - NOT_RUN: click(findTestObject("Object Repository/Page_Dashboard  American Software Contracts/li_Fixed project"))

2020-09-07 19:29:03 - [TEST_STEP][PASSED] - setText(findTestObject("Object Repository/Page_Dashboard  American Software Contracts/input_Hourly Based Project_jobproject_cost"), Min): Text '30' is set on object 'Object Repository/Page_Dashboard  American Software Contracts/input_Hourly Based Project_jobproject_cost'

2020-09-07 19:29:04 - [MESSAGE][PASSED] - Text '30' is set on object 'Object Repository/Page_Dashboard  American Software Contracts/input_Hourly Based Project_jobproject_cost'

2020-09-07 19:29:04 - [TEST_STEP][PASSED] - setText(findTestObject("Object Repository/Page_Dashboard  American Software Contracts/input_Hourly Based Project_jobmax_price"), Max): Text '60' is set on object 'Object Repository/Page_Dashboard  American Software Contracts/input_Hourly Based Project_jobmax_price'

2020-09-07 19:29:05 - [MESSAGE][PASSED] - Text '60' is set on object 'Object Repository/Page_Dashboard  American Software Contracts/input_Hourly Based Project_jobmax_price'

2020-09-07 19:29:05 - [TEST_STEP][PASSED] - click(findTestObject("Object Repository/Page_Dashboard  American Software Contracts/div_BusinessDigital MarketingFun  Lifestyle_7714c3")): Object: 'Object Repository/Page_Dashboard  American Software Contracts/div_BusinessDigital MarketingFun  Lifestyle_7714c3' is clicked on

2020-09-07 19:29:05 - [MESSAGE][PASSED] - Object: 'Object Repository/Page_Dashboard  American Software Contracts/div_BusinessDigital MarketingFun  Lifestyle_7714c3' is clicked on

2020-09-07 19:29:05 - [TEST_STEP][PASSED] - click(findTestObject("Object Repository/Page_Dashboard  American Software Contracts/li_Business")): Object: 'Object Repository/Page_Dashboard  American Software Contracts/li_Business' is clicked on

2020-09-07 19:29:06 - [MESSAGE][PASSED] - Object: 'Object Repository/Page_Dashboard  American Software Contracts/li_Business' is clicked on

2020-09-07 19:29:06 - [TEST_STEP][PASSED] - click(findTestObject("Object Repository/Page_Dashboard  American Software Contracts/ul_Languages_chosen-choices")): Object: 'Object Repository/Page_Dashboard  American Software Contracts/ul_Languages_chosen-choices' is clicked on

2020-09-07 19:29:06 - [MESSAGE][PASSED] - Object: 'Object Repository/Page_Dashboard  American Software Contracts/ul_Languages_chosen-choices' is clicked on

2020-09-07 19:29:06 - [TEST_STEP][PASSED] - click(findTestObject("Object Repository/Page_Dashboard  American Software Contracts/li_Afar")): Object: 'Object Repository/Page_Dashboard  American Software Contracts/li_Afar' is clicked on

2020-09-07 19:29:07 - [MESSAGE][PASSED] - Object: 'Object Repository/Page_Dashboard  American Software Contracts/li_Afar' is clicked on

2020-09-07 19:29:07 - [TEST_STEP][PASSED] - click(findTestObject("Object Repository/Page_Dashboard  American Software Contracts/p")): Object: 'Object Repository/Page_Dashboard  American Software Contracts/p' is clicked on

2020-09-07 19:29:07 - [MESSAGE][PASSED] - Object: 'Object Repository/Page_Dashboard  American Software Contracts/p' is clicked on

2020-09-07 19:29:07 - [TEST_STEP][PASSED] - setText(findTestObject("Object Repository/Page_Dashboard  American Software Contracts/body_Test Project"), "<p style="">Test Project</p><div id="katalon" style="top: 0px;"><div id="katalon-rec_elementInfoDiv" style="display: none;"></div></div>"): Text '<p style="">Test Project</p><div id="katalon" style="top: 0px;"><div id="katalon-rec_elementInfoDiv" style="display: none;"></div></div>' is set on object 'Object Repository/Page_Dashboard  American Software Contracts/body_Test Project'

2020-09-07 19:29:09 - [MESSAGE][PASSED] - Text '<p style="">Test Project</p><div id="katalon" style="top: 0px;"><div id="katalon-rec_elementInfoDiv" style="display: none;"></div></div>' is set on object 'Object Repository/Page_Dashboard  American Software Contracts/body_Test Project'

2020-09-07 19:29:09 - [TEST_STEP][PASSED] - click(findTestObject("Android/Page_Dashboard  American Software Contracts/a_Android")): Object: 'Object Repository/Android/Page_Dashboard  American Software Contracts/a_Android' is clicked on

2020-09-07 19:29:09 - [MESSAGE][PASSED] - Object: 'Object Repository/Android/Page_Dashboard  American Software Contracts/a_Android' is clicked on

2020-09-07 19:29:09 - [TEST_STEP][PASSED] - click(findTestObject("Android/Page_Dashboard  American Software Contracts/span_Android")): Object: 'Object Repository/Android/Page_Dashboard  American Software Contracts/span_Android' is clicked on

2020-09-07 19:29:10 - [MESSAGE][PASSED] - Object: 'Object Repository/Android/Page_Dashboard  American Software Contracts/span_Android' is clicked on

2020-09-07 19:29:10 - [TEST_STEP][PASSED] - click(findTestObject("Object Repository/Page_Dashboard  American Software Contracts/li_Android")): Object: 'Object Repository/Page_Dashboard  American Software Contracts/li_Android' is clicked on

2020-09-07 19:29:10 - [MESSAGE][PASSED] - Object: 'Object Repository/Page_Dashboard  American Software Contracts/li_Android' is clicked on

2020-09-07 19:29:10 - [TEST_STEP][PASSED] - click(findTestObject("Page_Dashboard  American Software Contracts/a_Select Location")): Object: 'Object Repository/Page_Dashboard  American Software Contracts/a_Select Location' is clicked on

2020-09-07 19:29:11 - [MESSAGE][PASSED] - Object: 'Object Repository/Page_Dashboard  American Software Contracts/a_Select Location' is clicked on

2020-09-07 19:29:11 - [TEST_STEP][PASSED] - click(findTestObject("Object Repository/Page_Dashboard  American Software Contracts/span_Select Location")): Object: 'Object Repository/Page_Dashboard  American Software Contracts/span_Select Location' is clicked on

2020-09-07 19:29:11 - [MESSAGE][PASSED] - Object: 'Object Repository/Page_Dashboard  American Software Contracts/span_Select Location' is clicked on

2020-09-07 19:29:11 - [TEST_STEP][PASSED] - click(findTestObject("Object Repository/Page_Dashboard  American Software Contracts/li_Australia")): Object: 'Object Repository/Page_Dashboard  American Software Contracts/li_Australia' is clicked on

2020-09-07 19:29:12 - [MESSAGE][PASSED] - Object: 'Object Repository/Page_Dashboard  American Software Contracts/li_Australia' is clicked on

2020-09-07 19:29:12 - [TEST_STEP][PASSED] - setText(findTestObject("Object Repository/Page_Dashboard  American Software Contracts/input_United States_jobaddress"), Add): Text 'United  Kingdom' is set on object 'Object Repository/Page_Dashboard  American Software Contracts/input_United States_jobaddress'

2020-09-07 19:29:13 - [MESSAGE][PASSED] - Text 'United  Kingdom' is set on object 'Object Repository/Page_Dashboard  American Software Contracts/input_United States_jobaddress'

2020-09-07 19:29:13 - [TEST_STEP][PASSED] - click(findTestObject("Object Repository/Page_Dashboard  American Software Contracts/button_OK")): Object: 'Object Repository/Page_Dashboard  American Software Contracts/button_OK' is clicked on

2020-09-07 19:29:14 - [MESSAGE][PASSED] - Object: 'Object Repository/Page_Dashboard  American Software Contracts/button_OK' is clicked on

2020-09-07 19:29:14 - [TEST_STEP][PASSED] - click(findTestObject("save and update/Page_Dashboard  American Software Contracts/span_Update all the latest changes made by you by just clicking on Save  Update button")): Object: 'Object Repository/save and update/Page_Dashboard  American Software Contracts/span_Update all the latest changes made by you by just clicking on Save  Update button' is clicked on

2020-09-07 19:29:15 - [MESSAGE][PASSED] - Object: 'Object Repository/save and update/Page_Dashboard  American Software Contracts/span_Update all the latest changes made by you by just clicking on Save  Update button' is clicked on

2020-09-07 19:29:15 - [TEST_STEP][PASSED] - verifyElementClickable(findTestObject("Object Repository/Page_Dashboard  American Software Contracts/a_Save  Update")): Object 'Object Repository/Page_Dashboard  American Software Contracts/a_Save  Update' is clickable

2020-09-07 19:29:15 - [MESSAGE][PASSED] - Object 'Object Repository/Page_Dashboard  American Software Contracts/a_Save  Update' is clickable

2020-09-07 19:29:15 - [TEST_STEP][PASSED] - delay(3): Delayed 3 second(s)

2020-09-07 19:29:18 - [MESSAGE][PASSED] - Delayed 3 second(s)

2020-09-07 19:29:18 - [TEST_STEP][PASSED] - closeBrowser(): Browser is closed

2020-09-07 19:29:19 - [MESSAGE][PASSED] - Browser is closed]]></system-out>
         <system-err><![CDATA[]]></system-err>
      </testcase>
      <testcase name="Test Cases/Data Driven Testing/Post a Job" time="97.82" classname="Test Cases/Data Driven Testing/Post a Job" status="PASSED">
         <system-out><![CDATA[2020-09-07 19:29:19 - [TEST_CASE][PASSED] - Test Cases/Data Driven Testing/Post a Job: Test Cases/Data Driven Testing/Post a Job

2020-09-07 19:29:19 - [TEST_STEP][PASSED] - openBrowser(""): Browser is opened with url: ''

2020-09-07 19:29:19 - [MESSAGE][INFO] - Starting 'Chrome' driver

2020-09-07 19:29:19 - [MESSAGE][INFO] - Action delay is set to 0 milliseconds

2020-09-07 19:29:22 - [MESSAGE][PASSED] - Browser is opened with url: ''

2020-09-07 19:29:22 - [TEST_STEP][PASSED] - navigateToUrl("https://www.wp.americansoftwarecontracts.com/"): Navigate to 'https://www.wp.americansoftwarecontracts.com/' successfully

2020-09-07 19:29:26 - [MESSAGE][PASSED] - Navigate to 'https://www.wp.americansoftwarecontracts.com/' successfully

2020-09-07 19:29:26 - [TEST_STEP][PASSED] - maximizeWindow(): Current window maximized

2020-09-07 19:29:29 - [MESSAGE][PASSED] - Current window maximized

2020-09-07 19:29:29 - [TEST_STEP][PASSED] - delay(3): Delayed 3 second(s)

2020-09-07 19:29:32 - [MESSAGE][PASSED] - Delayed 3 second(s)

2020-09-07 19:29:32 - [TEST_STEP][PASSED] - click(findTestObject("Page_American Software Contracts  Marketpla_f90b1c/a_Sign In")): Object: 'Object Repository/Page_American Software Contracts  Marketpla_f90b1c/a_Sign In' is clicked on

2020-09-07 19:29:33 - [MESSAGE][PASSED] - Object: 'Object Repository/Page_American Software Contracts  Marketpla_f90b1c/a_Sign In' is clicked on

2020-09-07 19:29:33 - [TEST_STEP][PASSED] - setText(findTestObject("Page_American Software Contracts  Marketpla_f90b1c/input_Login_username"), "mahendram15@gmail.com"): Text 'mahendram15@gmail.com' is set on object 'Object Repository/Page_American Software Contracts  Marketpla_f90b1c/input_Login_username'

2020-09-07 19:29:34 - [MESSAGE][PASSED] - Text 'mahendram15@gmail.com' is set on object 'Object Repository/Page_American Software Contracts  Marketpla_f90b1c/input_Login_username'

2020-09-07 19:29:34 - [TEST_STEP][PASSED] - setEncryptedText(findTestObject("Page_American Software Contracts  Marketpla_f90b1c/input_Login_password"), "XUwhRSdIKYJlFl7OB//OUg=="): Text ****** has been set on object 'Object Repository/Page_American Software Contracts  Marketpla_f90b1c/input_Login_password'

2020-09-07 19:29:34 - [MESSAGE][PASSED] - Text ****** has been set on object 'Object Repository/Page_American Software Contracts  Marketpla_f90b1c/input_Login_password'

2020-09-07 19:29:34 - [TEST_STEP][PASSED] - click(findTestObject("Accounts/Page_American Software Contracts  Marketpla_f90b1c/button_login")): Object: 'Object Repository/Accounts/Page_American Software Contracts  Marketpla_f90b1c/button_login' is clicked on

2020-09-07 19:30:05 - [MESSAGE][INFO] - Unable to find the element located by 'By.xpath: (//button[@type='submit'])[2]
//button[@class='wt-loginbtn']'. Please recheck the objects properties to make sure the desired element is located. 

2020-09-07 19:30:05 - [MESSAGE][WARNING] - [SELF-HEALING] Failed to find element with id 'Object Repository/Accounts/Page_American Software Contracts  Marketpla_f90b1c/button_login'. Try using Self-healing.

2020-09-07 19:30:06 - [MESSAGE][WARNING] - [SELF-HEALING] The current locator of test object 'Object Repository/Accounts/Page_American Software Contracts  Marketpla_f90b1c/button_login' was broken. Propose an alternative one: '(//button[@type='submit'])[2]'.

2020-09-07 19:30:06 - [MESSAGE][PASSED] - Object: 'Object Repository/Accounts/Page_American Software Contracts  Marketpla_f90b1c/button_login' is clicked on

2020-09-07 19:30:06 - [TEST_STEP][PASSED] - click(findTestObject("Accounts/Page_Dashboard  American Software Contracts/h3_Mahendra A")): Object: 'Object Repository/Accounts/Page_Dashboard  American Software Contracts/h3_Mahendra A' is clicked on

2020-09-07 19:30:20 - [MESSAGE][PASSED] - Object: 'Object Repository/Accounts/Page_Dashboard  American Software Contracts/h3_Mahendra A' is clicked on

2020-09-07 19:30:20 - [TEST_STEP][PASSED] - click(findTestObject("Page_Checkout  American Software Contracts/span_Manage Jobs")): Object: 'Object Repository/Page_Checkout  American Software Contracts/span_Manage Jobs' is clicked on

2020-09-07 19:30:21 - [MESSAGE][PASSED] - Object: 'Object Repository/Page_Checkout  American Software Contracts/span_Manage Jobs' is clicked on

2020-09-07 19:30:21 - [TEST_STEP][PASSED] - click(findTestObject("Page_Dashboard  American Software Contracts/a_Post a job")): Object: 'Object Repository/Page_Dashboard  American Software Contracts/a_Post a job' is clicked on

2020-09-07 19:30:25 - [MESSAGE][PASSED] - Object: 'Object Repository/Page_Dashboard  American Software Contracts/a_Post a job' is clicked on

2020-09-07 19:30:25 - [TEST_STEP][PASSED] - setText(findTestObject("Object Repository/Page_Dashboard  American Software Contracts/input_Job description_jobtitle"), Title): Text 'Architect' is set on object 'Object Repository/Page_Dashboard  American Software Contracts/input_Job description_jobtitle'

2020-09-07 19:30:29 - [MESSAGE][PASSED] - Text 'Architect' is set on object 'Object Repository/Page_Dashboard  American Software Contracts/input_Job description_jobtitle'

2020-09-07 19:30:29 - [TEST_STEP][PASSED] - click(findTestObject("Object Repository/Page_Dashboard  American Software Contracts/span_Select project level")): Object: 'Object Repository/Page_Dashboard  American Software Contracts/span_Select project level' is clicked on

2020-09-07 19:30:30 - [MESSAGE][PASSED] - Object: 'Object Repository/Page_Dashboard  American Software Contracts/span_Select project level' is clicked on

2020-09-07 19:30:30 - [TEST_STEP][PASSED] - click(findTestObject("Object Repository/Page_Dashboard  American Software Contracts/li_Basic Level")): Object: 'Object Repository/Page_Dashboard  American Software Contracts/li_Basic Level' is clicked on

2020-09-07 19:30:30 - [MESSAGE][PASSED] - Object: 'Object Repository/Page_Dashboard  American Software Contracts/li_Basic Level' is clicked on

2020-09-07 19:30:30 - [TEST_STEP][PASSED] - click(findTestObject("Object Repository/Page_Dashboard  American Software Contracts/span_Select job duration")): Object: 'Object Repository/Page_Dashboard  American Software Contracts/span_Select job duration' is clicked on

2020-09-07 19:30:31 - [MESSAGE][PASSED] - Object: 'Object Repository/Page_Dashboard  American Software Contracts/span_Select job duration' is clicked on

2020-09-07 19:30:31 - [TEST_STEP][PASSED] - click(findTestObject("Object Repository/Page_Dashboard  American Software Contracts/li_01 to 03 months")): Object: 'Object Repository/Page_Dashboard  American Software Contracts/li_01 to 03 months' is clicked on

2020-09-07 19:30:31 - [MESSAGE][PASSED] - Object: 'Object Repository/Page_Dashboard  American Software Contracts/li_01 to 03 months' is clicked on

2020-09-07 19:30:31 - [TEST_STEP][PASSED] - click(findTestObject("Object Repository/Page_Dashboard  American Software Contracts/div_Select freelancer typeAgency Freelancer_e62340"), STOP_ON_FAILURE): Object: 'Object Repository/Page_Dashboard  American Software Contracts/div_Select freelancer typeAgency Freelancer_e62340' is clicked on

2020-09-07 19:30:32 - [MESSAGE][PASSED] - Object: 'Object Repository/Page_Dashboard  American Software Contracts/div_Select freelancer typeAgency Freelancer_e62340' is clicked on

2020-09-07 19:30:32 - [TEST_STEP][PASSED] - click(findTestObject("Object Repository/Page_Dashboard  American Software Contracts/li_Agency Freelancers")): Object: 'Object Repository/Page_Dashboard  American Software Contracts/li_Agency Freelancers' is clicked on

2020-09-07 19:30:32 - [MESSAGE][PASSED] - Object: 'Object Repository/Page_Dashboard  American Software Contracts/li_Agency Freelancers' is clicked on

2020-09-07 19:30:32 - [TEST_STEP][PASSED] - click(findTestObject("Object Repository/Page_Dashboard  American Software Contracts/span_Select english level")): Object: 'Object Repository/Page_Dashboard  American Software Contracts/span_Select english level' is clicked on

2020-09-07 19:30:33 - [MESSAGE][PASSED] - Object: 'Object Repository/Page_Dashboard  American Software Contracts/span_Select english level' is clicked on

2020-09-07 19:30:33 - [TEST_STEP][PASSED] - click(findTestObject("Object Repository/Page_Dashboard  American Software Contracts/li_Basic")): Object: 'Object Repository/Page_Dashboard  American Software Contracts/li_Basic' is clicked on

2020-09-07 19:30:33 - [MESSAGE][PASSED] - Object: 'Object Repository/Page_Dashboard  American Software Contracts/li_Basic' is clicked on

2020-09-07 19:30:33 - [TEST_STEP][PASSED] - click(findTestObject("Object Repository/Page_Dashboard  American Software Contracts/span_Project location type")): Object: 'Object Repository/Page_Dashboard  American Software Contracts/span_Project location type' is clicked on

2020-09-07 19:30:34 - [MESSAGE][PASSED] - Object: 'Object Repository/Page_Dashboard  American Software Contracts/span_Project location type' is clicked on

2020-09-07 19:30:34 - [TEST_STEP][PASSED] - click(findTestObject("Object Repository/Page_Dashboard  American Software Contracts/li_Onsite")): Object: 'Object Repository/Page_Dashboard  American Software Contracts/li_Onsite' is clicked on

2020-09-07 19:30:34 - [MESSAGE][PASSED] - Object: 'Object Repository/Page_Dashboard  American Software Contracts/li_Onsite' is clicked on

2020-09-07 19:30:34 - [TEST_STEP][PASSED] - click(findTestObject("Object Repository/Page_Dashboard  American Software Contracts/input_Remote_chosen-search-input default")): Object: 'Object Repository/Page_Dashboard  American Software Contracts/input_Remote_chosen-search-input default' is clicked on

2020-09-07 19:30:35 - [MESSAGE][PASSED] - Object: 'Object Repository/Page_Dashboard  American Software Contracts/input_Remote_chosen-search-input default' is clicked on

2020-09-07 19:30:35 - [TEST_STEP][PASSED] - click(findTestObject("Object Repository/Page_Dashboard  American Software Contracts/li_Years of Experience Preferred")): Object: 'Object Repository/Page_Dashboard  American Software Contracts/li_Years of Experience Preferred' is clicked on

2020-09-07 19:30:36 - [MESSAGE][PASSED] - Object: 'Object Repository/Page_Dashboard  American Software Contracts/li_Years of Experience Preferred' is clicked on

2020-09-07 19:30:36 - [TEST_STEP][PASSED] - click(findTestObject("Object Repository/Page_Dashboard  American Software Contracts/input_Solution Architect Experience_jobexpiry_date")): Object: 'Object Repository/Page_Dashboard  American Software Contracts/input_Solution Architect Experience_jobexpiry_date' is clicked on

2020-09-07 19:30:36 - [MESSAGE][PASSED] - Object: 'Object Repository/Page_Dashboard  American Software Contracts/input_Solution Architect Experience_jobexpiry_date' is clicked on

2020-09-07 19:30:36 - [TEST_STEP][PASSED] - click(findTestObject("Object Repository/Page_Dashboard  American Software Contracts/div_11")): Object: 'Object Repository/Page_Dashboard  American Software Contracts/div_11' is clicked on

2020-09-07 19:30:37 - [MESSAGE][PASSED] - Object: 'Object Repository/Page_Dashboard  American Software Contracts/div_11' is clicked on

2020-09-07 19:30:37 - [TEST_STEP][PASSED] - click(findTestObject("Object Repository/Page_Dashboard  American Software Contracts/input_Solution Architect Experience_jobdeadline")): Object: 'Object Repository/Page_Dashboard  American Software Contracts/input_Solution Architect Experience_jobdeadline' is clicked on

2020-09-07 19:30:37 - [MESSAGE][PASSED] - Object: 'Object Repository/Page_Dashboard  American Software Contracts/input_Solution Architect Experience_jobdeadline' is clicked on

2020-09-07 19:30:37 - [TEST_STEP][PASSED] - click(findTestObject("Object Repository/Page_Dashboard  American Software Contracts/div_18")): Object: 'Object Repository/Page_Dashboard  American Software Contracts/div_18' is clicked on

2020-09-07 19:30:38 - [MESSAGE][PASSED] - Object: 'Object Repository/Page_Dashboard  American Software Contracts/div_18' is clicked on

2020-09-07 19:30:38 - [TEST_STEP][PASSED] - delay(3): Delayed 3 second(s)

2020-09-07 19:30:41 - [MESSAGE][PASSED] - Delayed 3 second(s)

2020-09-07 19:30:41 - [TEST_STEP][NOT_RUN] - click(findTestObject("Page_Dashboard  American Software Contracts/a_Fixed project")): NOT_RUN: click(findTestObject("Page_Dashboard  American Software Contracts/a_Fixed project"))

2020-09-07 19:30:41 - [MESSAGE][NOT_RUN] - NOT_RUN: click(findTestObject("Page_Dashboard  American Software Contracts/a_Fixed project"))

2020-09-07 19:30:41 - [TEST_STEP][NOT_RUN] - click(findTestObject("Fixed project/Page_Dashboard  American Software Contracts/span_Fixed project")): NOT_RUN: click(findTestObject("Fixed project/Page_Dashboard  American Software Contracts/span_Fixed project"))

2020-09-07 19:30:41 - [MESSAGE][NOT_RUN] - NOT_RUN: click(findTestObject("Fixed project/Page_Dashboard  American Software Contracts/span_Fixed project"))

2020-09-07 19:30:41 - [TEST_STEP][NOT_RUN] - click(findTestObject("Object Repository/Page_Dashboard  American Software Contracts/li_Fixed project")): NOT_RUN: click(findTestObject("Object Repository/Page_Dashboard  American Software Contracts/li_Fixed project"))

2020-09-07 19:30:41 - [MESSAGE][NOT_RUN] - NOT_RUN: click(findTestObject("Object Repository/Page_Dashboard  American Software Contracts/li_Fixed project"))

2020-09-07 19:30:41 - [TEST_STEP][PASSED] - setText(findTestObject("Object Repository/Page_Dashboard  American Software Contracts/input_Hourly Based Project_jobproject_cost"), Min): Text '40' is set on object 'Object Repository/Page_Dashboard  American Software Contracts/input_Hourly Based Project_jobproject_cost'

2020-09-07 19:30:42 - [MESSAGE][PASSED] - Text '40' is set on object 'Object Repository/Page_Dashboard  American Software Contracts/input_Hourly Based Project_jobproject_cost'

2020-09-07 19:30:42 - [TEST_STEP][PASSED] - setText(findTestObject("Object Repository/Page_Dashboard  American Software Contracts/input_Hourly Based Project_jobmax_price"), Max): Text '70' is set on object 'Object Repository/Page_Dashboard  American Software Contracts/input_Hourly Based Project_jobmax_price'

2020-09-07 19:30:43 - [MESSAGE][PASSED] - Text '70' is set on object 'Object Repository/Page_Dashboard  American Software Contracts/input_Hourly Based Project_jobmax_price'

2020-09-07 19:30:43 - [TEST_STEP][PASSED] - click(findTestObject("Object Repository/Page_Dashboard  American Software Contracts/div_BusinessDigital MarketingFun  Lifestyle_7714c3")): Object: 'Object Repository/Page_Dashboard  American Software Contracts/div_BusinessDigital MarketingFun  Lifestyle_7714c3' is clicked on

2020-09-07 19:30:43 - [MESSAGE][PASSED] - Object: 'Object Repository/Page_Dashboard  American Software Contracts/div_BusinessDigital MarketingFun  Lifestyle_7714c3' is clicked on

2020-09-07 19:30:43 - [TEST_STEP][PASSED] - click(findTestObject("Object Repository/Page_Dashboard  American Software Contracts/li_Business")): Object: 'Object Repository/Page_Dashboard  American Software Contracts/li_Business' is clicked on

2020-09-07 19:30:43 - [MESSAGE][PASSED] - Object: 'Object Repository/Page_Dashboard  American Software Contracts/li_Business' is clicked on

2020-09-07 19:30:43 - [TEST_STEP][PASSED] - click(findTestObject("Object Repository/Page_Dashboard  American Software Contracts/ul_Languages_chosen-choices")): Object: 'Object Repository/Page_Dashboard  American Software Contracts/ul_Languages_chosen-choices' is clicked on

2020-09-07 19:30:44 - [MESSAGE][PASSED] - Object: 'Object Repository/Page_Dashboard  American Software Contracts/ul_Languages_chosen-choices' is clicked on

2020-09-07 19:30:44 - [TEST_STEP][PASSED] - click(findTestObject("Object Repository/Page_Dashboard  American Software Contracts/li_Afar")): Object: 'Object Repository/Page_Dashboard  American Software Contracts/li_Afar' is clicked on

2020-09-07 19:30:45 - [MESSAGE][PASSED] - Object: 'Object Repository/Page_Dashboard  American Software Contracts/li_Afar' is clicked on

2020-09-07 19:30:45 - [TEST_STEP][PASSED] - click(findTestObject("Object Repository/Page_Dashboard  American Software Contracts/p")): Object: 'Object Repository/Page_Dashboard  American Software Contracts/p' is clicked on

2020-09-07 19:30:45 - [MESSAGE][PASSED] - Object: 'Object Repository/Page_Dashboard  American Software Contracts/p' is clicked on

2020-09-07 19:30:45 - [TEST_STEP][PASSED] - setText(findTestObject("Object Repository/Page_Dashboard  American Software Contracts/body_Test Project"), "<p style="">Test Project</p><div id="katalon" style="top: 0px;"><div id="katalon-rec_elementInfoDiv" style="display: none;"></div></div>"): Text '<p style="">Test Project</p><div id="katalon" style="top: 0px;"><div id="katalon-rec_elementInfoDiv" style="display: none;"></div></div>' is set on object 'Object Repository/Page_Dashboard  American Software Contracts/body_Test Project'

2020-09-07 19:30:46 - [MESSAGE][PASSED] - Text '<p style="">Test Project</p><div id="katalon" style="top: 0px;"><div id="katalon-rec_elementInfoDiv" style="display: none;"></div></div>' is set on object 'Object Repository/Page_Dashboard  American Software Contracts/body_Test Project'

2020-09-07 19:30:46 - [TEST_STEP][PASSED] - click(findTestObject("Android/Page_Dashboard  American Software Contracts/a_Android")): Object: 'Object Repository/Android/Page_Dashboard  American Software Contracts/a_Android' is clicked on

2020-09-07 19:30:47 - [MESSAGE][PASSED] - Object: 'Object Repository/Android/Page_Dashboard  American Software Contracts/a_Android' is clicked on

2020-09-07 19:30:47 - [TEST_STEP][PASSED] - click(findTestObject("Android/Page_Dashboard  American Software Contracts/span_Android")): Object: 'Object Repository/Android/Page_Dashboard  American Software Contracts/span_Android' is clicked on

2020-09-07 19:30:47 - [MESSAGE][PASSED] - Object: 'Object Repository/Android/Page_Dashboard  American Software Contracts/span_Android' is clicked on

2020-09-07 19:30:47 - [TEST_STEP][PASSED] - click(findTestObject("Object Repository/Page_Dashboard  American Software Contracts/li_Android")): Object: 'Object Repository/Page_Dashboard  American Software Contracts/li_Android' is clicked on

2020-09-07 19:30:48 - [MESSAGE][PASSED] - Object: 'Object Repository/Page_Dashboard  American Software Contracts/li_Android' is clicked on

2020-09-07 19:30:48 - [TEST_STEP][PASSED] - click(findTestObject("Page_Dashboard  American Software Contracts/a_Select Location")): Object: 'Object Repository/Page_Dashboard  American Software Contracts/a_Select Location' is clicked on

2020-09-07 19:30:48 - [MESSAGE][PASSED] - Object: 'Object Repository/Page_Dashboard  American Software Contracts/a_Select Location' is clicked on

2020-09-07 19:30:48 - [TEST_STEP][PASSED] - click(findTestObject("Object Repository/Page_Dashboard  American Software Contracts/span_Select Location")): Object: 'Object Repository/Page_Dashboard  American Software Contracts/span_Select Location' is clicked on

2020-09-07 19:30:49 - [MESSAGE][PASSED] - Object: 'Object Repository/Page_Dashboard  American Software Contracts/span_Select Location' is clicked on

2020-09-07 19:30:49 - [TEST_STEP][PASSED] - click(findTestObject("Object Repository/Page_Dashboard  American Software Contracts/li_Australia")): Object: 'Object Repository/Page_Dashboard  American Software Contracts/li_Australia' is clicked on

2020-09-07 19:30:49 - [MESSAGE][PASSED] - Object: 'Object Repository/Page_Dashboard  American Software Contracts/li_Australia' is clicked on

2020-09-07 19:30:49 - [TEST_STEP][PASSED] - setText(findTestObject("Object Repository/Page_Dashboard  American Software Contracts/input_United States_jobaddress"), Add): Text 'USA' is set on object 'Object Repository/Page_Dashboard  American Software Contracts/input_United States_jobaddress'

2020-09-07 19:30:51 - [MESSAGE][PASSED] - Text 'USA' is set on object 'Object Repository/Page_Dashboard  American Software Contracts/input_United States_jobaddress'

2020-09-07 19:30:51 - [TEST_STEP][PASSED] - click(findTestObject("Object Repository/Page_Dashboard  American Software Contracts/button_OK")): Object: 'Object Repository/Page_Dashboard  American Software Contracts/button_OK' is clicked on

2020-09-07 19:30:52 - [MESSAGE][PASSED] - Object: 'Object Repository/Page_Dashboard  American Software Contracts/button_OK' is clicked on

2020-09-07 19:30:52 - [TEST_STEP][PASSED] - click(findTestObject("save and update/Page_Dashboard  American Software Contracts/span_Update all the latest changes made by you by just clicking on Save  Update button")): Object: 'Object Repository/save and update/Page_Dashboard  American Software Contracts/span_Update all the latest changes made by you by just clicking on Save  Update button' is clicked on

2020-09-07 19:30:53 - [MESSAGE][PASSED] - Object: 'Object Repository/save and update/Page_Dashboard  American Software Contracts/span_Update all the latest changes made by you by just clicking on Save  Update button' is clicked on

2020-09-07 19:30:53 - [TEST_STEP][PASSED] - verifyElementClickable(findTestObject("Object Repository/Page_Dashboard  American Software Contracts/a_Save  Update")): Object 'Object Repository/Page_Dashboard  American Software Contracts/a_Save  Update' is clickable

2020-09-07 19:30:53 - [MESSAGE][PASSED] - Object 'Object Repository/Page_Dashboard  American Software Contracts/a_Save  Update' is clickable

2020-09-07 19:30:53 - [TEST_STEP][PASSED] - delay(3): Delayed 3 second(s)

2020-09-07 19:30:56 - [MESSAGE][PASSED] - Delayed 3 second(s)

2020-09-07 19:30:56 - [TEST_STEP][PASSED] - closeBrowser(): Browser is closed

2020-09-07 19:30:57 - [MESSAGE][PASSED] - Browser is closed]]></system-out>
         <system-err><![CDATA[]]></system-err>
      </testcase>
      <testcase name="Test Cases/Data Driven Testing/Post a Job" time="89.744" classname="Test Cases/Data Driven Testing/Post a Job" status="PASSED">
         <system-out><![CDATA[2020-09-07 19:30:57 - [TEST_CASE][PASSED] - Test Cases/Data Driven Testing/Post a Job: Test Cases/Data Driven Testing/Post a Job

2020-09-07 19:30:57 - [TEST_STEP][PASSED] - openBrowser(""): Browser is opened with url: ''

2020-09-07 19:30:57 - [MESSAGE][INFO] - Starting 'Chrome' driver

2020-09-07 19:30:57 - [MESSAGE][INFO] - Action delay is set to 0 milliseconds

2020-09-07 19:31:00 - [MESSAGE][PASSED] - Browser is opened with url: ''

2020-09-07 19:31:00 - [TEST_STEP][PASSED] - navigateToUrl("https://www.wp.americansoftwarecontracts.com/"): Navigate to 'https://www.wp.americansoftwarecontracts.com/' successfully

2020-09-07 19:31:04 - [MESSAGE][PASSED] - Navigate to 'https://www.wp.americansoftwarecontracts.com/' successfully

2020-09-07 19:31:04 - [TEST_STEP][PASSED] - maximizeWindow(): Current window maximized

2020-09-07 19:31:06 - [MESSAGE][PASSED] - Current window maximized

2020-09-07 19:31:06 - [TEST_STEP][PASSED] - delay(3): Delayed 3 second(s)

2020-09-07 19:31:09 - [MESSAGE][PASSED] - Delayed 3 second(s)

2020-09-07 19:31:09 - [TEST_STEP][PASSED] - click(findTestObject("Page_American Software Contracts  Marketpla_f90b1c/a_Sign In")): Object: 'Object Repository/Page_American Software Contracts  Marketpla_f90b1c/a_Sign In' is clicked on

2020-09-07 19:31:10 - [MESSAGE][PASSED] - Object: 'Object Repository/Page_American Software Contracts  Marketpla_f90b1c/a_Sign In' is clicked on

2020-09-07 19:31:10 - [TEST_STEP][PASSED] - setText(findTestObject("Page_American Software Contracts  Marketpla_f90b1c/input_Login_username"), "mahendram15@gmail.com"): Text 'mahendram15@gmail.com' is set on object 'Object Repository/Page_American Software Contracts  Marketpla_f90b1c/input_Login_username'

2020-09-07 19:31:11 - [MESSAGE][PASSED] - Text 'mahendram15@gmail.com' is set on object 'Object Repository/Page_American Software Contracts  Marketpla_f90b1c/input_Login_username'

2020-09-07 19:31:11 - [TEST_STEP][PASSED] - setEncryptedText(findTestObject("Page_American Software Contracts  Marketpla_f90b1c/input_Login_password"), "XUwhRSdIKYJlFl7OB//OUg=="): Text ****** has been set on object 'Object Repository/Page_American Software Contracts  Marketpla_f90b1c/input_Login_password'

2020-09-07 19:31:11 - [MESSAGE][PASSED] - Text ****** has been set on object 'Object Repository/Page_American Software Contracts  Marketpla_f90b1c/input_Login_password'

2020-09-07 19:31:11 - [TEST_STEP][PASSED] - click(findTestObject("Accounts/Page_American Software Contracts  Marketpla_f90b1c/button_login")): Object: 'Object Repository/Accounts/Page_American Software Contracts  Marketpla_f90b1c/button_login' is clicked on

2020-09-07 19:31:42 - [MESSAGE][INFO] - Unable to find the element located by 'By.xpath: (//button[@type='submit'])[2]
//button[@class='wt-loginbtn']'. Please recheck the objects properties to make sure the desired element is located. 

2020-09-07 19:31:42 - [MESSAGE][WARNING] - [SELF-HEALING] Failed to find element with id 'Object Repository/Accounts/Page_American Software Contracts  Marketpla_f90b1c/button_login'. Try using Self-healing.

2020-09-07 19:31:43 - [MESSAGE][WARNING] - [SELF-HEALING] The current locator of test object 'Object Repository/Accounts/Page_American Software Contracts  Marketpla_f90b1c/button_login' was broken. Propose an alternative one: '(//button[@type='submit'])[2]'.

2020-09-07 19:31:43 - [MESSAGE][PASSED] - Object: 'Object Repository/Accounts/Page_American Software Contracts  Marketpla_f90b1c/button_login' is clicked on

2020-09-07 19:31:43 - [TEST_STEP][PASSED] - click(findTestObject("Accounts/Page_Dashboard  American Software Contracts/h3_Mahendra A")): Object: 'Object Repository/Accounts/Page_Dashboard  American Software Contracts/h3_Mahendra A' is clicked on

2020-09-07 19:31:52 - [MESSAGE][PASSED] - Object: 'Object Repository/Accounts/Page_Dashboard  American Software Contracts/h3_Mahendra A' is clicked on

2020-09-07 19:31:52 - [TEST_STEP][PASSED] - click(findTestObject("Page_Checkout  American Software Contracts/span_Manage Jobs")): Object: 'Object Repository/Page_Checkout  American Software Contracts/span_Manage Jobs' is clicked on

2020-09-07 19:31:52 - [MESSAGE][PASSED] - Object: 'Object Repository/Page_Checkout  American Software Contracts/span_Manage Jobs' is clicked on

2020-09-07 19:31:52 - [TEST_STEP][PASSED] - click(findTestObject("Page_Dashboard  American Software Contracts/a_Post a job")): Object: 'Object Repository/Page_Dashboard  American Software Contracts/a_Post a job' is clicked on

2020-09-07 19:31:57 - [MESSAGE][PASSED] - Object: 'Object Repository/Page_Dashboard  American Software Contracts/a_Post a job' is clicked on

2020-09-07 19:31:57 - [TEST_STEP][PASSED] - setText(findTestObject("Object Repository/Page_Dashboard  American Software Contracts/input_Job description_jobtitle"), Title): Text 'Business Analyst' is set on object 'Object Repository/Page_Dashboard  American Software Contracts/input_Job description_jobtitle'

2020-09-07 19:31:59 - [MESSAGE][PASSED] - Text 'Business Analyst' is set on object 'Object Repository/Page_Dashboard  American Software Contracts/input_Job description_jobtitle'

2020-09-07 19:31:59 - [TEST_STEP][PASSED] - click(findTestObject("Object Repository/Page_Dashboard  American Software Contracts/span_Select project level")): Object: 'Object Repository/Page_Dashboard  American Software Contracts/span_Select project level' is clicked on

2020-09-07 19:32:00 - [MESSAGE][PASSED] - Object: 'Object Repository/Page_Dashboard  American Software Contracts/span_Select project level' is clicked on

2020-09-07 19:32:00 - [TEST_STEP][PASSED] - click(findTestObject("Object Repository/Page_Dashboard  American Software Contracts/li_Basic Level")): Object: 'Object Repository/Page_Dashboard  American Software Contracts/li_Basic Level' is clicked on

2020-09-07 19:32:00 - [MESSAGE][PASSED] - Object: 'Object Repository/Page_Dashboard  American Software Contracts/li_Basic Level' is clicked on

2020-09-07 19:32:00 - [TEST_STEP][PASSED] - click(findTestObject("Object Repository/Page_Dashboard  American Software Contracts/span_Select job duration")): Object: 'Object Repository/Page_Dashboard  American Software Contracts/span_Select job duration' is clicked on

2020-09-07 19:32:01 - [MESSAGE][PASSED] - Object: 'Object Repository/Page_Dashboard  American Software Contracts/span_Select job duration' is clicked on

2020-09-07 19:32:01 - [TEST_STEP][PASSED] - click(findTestObject("Object Repository/Page_Dashboard  American Software Contracts/li_01 to 03 months")): Object: 'Object Repository/Page_Dashboard  American Software Contracts/li_01 to 03 months' is clicked on

2020-09-07 19:32:01 - [MESSAGE][PASSED] - Object: 'Object Repository/Page_Dashboard  American Software Contracts/li_01 to 03 months' is clicked on

2020-09-07 19:32:01 - [TEST_STEP][PASSED] - click(findTestObject("Object Repository/Page_Dashboard  American Software Contracts/div_Select freelancer typeAgency Freelancer_e62340"), STOP_ON_FAILURE): Object: 'Object Repository/Page_Dashboard  American Software Contracts/div_Select freelancer typeAgency Freelancer_e62340' is clicked on

2020-09-07 19:32:02 - [MESSAGE][PASSED] - Object: 'Object Repository/Page_Dashboard  American Software Contracts/div_Select freelancer typeAgency Freelancer_e62340' is clicked on

2020-09-07 19:32:02 - [TEST_STEP][PASSED] - click(findTestObject("Object Repository/Page_Dashboard  American Software Contracts/li_Agency Freelancers")): Object: 'Object Repository/Page_Dashboard  American Software Contracts/li_Agency Freelancers' is clicked on

2020-09-07 19:32:02 - [MESSAGE][PASSED] - Object: 'Object Repository/Page_Dashboard  American Software Contracts/li_Agency Freelancers' is clicked on

2020-09-07 19:32:02 - [TEST_STEP][PASSED] - click(findTestObject("Object Repository/Page_Dashboard  American Software Contracts/span_Select english level")): Object: 'Object Repository/Page_Dashboard  American Software Contracts/span_Select english level' is clicked on

2020-09-07 19:32:03 - [MESSAGE][PASSED] - Object: 'Object Repository/Page_Dashboard  American Software Contracts/span_Select english level' is clicked on

2020-09-07 19:32:03 - [TEST_STEP][PASSED] - click(findTestObject("Object Repository/Page_Dashboard  American Software Contracts/li_Basic")): Object: 'Object Repository/Page_Dashboard  American Software Contracts/li_Basic' is clicked on

2020-09-07 19:32:03 - [MESSAGE][PASSED] - Object: 'Object Repository/Page_Dashboard  American Software Contracts/li_Basic' is clicked on

2020-09-07 19:32:03 - [TEST_STEP][PASSED] - click(findTestObject("Object Repository/Page_Dashboard  American Software Contracts/span_Project location type")): Object: 'Object Repository/Page_Dashboard  American Software Contracts/span_Project location type' is clicked on

2020-09-07 19:32:04 - [MESSAGE][PASSED] - Object: 'Object Repository/Page_Dashboard  American Software Contracts/span_Project location type' is clicked on

2020-09-07 19:32:04 - [TEST_STEP][PASSED] - click(findTestObject("Object Repository/Page_Dashboard  American Software Contracts/li_Onsite")): Object: 'Object Repository/Page_Dashboard  American Software Contracts/li_Onsite' is clicked on

2020-09-07 19:32:04 - [MESSAGE][PASSED] - Object: 'Object Repository/Page_Dashboard  American Software Contracts/li_Onsite' is clicked on

2020-09-07 19:32:04 - [TEST_STEP][PASSED] - click(findTestObject("Object Repository/Page_Dashboard  American Software Contracts/input_Remote_chosen-search-input default")): Object: 'Object Repository/Page_Dashboard  American Software Contracts/input_Remote_chosen-search-input default' is clicked on

2020-09-07 19:32:05 - [MESSAGE][PASSED] - Object: 'Object Repository/Page_Dashboard  American Software Contracts/input_Remote_chosen-search-input default' is clicked on

2020-09-07 19:32:05 - [TEST_STEP][PASSED] - click(findTestObject("Object Repository/Page_Dashboard  American Software Contracts/li_Years of Experience Preferred")): Object: 'Object Repository/Page_Dashboard  American Software Contracts/li_Years of Experience Preferred' is clicked on

2020-09-07 19:32:05 - [MESSAGE][PASSED] - Object: 'Object Repository/Page_Dashboard  American Software Contracts/li_Years of Experience Preferred' is clicked on

2020-09-07 19:32:05 - [TEST_STEP][PASSED] - click(findTestObject("Object Repository/Page_Dashboard  American Software Contracts/input_Solution Architect Experience_jobexpiry_date")): Object: 'Object Repository/Page_Dashboard  American Software Contracts/input_Solution Architect Experience_jobexpiry_date' is clicked on

2020-09-07 19:32:06 - [MESSAGE][PASSED] - Object: 'Object Repository/Page_Dashboard  American Software Contracts/input_Solution Architect Experience_jobexpiry_date' is clicked on

2020-09-07 19:32:06 - [TEST_STEP][PASSED] - click(findTestObject("Object Repository/Page_Dashboard  American Software Contracts/div_11")): Object: 'Object Repository/Page_Dashboard  American Software Contracts/div_11' is clicked on

2020-09-07 19:32:07 - [MESSAGE][PASSED] - Object: 'Object Repository/Page_Dashboard  American Software Contracts/div_11' is clicked on

2020-09-07 19:32:07 - [TEST_STEP][PASSED] - click(findTestObject("Object Repository/Page_Dashboard  American Software Contracts/input_Solution Architect Experience_jobdeadline")): Object: 'Object Repository/Page_Dashboard  American Software Contracts/input_Solution Architect Experience_jobdeadline' is clicked on

2020-09-07 19:32:07 - [MESSAGE][PASSED] - Object: 'Object Repository/Page_Dashboard  American Software Contracts/input_Solution Architect Experience_jobdeadline' is clicked on

2020-09-07 19:32:07 - [TEST_STEP][PASSED] - click(findTestObject("Object Repository/Page_Dashboard  American Software Contracts/div_18")): Object: 'Object Repository/Page_Dashboard  American Software Contracts/div_18' is clicked on

2020-09-07 19:32:08 - [MESSAGE][PASSED] - Object: 'Object Repository/Page_Dashboard  American Software Contracts/div_18' is clicked on

2020-09-07 19:32:08 - [TEST_STEP][PASSED] - delay(3): Delayed 3 second(s)

2020-09-07 19:32:11 - [MESSAGE][PASSED] - Delayed 3 second(s)

2020-09-07 19:32:11 - [TEST_STEP][NOT_RUN] - click(findTestObject("Page_Dashboard  American Software Contracts/a_Fixed project")): NOT_RUN: click(findTestObject("Page_Dashboard  American Software Contracts/a_Fixed project"))

2020-09-07 19:32:11 - [MESSAGE][NOT_RUN] - NOT_RUN: click(findTestObject("Page_Dashboard  American Software Contracts/a_Fixed project"))

2020-09-07 19:32:11 - [TEST_STEP][NOT_RUN] - click(findTestObject("Fixed project/Page_Dashboard  American Software Contracts/span_Fixed project")): NOT_RUN: click(findTestObject("Fixed project/Page_Dashboard  American Software Contracts/span_Fixed project"))

2020-09-07 19:32:11 - [MESSAGE][NOT_RUN] - NOT_RUN: click(findTestObject("Fixed project/Page_Dashboard  American Software Contracts/span_Fixed project"))

2020-09-07 19:32:11 - [TEST_STEP][NOT_RUN] - click(findTestObject("Object Repository/Page_Dashboard  American Software Contracts/li_Fixed project")): NOT_RUN: click(findTestObject("Object Repository/Page_Dashboard  American Software Contracts/li_Fixed project"))

2020-09-07 19:32:11 - [MESSAGE][NOT_RUN] - NOT_RUN: click(findTestObject("Object Repository/Page_Dashboard  American Software Contracts/li_Fixed project"))

2020-09-07 19:32:11 - [TEST_STEP][PASSED] - setText(findTestObject("Object Repository/Page_Dashboard  American Software Contracts/input_Hourly Based Project_jobproject_cost"), Min): Text '50' is set on object 'Object Repository/Page_Dashboard  American Software Contracts/input_Hourly Based Project_jobproject_cost'

2020-09-07 19:32:12 - [MESSAGE][PASSED] - Text '50' is set on object 'Object Repository/Page_Dashboard  American Software Contracts/input_Hourly Based Project_jobproject_cost'

2020-09-07 19:32:12 - [TEST_STEP][PASSED] - setText(findTestObject("Object Repository/Page_Dashboard  American Software Contracts/input_Hourly Based Project_jobmax_price"), Max): Text '80' is set on object 'Object Repository/Page_Dashboard  American Software Contracts/input_Hourly Based Project_jobmax_price'

2020-09-07 19:32:12 - [MESSAGE][PASSED] - Text '80' is set on object 'Object Repository/Page_Dashboard  American Software Contracts/input_Hourly Based Project_jobmax_price'

2020-09-07 19:32:12 - [TEST_STEP][PASSED] - click(findTestObject("Object Repository/Page_Dashboard  American Software Contracts/div_BusinessDigital MarketingFun  Lifestyle_7714c3")): Object: 'Object Repository/Page_Dashboard  American Software Contracts/div_BusinessDigital MarketingFun  Lifestyle_7714c3' is clicked on

2020-09-07 19:32:13 - [MESSAGE][PASSED] - Object: 'Object Repository/Page_Dashboard  American Software Contracts/div_BusinessDigital MarketingFun  Lifestyle_7714c3' is clicked on

2020-09-07 19:32:13 - [TEST_STEP][PASSED] - click(findTestObject("Object Repository/Page_Dashboard  American Software Contracts/li_Business")): Object: 'Object Repository/Page_Dashboard  American Software Contracts/li_Business' is clicked on

2020-09-07 19:32:13 - [MESSAGE][PASSED] - Object: 'Object Repository/Page_Dashboard  American Software Contracts/li_Business' is clicked on

2020-09-07 19:32:13 - [TEST_STEP][PASSED] - click(findTestObject("Object Repository/Page_Dashboard  American Software Contracts/ul_Languages_chosen-choices")): Object: 'Object Repository/Page_Dashboard  American Software Contracts/ul_Languages_chosen-choices' is clicked on

2020-09-07 19:32:14 - [MESSAGE][PASSED] - Object: 'Object Repository/Page_Dashboard  American Software Contracts/ul_Languages_chosen-choices' is clicked on

2020-09-07 19:32:14 - [TEST_STEP][PASSED] - click(findTestObject("Object Repository/Page_Dashboard  American Software Contracts/li_Afar")): Object: 'Object Repository/Page_Dashboard  American Software Contracts/li_Afar' is clicked on

2020-09-07 19:32:15 - [MESSAGE][PASSED] - Object: 'Object Repository/Page_Dashboard  American Software Contracts/li_Afar' is clicked on

2020-09-07 19:32:15 - [TEST_STEP][PASSED] - click(findTestObject("Object Repository/Page_Dashboard  American Software Contracts/p")): Object: 'Object Repository/Page_Dashboard  American Software Contracts/p' is clicked on

2020-09-07 19:32:15 - [MESSAGE][PASSED] - Object: 'Object Repository/Page_Dashboard  American Software Contracts/p' is clicked on

2020-09-07 19:32:15 - [TEST_STEP][PASSED] - setText(findTestObject("Object Repository/Page_Dashboard  American Software Contracts/body_Test Project"), "<p style="">Test Project</p><div id="katalon" style="top: 0px;"><div id="katalon-rec_elementInfoDiv" style="display: none;"></div></div>"): Text '<p style="">Test Project</p><div id="katalon" style="top: 0px;"><div id="katalon-rec_elementInfoDiv" style="display: none;"></div></div>' is set on object 'Object Repository/Page_Dashboard  American Software Contracts/body_Test Project'

2020-09-07 19:32:16 - [MESSAGE][PASSED] - Text '<p style="">Test Project</p><div id="katalon" style="top: 0px;"><div id="katalon-rec_elementInfoDiv" style="display: none;"></div></div>' is set on object 'Object Repository/Page_Dashboard  American Software Contracts/body_Test Project'

2020-09-07 19:32:16 - [TEST_STEP][PASSED] - click(findTestObject("Android/Page_Dashboard  American Software Contracts/a_Android")): Object: 'Object Repository/Android/Page_Dashboard  American Software Contracts/a_Android' is clicked on

2020-09-07 19:32:17 - [MESSAGE][PASSED] - Object: 'Object Repository/Android/Page_Dashboard  American Software Contracts/a_Android' is clicked on

2020-09-07 19:32:17 - [TEST_STEP][PASSED] - click(findTestObject("Android/Page_Dashboard  American Software Contracts/span_Android")): Object: 'Object Repository/Android/Page_Dashboard  American Software Contracts/span_Android' is clicked on

2020-09-07 19:32:17 - [MESSAGE][PASSED] - Object: 'Object Repository/Android/Page_Dashboard  American Software Contracts/span_Android' is clicked on

2020-09-07 19:32:17 - [TEST_STEP][PASSED] - click(findTestObject("Object Repository/Page_Dashboard  American Software Contracts/li_Android")): Object: 'Object Repository/Page_Dashboard  American Software Contracts/li_Android' is clicked on

2020-09-07 19:32:18 - [MESSAGE][PASSED] - Object: 'Object Repository/Page_Dashboard  American Software Contracts/li_Android' is clicked on

2020-09-07 19:32:18 - [TEST_STEP][PASSED] - click(findTestObject("Page_Dashboard  American Software Contracts/a_Select Location")): Object: 'Object Repository/Page_Dashboard  American Software Contracts/a_Select Location' is clicked on

2020-09-07 19:32:18 - [MESSAGE][PASSED] - Object: 'Object Repository/Page_Dashboard  American Software Contracts/a_Select Location' is clicked on

2020-09-07 19:32:18 - [TEST_STEP][PASSED] - click(findTestObject("Object Repository/Page_Dashboard  American Software Contracts/span_Select Location")): Object: 'Object Repository/Page_Dashboard  American Software Contracts/span_Select Location' is clicked on

2020-09-07 19:32:19 - [MESSAGE][PASSED] - Object: 'Object Repository/Page_Dashboard  American Software Contracts/span_Select Location' is clicked on

2020-09-07 19:32:19 - [TEST_STEP][PASSED] - click(findTestObject("Object Repository/Page_Dashboard  American Software Contracts/li_Australia")): Object: 'Object Repository/Page_Dashboard  American Software Contracts/li_Australia' is clicked on

2020-09-07 19:32:20 - [MESSAGE][PASSED] - Object: 'Object Repository/Page_Dashboard  American Software Contracts/li_Australia' is clicked on

2020-09-07 19:32:20 - [TEST_STEP][PASSED] - setText(findTestObject("Object Repository/Page_Dashboard  American Software Contracts/input_United States_jobaddress"), Add): Text 'Germany' is set on object 'Object Repository/Page_Dashboard  American Software Contracts/input_United States_jobaddress'

2020-09-07 19:32:20 - [MESSAGE][PASSED] - Text 'Germany' is set on object 'Object Repository/Page_Dashboard  American Software Contracts/input_United States_jobaddress'

2020-09-07 19:32:20 - [TEST_STEP][PASSED] - click(findTestObject("Object Repository/Page_Dashboard  American Software Contracts/button_OK")): Object: 'Object Repository/Page_Dashboard  American Software Contracts/button_OK' is clicked on

2020-09-07 19:32:21 - [MESSAGE][PASSED] - Object: 'Object Repository/Page_Dashboard  American Software Contracts/button_OK' is clicked on

2020-09-07 19:32:21 - [TEST_STEP][PASSED] - click(findTestObject("save and update/Page_Dashboard  American Software Contracts/span_Update all the latest changes made by you by just clicking on Save  Update button")): Object: 'Object Repository/save and update/Page_Dashboard  American Software Contracts/span_Update all the latest changes made by you by just clicking on Save  Update button' is clicked on

2020-09-07 19:32:22 - [MESSAGE][PASSED] - Object: 'Object Repository/save and update/Page_Dashboard  American Software Contracts/span_Update all the latest changes made by you by just clicking on Save  Update button' is clicked on

2020-09-07 19:32:22 - [TEST_STEP][PASSED] - verifyElementClickable(findTestObject("Object Repository/Page_Dashboard  American Software Contracts/a_Save  Update")): Object 'Object Repository/Page_Dashboard  American Software Contracts/a_Save  Update' is clickable

2020-09-07 19:32:23 - [MESSAGE][PASSED] - Object 'Object Repository/Page_Dashboard  American Software Contracts/a_Save  Update' is clickable

2020-09-07 19:32:23 - [TEST_STEP][PASSED] - delay(3): Delayed 3 second(s)

2020-09-07 19:32:26 - [MESSAGE][PASSED] - Delayed 3 second(s)

2020-09-07 19:32:26 - [TEST_STEP][PASSED] - closeBrowser(): Browser is closed

2020-09-07 19:32:27 - [MESSAGE][PASSED] - Browser is closed]]></system-out>
         <system-err><![CDATA[]]></system-err>
      </testcase>
      <system-out><![CDATA[2020-09-07 19:27:45 - [TEST_SUITE][PASSED] - Test Suite 7_ASC: Test Cases/Data Driven Testing/Post a Job]]></system-out>
      <system-err><![CDATA[]]></system-err>
   </testsuite>
</testsuites>
