<?xml version="1.0" encoding="UTF-8"?>
<testsuites name="Test Suite 8_ASC" time="355.945" tests="3" failures="0" errors="0">
   <testsuite name="Test Suite 8_ASC" tests="3" failures="0" errors="0" time="355.945" timestamp="2020-09-19 00:15:52" hostname="Mahi - MSAMARA" id="Test Suites/Test Suite 8_ASC">
      <properties>
         <property name="deviceName" value=""/>
         <property name="devicePlatform" value=""/>
         <property name="logFolder" value="C:\\Users\\Mahi\\git\\KatalonGitTestASC1\\Reports\\20200919_001544\\Test Suite 8_ASC\\20200919_001544"/>
         <property name="logFiles" value="C:\\Users\\Mahi\\git\\KatalonGitTestASC1\\Reports\\20200919_001544\\Test Suite 8_ASC\\20200919_001544\\execution0.log"/>
         <property name="attachments" value=""/>
         <property name="hostName" value="Mahi - MSAMARA"/>
         <property name="os" value="Windows 8.1 64bit"/>
         <property name="katalonVersion" value="7.6.2.205"/>
         <property name="browser" value="Chrome 85.0.4183.102"/>
         <property name="hostAddress" value="192.168.0.107"/>
         <property name="sessionId" value="57146dcf1032ebb19c588dafb2142863"/>
         <property name="seleniumVersion" value="3.141.59"/>
         <property name="proxyInformation" value="ProxyInformation { proxyOption=NO_PROXY, proxyServerType=HTTP, username=, password=********, proxyServerAddress=, proxyServerPort=0, executionList=\&quot;\&quot;, isApplyToDesiredCapabilities=true }"/>
         <property name="platform" value="Windows 8.1"/>
      </properties>
      <testcase name="Test Cases/Search Page/Search Projects" time="124.475" classname="Test Cases/Search Page/Search Projects" status="PASSED">
         <system-out><![CDATA[2020-09-19 00:15:52 - [TEST_CASE][PASSED] - Test Cases/Search Page/Search Projects: Test Cases/Search Page/Search Projects

2020-09-19 00:15:53 - [TEST_STEP][PASSED] - openBrowser(""): Browser is opened with url: ''

2020-09-19 00:15:54 - [MESSAGE][INFO] - Starting 'Chrome' driver

2020-09-19 00:15:54 - [MESSAGE][INFO] - Action delay is set to 0 milliseconds

2020-09-19 00:15:57 - [MESSAGE][PASSED] - Browser is opened with url: ''

2020-09-19 00:15:57 - [TEST_STEP][PASSED] - navigateToUrl("https://www.wp.americansoftwarecontracts.com/"): Navigate to 'https://www.wp.americansoftwarecontracts.com/' successfully

2020-09-19 00:16:06 - [MESSAGE][PASSED] - Navigate to 'https://www.wp.americansoftwarecontracts.com/' successfully

2020-09-19 00:16:06 - [TEST_STEP][PASSED] - maximizeWindow(): Current window maximized

2020-09-19 00:16:07 - [MESSAGE][PASSED] - Current window maximized

2020-09-19 00:16:07 - [TEST_STEP][PASSED] - delay(6): Delayed 6 second(s)

2020-09-19 00:16:13 - [MESSAGE][PASSED] - Delayed 6 second(s)

2020-09-19 00:16:13 - [TEST_STEP][PASSED] - click(findTestObject("Object Repository/Projects/Page_American Software Contracts  Marketpla_f90b1c/a_Sign In")): Object: 'Object Repository/Projects/Page_American Software Contracts  Marketpla_f90b1c/a_Sign In' is clicked on

2020-09-19 00:16:14 - [MESSAGE][PASSED] - Object: 'Object Repository/Projects/Page_American Software Contracts  Marketpla_f90b1c/a_Sign In' is clicked on

2020-09-19 00:16:14 - [TEST_STEP][PASSED] - setText(findTestObject("Object Repository/Projects/Page_American Software Contracts  Marketpla_f90b1c/input_Login_username"), "mahendram15@gmail.com"): Text 'mahendram15@gmail.com' is set on object 'Object Repository/Projects/Page_American Software Contracts  Marketpla_f90b1c/input_Login_username'

2020-09-19 00:16:15 - [MESSAGE][PASSED] - Text 'mahendram15@gmail.com' is set on object 'Object Repository/Projects/Page_American Software Contracts  Marketpla_f90b1c/input_Login_username'

2020-09-19 00:16:15 - [TEST_STEP][PASSED] - setEncryptedText(findTestObject("Object Repository/Projects/Page_American Software Contracts  Marketpla_f90b1c/input_Login_password"), "XUwhRSdIKYJlFl7OB//OUg=="): Text ****** has been set on object 'Object Repository/Projects/Page_American Software Contracts  Marketpla_f90b1c/input_Login_password'

2020-09-19 00:16:16 - [MESSAGE][PASSED] - Text ****** has been set on object 'Object Repository/Projects/Page_American Software Contracts  Marketpla_f90b1c/input_Login_password'

2020-09-19 00:16:16 - [TEST_STEP][PASSED] - click(findTestObject("Object Repository/Projects/Page_American Software Contracts  Marketpla_f90b1c/button_login")): Object: 'Object Repository/Projects/Page_American Software Contracts  Marketpla_f90b1c/button_login' is clicked on

2020-09-19 00:16:16 - [MESSAGE][PASSED] - Object: 'Object Repository/Projects/Page_American Software Contracts  Marketpla_f90b1c/button_login' is clicked on

2020-09-19 00:16:16 - [TEST_STEP][PASSED] - delay(5): Delayed 5 second(s)

2020-09-19 00:16:21 - [MESSAGE][PASSED] - Delayed 5 second(s)

2020-09-19 00:16:21 - [TEST_STEP][PASSED] - click(findTestObject("Object Repository/Projects/Page_Dashboard  American Software Contracts/a_Search Projects")): Object: 'Object Repository/Projects/Page_Dashboard  American Software Contracts/a_Search Projects' is clicked on

2020-09-19 00:16:29 - [MESSAGE][PASSED] - Object: 'Object Repository/Projects/Page_Dashboard  American Software Contracts/a_Search Projects' is clicked on

2020-09-19 00:16:29 - [TEST_STEP][PASSED] - delay(4): Delayed 4 second(s)

2020-09-19 00:16:33 - [MESSAGE][PASSED] - Delayed 4 second(s)

2020-09-19 00:16:33 - [TEST_STEP][PASSED] - setText(findTestObject("Object Repository/Projects/Page_Search Projects  American Software Contracts/input_AdvancedSearch_keyword"), "Mahendra"): Text 'Mahendra' is set on object 'Object Repository/Projects/Page_Search Projects  American Software Contracts/input_AdvancedSearch_keyword'

2020-09-19 00:16:34 - [MESSAGE][PASSED] - Text 'Mahendra' is set on object 'Object Repository/Projects/Page_Search Projects  American Software Contracts/input_AdvancedSearch_keyword'

2020-09-19 00:16:34 - [TEST_STEP][PASSED] - click(findTestObject("Object Repository/Projects/Page_Search Projects  American Software Contracts/i_AdvancedSearch_fa fa-search")): Object: 'Object Repository/Projects/Page_Search Projects  American Software Contracts/i_AdvancedSearch_fa fa-search' is clicked on

2020-09-19 00:16:40 - [MESSAGE][PASSED] - Object: 'Object Repository/Projects/Page_Search Projects  American Software Contracts/i_AdvancedSearch_fa fa-search' is clicked on

2020-09-19 00:16:40 - [TEST_STEP][PASSED] - delay(3): Delayed 3 second(s)

2020-09-19 00:16:43 - [MESSAGE][PASSED] - Delayed 3 second(s)

2020-09-19 00:16:43 - [TEST_STEP][PASSED] - click(findTestObject("Object Repository/Projects/Page_Search Projects  American Software Contracts/h3_Mahendra A")): Object: 'Object Repository/Projects/Page_Search Projects  American Software Contracts/h3_Mahendra A' is clicked on

2020-09-19 00:16:43 - [MESSAGE][PASSED] - Object: 'Object Repository/Projects/Page_Search Projects  American Software Contracts/h3_Mahendra A' is clicked on

2020-09-19 00:16:43 - [TEST_STEP][PASSED] - click(findTestObject("Object Repository/Projects/Page_Search Projects  American Software Contracts/span_Dashboard")): Object: 'Object Repository/Projects/Page_Search Projects  American Software Contracts/span_Dashboard' is clicked on

2020-09-19 00:16:47 - [MESSAGE][PASSED] - Object: 'Object Repository/Projects/Page_Search Projects  American Software Contracts/span_Dashboard' is clicked on

2020-09-19 00:16:47 - [TEST_STEP][PASSED] - delay(3): Delayed 3 second(s)

2020-09-19 00:16:50 - [MESSAGE][PASSED] - Delayed 3 second(s)

2020-09-19 00:16:50 - [TEST_STEP][PASSED] - click(findTestObject("Object Repository/Projects/Page_Dashboard  American Software Contracts/a_Search Projects")): Object: 'Object Repository/Projects/Page_Dashboard  American Software Contracts/a_Search Projects' is clicked on

2020-09-19 00:16:55 - [MESSAGE][PASSED] - Object: 'Object Repository/Projects/Page_Dashboard  American Software Contracts/a_Search Projects' is clicked on

2020-09-19 00:16:55 - [TEST_STEP][PASSED] - click(findTestObject("Object Repository/Projects/Page_Search Projects  American Software Contracts/div_Job Type")): Object: 'Object Repository/Projects/Page_Search Projects  American Software Contracts/div_Job Type' is clicked on

2020-09-19 00:16:56 - [MESSAGE][PASSED] - Object: 'Object Repository/Projects/Page_Search Projects  American Software Contracts/div_Job Type' is clicked on

2020-09-19 00:16:56 - [TEST_STEP][PASSED] - click(findTestObject("Object Repository/Projects/Page_Search Projects  American Software Contracts/label_Onsite")): Object: 'Object Repository/Projects/Page_Search Projects  American Software Contracts/label_Onsite' is clicked on

2020-09-19 00:16:56 - [MESSAGE][PASSED] - Object: 'Object Repository/Projects/Page_Search Projects  American Software Contracts/label_Onsite' is clicked on

2020-09-19 00:16:56 - [TEST_STEP][PASSED] - click(findTestObject("Object Repository/Projects/Page_Search Projects  American Software Contracts/div_Project Type")): Object: 'Object Repository/Projects/Page_Search Projects  American Software Contracts/div_Project Type' is clicked on

2020-09-19 00:16:57 - [MESSAGE][PASSED] - Object: 'Object Repository/Projects/Page_Search Projects  American Software Contracts/div_Project Type' is clicked on

2020-09-19 00:16:57 - [TEST_STEP][PASSED] - click(findTestObject("Object Repository/Projects/Page_Search Projects  American Software Contracts/span_Hourly Based Project_ui-slider-handle _1337f6")): Object: 'Object Repository/Projects/Page_Search Projects  American Software Contracts/span_Hourly Based Project_ui-slider-handle _1337f6' is clicked on

2020-09-19 00:16:57 - [MESSAGE][PASSED] - Object: 'Object Repository/Projects/Page_Search Projects  American Software Contracts/span_Hourly Based Project_ui-slider-handle _1337f6' is clicked on

2020-09-19 00:16:57 - [TEST_STEP][PASSED] - click(findTestObject("Object Repository/Projects/Page_Search Projects  American Software Contracts/span_Hourly Based Project_ui-slider-handle _1337f6")): Object: 'Object Repository/Projects/Page_Search Projects  American Software Contracts/span_Hourly Based Project_ui-slider-handle _1337f6' is clicked on

2020-09-19 00:16:58 - [MESSAGE][PASSED] - Object: 'Object Repository/Projects/Page_Search Projects  American Software Contracts/span_Hourly Based Project_ui-slider-handle _1337f6' is clicked on

2020-09-19 00:16:58 - [TEST_STEP][PASSED] - click(findTestObject("Object Repository/Projects/Page_Search Projects  American Software Contracts/div_Project TypeAllFixed projectHourly Base_975348")): Object: 'Object Repository/Projects/Page_Search Projects  American Software Contracts/div_Project TypeAllFixed projectHourly Base_975348' is clicked on

2020-09-19 00:16:58 - [MESSAGE][PASSED] - Object: 'Object Repository/Projects/Page_Search Projects  American Software Contracts/div_Project TypeAllFixed projectHourly Base_975348' is clicked on

2020-09-19 00:16:58 - [TEST_STEP][PASSED] - click(findTestObject("Object Repository/Projects/Page_Search Projects  American Software Contracts/div_Project TypeAllFixed projectHourly Base_975348")): Object: 'Object Repository/Projects/Page_Search Projects  American Software Contracts/div_Project TypeAllFixed projectHourly Base_975348' is clicked on

2020-09-19 00:16:59 - [MESSAGE][PASSED] - Object: 'Object Repository/Projects/Page_Search Projects  American Software Contracts/div_Project TypeAllFixed projectHourly Base_975348' is clicked on

2020-09-19 00:16:59 - [TEST_STEP][PASSED] - click(findTestObject("Object Repository/Projects/Page_Search Projects  American Software Contracts/div_Project Length")): Object: 'Object Repository/Projects/Page_Search Projects  American Software Contracts/div_Project Length' is clicked on

2020-09-19 00:17:00 - [MESSAGE][PASSED] - Object: 'Object Repository/Projects/Page_Search Projects  American Software Contracts/div_Project Length' is clicked on

2020-09-19 00:17:00 - [TEST_STEP][PASSED] - click(findTestObject("Object Repository/Projects/Page_Search Projects  American Software Contracts/label_01 to 03 months")): Object: 'Object Repository/Projects/Page_Search Projects  American Software Contracts/label_01 to 03 months' is clicked on

2020-09-19 00:17:00 - [MESSAGE][PASSED] - Object: 'Object Repository/Projects/Page_Search Projects  American Software Contracts/label_01 to 03 months' is clicked on

2020-09-19 00:17:00 - [TEST_STEP][PASSED] - click(findTestObject("Object Repository/Projects/Page_Search Projects  American Software Contracts/div_Freelancer Type( 0 selected )")): Object: 'Object Repository/Projects/Page_Search Projects  American Software Contracts/div_Freelancer Type( 0 selected )' is clicked on

2020-09-19 00:17:01 - [MESSAGE][PASSED] - Object: 'Object Repository/Projects/Page_Search Projects  American Software Contracts/div_Freelancer Type( 0 selected )' is clicked on

2020-09-19 00:17:01 - [TEST_STEP][PASSED] - click(findTestObject("Object Repository/Projects/Page_Search Projects  American Software Contracts/div_Experience")): Object: 'Object Repository/Projects/Page_Search Projects  American Software Contracts/div_Experience' is clicked on

2020-09-19 00:17:01 - [MESSAGE][PASSED] - Object: 'Object Repository/Projects/Page_Search Projects  American Software Contracts/div_Experience' is clicked on

2020-09-19 00:17:01 - [TEST_STEP][PASSED] - click(findTestObject("Object Repository/Projects/Page_Search Projects  American Software Contracts/div_Categories( 0 selected )")): Object: 'Object Repository/Projects/Page_Search Projects  American Software Contracts/div_Categories( 0 selected )' is clicked on

2020-09-19 00:17:02 - [MESSAGE][PASSED] - Object: 'Object Repository/Projects/Page_Search Projects  American Software Contracts/div_Categories( 0 selected )' is clicked on

2020-09-19 00:17:02 - [TEST_STEP][PASSED] - click(findTestObject("Object Repository/Projects/Page_Search Projects  American Software Contracts/div_Skills( 0 selected )")): Object: 'Object Repository/Projects/Page_Search Projects  American Software Contracts/div_Skills( 0 selected )' is clicked on

2020-09-19 00:17:02 - [MESSAGE][PASSED] - Object: 'Object Repository/Projects/Page_Search Projects  American Software Contracts/div_Skills( 0 selected )' is clicked on

2020-09-19 00:17:02 - [TEST_STEP][PASSED] - click(findTestObject("Object Repository/Projects/Page_Search Projects  American Software Contracts/div_WordPress_mCSB_6_dragger_vertical")): Object: 'Object Repository/Projects/Page_Search Projects  American Software Contracts/div_WordPress_mCSB_6_dragger_vertical' is clicked on

2020-09-19 00:17:02 - [MESSAGE][PASSED] - Object: 'Object Repository/Projects/Page_Search Projects  American Software Contracts/div_WordPress_mCSB_6_dragger_vertical' is clicked on

2020-09-19 00:17:02 - [TEST_STEP][PASSED] - click(findTestObject("Object Repository/Projects/Page_Search Projects  American Software Contracts/div_Location( 0 selected )")): Object: 'Object Repository/Projects/Page_Search Projects  American Software Contracts/div_Location( 0 selected )' is clicked on

2020-09-19 00:17:03 - [MESSAGE][PASSED] - Object: 'Object Repository/Projects/Page_Search Projects  American Software Contracts/div_Location( 0 selected )' is clicked on

2020-09-19 00:17:03 - [TEST_STEP][PASSED] - click(findTestObject("Object Repository/Projects/Page_Search Projects  American Software Contracts/div_Languages( 0 selected )")): Object: 'Object Repository/Projects/Page_Search Projects  American Software Contracts/div_Languages( 0 selected )' is clicked on

2020-09-19 00:17:03 - [MESSAGE][PASSED] - Object: 'Object Repository/Projects/Page_Search Projects  American Software Contracts/div_Languages( 0 selected )' is clicked on

2020-09-19 00:17:03 - [TEST_STEP][PASSED] - click(findTestObject("Object Repository/Projects/Page_Search Projects  American Software Contracts/input_Click Apply Filter to apply latest ch_975b30")): Object: 'Object Repository/Projects/Page_Search Projects  American Software Contracts/input_Click Apply Filter to apply latest ch_975b30' is clicked on

2020-09-19 00:17:08 - [MESSAGE][PASSED] - Object: 'Object Repository/Projects/Page_Search Projects  American Software Contracts/input_Click Apply Filter to apply latest ch_975b30' is clicked on

2020-09-19 00:17:08 - [TEST_STEP][PASSED] - click(findTestObject("Object Repository/Projects/Page_Search Projects  American Software Contracts/h3_Mahendra A")): Object: 'Object Repository/Projects/Page_Search Projects  American Software Contracts/h3_Mahendra A' is clicked on

2020-09-19 00:17:09 - [MESSAGE][PASSED] - Object: 'Object Repository/Projects/Page_Search Projects  American Software Contracts/h3_Mahendra A' is clicked on

2020-09-19 00:17:09 - [TEST_STEP][PASSED] - click(findTestObject("Object Repository/Projects/Page_Search Projects  American Software Contracts/span_Dashboard")): Object: 'Object Repository/Projects/Page_Search Projects  American Software Contracts/span_Dashboard' is clicked on

2020-09-19 00:17:12 - [MESSAGE][PASSED] - Object: 'Object Repository/Projects/Page_Search Projects  American Software Contracts/span_Dashboard' is clicked on

2020-09-19 00:17:12 - [TEST_STEP][PASSED] - delay(3): Delayed 3 second(s)

2020-09-19 00:17:15 - [MESSAGE][PASSED] - Delayed 3 second(s)

2020-09-19 00:17:15 - [TEST_STEP][PASSED] - click(findTestObject("Object Repository/Projects/Page_Dashboard  American Software Contracts/a_Search Projects")): Object: 'Object Repository/Projects/Page_Dashboard  American Software Contracts/a_Search Projects' is clicked on

2020-09-19 00:17:21 - [MESSAGE][PASSED] - Object: 'Object Repository/Projects/Page_Dashboard  American Software Contracts/a_Search Projects' is clicked on

2020-09-19 00:17:21 - [TEST_STEP][PASSED] - click(findTestObject("Object Repository/Projects/Page_Search Projects  American Software Contracts/a_View Job")): Object: 'Object Repository/Projects/Page_Search Projects  American Software Contracts/a_View Job' is clicked on

2020-09-19 00:17:25 - [MESSAGE][PASSED] - Object: 'Object Repository/Projects/Page_Search Projects  American Software Contracts/a_View Job' is clicked on

2020-09-19 00:17:25 - [TEST_STEP][PASSED] - delay(4): Delayed 4 second(s)

2020-09-19 00:17:29 - [MESSAGE][PASSED] - Delayed 4 second(s)

2020-09-19 00:17:29 - [TEST_STEP][PASSED] - click(findTestObject("Object Repository/Projects/Page_Test job  American Software Contracts/h3_Mahendra A")): Object: 'Object Repository/Projects/Page_Test job  American Software Contracts/h3_Mahendra A' is clicked on

2020-09-19 00:17:30 - [MESSAGE][PASSED] - Object: 'Object Repository/Projects/Page_Test job  American Software Contracts/h3_Mahendra A' is clicked on

2020-09-19 00:17:30 - [TEST_STEP][PASSED] - click(findTestObject("Object Repository/Projects/Page_Search Projects  American Software Contracts/span_Dashboard")): Object: 'Object Repository/Projects/Page_Search Projects  American Software Contracts/span_Dashboard' is clicked on

2020-09-19 00:17:35 - [MESSAGE][PASSED] - Object: 'Object Repository/Projects/Page_Search Projects  American Software Contracts/span_Dashboard' is clicked on

2020-09-19 00:17:35 - [TEST_STEP][PASSED] - delay(3): Delayed 3 second(s)

2020-09-19 00:17:38 - [MESSAGE][PASSED] - Delayed 3 second(s)

2020-09-19 00:17:38 - [TEST_STEP][PASSED] - click(findTestObject("Object Repository/Projects/Page_Test job  American Software Contracts/h3_Mahendra A")): Object: 'Object Repository/Projects/Page_Test job  American Software Contracts/h3_Mahendra A' is clicked on

2020-09-19 00:17:39 - [MESSAGE][PASSED] - Object: 'Object Repository/Projects/Page_Test job  American Software Contracts/h3_Mahendra A' is clicked on

2020-09-19 00:17:39 - [TEST_STEP][PASSED] - click(findTestObject("Object Repository/Projects/Page_Dashboard  American Software Contracts/span_Logout")): Object: 'Object Repository/Projects/Page_Dashboard  American Software Contracts/span_Logout' is clicked on

2020-09-19 00:17:44 - [MESSAGE][PASSED] - Object: 'Object Repository/Projects/Page_Dashboard  American Software Contracts/span_Logout' is clicked on

2020-09-19 00:17:44 - [TEST_STEP][PASSED] - delay(4): Delayed 4 second(s)

2020-09-19 00:17:48 - [MESSAGE][PASSED] - Delayed 4 second(s)

2020-09-19 00:17:48 - [TEST_STEP][PASSED] - closeBrowser(): Browser is closed

2020-09-19 00:17:57 - [MESSAGE][PASSED] - Browser is closed]]></system-out>
         <system-err><![CDATA[]]></system-err>
      </testcase>
      <testcase name="Test Cases/Search Page/Search Employers" time="92.562" classname="Test Cases/Search Page/Search Employers" status="PASSED">
         <system-out><![CDATA[2020-09-19 00:17:57 - [TEST_CASE][PASSED] - Test Cases/Search Page/Search Employers: Test Cases/Search Page/Search Employers

2020-09-19 00:17:57 - [TEST_STEP][PASSED] - openBrowser(""): Browser is opened with url: ''

2020-09-19 00:17:57 - [MESSAGE][INFO] - Starting 'Chrome' driver

2020-09-19 00:17:57 - [MESSAGE][INFO] - Action delay is set to 0 milliseconds

2020-09-19 00:18:00 - [MESSAGE][PASSED] - Browser is opened with url: ''

2020-09-19 00:18:00 - [TEST_STEP][PASSED] - navigateToUrl("https://www.wp.americansoftwarecontracts.com/"): Navigate to 'https://www.wp.americansoftwarecontracts.com/' successfully

2020-09-19 00:18:09 - [MESSAGE][PASSED] - Navigate to 'https://www.wp.americansoftwarecontracts.com/' successfully

2020-09-19 00:18:09 - [TEST_STEP][PASSED] - maximizeWindow(STOP_ON_FAILURE): Current window maximized

2020-09-19 00:18:10 - [MESSAGE][PASSED] - Current window maximized

2020-09-19 00:18:10 - [TEST_STEP][PASSED] - delay(5): Delayed 5 second(s)

2020-09-19 00:18:15 - [MESSAGE][PASSED] - Delayed 5 second(s)

2020-09-19 00:18:15 - [TEST_STEP][PASSED] - click(findTestObject("search employers/Page_American Software Contracts  Marketpla_f90b1c/a_Sign In")): Object: 'Object Repository/search employers/Page_American Software Contracts  Marketpla_f90b1c/a_Sign In' is clicked on

2020-09-19 00:18:16 - [MESSAGE][PASSED] - Object: 'Object Repository/search employers/Page_American Software Contracts  Marketpla_f90b1c/a_Sign In' is clicked on

2020-09-19 00:18:16 - [TEST_STEP][PASSED] - setText(findTestObject("Object Repository/search employers/Page_American Software Contracts  Marketpla_f90b1c/input_Login_username"), "mahendram15@gmail.com"): Text 'mahendram15@gmail.com' is set on object 'Object Repository/search employers/Page_American Software Contracts  Marketpla_f90b1c/input_Login_username'

2020-09-19 00:18:17 - [MESSAGE][PASSED] - Text 'mahendram15@gmail.com' is set on object 'Object Repository/search employers/Page_American Software Contracts  Marketpla_f90b1c/input_Login_username'

2020-09-19 00:18:17 - [TEST_STEP][PASSED] - setEncryptedText(findTestObject("Object Repository/search employers/Page_American Software Contracts  Marketpla_f90b1c/input_Login_password"), "XUwhRSdIKYJlFl7OB//OUg=="): Text ****** has been set on object 'Object Repository/search employers/Page_American Software Contracts  Marketpla_f90b1c/input_Login_password'

2020-09-19 00:18:18 - [MESSAGE][PASSED] - Text ****** has been set on object 'Object Repository/search employers/Page_American Software Contracts  Marketpla_f90b1c/input_Login_password'

2020-09-19 00:18:18 - [TEST_STEP][PASSED] - click(findTestObject("Object Repository/search employers/Page_American Software Contracts  Marketpla_f90b1c/button_login")): Object: 'Object Repository/search employers/Page_American Software Contracts  Marketpla_f90b1c/button_login' is clicked on

2020-09-19 00:18:18 - [MESSAGE][PASSED] - Object: 'Object Repository/search employers/Page_American Software Contracts  Marketpla_f90b1c/button_login' is clicked on

2020-09-19 00:18:18 - [TEST_STEP][PASSED] - delay(4): Delayed 4 second(s)

2020-09-19 00:18:22 - [MESSAGE][PASSED] - Delayed 4 second(s)

2020-09-19 00:18:22 - [TEST_STEP][PASSED] - click(findTestObject("Object Repository/search employers/Page_Dashboard  American Software Contracts/a_Search Employers")): Object: 'Object Repository/search employers/Page_Dashboard  American Software Contracts/a_Search Employers' is clicked on

2020-09-19 00:18:34 - [MESSAGE][PASSED] - Object: 'Object Repository/search employers/Page_Dashboard  American Software Contracts/a_Search Employers' is clicked on

2020-09-19 00:18:34 - [TEST_STEP][PASSED] - setText(findTestObject("Object Repository/search employers/Page_Search Employers  American Software Contracts/input_AdvancedSearch_keyword"), "virendra"): Text 'virendra' is set on object 'Object Repository/search employers/Page_Search Employers  American Software Contracts/input_AdvancedSearch_keyword'

2020-09-19 00:18:35 - [MESSAGE][PASSED] - Text 'virendra' is set on object 'Object Repository/search employers/Page_Search Employers  American Software Contracts/input_AdvancedSearch_keyword'

2020-09-19 00:18:35 - [TEST_STEP][PASSED] - click(findTestObject("Object Repository/search employers/Page_Search Employers  American Software Contracts/i_AdvancedSearch_fa fa-search")): Object: 'Object Repository/search employers/Page_Search Employers  American Software Contracts/i_AdvancedSearch_fa fa-search' is clicked on

2020-09-19 00:18:38 - [MESSAGE][PASSED] - Object: 'Object Repository/search employers/Page_Search Employers  American Software Contracts/i_AdvancedSearch_fa fa-search' is clicked on

2020-09-19 00:18:38 - [TEST_STEP][PASSED] - delay(3): Delayed 3 second(s)

2020-09-19 00:18:41 - [MESSAGE][PASSED] - Delayed 3 second(s)

2020-09-19 00:18:41 - [TEST_STEP][PASSED] - click(findTestObject("Object Repository/search employers/Page_Search Employers  American Software Contracts/span_Open Jobs")): Object: 'Object Repository/search employers/Page_Search Employers  American Software Contracts/span_Open Jobs' is clicked on

2020-09-19 00:18:46 - [MESSAGE][PASSED] - Object: 'Object Repository/search employers/Page_Search Employers  American Software Contracts/span_Open Jobs' is clicked on

2020-09-19 00:18:46 - [TEST_STEP][PASSED] - delay(3): Delayed 3 second(s)

2020-09-19 00:18:49 - [MESSAGE][PASSED] - Delayed 3 second(s)

2020-09-19 00:18:49 - [TEST_STEP][PASSED] - back(): Navigate back successfully

2020-09-19 00:18:52 - [MESSAGE][PASSED] - Navigate back successfully

2020-09-19 00:18:52 - [TEST_STEP][PASSED] - delay(3): Delayed 3 second(s)

2020-09-19 00:18:55 - [MESSAGE][PASSED] - Delayed 3 second(s)

2020-09-19 00:18:55 - [TEST_STEP][PASSED] - click(findTestObject("Object Repository/search employers/Page_Search Employers  American Software Contracts/span_Full Profile")): Object: 'Object Repository/search employers/Page_Search Employers  American Software Contracts/span_Full Profile' is clicked on

2020-09-19 00:18:58 - [MESSAGE][PASSED] - Object: 'Object Repository/search employers/Page_Search Employers  American Software Contracts/span_Full Profile' is clicked on

2020-09-19 00:18:58 - [TEST_STEP][PASSED] - delay(3): Delayed 3 second(s)

2020-09-19 00:19:01 - [MESSAGE][PASSED] - Delayed 3 second(s)

2020-09-19 00:19:01 - [TEST_STEP][PASSED] - back(): Navigate back successfully

2020-09-19 00:19:05 - [MESSAGE][PASSED] - Navigate back successfully

2020-09-19 00:19:05 - [TEST_STEP][PASSED] - delay(3): Delayed 3 second(s)

2020-09-19 00:19:08 - [MESSAGE][PASSED] - Delayed 3 second(s)

2020-09-19 00:19:08 - [TEST_STEP][PASSED] - click(findTestObject("Object Repository/search employers/Page_Search Employers  American Software Contracts/span_Follow")): Object: 'Object Repository/search employers/Page_Search Employers  American Software Contracts/span_Follow' is clicked on

2020-09-19 00:19:09 - [MESSAGE][PASSED] - Object: 'Object Repository/search employers/Page_Search Employers  American Software Contracts/span_Follow' is clicked on

2020-09-19 00:19:09 - [TEST_STEP][PASSED] - delay(3): Delayed 3 second(s)

2020-09-19 00:19:12 - [MESSAGE][PASSED] - Delayed 3 second(s)

2020-09-19 00:19:12 - [TEST_STEP][PASSED] - click(findTestObject("Object Repository/search employers/Page_Search Employers  American Software Contracts/h3_Mahendra A")): Object: 'Object Repository/search employers/Page_Search Employers  American Software Contracts/h3_Mahendra A' is clicked on

2020-09-19 00:19:12 - [MESSAGE][PASSED] - Object: 'Object Repository/search employers/Page_Search Employers  American Software Contracts/h3_Mahendra A' is clicked on

2020-09-19 00:19:12 - [TEST_STEP][PASSED] - click(findTestObject("Object Repository/search employers/Page_Search Employers  American Software Contracts/span_Dashboard")): Object: 'Object Repository/search employers/Page_Search Employers  American Software Contracts/span_Dashboard' is clicked on

2020-09-19 00:19:16 - [MESSAGE][PASSED] - Object: 'Object Repository/search employers/Page_Search Employers  American Software Contracts/span_Dashboard' is clicked on

2020-09-19 00:19:16 - [TEST_STEP][PASSED] - delay(4): Delayed 4 second(s)

2020-09-19 00:19:20 - [MESSAGE][PASSED] - Delayed 4 second(s)

2020-09-19 00:19:20 - [TEST_STEP][PASSED] - click(findTestObject("Object Repository/search employers/Page_Dashboard  American Software Contracts/h3_Mahendra A")): Object: 'Object Repository/search employers/Page_Dashboard  American Software Contracts/h3_Mahendra A' is clicked on

2020-09-19 00:19:21 - [MESSAGE][PASSED] - Object: 'Object Repository/search employers/Page_Dashboard  American Software Contracts/h3_Mahendra A' is clicked on

2020-09-19 00:19:21 - [TEST_STEP][PASSED] - click(findTestObject("Object Repository/search employers/Page_Dashboard  American Software Contracts/span_Logout")): Object: 'Object Repository/search employers/Page_Dashboard  American Software Contracts/span_Logout' is clicked on

2020-09-19 00:19:26 - [MESSAGE][PASSED] - Object: 'Object Repository/search employers/Page_Dashboard  American Software Contracts/span_Logout' is clicked on

2020-09-19 00:19:26 - [TEST_STEP][PASSED] - delay(3): Delayed 3 second(s)

2020-09-19 00:19:29 - [MESSAGE][PASSED] - Delayed 3 second(s)

2020-09-19 00:19:29 - [TEST_STEP][PASSED] - closeBrowser(): Browser is closed

2020-09-19 00:19:30 - [MESSAGE][PASSED] - Browser is closed]]></system-out>
         <system-err><![CDATA[]]></system-err>
      </testcase>
      <testcase name="Test Cases/Search Page/Search Freelancers" time="138.112" classname="Test Cases/Search Page/Search Freelancers" status="PASSED">
         <system-out><![CDATA[2020-09-19 00:19:30 - [TEST_CASE][PASSED] - Test Cases/Search Page/Search Freelancers: Test Cases/Search Page/Search Freelancers

2020-09-19 00:19:30 - [TEST_STEP][PASSED] - openBrowser(""): Browser is opened with url: ''

2020-09-19 00:19:30 - [MESSAGE][INFO] - Starting 'Chrome' driver

2020-09-19 00:19:30 - [MESSAGE][INFO] - Action delay is set to 0 milliseconds

2020-09-19 00:19:32 - [MESSAGE][PASSED] - Browser is opened with url: ''

2020-09-19 00:19:32 - [TEST_STEP][PASSED] - navigateToUrl("https://www.wp.americansoftwarecontracts.com/"): Navigate to 'https://www.wp.americansoftwarecontracts.com/' successfully

2020-09-19 00:19:40 - [MESSAGE][PASSED] - Navigate to 'https://www.wp.americansoftwarecontracts.com/' successfully

2020-09-19 00:19:40 - [TEST_STEP][PASSED] - maximizeWindow(): Current window maximized

2020-09-19 00:19:43 - [MESSAGE][PASSED] - Current window maximized

2020-09-19 00:19:43 - [TEST_STEP][PASSED] - delay(4): Delayed 4 second(s)

2020-09-19 00:19:47 - [MESSAGE][PASSED] - Delayed 4 second(s)

2020-09-19 00:19:47 - [TEST_STEP][PASSED] - click(findTestObject("Object Repository/Search Freelancers/Page_American Software Contracts  Marketpla_f90b1c/a_Sign In")): Object: 'Object Repository/Search Freelancers/Page_American Software Contracts  Marketpla_f90b1c/a_Sign In' is clicked on

2020-09-19 00:19:48 - [MESSAGE][PASSED] - Object: 'Object Repository/Search Freelancers/Page_American Software Contracts  Marketpla_f90b1c/a_Sign In' is clicked on

2020-09-19 00:19:48 - [TEST_STEP][PASSED] - setText(findTestObject("Object Repository/Search Freelancers/Page_American Software Contracts  Marketpla_f90b1c/input_Login_username"), "mahendram15@gmail.com"): Text 'mahendram15@gmail.com' is set on object 'Object Repository/Search Freelancers/Page_American Software Contracts  Marketpla_f90b1c/input_Login_username'

2020-09-19 00:19:49 - [MESSAGE][PASSED] - Text 'mahendram15@gmail.com' is set on object 'Object Repository/Search Freelancers/Page_American Software Contracts  Marketpla_f90b1c/input_Login_username'

2020-09-19 00:19:49 - [TEST_STEP][PASSED] - setEncryptedText(findTestObject("Object Repository/Search Freelancers/Page_American Software Contracts  Marketpla_f90b1c/input_Login_password"), "XUwhRSdIKYJlFl7OB//OUg=="): Text ****** has been set on object 'Object Repository/Search Freelancers/Page_American Software Contracts  Marketpla_f90b1c/input_Login_password'

2020-09-19 00:19:50 - [MESSAGE][PASSED] - Text ****** has been set on object 'Object Repository/Search Freelancers/Page_American Software Contracts  Marketpla_f90b1c/input_Login_password'

2020-09-19 00:19:50 - [TEST_STEP][PASSED] - click(findTestObject("Object Repository/Search Freelancers/Page_American Software Contracts  Marketpla_f90b1c/button_login")): Object: 'Object Repository/Search Freelancers/Page_American Software Contracts  Marketpla_f90b1c/button_login' is clicked on

2020-09-19 00:19:50 - [MESSAGE][PASSED] - Object: 'Object Repository/Search Freelancers/Page_American Software Contracts  Marketpla_f90b1c/button_login' is clicked on

2020-09-19 00:19:50 - [TEST_STEP][PASSED] - delay(4): Delayed 4 second(s)

2020-09-19 00:19:54 - [MESSAGE][PASSED] - Delayed 4 second(s)

2020-09-19 00:19:54 - [TEST_STEP][PASSED] - click(findTestObject("Object Repository/Search Freelancers/Page_Dashboard  American Software Contracts/a_Search Freelancers")): Object: 'Object Repository/Search Freelancers/Page_Dashboard  American Software Contracts/a_Search Freelancers' is clicked on

2020-09-19 00:20:03 - [MESSAGE][PASSED] - Object: 'Object Repository/Search Freelancers/Page_Dashboard  American Software Contracts/a_Search Freelancers' is clicked on

2020-09-19 00:20:03 - [TEST_STEP][PASSED] - delay(4): Delayed 4 second(s)

2020-09-19 00:20:07 - [MESSAGE][PASSED] - Delayed 4 second(s)

2020-09-19 00:20:07 - [TEST_STEP][PASSED] - click(findTestObject("Object Repository/Search Freelancers/Page_Search Freelancers  American Software _f8314d/label_Sort By A-Z")): Object: 'Object Repository/Search Freelancers/Page_Search Freelancers  American Software _f8314d/label_Sort By A-Z' is clicked on

2020-09-19 00:20:17 - [MESSAGE][PASSED] - Object: 'Object Repository/Search Freelancers/Page_Search Freelancers  American Software _f8314d/label_Sort By A-Z' is clicked on

2020-09-19 00:20:17 - [TEST_STEP][PASSED] - delay(4): Delayed 4 second(s)

2020-09-19 00:20:21 - [MESSAGE][PASSED] - Delayed 4 second(s)

2020-09-19 00:20:21 - [TEST_STEP][PASSED] - click(findTestObject("Object Repository/Search Freelancers/Page_Search Freelancers  American Software _f8314d/label_Sort By Z-A")): Object: 'Object Repository/Search Freelancers/Page_Search Freelancers  American Software _f8314d/label_Sort By Z-A' is clicked on

2020-09-19 00:20:26 - [MESSAGE][PASSED] - Object: 'Object Repository/Search Freelancers/Page_Search Freelancers  American Software _f8314d/label_Sort By Z-A' is clicked on

2020-09-19 00:20:26 - [TEST_STEP][PASSED] - delay(4): Delayed 4 second(s)

2020-09-19 00:20:30 - [MESSAGE][PASSED] - Delayed 4 second(s)

2020-09-19 00:20:30 - [TEST_STEP][PASSED] - click(findTestObject("Object Repository/Search Freelancers/Page_Search Freelancers  American Software _f8314d/label_Sort By Rating DESC")): Object: 'Object Repository/Search Freelancers/Page_Search Freelancers  American Software _f8314d/label_Sort By Rating DESC' is clicked on

2020-09-19 00:20:35 - [MESSAGE][PASSED] - Object: 'Object Repository/Search Freelancers/Page_Search Freelancers  American Software _f8314d/label_Sort By Rating DESC' is clicked on

2020-09-19 00:20:35 - [TEST_STEP][PASSED] - delay(4): Delayed 4 second(s)

2020-09-19 00:20:39 - [MESSAGE][PASSED] - Delayed 4 second(s)

2020-09-19 00:20:39 - [TEST_STEP][PASSED] - click(findTestObject("Object Repository/Search Freelancers/Page_Search Freelancers  American Software _f8314d/label_Sort By Rating ASC")): Object: 'Object Repository/Search Freelancers/Page_Search Freelancers  American Software _f8314d/label_Sort By Rating ASC' is clicked on

2020-09-19 00:20:44 - [MESSAGE][PASSED] - Object: 'Object Repository/Search Freelancers/Page_Search Freelancers  American Software _f8314d/label_Sort By Rating ASC' is clicked on

2020-09-19 00:20:44 - [TEST_STEP][PASSED] - delay(4): Delayed 4 second(s)

2020-09-19 00:20:48 - [MESSAGE][PASSED] - Delayed 4 second(s)

2020-09-19 00:20:48 - [TEST_STEP][PASSED] - click(findTestObject("Object Repository/Search Freelancers/Page_Search Freelancers  American Software _f8314d/span_Clear Sorting")): Object: 'Object Repository/Search Freelancers/Page_Search Freelancers  American Software _f8314d/span_Clear Sorting' is clicked on

2020-09-19 00:20:53 - [MESSAGE][PASSED] - Object: 'Object Repository/Search Freelancers/Page_Search Freelancers  American Software _f8314d/span_Clear Sorting' is clicked on

2020-09-19 00:20:53 - [TEST_STEP][PASSED] - delay(4): Delayed 4 second(s)

2020-09-19 00:20:57 - [MESSAGE][PASSED] - Delayed 4 second(s)

2020-09-19 00:20:57 - [TEST_STEP][PASSED] - click(findTestObject("Object Repository/Search Freelancers/Page_Search Freelancers  American Software _f8314d/input_AdvancedSearch_keyword")): Object: 'Object Repository/Search Freelancers/Page_Search Freelancers  American Software _f8314d/input_AdvancedSearch_keyword' is clicked on

2020-09-19 00:20:57 - [MESSAGE][PASSED] - Object: 'Object Repository/Search Freelancers/Page_Search Freelancers  American Software _f8314d/input_AdvancedSearch_keyword' is clicked on

2020-09-19 00:20:57 - [TEST_STEP][PASSED] - setText(findTestObject("Object Repository/Search Freelancers/Page_Search Freelancers  American Software _f8314d/input_AdvancedSearch_keyword"), "Igor"): Text 'Igor' is set on object 'Object Repository/Search Freelancers/Page_Search Freelancers  American Software _f8314d/input_AdvancedSearch_keyword'

2020-09-19 00:20:58 - [MESSAGE][PASSED] - Text 'Igor' is set on object 'Object Repository/Search Freelancers/Page_Search Freelancers  American Software _f8314d/input_AdvancedSearch_keyword'

2020-09-19 00:20:58 - [TEST_STEP][PASSED] - click(findTestObject("Object Repository/Search Freelancers/Page_Search Freelancers  American Software _f8314d/i_AdvancedSearch_fa fa-search")): Object: 'Object Repository/Search Freelancers/Page_Search Freelancers  American Software _f8314d/i_AdvancedSearch_fa fa-search' is clicked on

2020-09-19 00:21:03 - [MESSAGE][PASSED] - Object: 'Object Repository/Search Freelancers/Page_Search Freelancers  American Software _f8314d/i_AdvancedSearch_fa fa-search' is clicked on

2020-09-19 00:21:03 - [TEST_STEP][PASSED] - delay(4): Delayed 4 second(s)

2020-09-19 00:21:07 - [MESSAGE][PASSED] - Delayed 4 second(s)

2020-09-19 00:21:07 - [TEST_STEP][PASSED] - click(findTestObject("Object Repository/Search Freelancers/Page_Search Freelancers  American Software _f8314d/input_AdvancedSearch_keyword")): Object: 'Object Repository/Search Freelancers/Page_Search Freelancers  American Software _f8314d/input_AdvancedSearch_keyword' is clicked on

2020-09-19 00:21:07 - [MESSAGE][PASSED] - Object: 'Object Repository/Search Freelancers/Page_Search Freelancers  American Software _f8314d/input_AdvancedSearch_keyword' is clicked on

2020-09-19 00:21:07 - [TEST_STEP][PASSED] - setText(findTestObject("Object Repository/Search Freelancers/Page_Search Freelancers  American Software _f8314d/input_AdvancedSearch_keyword"), ""): Text '' is set on object 'Object Repository/Search Freelancers/Page_Search Freelancers  American Software _f8314d/input_AdvancedSearch_keyword'

2020-09-19 00:21:08 - [MESSAGE][PASSED] - Text '' is set on object 'Object Repository/Search Freelancers/Page_Search Freelancers  American Software _f8314d/input_AdvancedSearch_keyword'

2020-09-19 00:21:08 - [TEST_STEP][PASSED] - click(findTestObject("Object Repository/Search Freelancers/Page_Search Freelancers  American Software _f8314d/i_AdvancedSearch_fa fa-search")): Object: 'Object Repository/Search Freelancers/Page_Search Freelancers  American Software _f8314d/i_AdvancedSearch_fa fa-search' is clicked on

2020-09-19 00:21:15 - [MESSAGE][PASSED] - Object: 'Object Repository/Search Freelancers/Page_Search Freelancers  American Software _f8314d/i_AdvancedSearch_fa fa-search' is clicked on

2020-09-19 00:21:15 - [TEST_STEP][PASSED] - delay(4): Delayed 4 second(s)

2020-09-19 00:21:19 - [MESSAGE][PASSED] - Delayed 4 second(s)

2020-09-19 00:21:19 - [TEST_STEP][PASSED] - click(findTestObject("Object Repository/Search Freelancers/Page_Search Freelancers  American Software _f8314d/div_Hourly Rate                           5_c012a1")): Object: 'Object Repository/Search Freelancers/Page_Search Freelancers  American Software _f8314d/div_Hourly Rate                           5_c012a1' is clicked on

2020-09-19 00:21:19 - [MESSAGE][PASSED] - Object: 'Object Repository/Search Freelancers/Page_Search Freelancers  American Software _f8314d/div_Hourly Rate                           5_c012a1' is clicked on

2020-09-19 00:21:19 - [TEST_STEP][PASSED] - click(findTestObject("Object Repository/Search Freelancers/Page_Search Freelancers  American Software _f8314d/div_Freelancer type( 0 selected )")): Object: 'Object Repository/Search Freelancers/Page_Search Freelancers  American Software _f8314d/div_Freelancer type( 0 selected )' is clicked on

2020-09-19 00:21:20 - [MESSAGE][PASSED] - Object: 'Object Repository/Search Freelancers/Page_Search Freelancers  American Software _f8314d/div_Freelancer type( 0 selected )' is clicked on

2020-09-19 00:21:20 - [TEST_STEP][PASSED] - click(findTestObject("Object Repository/Search Freelancers/Page_Search Freelancers  American Software _f8314d/div_Hourly Rate")): Object: 'Object Repository/Search Freelancers/Page_Search Freelancers  American Software _f8314d/div_Hourly Rate' is clicked on

2020-09-19 00:21:20 - [MESSAGE][PASSED] - Object: 'Object Repository/Search Freelancers/Page_Search Freelancers  American Software _f8314d/div_Hourly Rate' is clicked on

2020-09-19 00:21:20 - [TEST_STEP][NOT_RUN] - click(findTestObject("Object Repository/Search Freelancers/Page_Search Freelancers  American Software _f8314d/label_5 - 10")): NOT_RUN: click(findTestObject("Object Repository/Search Freelancers/Page_Search Freelancers  American Software _f8314d/label_5 - 10"))

2020-09-19 00:21:20 - [MESSAGE][NOT_RUN] - NOT_RUN: click(findTestObject("Object Repository/Search Freelancers/Page_Search Freelancers  American Software _f8314d/label_5 - 10"))

2020-09-19 00:21:20 - [TEST_STEP][PASSED] - click(findTestObject("Object Repository/Search Freelancers/Page_Search Freelancers  American Software _f8314d/div_Industrial experiences( 0 selected )")): Object: 'Object Repository/Search Freelancers/Page_Search Freelancers  American Software _f8314d/div_Industrial experiences( 0 selected )' is clicked on

2020-09-19 00:21:21 - [MESSAGE][PASSED] - Object: 'Object Repository/Search Freelancers/Page_Search Freelancers  American Software _f8314d/div_Industrial experiences( 0 selected )' is clicked on

2020-09-19 00:21:21 - [TEST_STEP][PASSED] - click(findTestObject("Object Repository/Search Freelancers/Page_Search Freelancers  American Software _f8314d/div_Specialization( 0 selected )")): Object: 'Object Repository/Search Freelancers/Page_Search Freelancers  American Software _f8314d/div_Specialization( 0 selected )' is clicked on

2020-09-19 00:21:21 - [MESSAGE][PASSED] - Object: 'Object Repository/Search Freelancers/Page_Search Freelancers  American Software _f8314d/div_Specialization( 0 selected )' is clicked on

2020-09-19 00:21:21 - [TEST_STEP][PASSED] - click(findTestObject("Object Repository/Search Freelancers/Page_Search Freelancers  American Software _f8314d/div_Skills( 0 selected )")): Object: 'Object Repository/Search Freelancers/Page_Search Freelancers  American Software _f8314d/div_Skills( 0 selected )' is clicked on

2020-09-19 00:21:22 - [MESSAGE][PASSED] - Object: 'Object Repository/Search Freelancers/Page_Search Freelancers  American Software _f8314d/div_Skills( 0 selected )' is clicked on

2020-09-19 00:21:22 - [TEST_STEP][PASSED] - click(findTestObject("Object Repository/Search Freelancers/Page_Search Freelancers  American Software _f8314d/div_English Level( 0 selected )")): Object: 'Object Repository/Search Freelancers/Page_Search Freelancers  American Software _f8314d/div_English Level( 0 selected )' is clicked on

2020-09-19 00:21:22 - [MESSAGE][PASSED] - Object: 'Object Repository/Search Freelancers/Page_Search Freelancers  American Software _f8314d/div_English Level( 0 selected )' is clicked on

2020-09-19 00:21:22 - [TEST_STEP][PASSED] - click(findTestObject("Object Repository/Search Freelancers/Page_Search Freelancers  American Software _f8314d/div_Location( 0 selected )")): Object: 'Object Repository/Search Freelancers/Page_Search Freelancers  American Software _f8314d/div_Location( 0 selected )' is clicked on

2020-09-19 00:21:23 - [MESSAGE][PASSED] - Object: 'Object Repository/Search Freelancers/Page_Search Freelancers  American Software _f8314d/div_Location( 0 selected )' is clicked on

2020-09-19 00:21:23 - [TEST_STEP][PASSED] - click(findTestObject("Object Repository/Search Freelancers/Page_Search Freelancers  American Software _f8314d/div_Languages( 0 selected )")): Object: 'Object Repository/Search Freelancers/Page_Search Freelancers  American Software _f8314d/div_Languages( 0 selected )' is clicked on

2020-09-19 00:21:23 - [MESSAGE][PASSED] - Object: 'Object Repository/Search Freelancers/Page_Search Freelancers  American Software _f8314d/div_Languages( 0 selected )' is clicked on

2020-09-19 00:21:23 - [TEST_STEP][PASSED] - click(findTestObject("Object Repository/Search Freelancers/Page_Search Freelancers  American Software _f8314d/input_Click Apply Filter to apply latest ch_975b30")): Object: 'Object Repository/Search Freelancers/Page_Search Freelancers  American Software _f8314d/input_Click Apply Filter to apply latest ch_975b30' is clicked on

2020-09-19 00:21:24 - [MESSAGE][PASSED] - Object: 'Object Repository/Search Freelancers/Page_Search Freelancers  American Software _f8314d/input_Click Apply Filter to apply latest ch_975b30' is clicked on

2020-09-19 00:21:24 - [TEST_STEP][PASSED] - delay(4): Delayed 4 second(s)

2020-09-19 00:21:28 - [MESSAGE][PASSED] - Delayed 4 second(s)

2020-09-19 00:21:28 - [TEST_STEP][PASSED] - click(findTestObject("Object Repository/Search Freelancers/Page_Search Freelancers  American Software _f8314d/h3_Mahendra A")): Object: 'Object Repository/Search Freelancers/Page_Search Freelancers  American Software _f8314d/h3_Mahendra A' is clicked on

2020-09-19 00:21:28 - [MESSAGE][PASSED] - Object: 'Object Repository/Search Freelancers/Page_Search Freelancers  American Software _f8314d/h3_Mahendra A' is clicked on

2020-09-19 00:21:28 - [TEST_STEP][PASSED] - click(findTestObject("Object Repository/Search Freelancers/Page_Search Freelancers  American Software _f8314d/span_Dashboard")): Object: 'Object Repository/Search Freelancers/Page_Search Freelancers  American Software _f8314d/span_Dashboard' is clicked on

2020-09-19 00:21:33 - [MESSAGE][PASSED] - Object: 'Object Repository/Search Freelancers/Page_Search Freelancers  American Software _f8314d/span_Dashboard' is clicked on

2020-09-19 00:21:33 - [TEST_STEP][PASSED] - delay(4): Delayed 4 second(s)

2020-09-19 00:21:37 - [MESSAGE][PASSED] - Delayed 4 second(s)

2020-09-19 00:21:37 - [TEST_STEP][PASSED] - click(findTestObject("Object Repository/Search Freelancers/Page_Dashboard  American Software Contracts/h3_Mahendra A")): Object: 'Object Repository/Search Freelancers/Page_Dashboard  American Software Contracts/h3_Mahendra A' is clicked on

2020-09-19 00:21:38 - [MESSAGE][PASSED] - Object: 'Object Repository/Search Freelancers/Page_Dashboard  American Software Contracts/h3_Mahendra A' is clicked on

2020-09-19 00:21:38 - [TEST_STEP][PASSED] - click(findTestObject("Object Repository/Search Freelancers/Page_Dashboard  American Software Contracts/span_Logout")): Object: 'Object Repository/Search Freelancers/Page_Dashboard  American Software Contracts/span_Logout' is clicked on

2020-09-19 00:21:43 - [MESSAGE][PASSED] - Object: 'Object Repository/Search Freelancers/Page_Dashboard  American Software Contracts/span_Logout' is clicked on

2020-09-19 00:21:43 - [TEST_STEP][PASSED] - delay(4): Delayed 4 second(s)

2020-09-19 00:21:47 - [MESSAGE][PASSED] - Delayed 4 second(s)

2020-09-19 00:21:47 - [TEST_STEP][PASSED] - closeBrowser(): Browser is closed

2020-09-19 00:21:48 - [MESSAGE][PASSED] - Browser is closed]]></system-out>
         <system-err><![CDATA[]]></system-err>
      </testcase>
      <system-out><![CDATA[2020-09-19 00:15:52 - [TEST_SUITE][PASSED] - Test Suite 8_ASC: Test Cases/Search Page/Search Freelancers]]></system-out>
      <system-err><![CDATA[]]></system-err>
   </testsuite>
</testsuites>
