<?xml version="1.0" encoding="UTF-8"?>
<testsuites name="Test Suite 2_ASC" time="214.606" tests="2" failures="0" errors="0">
   <testsuite name="Test Suite 2_ASC" tests="2" failures="0" errors="0" time="214.606" timestamp="2020-09-14 21:17:02" hostname="Mahi - MSAMARA" id="Test Suites/Test Suite 2_ASC">
      <properties>
         <property name="deviceName" value=""/>
         <property name="devicePlatform" value=""/>
         <property name="logFolder" value="C:\\Users\\Mahi\\git\\KatalonGitTestASC1\\Reports\\20200914_211654\\Test Suite 2_ASC\\20200914_211654"/>
         <property name="logFiles" value="C:\\Users\\Mahi\\git\\KatalonGitTestASC1\\Reports\\20200914_211654\\Test Suite 2_ASC\\20200914_211654\\execution0.log"/>
         <property name="attachments" value=""/>
         <property name="hostName" value="Mahi - MSAMARA"/>
         <property name="os" value="Windows 8.1 64bit"/>
         <property name="katalonVersion" value="7.6.2.205"/>
         <property name="browser" value="Chrome 85.0.4183.102"/>
         <property name="hostAddress" value="192.168.0.105"/>
         <property name="sessionId" value="c6a9795885253c32aa7b523fcff9fa2d"/>
         <property name="seleniumVersion" value="3.141.59"/>
         <property name="proxyInformation" value="ProxyInformation { proxyOption=NO_PROXY, proxyServerType=HTTP, username=, password=********, proxyServerAddress=, proxyServerPort=0, executionList=\&quot;\&quot;, isApplyToDesiredCapabilities=true }"/>
         <property name="platform" value="Windows 8.1"/>
      </properties>
      <testcase name="Test Cases/Manage Jobs and Projects/Types of Jobs - Employer" time="150.832" classname="Test Cases/Manage Jobs and Projects/Types of Jobs - Employer" status="PASSED">
         <system-out><![CDATA[2020-09-14 21:17:03 - [TEST_CASE][PASSED] - Test Cases/Manage Jobs and Projects/Types of Jobs - Employer: Test Cases/Manage Jobs and Projects/Types of Jobs - Employer

2020-09-14 21:17:04 - [TEST_STEP][PASSED] - openBrowser(""): Browser is opened with url: ''

2020-09-14 21:17:04 - [MESSAGE][INFO] - Starting 'Chrome' driver

2020-09-14 21:17:04 - [MESSAGE][INFO] - Action delay is set to 0 milliseconds

2020-09-14 21:17:08 - [MESSAGE][PASSED] - Browser is opened with url: ''

2020-09-14 21:17:08 - [TEST_STEP][PASSED] - navigateToUrl("https://www.wp.americansoftwarecontracts.com/"): Navigate to 'https://www.wp.americansoftwarecontracts.com/' successfully

2020-09-14 21:17:14 - [MESSAGE][PASSED] - Navigate to 'https://www.wp.americansoftwarecontracts.com/' successfully

2020-09-14 21:17:14 - [TEST_STEP][PASSED] - maximizeWindow(): Current window maximized

2020-09-14 21:17:17 - [MESSAGE][PASSED] - Current window maximized

2020-09-14 21:17:17 - [TEST_STEP][PASSED] - click(findTestObject("Page_American Software Contracts  Marketpla_f90b1c/a_Sign In")): Object: 'Object Repository/Page_American Software Contracts  Marketpla_f90b1c/a_Sign In' is clicked on

2020-09-14 21:17:18 - [MESSAGE][PASSED] - Object: 'Object Repository/Page_American Software Contracts  Marketpla_f90b1c/a_Sign In' is clicked on

2020-09-14 21:17:18 - [TEST_STEP][PASSED] - setText(findTestObject("Page_American Software Contracts  Marketpla_f90b1c/input_Login_username"), "mahendram15@gmail.com"): Text 'mahendram15@gmail.com' is set on object 'Object Repository/Page_American Software Contracts  Marketpla_f90b1c/input_Login_username'

2020-09-14 21:17:19 - [MESSAGE][PASSED] - Text 'mahendram15@gmail.com' is set on object 'Object Repository/Page_American Software Contracts  Marketpla_f90b1c/input_Login_username'

2020-09-14 21:17:19 - [TEST_STEP][PASSED] - setEncryptedText(findTestObject("Object Repository/Page_American Software Contracts  Marketpla_f90b1c/input_Login_password"), "XUwhRSdIKYJlFl7OB//OUg=="): Text ****** has been set on object 'Object Repository/Page_American Software Contracts  Marketpla_f90b1c/input_Login_password'

2020-09-14 21:17:20 - [MESSAGE][PASSED] - Text ****** has been set on object 'Object Repository/Page_American Software Contracts  Marketpla_f90b1c/input_Login_password'

2020-09-14 21:17:20 - [TEST_STEP][PASSED] - click(findTestObject("Page_American Software Contracts  Marketpla_f90b1c/button_login")): Object: 'Object Repository/Page_American Software Contracts  Marketpla_f90b1c/button_login' is clicked on

2020-09-14 21:17:20 - [MESSAGE][PASSED] - Object: 'Object Repository/Page_American Software Contracts  Marketpla_f90b1c/button_login' is clicked on

2020-09-14 21:17:20 - [TEST_STEP][PASSED] - click(findTestObject("Object Repository/Page_Dashboard  American Software Contracts/h3_Mahendra A")): Object: 'Object Repository/Page_Dashboard  American Software Contracts/h3_Mahendra A' is clicked on

2020-09-14 21:17:28 - [MESSAGE][PASSED] - Object: 'Object Repository/Page_Dashboard  American Software Contracts/h3_Mahendra A' is clicked on

2020-09-14 21:17:28 - [TEST_STEP][PASSED] - click(findTestObject("Object Repository/Page_Dashboard  American Software Contracts/span_Manage Jobs")): Object: 'Object Repository/Page_Dashboard  American Software Contracts/span_Manage Jobs' is clicked on

2020-09-14 21:17:29 - [MESSAGE][PASSED] - Object: 'Object Repository/Page_Dashboard  American Software Contracts/span_Manage Jobs' is clicked on

2020-09-14 21:17:29 - [TEST_STEP][PASSED] - click(findTestObject("Object Repository/Page_Dashboard  American Software Contracts/a_Post a job")): Object: 'Object Repository/Page_Dashboard  American Software Contracts/a_Post a job' is clicked on

2020-09-14 21:17:33 - [MESSAGE][PASSED] - Object: 'Object Repository/Page_Dashboard  American Software Contracts/a_Post a job' is clicked on

2020-09-14 21:17:33 - [TEST_STEP][PASSED] - delay(8): Delayed 8 second(s)

2020-09-14 21:17:41 - [MESSAGE][PASSED] - Delayed 8 second(s)

2020-09-14 21:17:41 - [TEST_STEP][PASSED] - click(findTestObject("All Sections/Page_American Software Contracts  Marketpla_f90b1c/h3_Mahendra A")): Object: 'Object Repository/All Sections/Page_American Software Contracts  Marketpla_f90b1c/h3_Mahendra A' is clicked on

2020-09-14 21:17:42 - [MESSAGE][PASSED] - Object: 'Object Repository/All Sections/Page_American Software Contracts  Marketpla_f90b1c/h3_Mahendra A' is clicked on

2020-09-14 21:17:42 - [TEST_STEP][PASSED] - click(findTestObject("Employer/Page_Dashboard  American Software Contracts/a_Packages")): Object: 'Object Repository/Employer/Page_Dashboard  American Software Contracts/a_Packages' is clicked on

2020-09-14 21:17:47 - [MESSAGE][PASSED] - Object: 'Object Repository/Employer/Page_Dashboard  American Software Contracts/a_Packages' is clicked on

2020-09-14 21:17:47 - [TEST_STEP][PASSED] - delay(3): Delayed 3 second(s)

2020-09-14 21:17:50 - [MESSAGE][PASSED] - Delayed 3 second(s)

2020-09-14 21:17:50 - [TEST_STEP][PASSED] - click(findTestObject("Object Repository/Page_Dashboard  American Software Contracts/span_Buy Now")): Object: 'Object Repository/Page_Dashboard  American Software Contracts/span_Buy Now' is clicked on

2020-09-14 21:17:51 - [MESSAGE][PASSED] - Object: 'Object Repository/Page_Dashboard  American Software Contracts/span_Buy Now' is clicked on

2020-09-14 21:17:51 - [TEST_STEP][PASSED] - click(findTestObject("Object Repository/Page_Dashboard  American Software Contracts/a_Yes")): Object: 'Object Repository/Page_Dashboard  American Software Contracts/a_Yes' is clicked on

2020-09-14 21:17:51 - [MESSAGE][PASSED] - Object: 'Object Repository/Page_Dashboard  American Software Contracts/a_Yes' is clicked on

2020-09-14 21:17:51 - [TEST_STEP][PASSED] - delay(3): Delayed 3 second(s)

2020-09-14 21:17:54 - [MESSAGE][PASSED] - Delayed 3 second(s)

2020-09-14 21:17:54 - [TEST_STEP][PASSED] - click(findTestObject("Object Repository/Page_Checkout  American Software Contracts/h3_Mahendra A")): Object: 'Object Repository/Page_Checkout  American Software Contracts/h3_Mahendra A' is clicked on

2020-09-14 21:17:57 - [MESSAGE][PASSED] - Object: 'Object Repository/Page_Checkout  American Software Contracts/h3_Mahendra A' is clicked on

2020-09-14 21:17:57 - [TEST_STEP][PASSED] - click(findTestObject("Object Repository/Page_Checkout  American Software Contracts/span_Manage Jobs")): Object: 'Object Repository/Page_Checkout  American Software Contracts/span_Manage Jobs' is clicked on

2020-09-14 21:17:58 - [MESSAGE][PASSED] - Object: 'Object Repository/Page_Checkout  American Software Contracts/span_Manage Jobs' is clicked on

2020-09-14 21:17:58 - [TEST_STEP][PASSED] - click(findTestObject("Object Repository/Page_Checkout  American Software Contracts/a_Post a job")): Object: 'Object Repository/Page_Checkout  American Software Contracts/a_Post a job' is clicked on

2020-09-14 21:18:02 - [MESSAGE][PASSED] - Object: 'Object Repository/Page_Checkout  American Software Contracts/a_Post a job' is clicked on

2020-09-14 21:18:02 - [TEST_STEP][PASSED] - delay(3): Delayed 3 second(s)

2020-09-14 21:18:05 - [MESSAGE][PASSED] - Delayed 3 second(s)

2020-09-14 21:18:05 - [TEST_STEP][PASSED] - click(findTestObject("All Sections/Page_American Software Contracts  Marketpla_f90b1c/h3_Mahendra A")): Object: 'Object Repository/All Sections/Page_American Software Contracts  Marketpla_f90b1c/h3_Mahendra A' is clicked on

2020-09-14 21:18:06 - [MESSAGE][PASSED] - Object: 'Object Repository/All Sections/Page_American Software Contracts  Marketpla_f90b1c/h3_Mahendra A' is clicked on

2020-09-14 21:18:06 - [TEST_STEP][PASSED] - click(findTestObject("Employer/Page_Dashboard  American Software Contracts/a_Packages")): Object: 'Object Repository/Employer/Page_Dashboard  American Software Contracts/a_Packages' is clicked on

2020-09-14 21:18:10 - [MESSAGE][PASSED] - Object: 'Object Repository/Employer/Page_Dashboard  American Software Contracts/a_Packages' is clicked on

2020-09-14 21:18:10 - [TEST_STEP][PASSED] - delay(3): Delayed 3 second(s)

2020-09-14 21:18:13 - [MESSAGE][PASSED] - Delayed 3 second(s)

2020-09-14 21:18:13 - [TEST_STEP][PASSED] - click(findTestObject("Object Repository/Page_Dashboard  American Software Contracts/span_Buy Now")): Object: 'Object Repository/Page_Dashboard  American Software Contracts/span_Buy Now' is clicked on

2020-09-14 21:18:14 - [MESSAGE][PASSED] - Object: 'Object Repository/Page_Dashboard  American Software Contracts/span_Buy Now' is clicked on

2020-09-14 21:18:14 - [TEST_STEP][PASSED] - click(findTestObject("Object Repository/Page_Dashboard  American Software Contracts/a_No")): Object: 'Object Repository/Page_Dashboard  American Software Contracts/a_No' is clicked on

2020-09-14 21:18:15 - [MESSAGE][PASSED] - Object: 'Object Repository/Page_Dashboard  American Software Contracts/a_No' is clicked on

2020-09-14 21:18:15 - [TEST_STEP][PASSED] - delay(2): Delayed 2 second(s)

2020-09-14 21:18:17 - [MESSAGE][PASSED] - Delayed 2 second(s)

2020-09-14 21:18:17 - [TEST_STEP][PASSED] - click(findTestObject("Object Repository/Page_Dashboard  American Software Contracts/span_Buy Now")): Object: 'Object Repository/Page_Dashboard  American Software Contracts/span_Buy Now' is clicked on

2020-09-14 21:18:18 - [MESSAGE][PASSED] - Object: 'Object Repository/Page_Dashboard  American Software Contracts/span_Buy Now' is clicked on

2020-09-14 21:18:18 - [TEST_STEP][PASSED] - click(findTestObject("Object Repository/Page_Dashboard  American Software Contracts/a_Yes")): Object: 'Object Repository/Page_Dashboard  American Software Contracts/a_Yes' is clicked on

2020-09-14 21:18:18 - [MESSAGE][PASSED] - Object: 'Object Repository/Page_Dashboard  American Software Contracts/a_Yes' is clicked on

2020-09-14 21:18:18 - [TEST_STEP][PASSED] - delay(2): Delayed 2 second(s)

2020-09-14 21:18:20 - [MESSAGE][PASSED] - Delayed 2 second(s)

2020-09-14 21:18:20 - [TEST_STEP][PASSED] - click(findTestObject("Page_Checkout  American Software Contracts/h3_Mahendra A")): Object: 'Object Repository/Page_Checkout  American Software Contracts/h3_Mahendra A' is clicked on

2020-09-14 21:18:25 - [MESSAGE][PASSED] - Object: 'Object Repository/Page_Checkout  American Software Contracts/h3_Mahendra A' is clicked on

2020-09-14 21:18:25 - [TEST_STEP][PASSED] - click(findTestObject("Page_Checkout  American Software Contracts/span_Manage Jobs")): Object: 'Object Repository/Page_Checkout  American Software Contracts/span_Manage Jobs' is clicked on

2020-09-14 21:18:25 - [MESSAGE][PASSED] - Object: 'Object Repository/Page_Checkout  American Software Contracts/span_Manage Jobs' is clicked on

2020-09-14 21:18:25 - [TEST_STEP][PASSED] - click(findTestObject("Page_Dashboard  American Software Contracts/a_Post a job")): Object: 'Object Repository/Page_Dashboard  American Software Contracts/a_Post a job' is clicked on

2020-09-14 21:18:30 - [MESSAGE][PASSED] - Object: 'Object Repository/Page_Dashboard  American Software Contracts/a_Post a job' is clicked on

2020-09-14 21:18:30 - [TEST_STEP][PASSED] - delay(3): Delayed 3 second(s)

2020-09-14 21:18:33 - [MESSAGE][PASSED] - Delayed 3 second(s)

2020-09-14 21:18:33 - [TEST_STEP][PASSED] - click(findTestObject("All Sections/Page_American Software Contracts  Marketpla_f90b1c/h3_Mahendra A")): Object: 'Object Repository/All Sections/Page_American Software Contracts  Marketpla_f90b1c/h3_Mahendra A' is clicked on

2020-09-14 21:18:33 - [MESSAGE][PASSED] - Object: 'Object Repository/All Sections/Page_American Software Contracts  Marketpla_f90b1c/h3_Mahendra A' is clicked on

2020-09-14 21:18:33 - [TEST_STEP][PASSED] - click(findTestObject("Employer/Page_Dashboard  American Software Contracts/a_Packages")): Object: 'Object Repository/Employer/Page_Dashboard  American Software Contracts/a_Packages' is clicked on

2020-09-14 21:18:37 - [MESSAGE][PASSED] - Object: 'Object Repository/Employer/Page_Dashboard  American Software Contracts/a_Packages' is clicked on

2020-09-14 21:18:37 - [TEST_STEP][PASSED] - delay(3): Delayed 3 second(s)

2020-09-14 21:18:40 - [MESSAGE][PASSED] - Delayed 3 second(s)

2020-09-14 21:18:40 - [TEST_STEP][PASSED] - click(findTestObject("Page_Dashboard  American Software Contracts/span_Buy Now")): Object: 'Object Repository/Page_Dashboard  American Software Contracts/span_Buy Now' is clicked on

2020-09-14 21:18:41 - [MESSAGE][PASSED] - Object: 'Object Repository/Page_Dashboard  American Software Contracts/span_Buy Now' is clicked on

2020-09-14 21:18:41 - [TEST_STEP][PASSED] - click(findTestObject("Page_Dashboard  American Software Contracts/a_Yes")): Object: 'Object Repository/Page_Dashboard  American Software Contracts/a_Yes' is clicked on

2020-09-14 21:18:42 - [MESSAGE][PASSED] - Object: 'Object Repository/Page_Dashboard  American Software Contracts/a_Yes' is clicked on

2020-09-14 21:18:42 - [TEST_STEP][PASSED] - click(findTestObject("Page_Dashboard  American Software Contracts/h3_Mahendra A")): Object: 'Object Repository/Page_Dashboard  American Software Contracts/h3_Mahendra A' is clicked on

2020-09-14 21:18:48 - [MESSAGE][PASSED] - Object: 'Object Repository/Page_Dashboard  American Software Contracts/h3_Mahendra A' is clicked on

2020-09-14 21:18:48 - [TEST_STEP][PASSED] - click(findTestObject("Page_Dashboard  American Software Contracts/span_Manage Jobs")): Object: 'Object Repository/Page_Dashboard  American Software Contracts/span_Manage Jobs' is clicked on

2020-09-14 21:18:49 - [MESSAGE][PASSED] - Object: 'Object Repository/Page_Dashboard  American Software Contracts/span_Manage Jobs' is clicked on

2020-09-14 21:18:49 - [TEST_STEP][PASSED] - click(findTestObject("Page_Checkout  American Software Contracts/a_Posted Jobs")): Object: 'Object Repository/Page_Checkout  American Software Contracts/a_Posted Jobs' is clicked on

2020-09-14 21:18:52 - [MESSAGE][PASSED] - Object: 'Object Repository/Page_Checkout  American Software Contracts/a_Posted Jobs' is clicked on

2020-09-14 21:18:52 - [TEST_STEP][PASSED] - delay(3): Delayed 3 second(s)

2020-09-14 21:18:55 - [MESSAGE][PASSED] - Delayed 3 second(s)

2020-09-14 21:18:55 - [TEST_STEP][PASSED] - click(findTestObject("Page_Dashboard  American Software Contracts/h3_Mahendra A")): Object: 'Object Repository/Page_Dashboard  American Software Contracts/h3_Mahendra A' is clicked on

2020-09-14 21:18:56 - [MESSAGE][PASSED] - Object: 'Object Repository/Page_Dashboard  American Software Contracts/h3_Mahendra A' is clicked on

2020-09-14 21:18:56 - [TEST_STEP][PASSED] - click(findTestObject("Page_Dashboard  American Software Contracts/span_Manage Jobs")): Object: 'Object Repository/Page_Dashboard  American Software Contracts/span_Manage Jobs' is clicked on

2020-09-14 21:18:56 - [MESSAGE][PASSED] - Object: 'Object Repository/Page_Dashboard  American Software Contracts/span_Manage Jobs' is clicked on

2020-09-14 21:18:56 - [TEST_STEP][PASSED] - click(findTestObject("Page_Checkout  American Software Contracts/a_Ongoing Jobs")): Object: 'Object Repository/Page_Checkout  American Software Contracts/a_Ongoing Jobs' is clicked on

2020-09-14 21:19:01 - [MESSAGE][PASSED] - Object: 'Object Repository/Page_Checkout  American Software Contracts/a_Ongoing Jobs' is clicked on

2020-09-14 21:19:01 - [TEST_STEP][PASSED] - delay(3): Delayed 3 second(s)

2020-09-14 21:19:04 - [MESSAGE][PASSED] - Delayed 3 second(s)

2020-09-14 21:19:04 - [TEST_STEP][PASSED] - click(findTestObject("Page_Dashboard  American Software Contracts/h3_Mahendra A")): Object: 'Object Repository/Page_Dashboard  American Software Contracts/h3_Mahendra A' is clicked on

2020-09-14 21:19:05 - [MESSAGE][PASSED] - Object: 'Object Repository/Page_Dashboard  American Software Contracts/h3_Mahendra A' is clicked on

2020-09-14 21:19:05 - [TEST_STEP][PASSED] - click(findTestObject("Page_Dashboard  American Software Contracts/span_Manage Jobs")): Object: 'Object Repository/Page_Dashboard  American Software Contracts/span_Manage Jobs' is clicked on

2020-09-14 21:19:05 - [MESSAGE][PASSED] - Object: 'Object Repository/Page_Dashboard  American Software Contracts/span_Manage Jobs' is clicked on

2020-09-14 21:19:05 - [TEST_STEP][PASSED] - click(findTestObject("Page_Checkout  American Software Contracts/a_Completed Jobs")): Object: 'Object Repository/Page_Checkout  American Software Contracts/a_Completed Jobs' is clicked on

2020-09-14 21:19:08 - [MESSAGE][PASSED] - Object: 'Object Repository/Page_Checkout  American Software Contracts/a_Completed Jobs' is clicked on

2020-09-14 21:19:08 - [TEST_STEP][PASSED] - delay(3): Delayed 3 second(s)

2020-09-14 21:19:11 - [MESSAGE][PASSED] - Delayed 3 second(s)

2020-09-14 21:19:11 - [TEST_STEP][PASSED] - click(findTestObject("Page_Checkout  American Software Contracts/h3_Mahendra A")): Object: 'Object Repository/Page_Checkout  American Software Contracts/h3_Mahendra A' is clicked on

2020-09-14 21:19:12 - [MESSAGE][PASSED] - Object: 'Object Repository/Page_Checkout  American Software Contracts/h3_Mahendra A' is clicked on

2020-09-14 21:19:12 - [TEST_STEP][PASSED] - click(findTestObject("Page_Checkout  American Software Contracts/span_Manage Jobs")): Object: 'Object Repository/Page_Checkout  American Software Contracts/span_Manage Jobs' is clicked on

2020-09-14 21:19:13 - [MESSAGE][PASSED] - Object: 'Object Repository/Page_Checkout  American Software Contracts/span_Manage Jobs' is clicked on

2020-09-14 21:19:13 - [TEST_STEP][PASSED] - click(findTestObject("Page_Checkout  American Software Contracts/a_Cancelled Jobs")): Object: 'Object Repository/Page_Checkout  American Software Contracts/a_Cancelled Jobs' is clicked on

2020-09-14 21:19:17 - [MESSAGE][PASSED] - Object: 'Object Repository/Page_Checkout  American Software Contracts/a_Cancelled Jobs' is clicked on

2020-09-14 21:19:17 - [TEST_STEP][PASSED] - delay(3): Delayed 3 second(s)

2020-09-14 21:19:20 - [MESSAGE][PASSED] - Delayed 3 second(s)

2020-09-14 21:19:20 - [TEST_STEP][PASSED] - click(findTestObject("Page_Checkout  American Software Contracts/h3_Mahendra A")): Object: 'Object Repository/Page_Checkout  American Software Contracts/h3_Mahendra A' is clicked on

2020-09-14 21:19:21 - [MESSAGE][PASSED] - Object: 'Object Repository/Page_Checkout  American Software Contracts/h3_Mahendra A' is clicked on

2020-09-14 21:19:21 - [TEST_STEP][PASSED] - click(findTestObject("Page_Dashboard  American Software Contracts/a_Dashboard")): Object: 'Object Repository/Page_Dashboard  American Software Contracts/a_Dashboard' is clicked on

2020-09-14 21:19:24 - [MESSAGE][PASSED] - Object: 'Object Repository/Page_Dashboard  American Software Contracts/a_Dashboard' is clicked on

2020-09-14 21:19:24 - [TEST_STEP][PASSED] - click(findTestObject("Page_Dashboard  American Software Contracts/h3_Mahendra A")): Object: 'Object Repository/Page_Dashboard  American Software Contracts/h3_Mahendra A' is clicked on

2020-09-14 21:19:25 - [MESSAGE][PASSED] - Object: 'Object Repository/Page_Dashboard  American Software Contracts/h3_Mahendra A' is clicked on

2020-09-14 21:19:25 - [TEST_STEP][PASSED] - click(findTestObject("Page_Dashboard  American Software Contracts/a_Logout")): Object: 'Object Repository/Page_Dashboard  American Software Contracts/a_Logout' is clicked on

2020-09-14 21:19:29 - [MESSAGE][PASSED] - Object: 'Object Repository/Page_Dashboard  American Software Contracts/a_Logout' is clicked on

2020-09-14 21:19:29 - [TEST_STEP][PASSED] - delay(3): Delayed 3 second(s)

2020-09-14 21:19:32 - [MESSAGE][PASSED] - Delayed 3 second(s)

2020-09-14 21:19:32 - [TEST_STEP][PASSED] - closeBrowser(): Browser is closed

2020-09-14 21:19:34 - [MESSAGE][PASSED] - Browser is closed]]></system-out>
         <system-err><![CDATA[]]></system-err>
      </testcase>
      <testcase name="Test Cases/Manage Jobs and Projects/Types of Projects - Freelancer" time="63.031" classname="Test Cases/Manage Jobs and Projects/Types of Projects - Freelancer" status="PASSED">
         <system-out><![CDATA[2020-09-14 21:19:34 - [TEST_CASE][PASSED] - Test Cases/Manage Jobs and Projects/Types of Projects - Freelancer: Test Cases/Manage Jobs and Projects/Types of Projects - Freelancer

2020-09-14 21:19:34 - [TEST_STEP][PASSED] - openBrowser(""): Browser is opened with url: ''

2020-09-14 21:19:34 - [MESSAGE][INFO] - Starting 'Chrome' driver

2020-09-14 21:19:34 - [MESSAGE][INFO] - Action delay is set to 0 milliseconds

2020-09-14 21:19:37 - [MESSAGE][PASSED] - Browser is opened with url: ''

2020-09-14 21:19:37 - [TEST_STEP][PASSED] - navigateToUrl("https://www.wp.americansoftwarecontracts.com/"): Navigate to 'https://www.wp.americansoftwarecontracts.com/' successfully

2020-09-14 21:19:45 - [MESSAGE][PASSED] - Navigate to 'https://www.wp.americansoftwarecontracts.com/' successfully

2020-09-14 21:19:45 - [TEST_STEP][PASSED] - maximizeWindow(): Current window maximized

2020-09-14 21:19:46 - [MESSAGE][PASSED] - Current window maximized

2020-09-14 21:19:46 - [TEST_STEP][PASSED] - click(findTestObject("Object Repository/Types of Projects/Page_American Software Contracts  Marketpla_f90b1c/a_Sign In")): Object: 'Object Repository/Types of Projects/Page_American Software Contracts  Marketpla_f90b1c/a_Sign In' is clicked on

2020-09-14 21:19:47 - [MESSAGE][PASSED] - Object: 'Object Repository/Types of Projects/Page_American Software Contracts  Marketpla_f90b1c/a_Sign In' is clicked on

2020-09-14 21:19:47 - [TEST_STEP][PASSED] - setText(findTestObject("Object Repository/Types of Projects/Page_American Software Contracts  Marketpla_f90b1c/input_Login_username"), "amaramahendra1989@gmail.com"): Text 'amaramahendra1989@gmail.com' is set on object 'Object Repository/Types of Projects/Page_American Software Contracts  Marketpla_f90b1c/input_Login_username'

2020-09-14 21:19:48 - [MESSAGE][PASSED] - Text 'amaramahendra1989@gmail.com' is set on object 'Object Repository/Types of Projects/Page_American Software Contracts  Marketpla_f90b1c/input_Login_username'

2020-09-14 21:19:48 - [TEST_STEP][PASSED] - setEncryptedText(findTestObject("Object Repository/Types of Projects/Page_American Software Contracts  Marketpla_f90b1c/input_Login_password"), "XUwhRSdIKYJlFl7OB//OUg=="): Text ****** has been set on object 'Object Repository/Types of Projects/Page_American Software Contracts  Marketpla_f90b1c/input_Login_password'

2020-09-14 21:19:49 - [MESSAGE][PASSED] - Text ****** has been set on object 'Object Repository/Types of Projects/Page_American Software Contracts  Marketpla_f90b1c/input_Login_password'

2020-09-14 21:19:49 - [TEST_STEP][PASSED] - click(findTestObject("Object Repository/Types of Projects/Page_American Software Contracts  Marketpla_f90b1c/button_login")): Object: 'Object Repository/Types of Projects/Page_American Software Contracts  Marketpla_f90b1c/button_login' is clicked on

2020-09-14 21:19:50 - [MESSAGE][PASSED] - Object: 'Object Repository/Types of Projects/Page_American Software Contracts  Marketpla_f90b1c/button_login' is clicked on

2020-09-14 21:19:50 - [TEST_STEP][PASSED] - click(findTestObject("Types of Projects/Page_Dashboard  American Software Contracts/div_Test T")): Object: 'Object Repository/Types of Projects/Page_Dashboard  American Software Contracts/div_Test T' is clicked on

2020-09-14 21:19:58 - [MESSAGE][PASSED] - Object: 'Object Repository/Types of Projects/Page_Dashboard  American Software Contracts/div_Test T' is clicked on

2020-09-14 21:19:58 - [TEST_STEP][PASSED] - click(findTestObject("Object Repository/Types of Projects/Page_Dashboard  American Software Contracts/a_Manage projects")): Object: 'Object Repository/Types of Projects/Page_Dashboard  American Software Contracts/a_Manage projects' is clicked on

2020-09-14 21:19:59 - [MESSAGE][PASSED] - Object: 'Object Repository/Types of Projects/Page_Dashboard  American Software Contracts/a_Manage projects' is clicked on

2020-09-14 21:19:59 - [TEST_STEP][PASSED] - click(findTestObject("Object Repository/Types of Projects/Page_Dashboard  American Software Contracts/a_Your Proposals")): Object: 'Object Repository/Types of Projects/Page_Dashboard  American Software Contracts/a_Your Proposals' is clicked on

2020-09-14 21:20:03 - [MESSAGE][PASSED] - Object: 'Object Repository/Types of Projects/Page_Dashboard  American Software Contracts/a_Your Proposals' is clicked on

2020-09-14 21:20:03 - [TEST_STEP][PASSED] - delay(3): Delayed 3 second(s)

2020-09-14 21:20:06 - [MESSAGE][PASSED] - Delayed 3 second(s)

2020-09-14 21:20:06 - [TEST_STEP][PASSED] - click(findTestObject("Types of Projects/Page_Dashboard  American Software Contracts/div_Test T")): Object: 'Object Repository/Types of Projects/Page_Dashboard  American Software Contracts/div_Test T' is clicked on

2020-09-14 21:20:06 - [MESSAGE][PASSED] - Object: 'Object Repository/Types of Projects/Page_Dashboard  American Software Contracts/div_Test T' is clicked on

2020-09-14 21:20:06 - [TEST_STEP][PASSED] - click(findTestObject("Types of Projects/Page_Dashboard  American Software Contracts/a_Manage projects")): Object: 'Object Repository/Types of Projects/Page_Dashboard  American Software Contracts/a_Manage projects' is clicked on

2020-09-14 21:20:08 - [MESSAGE][PASSED] - Object: 'Object Repository/Types of Projects/Page_Dashboard  American Software Contracts/a_Manage projects' is clicked on

2020-09-14 21:20:08 - [TEST_STEP][PASSED] - click(findTestObject("Object Repository/Types of Projects/Page_Dashboard  American Software Contracts/a_Ongoing Projects")): Object: 'Object Repository/Types of Projects/Page_Dashboard  American Software Contracts/a_Ongoing Projects' is clicked on

2020-09-14 21:20:11 - [MESSAGE][PASSED] - Object: 'Object Repository/Types of Projects/Page_Dashboard  American Software Contracts/a_Ongoing Projects' is clicked on

2020-09-14 21:20:11 - [TEST_STEP][PASSED] - delay(3): Delayed 3 second(s)

2020-09-14 21:20:14 - [MESSAGE][PASSED] - Delayed 3 second(s)

2020-09-14 21:20:14 - [TEST_STEP][PASSED] - click(findTestObject("Types of Projects/Page_Dashboard  American Software Contracts/div_Test T")): Object: 'Object Repository/Types of Projects/Page_Dashboard  American Software Contracts/div_Test T' is clicked on

2020-09-14 21:20:15 - [MESSAGE][PASSED] - Object: 'Object Repository/Types of Projects/Page_Dashboard  American Software Contracts/div_Test T' is clicked on

2020-09-14 21:20:15 - [TEST_STEP][PASSED] - click(findTestObject("Types of Projects/Page_Dashboard  American Software Contracts/a_Manage projects")): Object: 'Object Repository/Types of Projects/Page_Dashboard  American Software Contracts/a_Manage projects' is clicked on

2020-09-14 21:20:16 - [MESSAGE][PASSED] - Object: 'Object Repository/Types of Projects/Page_Dashboard  American Software Contracts/a_Manage projects' is clicked on

2020-09-14 21:20:16 - [TEST_STEP][PASSED] - click(findTestObject("Types of Projects/Page_Dashboard  American Software Contracts/a_Completed Projects")): Object: 'Object Repository/Types of Projects/Page_Dashboard  American Software Contracts/a_Completed Projects' is clicked on

2020-09-14 21:20:20 - [MESSAGE][PASSED] - Object: 'Object Repository/Types of Projects/Page_Dashboard  American Software Contracts/a_Completed Projects' is clicked on

2020-09-14 21:20:20 - [TEST_STEP][PASSED] - delay(3): Delayed 3 second(s)

2020-09-14 21:20:23 - [MESSAGE][PASSED] - Delayed 3 second(s)

2020-09-14 21:20:23 - [TEST_STEP][PASSED] - click(findTestObject("Types of Projects/Page_Dashboard  American Software Contracts/div_Test T")): Object: 'Object Repository/Types of Projects/Page_Dashboard  American Software Contracts/div_Test T' is clicked on

2020-09-14 21:20:23 - [MESSAGE][PASSED] - Object: 'Object Repository/Types of Projects/Page_Dashboard  American Software Contracts/div_Test T' is clicked on

2020-09-14 21:20:23 - [TEST_STEP][PASSED] - click(findTestObject("Types of Projects/Page_Dashboard  American Software Contracts/a_Manage projects")): Object: 'Object Repository/Types of Projects/Page_Dashboard  American Software Contracts/a_Manage projects' is clicked on

2020-09-14 21:20:24 - [MESSAGE][PASSED] - Object: 'Object Repository/Types of Projects/Page_Dashboard  American Software Contracts/a_Manage projects' is clicked on

2020-09-14 21:20:24 - [TEST_STEP][PASSED] - click(findTestObject("Types of Projects/Page_Dashboard  American Software Contracts/a_Cancelled Projects")): Object: 'Object Repository/Types of Projects/Page_Dashboard  American Software Contracts/a_Cancelled Projects' is clicked on

2020-09-14 21:20:28 - [MESSAGE][PASSED] - Object: 'Object Repository/Types of Projects/Page_Dashboard  American Software Contracts/a_Cancelled Projects' is clicked on

2020-09-14 21:20:28 - [TEST_STEP][PASSED] - delay(3): Delayed 3 second(s)

2020-09-14 21:20:31 - [MESSAGE][PASSED] - Delayed 3 second(s)

2020-09-14 21:20:31 - [TEST_STEP][PASSED] - click(findTestObject("Types of Projects/Page_Dashboard  American Software Contracts/div_Test T")): Object: 'Object Repository/Types of Projects/Page_Dashboard  American Software Contracts/div_Test T' is clicked on

2020-09-14 21:20:31 - [MESSAGE][PASSED] - Object: 'Object Repository/Types of Projects/Page_Dashboard  American Software Contracts/div_Test T' is clicked on

2020-09-14 21:20:31 - [TEST_STEP][PASSED] - click(findTestObject("Object Repository/Types of Projects/Page_Dashboard  American Software Contracts/span_Logout")): Object: 'Object Repository/Types of Projects/Page_Dashboard  American Software Contracts/span_Logout' is clicked on

2020-09-14 21:20:35 - [MESSAGE][PASSED] - Object: 'Object Repository/Types of Projects/Page_Dashboard  American Software Contracts/span_Logout' is clicked on

2020-09-14 21:20:35 - [TEST_STEP][PASSED] - closeBrowser(): Browser is closed

2020-09-14 21:20:37 - [MESSAGE][PASSED] - Browser is closed]]></system-out>
         <system-err><![CDATA[]]></system-err>
      </testcase>
      <system-out><![CDATA[2020-09-14 21:17:02 - [TEST_SUITE][PASSED] - Test Suite 2_ASC: Test Cases/Manage Jobs and Projects/Types of Projects - Freelancer]]></system-out>
      <system-err><![CDATA[]]></system-err>
   </testsuite>
</testsuites>
