<?xml version="1.0" encoding="UTF-8"?>
<testsuites name="Test Suite 1_ASC" time="139.201" tests="3" failures="0" errors="0">
   <testsuite name="Test Suite 1_ASC" tests="3" failures="0" errors="0" time="139.201" timestamp="2020-08-30 21:58:37" hostname="Mahi - MSAMARA" id="Test Suites/Test Suite 1_ASC">
      <properties>
         <property name="deviceName" value=""/>
         <property name="devicePlatform" value=""/>
         <property name="logFolder" value="C:\\Users\\Mahi\\Katalon Studio\\American Software Contracts\\Reports\\20200830_215830\\Test Suite 1_ASC\\20200830_215830"/>
         <property name="logFiles" value="C:\\Users\\Mahi\\Katalon Studio\\American Software Contracts\\Reports\\20200830_215830\\Test Suite 1_ASC\\20200830_215830\\execution0.log"/>
         <property name="attachments" value=""/>
         <property name="hostName" value="Mahi - MSAMARA"/>
         <property name="os" value="Windows 8.1 64bit"/>
         <property name="katalonVersion" value="null.null"/>
         <property name="browser" value="Chrome 84.0.4147.135"/>
         <property name="hostAddress" value="192.168.0.101"/>
         <property name="sessionId" value="bdc4cbab387ff09c9efb2065e55d8c00"/>
         <property name="seleniumVersion" value="3.141.59"/>
         <property name="proxyInformation" value="ProxyInformation { proxyOption=NO_PROXY, proxyServerType=HTTP, username=, password=********, proxyServerAddress=, proxyServerPort=0, executionList=\&quot;\&quot;, isApplyToDesiredCapabilities=true }"/>
         <property name="platform" value="Windows 8.1"/>
      </properties>
      <testcase name="Test Cases/Home Page/Sign In" time="61.15" classname="Test Cases/Home Page/Sign In" status="PASSED">
         <system-out><![CDATA[2020-08-30 21:58:38 - [TEST_CASE][PASSED] - Test Cases/Home Page/Sign In: Test Cases/Home Page/Sign In

2020-08-30 21:58:38 - [TEST_STEP][PASSED] - openBrowser(""): Browser is opened with url: ''

2020-08-30 21:58:39 - [MESSAGE][INFO] - Starting 'Chrome' driver

2020-08-30 21:58:39 - [MESSAGE][INFO] - Action delay is set to 0 milliseconds

2020-08-30 21:58:42 - [MESSAGE][PASSED] - Browser is opened with url: ''

2020-08-30 21:58:42 - [TEST_STEP][PASSED] - navigateToUrl("https://www.wp.americansoftwarecontracts.com/"): Navigate to 'https://www.wp.americansoftwarecontracts.com/' successfully

2020-08-30 21:58:55 - [MESSAGE][PASSED] - Navigate to 'https://www.wp.americansoftwarecontracts.com/' successfully

2020-08-30 21:58:55 - [TEST_STEP][PASSED] - maximizeWindow(): Current window maximized

2020-08-30 21:58:58 - [MESSAGE][PASSED] - Current window maximized

2020-08-30 21:58:58 - [TEST_STEP][PASSED] - delay(5): Delayed 5 second(s)

2020-08-30 21:59:03 - [MESSAGE][PASSED] - Delayed 5 second(s)

2020-08-30 21:59:03 - [TEST_STEP][PASSED] - click(findTestObject("Object Repository/Sign In_ASC/Page_American Software Contracts  Marketpla_f90b1c/a_Sign In")): Object: 'Object Repository/Sign In_ASC/Page_American Software Contracts  Marketpla_f90b1c/a_Sign In' is clicked on

2020-08-30 21:59:04 - [MESSAGE][PASSED] - Object: 'Object Repository/Sign In_ASC/Page_American Software Contracts  Marketpla_f90b1c/a_Sign In' is clicked on

2020-08-30 21:59:04 - [TEST_STEP][PASSED] - setText(findTestObject("Object Repository/Sign In_ASC/Page_American Software Contracts  Marketpla_f90b1c/input_Login_username"), "AmaraMahendra"): Text 'AmaraMahendra' is set on object 'Object Repository/Sign In_ASC/Page_American Software Contracts  Marketpla_f90b1c/input_Login_username'

2020-08-30 21:59:05 - [MESSAGE][PASSED] - Text 'AmaraMahendra' is set on object 'Object Repository/Sign In_ASC/Page_American Software Contracts  Marketpla_f90b1c/input_Login_username'

2020-08-30 21:59:05 - [TEST_STEP][PASSED] - setEncryptedText(findTestObject("Object Repository/Sign In_ASC/Page_American Software Contracts  Marketpla_f90b1c/input_Login_password"), "XUwhRSdIKYJlFl7OB//OUg=="): Text ****** has been set on object 'Object Repository/Sign In_ASC/Page_American Software Contracts  Marketpla_f90b1c/input_Login_password'

2020-08-30 21:59:06 - [MESSAGE][PASSED] - Text ****** has been set on object 'Object Repository/Sign In_ASC/Page_American Software Contracts  Marketpla_f90b1c/input_Login_password'

2020-08-30 21:59:06 - [TEST_STEP][PASSED] - click(findTestObject("Object Repository/Sign In_ASC/Page_American Software Contracts  Marketpla_f90b1c/button_login")): Object: 'Object Repository/Sign In_ASC/Page_American Software Contracts  Marketpla_f90b1c/button_login' is clicked on

2020-08-30 21:59:06 - [MESSAGE][PASSED] - Object: 'Object Repository/Sign In_ASC/Page_American Software Contracts  Marketpla_f90b1c/button_login' is clicked on

2020-08-30 21:59:06 - [TEST_STEP][PASSED] - click(findTestObject("Object Repository/Sign In_ASC/Page_Dashboard  American Software Contracts/h3_Mahendra A")): Object: 'Object Repository/Sign In_ASC/Page_Dashboard  American Software Contracts/h3_Mahendra A' is clicked on

2020-08-30 21:59:23 - [MESSAGE][PASSED] - Object: 'Object Repository/Sign In_ASC/Page_Dashboard  American Software Contracts/h3_Mahendra A' is clicked on

2020-08-30 21:59:23 - [TEST_STEP][PASSED] - click(findTestObject("Object Repository/Sign In_ASC/Page_Dashboard  American Software Contracts/span_Logout")): Object: 'Object Repository/Sign In_ASC/Page_Dashboard  American Software Contracts/span_Logout' is clicked on

2020-08-30 21:59:33 - [MESSAGE][PASSED] - Object: 'Object Repository/Sign In_ASC/Page_Dashboard  American Software Contracts/span_Logout' is clicked on

2020-08-30 21:59:33 - [TEST_STEP][PASSED] - delay(5): Delayed 5 second(s)

2020-08-30 21:59:38 - [MESSAGE][PASSED] - Delayed 5 second(s)

2020-08-30 21:59:38 - [TEST_STEP][PASSED] - closeBrowser(): Browser is closed

2020-08-30 21:59:39 - [MESSAGE][PASSED] - Browser is closed]]></system-out>
         <system-err><![CDATA[]]></system-err>
      </testcase>
      <testcase name="Test Cases/Home Page/Sign In Validation" time="39.389" classname="Test Cases/Home Page/Sign In Validation" status="PASSED">
         <system-out><![CDATA[2020-08-30 21:59:39 - [TEST_CASE][PASSED] - Test Cases/Home Page/Sign In Validation: Test Cases/Home Page/Sign In Validation

2020-08-30 21:59:39 - [TEST_STEP][PASSED] - openBrowser(""): Browser is opened with url: ''

2020-08-30 21:59:39 - [MESSAGE][INFO] - Starting 'Chrome' driver

2020-08-30 21:59:39 - [MESSAGE][INFO] - Action delay is set to 0 milliseconds

2020-08-30 21:59:42 - [MESSAGE][PASSED] - Browser is opened with url: ''

2020-08-30 21:59:42 - [TEST_STEP][PASSED] - navigateToUrl("https://www.wp.americansoftwarecontracts.com/"): Navigate to 'https://www.wp.americansoftwarecontracts.com/' successfully

2020-08-30 21:59:55 - [MESSAGE][PASSED] - Navigate to 'https://www.wp.americansoftwarecontracts.com/' successfully

2020-08-30 21:59:55 - [TEST_STEP][PASSED] - maximizeWindow(): Current window maximized

2020-08-30 21:59:56 - [MESSAGE][PASSED] - Current window maximized

2020-08-30 21:59:56 - [TEST_STEP][PASSED] - delay(5): Delayed 5 second(s)

2020-08-30 22:00:01 - [MESSAGE][PASSED] - Delayed 5 second(s)

2020-08-30 22:00:01 - [TEST_STEP][PASSED] - click(findTestObject("Object Repository/Page_American Software Contracts  Marketpla_f90b1c/a_Sign In")): Object: 'Object Repository/Page_American Software Contracts  Marketpla_f90b1c/a_Sign In' is clicked on

2020-08-30 22:00:01 - [MESSAGE][PASSED] - Object: 'Object Repository/Page_American Software Contracts  Marketpla_f90b1c/a_Sign In' is clicked on

2020-08-30 22:00:01 - [TEST_STEP][PASSED] - click(findTestObject("Object Repository/Page_American Software Contracts  Marketpla_f90b1c/button_login")): Object: 'Object Repository/Page_American Software Contracts  Marketpla_f90b1c/button_login' is clicked on

2020-08-30 22:00:02 - [MESSAGE][PASSED] - Object: 'Object Repository/Page_American Software Contracts  Marketpla_f90b1c/button_login' is clicked on

2020-08-30 22:00:02 - [TEST_STEP][PASSED] - verifyElementText(findTestObject("Sign In_ASC/Page_American Software/p_Username should not be empty"), "Username should not be empty."): Actual text and expected text of test object 'Object Repository/Sign In_ASC/Page_American Software/p_Username should not be empty' are matched.

2020-08-30 22:00:04 - [MESSAGE][PASSED] - Actual text and expected text of test object 'Object Repository/Sign In_ASC/Page_American Software/p_Username should not be empty' are matched.

2020-08-30 22:00:04 - [TEST_STEP][PASSED] - click(findTestObject("Sign In_ASC/Page_American Software/i__lnr lnr-cross")): Object: 'Object Repository/Sign In_ASC/Page_American Software/i__lnr lnr-cross' is clicked on

2020-08-30 22:00:04 - [MESSAGE][PASSED] - Object: 'Object Repository/Sign In_ASC/Page_American Software/i__lnr lnr-cross' is clicked on

2020-08-30 22:00:04 - [TEST_STEP][PASSED] - delay(3): Delayed 3 second(s)

2020-08-30 22:00:07 - [MESSAGE][PASSED] - Delayed 3 second(s)

2020-08-30 22:00:07 - [TEST_STEP][PASSED] - setText(findTestObject("Object Repository/Page_American Software Contracts  Marketpla_f90b1c/input_Login_username"), "mahendram15@gmail.com"): Text 'mahendram15@gmail.com' is set on object 'Object Repository/Page_American Software Contracts  Marketpla_f90b1c/input_Login_username'

2020-08-30 22:00:08 - [MESSAGE][PASSED] - Text 'mahendram15@gmail.com' is set on object 'Object Repository/Page_American Software Contracts  Marketpla_f90b1c/input_Login_username'

2020-08-30 22:00:08 - [TEST_STEP][PASSED] - click(findTestObject("Object Repository/Page_American Software Contracts  Marketpla_f90b1c/button_login")): Object: 'Object Repository/Page_American Software Contracts  Marketpla_f90b1c/button_login' is clicked on

2020-08-30 22:00:09 - [MESSAGE][PASSED] - Object: 'Object Repository/Page_American Software Contracts  Marketpla_f90b1c/button_login' is clicked on

2020-08-30 22:00:09 - [TEST_STEP][PASSED] - verifyElementText(findTestObject("Sign In_ASC/Page_American Software/p_Password should not be empty"), "Password should not be empty."): Actual text and expected text of test object 'Object Repository/Sign In_ASC/Page_American Software/p_Password should not be empty' are matched.

2020-08-30 22:00:14 - [MESSAGE][PASSED] - Actual text and expected text of test object 'Object Repository/Sign In_ASC/Page_American Software/p_Password should not be empty' are matched.

2020-08-30 22:00:14 - [TEST_STEP][PASSED] - click(findTestObject("Page_American/i__lnr lnr-cross")): Object: 'Object Repository/Page_American/i__lnr lnr-cross' is clicked on

2020-08-30 22:00:14 - [MESSAGE][PASSED] - Object: 'Object Repository/Page_American/i__lnr lnr-cross' is clicked on

2020-08-30 22:00:14 - [TEST_STEP][PASSED] - delay(3): Delayed 3 second(s)

2020-08-30 22:00:17 - [MESSAGE][PASSED] - Delayed 3 second(s)

2020-08-30 22:00:17 - [TEST_STEP][PASSED] - closeBrowser(): Browser is closed

2020-08-30 22:00:18 - [MESSAGE][PASSED] - Browser is closed]]></system-out>
         <system-err><![CDATA[]]></system-err>
      </testcase>
      <testcase name="Test Cases/Home Page/Reset Password and Validation" time="38.165" classname="Test Cases/Home Page/Reset Password and Validation" status="PASSED">
         <system-out><![CDATA[2020-08-30 22:00:18 - [TEST_CASE][PASSED] - Test Cases/Home Page/Reset Password and Validation: Test Cases/Home Page/Reset Password and Validation

2020-08-30 22:00:19 - [TEST_STEP][PASSED] - openBrowser(""): Browser is opened with url: ''

2020-08-30 22:00:19 - [MESSAGE][INFO] - Starting 'Chrome' driver

2020-08-30 22:00:19 - [MESSAGE][INFO] - Action delay is set to 0 milliseconds

2020-08-30 22:00:21 - [MESSAGE][PASSED] - Browser is opened with url: ''

2020-08-30 22:00:21 - [TEST_STEP][PASSED] - navigateToUrl("https://www.wp.americansoftwarecontracts.com/"): Navigate to 'https://www.wp.americansoftwarecontracts.com/' successfully

2020-08-30 22:00:34 - [MESSAGE][PASSED] - Navigate to 'https://www.wp.americansoftwarecontracts.com/' successfully

2020-08-30 22:00:34 - [TEST_STEP][PASSED] - maximizeWindow(): Current window maximized

2020-08-30 22:00:35 - [MESSAGE][PASSED] - Current window maximized

2020-08-30 22:00:35 - [TEST_STEP][PASSED] - delay(5): Delayed 5 second(s)

2020-08-30 22:00:40 - [MESSAGE][PASSED] - Delayed 5 second(s)

2020-08-30 22:00:40 - [TEST_STEP][PASSED] - click(findTestObject("Page_American Software Contracts  Marketpla_f90b1c/a_Sign In")): Object: 'Object Repository/Page_American Software Contracts  Marketpla_f90b1c/a_Sign In' is clicked on

2020-08-30 22:00:40 - [MESSAGE][PASSED] - Object: 'Object Repository/Page_American Software Contracts  Marketpla_f90b1c/a_Sign In' is clicked on

2020-08-30 22:00:40 - [TEST_STEP][PASSED] - delay(2): Delayed 2 second(s)

2020-08-30 22:00:42 - [MESSAGE][PASSED] - Delayed 2 second(s)

2020-08-30 22:00:42 - [TEST_STEP][PASSED] - click(findTestObject("Object Repository/Page_American Software Contracts  Marketpla_f90b1c/a_Reset Password")): Object: 'Object Repository/Page_American Software Contracts  Marketpla_f90b1c/a_Reset Password' is clicked on

2020-08-30 22:00:43 - [MESSAGE][PASSED] - Object: 'Object Repository/Page_American Software Contracts  Marketpla_f90b1c/a_Reset Password' is clicked on

2020-08-30 22:00:43 - [TEST_STEP][PASSED] - click(findTestObject("Object Repository/Page_American Software Contracts  Marketpla_f90b1c/a_Get Password")): Object: 'Object Repository/Page_American Software Contracts  Marketpla_f90b1c/a_Get Password' is clicked on

2020-08-30 22:00:43 - [MESSAGE][PASSED] - Object: 'Object Repository/Page_American Software Contracts  Marketpla_f90b1c/a_Get Password' is clicked on

2020-08-30 22:00:43 - [TEST_STEP][PASSED] - verifyElementText(findTestObject("Object Repository/Page_American Software Contracts  Marketpla_f90b1c/p_Please add email address"), "Please add email address."): Actual text and expected text of test object 'Object Repository/Page_American Software Contracts  Marketpla_f90b1c/p_Please add email address' are matched.

2020-08-30 22:00:46 - [MESSAGE][PASSED] - Actual text and expected text of test object 'Object Repository/Page_American Software Contracts  Marketpla_f90b1c/p_Please add email address' are matched.

2020-08-30 22:00:46 - [TEST_STEP][PASSED] - click(findTestObject("Page_American Software Contracts  Marketpla_f90b1c/i_LinkedIn_lnr lnr-cross")): Object: 'Object Repository/Page_American Software Contracts  Marketpla_f90b1c/i_LinkedIn_lnr lnr-cross' is clicked on

2020-08-30 22:00:46 - [MESSAGE][PASSED] - Object: 'Object Repository/Page_American Software Contracts  Marketpla_f90b1c/i_LinkedIn_lnr lnr-cross' is clicked on

2020-08-30 22:00:46 - [TEST_STEP][PASSED] - delay(3): Delayed 3 second(s)

2020-08-30 22:00:49 - [MESSAGE][PASSED] - Delayed 3 second(s)

2020-08-30 22:00:49 - [TEST_STEP][PASSED] - setText(findTestObject("Object Repository/Page_American Software Contracts  Marketpla_f90b1c/input_LinkedIn_email"), "amaramahendra1989@gmail.com"): Text 'amaramahendra1989@gmail.com' is set on object 'Object Repository/Page_American Software Contracts  Marketpla_f90b1c/input_LinkedIn_email'

2020-08-30 22:00:50 - [MESSAGE][PASSED] - Text 'amaramahendra1989@gmail.com' is set on object 'Object Repository/Page_American Software Contracts  Marketpla_f90b1c/input_LinkedIn_email'

2020-08-30 22:00:50 - [TEST_STEP][PASSED] - click(findTestObject("Object Repository/Page_American Software Contracts  Marketpla_f90b1c/a_Get Password")): Object: 'Object Repository/Page_American Software Contracts  Marketpla_f90b1c/a_Get Password' is clicked on

2020-08-30 22:00:50 - [MESSAGE][PASSED] - Object: 'Object Repository/Page_American Software Contracts  Marketpla_f90b1c/a_Get Password' is clicked on

2020-08-30 22:00:50 - [TEST_STEP][PASSED] - verifyElementText(findTestObject("Object Repository/Page_American Software Contracts  Marketpla_f90b1c/p_A link has been sent please check your email"), "A link has been sent, please check your email."): Actual text and expected text of test object 'Object Repository/Page_American Software Contracts  Marketpla_f90b1c/p_A link has been sent please check your email' are matched.

2020-08-30 22:00:53 - [MESSAGE][PASSED] - Actual text and expected text of test object 'Object Repository/Page_American Software Contracts  Marketpla_f90b1c/p_A link has been sent please check your email' are matched.

2020-08-30 22:00:53 - [TEST_STEP][PASSED] - click(findTestObject("Object Repository/Page_American Software Contracts  Marketpla_f90b1c/i_LinkedIn_lnr lnr-cross_1")): Object: 'Object Repository/Page_American Software Contracts  Marketpla_f90b1c/i_LinkedIn_lnr lnr-cross_1' is clicked on

2020-08-30 22:00:53 - [MESSAGE][PASSED] - Object: 'Object Repository/Page_American Software Contracts  Marketpla_f90b1c/i_LinkedIn_lnr lnr-cross_1' is clicked on

2020-08-30 22:00:53 - [TEST_STEP][PASSED] - delay(2): Delayed 2 second(s)

2020-08-30 22:00:55 - [MESSAGE][PASSED] - Delayed 2 second(s)

2020-08-30 22:00:55 - [TEST_STEP][PASSED] - closeBrowser(): Browser is closed

2020-08-30 22:00:57 - [MESSAGE][PASSED] - Browser is closed]]></system-out>
         <system-err><![CDATA[]]></system-err>
      </testcase>
      <system-out><![CDATA[2020-08-30 21:58:37 - [TEST_SUITE][PASSED] - Test Suite 1_ASC: Test Cases/Home Page/Reset Password and Validation]]></system-out>
      <system-err><![CDATA[]]></system-err>
   </testsuite>
</testsuites>
