<?xml version="1.0" encoding="UTF-8"?>
<testsuites name="Test Suite 1_ASC(FireFox)" time="39.549" tests="1" failures="0" errors="0">
   <testsuite name="Test Suite 1_ASC(FireFox)" tests="1" failures="0" errors="0" time="39.549" timestamp="2020-08-30 21:38:51" hostname="Mahi - MSAMARA" id="Test Suites/Test Suite 1_ASC(FireFox)">
      <properties>
         <property name="deviceName" value=""/>
         <property name="devicePlatform" value=""/>
         <property name="logFolder" value="C:\\Users\\Mahi\\Katalon Studio\\American Software Contracts\\Reports\\20200830_213844\\Test Suite 1_ASC(FireFox)\\20200830_213844"/>
         <property name="logFiles" value="C:\\Users\\Mahi\\Katalon Studio\\American Software Contracts\\Reports\\20200830_213844\\Test Suite 1_ASC(FireFox)\\20200830_213844\\execution0.log"/>
         <property name="attachments" value=""/>
         <property name="hostName" value="Mahi - MSAMARA"/>
         <property name="os" value="Windows 8.1 64bit"/>
         <property name="katalonVersion" value="null.null"/>
         <property name="browser" value="Firefox 80.0"/>
         <property name="hostAddress" value="192.168.0.101"/>
         <property name="sessionId" value="89ae8d40-146a-44b9-9023-990ce331ceb2"/>
         <property name="seleniumVersion" value="3.141.59"/>
         <property name="proxyInformation" value="ProxyInformation { proxyOption=NO_PROXY, proxyServerType=HTTP, username=, password=********, proxyServerAddress=, proxyServerPort=0, executionList=\&quot;\&quot;, isApplyToDesiredCapabilities=true }"/>
         <property name="platform" value="Windows 8.1"/>
      </properties>
      <testcase name="Test Cases/Home Page/Sign In Validation" time="39.05" classname="Test Cases/Home Page/Sign In Validation" status="PASSED">
         <system-out><![CDATA[2020-08-30 21:38:52 - [TEST_CASE][PASSED] - Test Cases/Home Page/Sign In Validation: Test Cases/Home Page/Sign In Validation

2020-08-30 21:38:52 - [TEST_STEP][PASSED] - openBrowser(""): Browser is opened with url: ''

2020-08-30 21:38:53 - [MESSAGE][INFO] - Starting 'Firefox' driver

2020-08-30 21:38:53 - [MESSAGE][INFO] - Action delay is set to 0 milliseconds

2020-08-30 21:38:59 - [MESSAGE][PASSED] - Browser is opened with url: ''

2020-08-30 21:38:59 - [TEST_STEP][PASSED] - navigateToUrl("https://www.wp.americansoftwarecontracts.com/"): Navigate to 'https://www.wp.americansoftwarecontracts.com/' successfully

2020-08-30 21:39:13 - [MESSAGE][PASSED] - Navigate to 'https://www.wp.americansoftwarecontracts.com/' successfully

2020-08-30 21:39:13 - [TEST_STEP][PASSED] - maximizeWindow(): Current window maximized

2020-08-30 21:39:13 - [MESSAGE][PASSED] - Current window maximized

2020-08-30 21:39:13 - [TEST_STEP][PASSED] - click(findTestObject("Object Repository/Page_American Software Contracts  Marketpla_f90b1c/a_Sign In")): Object: 'Object Repository/Page_American Software Contracts  Marketpla_f90b1c/a_Sign In' is clicked on

2020-08-30 21:39:15 - [MESSAGE][PASSED] - Object: 'Object Repository/Page_American Software Contracts  Marketpla_f90b1c/a_Sign In' is clicked on

2020-08-30 21:39:15 - [TEST_STEP][PASSED] - click(findTestObject("Object Repository/Page_American Software Contracts  Marketpla_f90b1c/button_login")): Object: 'Object Repository/Page_American Software Contracts  Marketpla_f90b1c/button_login' is clicked on

2020-08-30 21:39:15 - [MESSAGE][PASSED] - Object: 'Object Repository/Page_American Software Contracts  Marketpla_f90b1c/button_login' is clicked on

2020-08-30 21:39:15 - [TEST_STEP][PASSED] - verifyElementText(findTestObject("Sign In_ASC/Page_American Software/p_Username should not be empty"), "Username should not be empty."): Actual text and expected text of test object 'Object Repository/Sign In_ASC/Page_American Software/p_Username should not be empty' are matched.

2020-08-30 21:39:18 - [MESSAGE][PASSED] - Actual text and expected text of test object 'Object Repository/Sign In_ASC/Page_American Software/p_Username should not be empty' are matched.

2020-08-30 21:39:18 - [TEST_STEP][PASSED] - click(findTestObject("Sign In_ASC/Page_American Software/i__lnr lnr-cross")): Object: 'Object Repository/Sign In_ASC/Page_American Software/i__lnr lnr-cross' is clicked on

2020-08-30 21:39:18 - [MESSAGE][PASSED] - Object: 'Object Repository/Sign In_ASC/Page_American Software/i__lnr lnr-cross' is clicked on

2020-08-30 21:39:18 - [TEST_STEP][PASSED] - delay(3): Delayed 3 second(s)

2020-08-30 21:39:22 - [MESSAGE][PASSED] - Delayed 3 second(s)

2020-08-30 21:39:22 - [TEST_STEP][PASSED] - setText(findTestObject("Object Repository/Page_American Software Contracts  Marketpla_f90b1c/input_Login_username"), "mahendram15@gmail.com"): Text 'mahendram15@gmail.com' is set on object 'Object Repository/Page_American Software Contracts  Marketpla_f90b1c/input_Login_username'

2020-08-30 21:39:22 - [MESSAGE][PASSED] - Text 'mahendram15@gmail.com' is set on object 'Object Repository/Page_American Software Contracts  Marketpla_f90b1c/input_Login_username'

2020-08-30 21:39:22 - [TEST_STEP][PASSED] - click(findTestObject("Object Repository/Page_American Software Contracts  Marketpla_f90b1c/button_login")): Object: 'Object Repository/Page_American Software Contracts  Marketpla_f90b1c/button_login' is clicked on

2020-08-30 21:39:23 - [MESSAGE][PASSED] - Object: 'Object Repository/Page_American Software Contracts  Marketpla_f90b1c/button_login' is clicked on

2020-08-30 21:39:23 - [TEST_STEP][PASSED] - verifyElementText(findTestObject("Sign In_ASC/Page_American Software/p_Password should not be empty"), "Password should not be empty."): Actual text and expected text of test object 'Object Repository/Sign In_ASC/Page_American Software/p_Password should not be empty' are matched.

2020-08-30 21:39:25 - [MESSAGE][PASSED] - Actual text and expected text of test object 'Object Repository/Sign In_ASC/Page_American Software/p_Password should not be empty' are matched.

2020-08-30 21:39:25 - [TEST_STEP][PASSED] - click(findTestObject("Page_American/i__lnr lnr-cross")): Object: 'Object Repository/Page_American/i__lnr lnr-cross' is clicked on

2020-08-30 21:39:26 - [MESSAGE][PASSED] - Object: 'Object Repository/Page_American/i__lnr lnr-cross' is clicked on

2020-08-30 21:39:26 - [TEST_STEP][PASSED] - delay(3): Delayed 3 second(s)

2020-08-30 21:39:29 - [MESSAGE][PASSED] - Delayed 3 second(s)

2020-08-30 21:39:29 - [TEST_STEP][PASSED] - closeBrowser(): Browser is closed

2020-08-30 21:39:31 - [MESSAGE][PASSED] - Browser is closed]]></system-out>
         <system-err><![CDATA[]]></system-err>
      </testcase>
      <system-out><![CDATA[2020-08-30 21:38:51 - [TEST_SUITE][PASSED] - Test Suite 1_ASC(FireFox): Test Cases/Home Page/Sign In Validation]]></system-out>
      <system-err><![CDATA[]]></system-err>
   </testsuite>
</testsuites>
