<?xml version="1.0" encoding="UTF-8"?>
<testsuites name="Test Suite 2_ASC" time="212.637" tests="2" failures="0" errors="0">
   <testsuite name="Test Suite 2_ASC" tests="2" failures="0" errors="0" time="212.637" timestamp="2020-08-31 03:08:33" hostname="Mahi - MSAMARA" id="Test Suites/Test Suite 2_ASC">
      <properties>
         <property name="deviceName" value=""/>
         <property name="devicePlatform" value=""/>
         <property name="logFolder" value="C:\\Users\\Mahi\\Katalon Studio\\American Software Contracts\\Reports\\20200831_030826\\Test Suite 2_ASC\\20200831_030826"/>
         <property name="logFiles" value="C:\\Users\\Mahi\\Katalon Studio\\American Software Contracts\\Reports\\20200831_030826\\Test Suite 2_ASC\\20200831_030826\\execution0.log"/>
         <property name="attachments" value=""/>
         <property name="hostName" value="Mahi - MSAMARA"/>
         <property name="os" value="Windows 8.1 64bit"/>
         <property name="katalonVersion" value="null.null"/>
         <property name="browser" value="Chrome 84.0.4147.135"/>
         <property name="hostAddress" value="192.168.0.103"/>
         <property name="sessionId" value="eb3b795981613f4eb0e0c1b4c63ad0ec"/>
         <property name="seleniumVersion" value="3.141.59"/>
         <property name="proxyInformation" value="ProxyInformation { proxyOption=NO_PROXY, proxyServerType=HTTP, username=, password=********, proxyServerAddress=, proxyServerPort=0, executionList=\&quot;\&quot;, isApplyToDesiredCapabilities=true }"/>
         <property name="platform" value="Windows 8.1"/>
      </properties>
      <testcase name="Test Cases/Manage Jobs and Projects/Types of Jobs - Employer" time="148.194" classname="Test Cases/Manage Jobs and Projects/Types of Jobs - Employer" status="PASSED">
         <system-out><![CDATA[2020-08-31 03:08:34 - [TEST_CASE][PASSED] - Test Cases/Manage Jobs and Projects/Types of Jobs - Employer: Test Cases/Manage Jobs and Projects/Types of Jobs - Employer

2020-08-31 03:08:35 - [TEST_STEP][PASSED] - openBrowser(""): Browser is opened with url: ''

2020-08-31 03:08:35 - [MESSAGE][INFO] - Starting 'Chrome' driver

2020-08-31 03:08:35 - [MESSAGE][INFO] - Action delay is set to 0 milliseconds

2020-08-31 03:08:39 - [MESSAGE][PASSED] - Browser is opened with url: ''

2020-08-31 03:08:39 - [TEST_STEP][PASSED] - navigateToUrl("https://www.wp.americansoftwarecontracts.com/"): Navigate to 'https://www.wp.americansoftwarecontracts.com/' successfully

2020-08-31 03:08:50 - [MESSAGE][PASSED] - Navigate to 'https://www.wp.americansoftwarecontracts.com/' successfully

2020-08-31 03:08:50 - [TEST_STEP][PASSED] - maximizeWindow(): Current window maximized

2020-08-31 03:08:51 - [MESSAGE][PASSED] - Current window maximized

2020-08-31 03:08:51 - [TEST_STEP][PASSED] - click(findTestObject("Page_American Software Contracts  Marketpla_f90b1c/a_Sign In")): Object: 'Object Repository/Page_American Software Contracts  Marketpla_f90b1c/a_Sign In' is clicked on

2020-08-31 03:08:52 - [MESSAGE][PASSED] - Object: 'Object Repository/Page_American Software Contracts  Marketpla_f90b1c/a_Sign In' is clicked on

2020-08-31 03:08:52 - [TEST_STEP][PASSED] - setText(findTestObject("Page_American Software Contracts  Marketpla_f90b1c/input_Login_username"), "mahendram15@gmail.com"): Text 'mahendram15@gmail.com' is set on object 'Object Repository/Page_American Software Contracts  Marketpla_f90b1c/input_Login_username'

2020-08-31 03:08:54 - [MESSAGE][PASSED] - Text 'mahendram15@gmail.com' is set on object 'Object Repository/Page_American Software Contracts  Marketpla_f90b1c/input_Login_username'

2020-08-31 03:08:54 - [TEST_STEP][PASSED] - setEncryptedText(findTestObject("Object Repository/Page_American Software Contracts  Marketpla_f90b1c/input_Login_password"), "XUwhRSdIKYJlFl7OB//OUg=="): Text ****** has been set on object 'Object Repository/Page_American Software Contracts  Marketpla_f90b1c/input_Login_password'

2020-08-31 03:08:55 - [MESSAGE][PASSED] - Text ****** has been set on object 'Object Repository/Page_American Software Contracts  Marketpla_f90b1c/input_Login_password'

2020-08-31 03:08:55 - [TEST_STEP][PASSED] - click(findTestObject("Page_American Software Contracts  Marketpla_f90b1c/button_login")): Object: 'Object Repository/Page_American Software Contracts  Marketpla_f90b1c/button_login' is clicked on

2020-08-31 03:08:55 - [MESSAGE][PASSED] - Object: 'Object Repository/Page_American Software Contracts  Marketpla_f90b1c/button_login' is clicked on

2020-08-31 03:08:55 - [TEST_STEP][PASSED] - click(findTestObject("Object Repository/Page_Dashboard  American Software Contracts/h3_Mahendra A")): Object: 'Object Repository/Page_Dashboard  American Software Contracts/h3_Mahendra A' is clicked on

2020-08-31 03:09:03 - [MESSAGE][PASSED] - Object: 'Object Repository/Page_Dashboard  American Software Contracts/h3_Mahendra A' is clicked on

2020-08-31 03:09:03 - [TEST_STEP][PASSED] - click(findTestObject("Object Repository/Page_Dashboard  American Software Contracts/span_Manage Jobs")): Object: 'Object Repository/Page_Dashboard  American Software Contracts/span_Manage Jobs' is clicked on

2020-08-31 03:09:04 - [MESSAGE][PASSED] - Object: 'Object Repository/Page_Dashboard  American Software Contracts/span_Manage Jobs' is clicked on

2020-08-31 03:09:04 - [TEST_STEP][PASSED] - click(findTestObject("Object Repository/Page_Dashboard  American Software Contracts/a_Post a job")): Object: 'Object Repository/Page_Dashboard  American Software Contracts/a_Post a job' is clicked on

2020-08-31 03:09:08 - [MESSAGE][PASSED] - Object: 'Object Repository/Page_Dashboard  American Software Contracts/a_Post a job' is clicked on

2020-08-31 03:09:08 - [TEST_STEP][PASSED] - delay(3): Delayed 3 second(s)

2020-08-31 03:09:11 - [MESSAGE][PASSED] - Delayed 3 second(s)

2020-08-31 03:09:11 - [TEST_STEP][PASSED] - click(findTestObject("Object Repository/Page_Dashboard  American Software Contracts/a_Buy Now")): Object: 'Object Repository/Page_Dashboard  American Software Contracts/a_Buy Now' is clicked on

2020-08-31 03:09:18 - [MESSAGE][PASSED] - Object: 'Object Repository/Page_Dashboard  American Software Contracts/a_Buy Now' is clicked on

2020-08-31 03:09:18 - [TEST_STEP][PASSED] - delay(3): Delayed 3 second(s)

2020-08-31 03:09:21 - [MESSAGE][PASSED] - Delayed 3 second(s)

2020-08-31 03:09:21 - [TEST_STEP][PASSED] - click(findTestObject("Object Repository/Page_Dashboard  American Software Contracts/span_Buy Now")): Object: 'Object Repository/Page_Dashboard  American Software Contracts/span_Buy Now' is clicked on

2020-08-31 03:09:21 - [MESSAGE][PASSED] - Object: 'Object Repository/Page_Dashboard  American Software Contracts/span_Buy Now' is clicked on

2020-08-31 03:09:21 - [TEST_STEP][PASSED] - click(findTestObject("Object Repository/Page_Dashboard  American Software Contracts/a_Yes")): Object: 'Object Repository/Page_Dashboard  American Software Contracts/a_Yes' is clicked on

2020-08-31 03:09:22 - [MESSAGE][PASSED] - Object: 'Object Repository/Page_Dashboard  American Software Contracts/a_Yes' is clicked on

2020-08-31 03:09:22 - [TEST_STEP][PASSED] - delay(3): Delayed 3 second(s)

2020-08-31 03:09:25 - [MESSAGE][PASSED] - Delayed 3 second(s)

2020-08-31 03:09:25 - [TEST_STEP][PASSED] - click(findTestObject("Object Repository/Page_Checkout  American Software Contracts/h3_Mahendra A")): Object: 'Object Repository/Page_Checkout  American Software Contracts/h3_Mahendra A' is clicked on

2020-08-31 03:09:29 - [MESSAGE][PASSED] - Object: 'Object Repository/Page_Checkout  American Software Contracts/h3_Mahendra A' is clicked on

2020-08-31 03:09:29 - [TEST_STEP][PASSED] - click(findTestObject("Object Repository/Page_Checkout  American Software Contracts/span_Manage Jobs")): Object: 'Object Repository/Page_Checkout  American Software Contracts/span_Manage Jobs' is clicked on

2020-08-31 03:09:30 - [MESSAGE][PASSED] - Object: 'Object Repository/Page_Checkout  American Software Contracts/span_Manage Jobs' is clicked on

2020-08-31 03:09:30 - [TEST_STEP][PASSED] - click(findTestObject("Object Repository/Page_Checkout  American Software Contracts/a_Post a job")): Object: 'Object Repository/Page_Checkout  American Software Contracts/a_Post a job' is clicked on

2020-08-31 03:09:33 - [MESSAGE][PASSED] - Object: 'Object Repository/Page_Checkout  American Software Contracts/a_Post a job' is clicked on

2020-08-31 03:09:33 - [TEST_STEP][PASSED] - delay(3): Delayed 3 second(s)

2020-08-31 03:09:36 - [MESSAGE][PASSED] - Delayed 3 second(s)

2020-08-31 03:09:36 - [TEST_STEP][PASSED] - click(findTestObject("Object Repository/Page_Dashboard  American Software Contracts/a_Buy Now")): Object: 'Object Repository/Page_Dashboard  American Software Contracts/a_Buy Now' is clicked on

2020-08-31 03:09:40 - [MESSAGE][PASSED] - Object: 'Object Repository/Page_Dashboard  American Software Contracts/a_Buy Now' is clicked on

2020-08-31 03:09:40 - [TEST_STEP][PASSED] - delay(3): Delayed 3 second(s)

2020-08-31 03:09:43 - [MESSAGE][PASSED] - Delayed 3 second(s)

2020-08-31 03:09:43 - [TEST_STEP][PASSED] - click(findTestObject("Object Repository/Page_Dashboard  American Software Contracts/span_Buy Now")): Object: 'Object Repository/Page_Dashboard  American Software Contracts/span_Buy Now' is clicked on

2020-08-31 03:09:44 - [MESSAGE][PASSED] - Object: 'Object Repository/Page_Dashboard  American Software Contracts/span_Buy Now' is clicked on

2020-08-31 03:09:44 - [TEST_STEP][PASSED] - click(findTestObject("Object Repository/Page_Dashboard  American Software Contracts/a_No")): Object: 'Object Repository/Page_Dashboard  American Software Contracts/a_No' is clicked on

2020-08-31 03:09:45 - [MESSAGE][PASSED] - Object: 'Object Repository/Page_Dashboard  American Software Contracts/a_No' is clicked on

2020-08-31 03:09:45 - [TEST_STEP][PASSED] - delay(2): Delayed 2 second(s)

2020-08-31 03:09:47 - [MESSAGE][PASSED] - Delayed 2 second(s)

2020-08-31 03:09:47 - [TEST_STEP][PASSED] - click(findTestObject("Object Repository/Page_Dashboard  American Software Contracts/span_Buy Now")): Object: 'Object Repository/Page_Dashboard  American Software Contracts/span_Buy Now' is clicked on

2020-08-31 03:09:47 - [MESSAGE][PASSED] - Object: 'Object Repository/Page_Dashboard  American Software Contracts/span_Buy Now' is clicked on

2020-08-31 03:09:47 - [TEST_STEP][PASSED] - click(findTestObject("Object Repository/Page_Dashboard  American Software Contracts/a_Yes")): Object: 'Object Repository/Page_Dashboard  American Software Contracts/a_Yes' is clicked on

2020-08-31 03:09:47 - [MESSAGE][PASSED] - Object: 'Object Repository/Page_Dashboard  American Software Contracts/a_Yes' is clicked on

2020-08-31 03:09:47 - [TEST_STEP][PASSED] - delay(2): Delayed 2 second(s)

2020-08-31 03:09:49 - [MESSAGE][PASSED] - Delayed 2 second(s)

2020-08-31 03:09:50 - [TEST_STEP][PASSED] - click(findTestObject("Page_Checkout  American Software Contracts/h3_Mahendra A")): Object: 'Object Repository/Page_Checkout  American Software Contracts/h3_Mahendra A' is clicked on

2020-08-31 03:09:54 - [MESSAGE][PASSED] - Object: 'Object Repository/Page_Checkout  American Software Contracts/h3_Mahendra A' is clicked on

2020-08-31 03:09:54 - [TEST_STEP][PASSED] - click(findTestObject("Page_Checkout  American Software Contracts/span_Manage Jobs")): Object: 'Object Repository/Page_Checkout  American Software Contracts/span_Manage Jobs' is clicked on

2020-08-31 03:09:54 - [MESSAGE][PASSED] - Object: 'Object Repository/Page_Checkout  American Software Contracts/span_Manage Jobs' is clicked on

2020-08-31 03:09:54 - [TEST_STEP][PASSED] - click(findTestObject("Page_Dashboard  American Software Contracts/a_Post a job")): Object: 'Object Repository/Page_Dashboard  American Software Contracts/a_Post a job' is clicked on

2020-08-31 03:09:59 - [MESSAGE][PASSED] - Object: 'Object Repository/Page_Dashboard  American Software Contracts/a_Post a job' is clicked on

2020-08-31 03:09:59 - [TEST_STEP][PASSED] - delay(3): Delayed 3 second(s)

2020-08-31 03:10:02 - [MESSAGE][PASSED] - Delayed 3 second(s)

2020-08-31 03:10:02 - [TEST_STEP][PASSED] - click(findTestObject("Page_Dashboard  American Software Contracts/a_Buy Now")): Object: 'Object Repository/Page_Dashboard  American Software Contracts/a_Buy Now' is clicked on

2020-08-31 03:10:05 - [MESSAGE][PASSED] - Object: 'Object Repository/Page_Dashboard  American Software Contracts/a_Buy Now' is clicked on

2020-08-31 03:10:05 - [TEST_STEP][PASSED] - delay(3): Delayed 3 second(s)

2020-08-31 03:10:08 - [MESSAGE][PASSED] - Delayed 3 second(s)

2020-08-31 03:10:08 - [TEST_STEP][PASSED] - click(findTestObject("Page_Dashboard  American Software Contracts/span_Buy Now")): Object: 'Object Repository/Page_Dashboard  American Software Contracts/span_Buy Now' is clicked on

2020-08-31 03:10:09 - [MESSAGE][PASSED] - Object: 'Object Repository/Page_Dashboard  American Software Contracts/span_Buy Now' is clicked on

2020-08-31 03:10:09 - [TEST_STEP][PASSED] - click(findTestObject("Page_Dashboard  American Software Contracts/a_Yes")): Object: 'Object Repository/Page_Dashboard  American Software Contracts/a_Yes' is clicked on

2020-08-31 03:10:09 - [MESSAGE][PASSED] - Object: 'Object Repository/Page_Dashboard  American Software Contracts/a_Yes' is clicked on

2020-08-31 03:10:09 - [TEST_STEP][PASSED] - click(findTestObject("Page_Dashboard  American Software Contracts/h3_Mahendra A")): Object: 'Object Repository/Page_Dashboard  American Software Contracts/h3_Mahendra A' is clicked on

2020-08-31 03:10:17 - [MESSAGE][PASSED] - Object: 'Object Repository/Page_Dashboard  American Software Contracts/h3_Mahendra A' is clicked on

2020-08-31 03:10:17 - [TEST_STEP][PASSED] - click(findTestObject("Page_Dashboard  American Software Contracts/span_Manage Jobs")): Object: 'Object Repository/Page_Dashboard  American Software Contracts/span_Manage Jobs' is clicked on

2020-08-31 03:10:18 - [MESSAGE][PASSED] - Object: 'Object Repository/Page_Dashboard  American Software Contracts/span_Manage Jobs' is clicked on

2020-08-31 03:10:18 - [TEST_STEP][PASSED] - click(findTestObject("Page_Checkout  American Software Contracts/a_Posted Jobs")): Object: 'Object Repository/Page_Checkout  American Software Contracts/a_Posted Jobs' is clicked on

2020-08-31 03:10:21 - [MESSAGE][PASSED] - Object: 'Object Repository/Page_Checkout  American Software Contracts/a_Posted Jobs' is clicked on

2020-08-31 03:10:21 - [TEST_STEP][PASSED] - delay(3): Delayed 3 second(s)

2020-08-31 03:10:24 - [MESSAGE][PASSED] - Delayed 3 second(s)

2020-08-31 03:10:24 - [TEST_STEP][PASSED] - click(findTestObject("Page_Dashboard  American Software Contracts/h3_Mahendra A")): Object: 'Object Repository/Page_Dashboard  American Software Contracts/h3_Mahendra A' is clicked on

2020-08-31 03:10:24 - [MESSAGE][PASSED] - Object: 'Object Repository/Page_Dashboard  American Software Contracts/h3_Mahendra A' is clicked on

2020-08-31 03:10:24 - [TEST_STEP][PASSED] - click(findTestObject("Page_Dashboard  American Software Contracts/span_Manage Jobs")): Object: 'Object Repository/Page_Dashboard  American Software Contracts/span_Manage Jobs' is clicked on

2020-08-31 03:10:25 - [MESSAGE][PASSED] - Object: 'Object Repository/Page_Dashboard  American Software Contracts/span_Manage Jobs' is clicked on

2020-08-31 03:10:25 - [TEST_STEP][PASSED] - click(findTestObject("Page_Checkout  American Software Contracts/a_Ongoing Jobs")): Object: 'Object Repository/Page_Checkout  American Software Contracts/a_Ongoing Jobs' is clicked on

2020-08-31 03:10:28 - [MESSAGE][PASSED] - Object: 'Object Repository/Page_Checkout  American Software Contracts/a_Ongoing Jobs' is clicked on

2020-08-31 03:10:28 - [TEST_STEP][PASSED] - delay(3): Delayed 3 second(s)

2020-08-31 03:10:31 - [MESSAGE][PASSED] - Delayed 3 second(s)

2020-08-31 03:10:31 - [TEST_STEP][PASSED] - click(findTestObject("Page_Dashboard  American Software Contracts/h3_Mahendra A")): Object: 'Object Repository/Page_Dashboard  American Software Contracts/h3_Mahendra A' is clicked on

2020-08-31 03:10:32 - [MESSAGE][PASSED] - Object: 'Object Repository/Page_Dashboard  American Software Contracts/h3_Mahendra A' is clicked on

2020-08-31 03:10:32 - [TEST_STEP][PASSED] - click(findTestObject("Page_Dashboard  American Software Contracts/span_Manage Jobs")): Object: 'Object Repository/Page_Dashboard  American Software Contracts/span_Manage Jobs' is clicked on

2020-08-31 03:10:32 - [MESSAGE][PASSED] - Object: 'Object Repository/Page_Dashboard  American Software Contracts/span_Manage Jobs' is clicked on

2020-08-31 03:10:32 - [TEST_STEP][PASSED] - click(findTestObject("Page_Checkout  American Software Contracts/a_Completed Jobs")): Object: 'Object Repository/Page_Checkout  American Software Contracts/a_Completed Jobs' is clicked on

2020-08-31 03:10:37 - [MESSAGE][PASSED] - Object: 'Object Repository/Page_Checkout  American Software Contracts/a_Completed Jobs' is clicked on

2020-08-31 03:10:37 - [TEST_STEP][PASSED] - delay(3): Delayed 3 second(s)

2020-08-31 03:10:40 - [MESSAGE][PASSED] - Delayed 3 second(s)

2020-08-31 03:10:40 - [TEST_STEP][PASSED] - click(findTestObject("Page_Checkout  American Software Contracts/h3_Mahendra A")): Object: 'Object Repository/Page_Checkout  American Software Contracts/h3_Mahendra A' is clicked on

2020-08-31 03:10:40 - [MESSAGE][PASSED] - Object: 'Object Repository/Page_Checkout  American Software Contracts/h3_Mahendra A' is clicked on

2020-08-31 03:10:40 - [TEST_STEP][PASSED] - click(findTestObject("Page_Checkout  American Software Contracts/span_Manage Jobs")): Object: 'Object Repository/Page_Checkout  American Software Contracts/span_Manage Jobs' is clicked on

2020-08-31 03:10:41 - [MESSAGE][PASSED] - Object: 'Object Repository/Page_Checkout  American Software Contracts/span_Manage Jobs' is clicked on

2020-08-31 03:10:41 - [TEST_STEP][PASSED] - click(findTestObject("Page_Checkout  American Software Contracts/a_Cancelled Jobs")): Object: 'Object Repository/Page_Checkout  American Software Contracts/a_Cancelled Jobs' is clicked on

2020-08-31 03:10:44 - [MESSAGE][PASSED] - Object: 'Object Repository/Page_Checkout  American Software Contracts/a_Cancelled Jobs' is clicked on

2020-08-31 03:10:44 - [TEST_STEP][PASSED] - delay(3): Delayed 3 second(s)

2020-08-31 03:10:47 - [MESSAGE][PASSED] - Delayed 3 second(s)

2020-08-31 03:10:47 - [TEST_STEP][PASSED] - click(findTestObject("Page_Checkout  American Software Contracts/h3_Mahendra A")): Object: 'Object Repository/Page_Checkout  American Software Contracts/h3_Mahendra A' is clicked on

2020-08-31 03:10:47 - [MESSAGE][PASSED] - Object: 'Object Repository/Page_Checkout  American Software Contracts/h3_Mahendra A' is clicked on

2020-08-31 03:10:47 - [TEST_STEP][PASSED] - click(findTestObject("Page_Dashboard  American Software Contracts/a_Dashboard")): Object: 'Object Repository/Page_Dashboard  American Software Contracts/a_Dashboard' is clicked on

2020-08-31 03:10:51 - [MESSAGE][PASSED] - Object: 'Object Repository/Page_Dashboard  American Software Contracts/a_Dashboard' is clicked on

2020-08-31 03:10:51 - [TEST_STEP][PASSED] - click(findTestObject("Page_Dashboard  American Software Contracts/h3_Mahendra A")): Object: 'Object Repository/Page_Dashboard  American Software Contracts/h3_Mahendra A' is clicked on

2020-08-31 03:10:51 - [MESSAGE][PASSED] - Object: 'Object Repository/Page_Dashboard  American Software Contracts/h3_Mahendra A' is clicked on

2020-08-31 03:10:51 - [TEST_STEP][PASSED] - click(findTestObject("Page_Dashboard  American Software Contracts/a_Logout")): Object: 'Object Repository/Page_Dashboard  American Software Contracts/a_Logout' is clicked on

2020-08-31 03:10:58 - [MESSAGE][PASSED] - Object: 'Object Repository/Page_Dashboard  American Software Contracts/a_Logout' is clicked on

2020-08-31 03:10:58 - [TEST_STEP][PASSED] - delay(3): Delayed 3 second(s)

2020-08-31 03:11:01 - [MESSAGE][PASSED] - Delayed 3 second(s)

2020-08-31 03:11:01 - [TEST_STEP][PASSED] - closeBrowser(): Browser is closed

2020-08-31 03:11:02 - [MESSAGE][PASSED] - Browser is closed]]></system-out>
         <system-err><![CDATA[]]></system-err>
      </testcase>
      <testcase name="Test Cases/Manage Jobs and Projects/Types of Projects - Freelancer" time="63.91" classname="Test Cases/Manage Jobs and Projects/Types of Projects - Freelancer" status="PASSED">
         <system-out><![CDATA[2020-08-31 03:11:02 - [TEST_CASE][PASSED] - Test Cases/Manage Jobs and Projects/Types of Projects - Freelancer: Test Cases/Manage Jobs and Projects/Types of Projects - Freelancer

2020-08-31 03:11:02 - [TEST_STEP][PASSED] - openBrowser(""): Browser is opened with url: ''

2020-08-31 03:11:02 - [MESSAGE][INFO] - Starting 'Chrome' driver

2020-08-31 03:11:02 - [MESSAGE][INFO] - Action delay is set to 0 milliseconds

2020-08-31 03:11:05 - [MESSAGE][PASSED] - Browser is opened with url: ''

2020-08-31 03:11:05 - [TEST_STEP][PASSED] - navigateToUrl("https://www.wp.americansoftwarecontracts.com/"): Navigate to 'https://www.wp.americansoftwarecontracts.com/' successfully

2020-08-31 03:11:15 - [MESSAGE][PASSED] - Navigate to 'https://www.wp.americansoftwarecontracts.com/' successfully

2020-08-31 03:11:15 - [TEST_STEP][PASSED] - maximizeWindow(): Current window maximized

2020-08-31 03:11:17 - [MESSAGE][PASSED] - Current window maximized

2020-08-31 03:11:17 - [TEST_STEP][PASSED] - click(findTestObject("Object Repository/Types of Projects/Page_American Software Contracts  Marketpla_f90b1c/a_Sign In")): Object: 'Object Repository/Types of Projects/Page_American Software Contracts  Marketpla_f90b1c/a_Sign In' is clicked on

2020-08-31 03:11:18 - [MESSAGE][PASSED] - Object: 'Object Repository/Types of Projects/Page_American Software Contracts  Marketpla_f90b1c/a_Sign In' is clicked on

2020-08-31 03:11:18 - [TEST_STEP][PASSED] - setText(findTestObject("Object Repository/Types of Projects/Page_American Software Contracts  Marketpla_f90b1c/input_Login_username"), "amaramahendra1989@gmail.com"): Text 'amaramahendra1989@gmail.com' is set on object 'Object Repository/Types of Projects/Page_American Software Contracts  Marketpla_f90b1c/input_Login_username'

2020-08-31 03:11:19 - [MESSAGE][PASSED] - Text 'amaramahendra1989@gmail.com' is set on object 'Object Repository/Types of Projects/Page_American Software Contracts  Marketpla_f90b1c/input_Login_username'

2020-08-31 03:11:19 - [TEST_STEP][PASSED] - setEncryptedText(findTestObject("Object Repository/Types of Projects/Page_American Software Contracts  Marketpla_f90b1c/input_Login_password"), "XUwhRSdIKYJlFl7OB//OUg=="): Text ****** has been set on object 'Object Repository/Types of Projects/Page_American Software Contracts  Marketpla_f90b1c/input_Login_password'

2020-08-31 03:11:20 - [MESSAGE][PASSED] - Text ****** has been set on object 'Object Repository/Types of Projects/Page_American Software Contracts  Marketpla_f90b1c/input_Login_password'

2020-08-31 03:11:20 - [TEST_STEP][PASSED] - click(findTestObject("Object Repository/Types of Projects/Page_American Software Contracts  Marketpla_f90b1c/button_login")): Object: 'Object Repository/Types of Projects/Page_American Software Contracts  Marketpla_f90b1c/button_login' is clicked on

2020-08-31 03:11:20 - [MESSAGE][PASSED] - Object: 'Object Repository/Types of Projects/Page_American Software Contracts  Marketpla_f90b1c/button_login' is clicked on

2020-08-31 03:11:20 - [TEST_STEP][PASSED] - click(findTestObject("Types of Projects/Page_Dashboard  American Software Contracts/div_Test T")): Object: 'Object Repository/Types of Projects/Page_Dashboard  American Software Contracts/div_Test T' is clicked on

2020-08-31 03:11:28 - [MESSAGE][PASSED] - Object: 'Object Repository/Types of Projects/Page_Dashboard  American Software Contracts/div_Test T' is clicked on

2020-08-31 03:11:28 - [TEST_STEP][PASSED] - click(findTestObject("Object Repository/Types of Projects/Page_Dashboard  American Software Contracts/a_Manage projects")): Object: 'Object Repository/Types of Projects/Page_Dashboard  American Software Contracts/a_Manage projects' is clicked on

2020-08-31 03:11:28 - [MESSAGE][PASSED] - Object: 'Object Repository/Types of Projects/Page_Dashboard  American Software Contracts/a_Manage projects' is clicked on

2020-08-31 03:11:28 - [TEST_STEP][PASSED] - click(findTestObject("Object Repository/Types of Projects/Page_Dashboard  American Software Contracts/a_Your Proposals")): Object: 'Object Repository/Types of Projects/Page_Dashboard  American Software Contracts/a_Your Proposals' is clicked on

2020-08-31 03:11:31 - [MESSAGE][PASSED] - Object: 'Object Repository/Types of Projects/Page_Dashboard  American Software Contracts/a_Your Proposals' is clicked on

2020-08-31 03:11:31 - [TEST_STEP][PASSED] - delay(3): Delayed 3 second(s)

2020-08-31 03:11:34 - [MESSAGE][PASSED] - Delayed 3 second(s)

2020-08-31 03:11:34 - [TEST_STEP][PASSED] - click(findTestObject("Types of Projects/Page_Dashboard  American Software Contracts/div_Test T")): Object: 'Object Repository/Types of Projects/Page_Dashboard  American Software Contracts/div_Test T' is clicked on

2020-08-31 03:11:35 - [MESSAGE][PASSED] - Object: 'Object Repository/Types of Projects/Page_Dashboard  American Software Contracts/div_Test T' is clicked on

2020-08-31 03:11:35 - [TEST_STEP][PASSED] - click(findTestObject("Types of Projects/Page_Dashboard  American Software Contracts/a_Manage projects")): Object: 'Object Repository/Types of Projects/Page_Dashboard  American Software Contracts/a_Manage projects' is clicked on

2020-08-31 03:11:35 - [MESSAGE][PASSED] - Object: 'Object Repository/Types of Projects/Page_Dashboard  American Software Contracts/a_Manage projects' is clicked on

2020-08-31 03:11:35 - [TEST_STEP][PASSED] - click(findTestObject("Object Repository/Types of Projects/Page_Dashboard  American Software Contracts/a_Ongoing Projects")): Object: 'Object Repository/Types of Projects/Page_Dashboard  American Software Contracts/a_Ongoing Projects' is clicked on

2020-08-31 03:11:39 - [MESSAGE][PASSED] - Object: 'Object Repository/Types of Projects/Page_Dashboard  American Software Contracts/a_Ongoing Projects' is clicked on

2020-08-31 03:11:39 - [TEST_STEP][PASSED] - delay(3): Delayed 3 second(s)

2020-08-31 03:11:42 - [MESSAGE][PASSED] - Delayed 3 second(s)

2020-08-31 03:11:42 - [TEST_STEP][PASSED] - click(findTestObject("Types of Projects/Page_Dashboard  American Software Contracts/div_Test T")): Object: 'Object Repository/Types of Projects/Page_Dashboard  American Software Contracts/div_Test T' is clicked on

2020-08-31 03:11:42 - [MESSAGE][PASSED] - Object: 'Object Repository/Types of Projects/Page_Dashboard  American Software Contracts/div_Test T' is clicked on

2020-08-31 03:11:42 - [TEST_STEP][PASSED] - click(findTestObject("Types of Projects/Page_Dashboard  American Software Contracts/a_Manage projects")): Object: 'Object Repository/Types of Projects/Page_Dashboard  American Software Contracts/a_Manage projects' is clicked on

2020-08-31 03:11:43 - [MESSAGE][PASSED] - Object: 'Object Repository/Types of Projects/Page_Dashboard  American Software Contracts/a_Manage projects' is clicked on

2020-08-31 03:11:43 - [TEST_STEP][PASSED] - click(findTestObject("Types of Projects/Page_Dashboard  American Software Contracts/a_Completed Projects")): Object: 'Object Repository/Types of Projects/Page_Dashboard  American Software Contracts/a_Completed Projects' is clicked on

2020-08-31 03:11:46 - [MESSAGE][PASSED] - Object: 'Object Repository/Types of Projects/Page_Dashboard  American Software Contracts/a_Completed Projects' is clicked on

2020-08-31 03:11:46 - [TEST_STEP][PASSED] - delay(3): Delayed 3 second(s)

2020-08-31 03:11:49 - [MESSAGE][PASSED] - Delayed 3 second(s)

2020-08-31 03:11:49 - [TEST_STEP][PASSED] - click(findTestObject("Types of Projects/Page_Dashboard  American Software Contracts/div_Test T")): Object: 'Object Repository/Types of Projects/Page_Dashboard  American Software Contracts/div_Test T' is clicked on

2020-08-31 03:11:50 - [MESSAGE][PASSED] - Object: 'Object Repository/Types of Projects/Page_Dashboard  American Software Contracts/div_Test T' is clicked on

2020-08-31 03:11:50 - [TEST_STEP][PASSED] - click(findTestObject("Types of Projects/Page_Dashboard  American Software Contracts/a_Manage projects")): Object: 'Object Repository/Types of Projects/Page_Dashboard  American Software Contracts/a_Manage projects' is clicked on

2020-08-31 03:11:50 - [MESSAGE][PASSED] - Object: 'Object Repository/Types of Projects/Page_Dashboard  American Software Contracts/a_Manage projects' is clicked on

2020-08-31 03:11:50 - [TEST_STEP][PASSED] - click(findTestObject("Types of Projects/Page_Dashboard  American Software Contracts/a_Cancelled Projects")): Object: 'Object Repository/Types of Projects/Page_Dashboard  American Software Contracts/a_Cancelled Projects' is clicked on

2020-08-31 03:11:54 - [MESSAGE][PASSED] - Object: 'Object Repository/Types of Projects/Page_Dashboard  American Software Contracts/a_Cancelled Projects' is clicked on

2020-08-31 03:11:54 - [TEST_STEP][PASSED] - delay(3): Delayed 3 second(s)

2020-08-31 03:11:57 - [MESSAGE][PASSED] - Delayed 3 second(s)

2020-08-31 03:11:57 - [TEST_STEP][PASSED] - click(findTestObject("Types of Projects/Page_Dashboard  American Software Contracts/div_Test T")): Object: 'Object Repository/Types of Projects/Page_Dashboard  American Software Contracts/div_Test T' is clicked on

2020-08-31 03:11:57 - [MESSAGE][PASSED] - Object: 'Object Repository/Types of Projects/Page_Dashboard  American Software Contracts/div_Test T' is clicked on

2020-08-31 03:11:57 - [TEST_STEP][PASSED] - click(findTestObject("Object Repository/Types of Projects/Page_Dashboard  American Software Contracts/span_Logout")): Object: 'Object Repository/Types of Projects/Page_Dashboard  American Software Contracts/span_Logout' is clicked on

2020-08-31 03:12:03 - [MESSAGE][PASSED] - Object: 'Object Repository/Types of Projects/Page_Dashboard  American Software Contracts/span_Logout' is clicked on

2020-08-31 03:12:03 - [TEST_STEP][PASSED] - closeBrowser(): Browser is closed

2020-08-31 03:12:06 - [MESSAGE][PASSED] - Browser is closed]]></system-out>
         <system-err><![CDATA[]]></system-err>
      </testcase>
      <system-out><![CDATA[2020-08-31 03:08:33 - [TEST_SUITE][PASSED] - Test Suite 2_ASC: Test Cases/Manage Jobs and Projects/Types of Projects - Freelancer]]></system-out>
      <system-err><![CDATA[]]></system-err>
   </testsuite>
</testsuites>
