<?xml version="1.0" encoding="UTF-8"?>
<testsuites name="Test Suite 1_ASC(FireFox)" time="56.831" tests="1" failures="0" errors="0">
   <testsuite name="Test Suite 1_ASC(FireFox)" tests="1" failures="0" errors="0" time="56.831" timestamp="2020-08-30 21:20:05" hostname="Mahi - MSAMARA" id="Test Suites/Test Suite 1_ASC(FireFox)">
      <properties>
         <property name="deviceName" value=""/>
         <property name="devicePlatform" value=""/>
         <property name="logFolder" value="C:\\Users\\Mahi\\Katalon Studio\\American Software Contracts\\Reports\\20200830_211957\\Test Suite 1_ASC(FireFox)\\20200830_211957"/>
         <property name="logFiles" value="C:\\Users\\Mahi\\Katalon Studio\\American Software Contracts\\Reports\\20200830_211957\\Test Suite 1_ASC(FireFox)\\20200830_211957\\execution0.log"/>
         <property name="attachments" value=""/>
         <property name="hostName" value="Mahi - MSAMARA"/>
         <property name="os" value="Windows 8.1 64bit"/>
         <property name="katalonVersion" value="null.null"/>
         <property name="browser" value="Firefox 80.0"/>
         <property name="hostAddress" value="192.168.0.101"/>
         <property name="sessionId" value="2850f61a-8343-4ad6-8b30-63c5ea7b14b0"/>
         <property name="seleniumVersion" value="3.141.59"/>
         <property name="proxyInformation" value="ProxyInformation { proxyOption=NO_PROXY, proxyServerType=HTTP, username=, password=********, proxyServerAddress=, proxyServerPort=0, executionList=\&quot;\&quot;, isApplyToDesiredCapabilities=true }"/>
         <property name="platform" value="Windows 8.1"/>
      </properties>
      <testcase name="Test Cases/Home Page/Sign In" time="56.364" classname="Test Cases/Home Page/Sign In" status="PASSED">
         <system-out><![CDATA[2020-08-30 21:20:05 - [TEST_CASE][PASSED] - Test Cases/Home Page/Sign In: Test Cases/Home Page/Sign In

2020-08-30 21:20:06 - [TEST_STEP][PASSED] - openBrowser(""): Browser is opened with url: ''

2020-08-30 21:20:06 - [MESSAGE][INFO] - Starting 'Firefox' driver

2020-08-30 21:20:06 - [MESSAGE][INFO] - Action delay is set to 0 milliseconds

2020-08-30 21:20:12 - [MESSAGE][PASSED] - Browser is opened with url: ''

2020-08-30 21:20:12 - [TEST_STEP][PASSED] - navigateToUrl("https://www.wp.americansoftwarecontracts.com/"): Navigate to 'https://www.wp.americansoftwarecontracts.com/' successfully

2020-08-30 21:20:36 - [MESSAGE][PASSED] - Navigate to 'https://www.wp.americansoftwarecontracts.com/' successfully

2020-08-30 21:20:36 - [TEST_STEP][PASSED] - maximizeWindow(): Current window maximized

2020-08-30 21:20:36 - [MESSAGE][PASSED] - Current window maximized

2020-08-30 21:20:36 - [TEST_STEP][PASSED] - click(findTestObject("Object Repository/Sign In_ASC/Page_American Software Contracts  Marketpla_f90b1c/a_Sign In")): Object: 'Object Repository/Sign In_ASC/Page_American Software Contracts  Marketpla_f90b1c/a_Sign In' is clicked on

2020-08-30 21:20:37 - [MESSAGE][PASSED] - Object: 'Object Repository/Sign In_ASC/Page_American Software Contracts  Marketpla_f90b1c/a_Sign In' is clicked on

2020-08-30 21:20:37 - [TEST_STEP][PASSED] - setText(findTestObject("Object Repository/Sign In_ASC/Page_American Software Contracts  Marketpla_f90b1c/input_Login_username"), "AmaraMahendra"): Text 'AmaraMahendra' is set on object 'Object Repository/Sign In_ASC/Page_American Software Contracts  Marketpla_f90b1c/input_Login_username'

2020-08-30 21:20:38 - [MESSAGE][PASSED] - Text 'AmaraMahendra' is set on object 'Object Repository/Sign In_ASC/Page_American Software Contracts  Marketpla_f90b1c/input_Login_username'

2020-08-30 21:20:38 - [TEST_STEP][PASSED] - setEncryptedText(findTestObject("Object Repository/Sign In_ASC/Page_American Software Contracts  Marketpla_f90b1c/input_Login_password"), "XUwhRSdIKYJlFl7OB//OUg=="): Text ****** has been set on object 'Object Repository/Sign In_ASC/Page_American Software Contracts  Marketpla_f90b1c/input_Login_password'

2020-08-30 21:20:38 - [MESSAGE][PASSED] - Text ****** has been set on object 'Object Repository/Sign In_ASC/Page_American Software Contracts  Marketpla_f90b1c/input_Login_password'

2020-08-30 21:20:38 - [TEST_STEP][PASSED] - click(findTestObject("Object Repository/Sign In_ASC/Page_American Software Contracts  Marketpla_f90b1c/button_login")): Object: 'Object Repository/Sign In_ASC/Page_American Software Contracts  Marketpla_f90b1c/button_login' is clicked on

2020-08-30 21:20:39 - [MESSAGE][PASSED] - Object: 'Object Repository/Sign In_ASC/Page_American Software Contracts  Marketpla_f90b1c/button_login' is clicked on

2020-08-30 21:20:39 - [TEST_STEP][PASSED] - click(findTestObject("Object Repository/Sign In_ASC/Page_Dashboard  American Software Contracts/h3_Mahendra A")): Object: 'Object Repository/Sign In_ASC/Page_Dashboard  American Software Contracts/h3_Mahendra A' is clicked on

2020-08-30 21:20:46 - [MESSAGE][PASSED] - Object: 'Object Repository/Sign In_ASC/Page_Dashboard  American Software Contracts/h3_Mahendra A' is clicked on

2020-08-30 21:20:46 - [TEST_STEP][PASSED] - click(findTestObject("Object Repository/Sign In_ASC/Page_Dashboard  American Software Contracts/span_Logout")): Object: 'Object Repository/Sign In_ASC/Page_Dashboard  American Software Contracts/span_Logout' is clicked on

2020-08-30 21:20:54 - [MESSAGE][PASSED] - Object: 'Object Repository/Sign In_ASC/Page_Dashboard  American Software Contracts/span_Logout' is clicked on

2020-08-30 21:20:54 - [TEST_STEP][PASSED] - delay(5): Delayed 5 second(s)

2020-08-30 21:20:59 - [MESSAGE][PASSED] - Delayed 5 second(s)

2020-08-30 21:20:59 - [TEST_STEP][PASSED] - closeBrowser(): Browser is closed

2020-08-30 21:21:02 - [MESSAGE][PASSED] - Browser is closed]]></system-out>
         <system-err><![CDATA[]]></system-err>
      </testcase>
      <system-out><![CDATA[2020-08-30 21:20:05 - [TEST_SUITE][PASSED] - Test Suite 1_ASC(FireFox): Test Cases/Home Page/Sign In]]></system-out>
      <system-err><![CDATA[]]></system-err>
   </testsuite>
</testsuites>
