<?xml version="1.0" encoding="UTF-8"?>
<testsuites name="Test Suite 2_ASC" time="469.646" tests="2" failures="0" errors="0">
   <testsuite name="Test Suite 2_ASC" tests="2" failures="0" errors="0" time="469.646" timestamp="2020-09-18 23:32:51" hostname="Mahi - MSAMARA" id="Test Suites/Test Suite 2_ASC">
      <properties>
         <property name="deviceName" value=""/>
         <property name="devicePlatform" value=""/>
         <property name="logFolder" value="C:\\Users\\Mahi\\git\\KatalonGitTestASC1\\Reports\\20200918_233243\\Test Suite 2_ASC\\20200918_233243"/>
         <property name="logFiles" value="C:\\Users\\Mahi\\git\\KatalonGitTestASC1\\Reports\\20200918_233243\\Test Suite 2_ASC\\20200918_233243\\execution0.log"/>
         <property name="attachments" value=""/>
         <property name="hostName" value="Mahi - MSAMARA"/>
         <property name="os" value="Windows 8.1 64bit"/>
         <property name="katalonVersion" value="7.6.2.205"/>
         <property name="browser" value="Chrome 85.0.4183.102"/>
         <property name="hostAddress" value="192.168.0.107"/>
         <property name="sessionId" value="8b71b7aa3735847cd186c54090574cb0"/>
         <property name="seleniumVersion" value="3.141.59"/>
         <property name="proxyInformation" value="ProxyInformation { proxyOption=NO_PROXY, proxyServerType=HTTP, username=, password=********, proxyServerAddress=, proxyServerPort=0, executionList=\&quot;\&quot;, isApplyToDesiredCapabilities=true }"/>
         <property name="platform" value="Windows 8.1"/>
      </properties>
      <testcase name="Test Cases/Manage Jobs and Projects/Types of Jobs - Employer" time="393.705" classname="Test Cases/Manage Jobs and Projects/Types of Jobs - Employer" status="PASSED">
         <system-out><![CDATA[2020-09-18 23:32:52 - [TEST_CASE][PASSED] - Test Cases/Manage Jobs and Projects/Types of Jobs - Employer: Test Cases/Manage Jobs and Projects/Types of Jobs - Employer

2020-09-18 23:32:53 - [TEST_STEP][PASSED] - openBrowser(""): Browser is opened with url: ''

2020-09-18 23:32:53 - [MESSAGE][INFO] - Starting 'Chrome' driver

2020-09-18 23:32:53 - [MESSAGE][INFO] - Action delay is set to 0 milliseconds

2020-09-18 23:32:57 - [MESSAGE][PASSED] - Browser is opened with url: ''

2020-09-18 23:32:57 - [TEST_STEP][PASSED] - navigateToUrl("https://www.wp.americansoftwarecontracts.com/"): Navigate to 'https://www.wp.americansoftwarecontracts.com/' successfully

2020-09-18 23:33:06 - [MESSAGE][PASSED] - Navigate to 'https://www.wp.americansoftwarecontracts.com/' successfully

2020-09-18 23:33:06 - [TEST_STEP][PASSED] - maximizeWindow(): Current window maximized

2020-09-18 23:33:09 - [MESSAGE][PASSED] - Current window maximized

2020-09-18 23:33:09 - [TEST_STEP][PASSED] - click(findTestObject("Page_American Software Contracts  Marketpla_f90b1c/a_Sign In")): Object: 'Object Repository/Page_American Software Contracts  Marketpla_f90b1c/a_Sign In' is clicked on

2020-09-18 23:33:10 - [MESSAGE][PASSED] - Object: 'Object Repository/Page_American Software Contracts  Marketpla_f90b1c/a_Sign In' is clicked on

2020-09-18 23:33:10 - [TEST_STEP][PASSED] - setText(findTestObject("Page_American Software Contracts  Marketpla_f90b1c/input_Login_username"), "mahendram15@gmail.com"): Text 'mahendram15@gmail.com' is set on object 'Object Repository/Page_American Software Contracts  Marketpla_f90b1c/input_Login_username'

2020-09-18 23:33:11 - [MESSAGE][PASSED] - Text 'mahendram15@gmail.com' is set on object 'Object Repository/Page_American Software Contracts  Marketpla_f90b1c/input_Login_username'

2020-09-18 23:33:11 - [TEST_STEP][PASSED] - setEncryptedText(findTestObject("Object Repository/Page_American Software Contracts  Marketpla_f90b1c/input_Login_password"), "XUwhRSdIKYJlFl7OB//OUg=="): Text ****** has been set on object 'Object Repository/Page_American Software Contracts  Marketpla_f90b1c/input_Login_password'

2020-09-18 23:33:11 - [MESSAGE][PASSED] - Text ****** has been set on object 'Object Repository/Page_American Software Contracts  Marketpla_f90b1c/input_Login_password'

2020-09-18 23:33:11 - [TEST_STEP][PASSED] - click(findTestObject("Page_American Software Contracts  Marketpla_f90b1c/button_login")): Object: 'Object Repository/Page_American Software Contracts  Marketpla_f90b1c/button_login' is clicked on

2020-09-18 23:33:12 - [MESSAGE][PASSED] - Object: 'Object Repository/Page_American Software Contracts  Marketpla_f90b1c/button_login' is clicked on

2020-09-18 23:33:12 - [TEST_STEP][PASSED] - click(findTestObject("Object Repository/Page_Dashboard  American Software Contracts/h3_Mahendra A")): Object: 'Object Repository/Page_Dashboard  American Software Contracts/h3_Mahendra A' is clicked on

2020-09-18 23:33:21 - [MESSAGE][PASSED] - Object: 'Object Repository/Page_Dashboard  American Software Contracts/h3_Mahendra A' is clicked on

2020-09-18 23:33:21 - [TEST_STEP][PASSED] - click(findTestObject("Object Repository/Page_Dashboard  American Software Contracts/span_Manage Jobs")): Object: 'Object Repository/Page_Dashboard  American Software Contracts/span_Manage Jobs' is clicked on

2020-09-18 23:33:22 - [MESSAGE][PASSED] - Object: 'Object Repository/Page_Dashboard  American Software Contracts/span_Manage Jobs' is clicked on

2020-09-18 23:33:22 - [TEST_STEP][PASSED] - click(findTestObject("Object Repository/Page_Dashboard  American Software Contracts/a_Post a job")): Object: 'Object Repository/Page_Dashboard  American Software Contracts/a_Post a job' is clicked on

2020-09-18 23:33:26 - [MESSAGE][PASSED] - Object: 'Object Repository/Page_Dashboard  American Software Contracts/a_Post a job' is clicked on

2020-09-18 23:33:26 - [TEST_STEP][PASSED] - delay(8): Delayed 8 second(s)

2020-09-18 23:33:34 - [MESSAGE][PASSED] - Delayed 8 second(s)

2020-09-18 23:33:34 - [TEST_STEP][PASSED] - click(findTestObject("All Sections/Page_American Software Contracts  Marketpla_f90b1c/h3_Mahendra A")): Object: 'Object Repository/All Sections/Page_American Software Contracts  Marketpla_f90b1c/h3_Mahendra A' is clicked on

2020-09-18 23:33:34 - [MESSAGE][PASSED] - Object: 'Object Repository/All Sections/Page_American Software Contracts  Marketpla_f90b1c/h3_Mahendra A' is clicked on

2020-09-18 23:33:34 - [TEST_STEP][PASSED] - click(findTestObject("Employer/Page_Dashboard  American Software Contracts/a_Packages")): Object: 'Object Repository/Employer/Page_Dashboard  American Software Contracts/a_Packages' is clicked on

2020-09-18 23:33:39 - [MESSAGE][PASSED] - Object: 'Object Repository/Employer/Page_Dashboard  American Software Contracts/a_Packages' is clicked on

2020-09-18 23:33:39 - [TEST_STEP][PASSED] - delay(3): Delayed 3 second(s)

2020-09-18 23:33:42 - [MESSAGE][PASSED] - Delayed 3 second(s)

2020-09-18 23:33:42 - [TEST_STEP][PASSED] - click(findTestObject("Object Repository/Page_Dashboard  American Software Contracts/span_Buy Now")): Object: 'Object Repository/Page_Dashboard  American Software Contracts/span_Buy Now' is clicked on

2020-09-18 23:33:42 - [MESSAGE][PASSED] - Object: 'Object Repository/Page_Dashboard  American Software Contracts/span_Buy Now' is clicked on

2020-09-18 23:33:42 - [TEST_STEP][PASSED] - click(findTestObject("Object Repository/Page_Dashboard  American Software Contracts/a_Yes")): Object: 'Object Repository/Page_Dashboard  American Software Contracts/a_Yes' is clicked on

2020-09-18 23:33:43 - [MESSAGE][PASSED] - Object: 'Object Repository/Page_Dashboard  American Software Contracts/a_Yes' is clicked on

2020-09-18 23:33:43 - [TEST_STEP][PASSED] - delay(3): Delayed 3 second(s)

2020-09-18 23:33:46 - [MESSAGE][PASSED] - Delayed 3 second(s)

2020-09-18 23:33:46 - [TEST_STEP][PASSED] - click(findTestObject("Object Repository/Page_Checkout  American Software Contracts/h3_Mahendra A")): Object: 'Object Repository/Page_Checkout  American Software Contracts/h3_Mahendra A' is clicked on

2020-09-18 23:33:50 - [MESSAGE][PASSED] - Object: 'Object Repository/Page_Checkout  American Software Contracts/h3_Mahendra A' is clicked on

2020-09-18 23:33:50 - [TEST_STEP][PASSED] - click(findTestObject("Object Repository/Page_Checkout  American Software Contracts/span_Manage Jobs")): Object: 'Object Repository/Page_Checkout  American Software Contracts/span_Manage Jobs' is clicked on

2020-09-18 23:33:51 - [MESSAGE][PASSED] - Object: 'Object Repository/Page_Checkout  American Software Contracts/span_Manage Jobs' is clicked on

2020-09-18 23:33:51 - [TEST_STEP][PASSED] - click(findTestObject("Object Repository/Page_Checkout  American Software Contracts/a_Post a job")): Object: 'Object Repository/Page_Checkout  American Software Contracts/a_Post a job' is clicked on

2020-09-18 23:33:55 - [MESSAGE][PASSED] - Object: 'Object Repository/Page_Checkout  American Software Contracts/a_Post a job' is clicked on

2020-09-18 23:33:55 - [TEST_STEP][PASSED] - delay(3): Delayed 3 second(s)

2020-09-18 23:33:58 - [MESSAGE][PASSED] - Delayed 3 second(s)

2020-09-18 23:33:58 - [TEST_STEP][PASSED] - click(findTestObject("All Sections/Page_American Software Contracts  Marketpla_f90b1c/h3_Mahendra A")): Object: 'Object Repository/All Sections/Page_American Software Contracts  Marketpla_f90b1c/h3_Mahendra A' is clicked on

2020-09-18 23:33:59 - [MESSAGE][PASSED] - Object: 'Object Repository/All Sections/Page_American Software Contracts  Marketpla_f90b1c/h3_Mahendra A' is clicked on

2020-09-18 23:33:59 - [TEST_STEP][PASSED] - click(findTestObject("Employer/Page_Dashboard  American Software Contracts/a_Packages")): Object: 'Object Repository/Employer/Page_Dashboard  American Software Contracts/a_Packages' is clicked on

2020-09-18 23:34:02 - [MESSAGE][PASSED] - Object: 'Object Repository/Employer/Page_Dashboard  American Software Contracts/a_Packages' is clicked on

2020-09-18 23:34:02 - [TEST_STEP][PASSED] - delay(3): Delayed 3 second(s)

2020-09-18 23:34:05 - [MESSAGE][PASSED] - Delayed 3 second(s)

2020-09-18 23:34:05 - [TEST_STEP][PASSED] - click(findTestObject("Object Repository/Page_Dashboard  American Software Contracts/span_Buy Now")): Object: 'Object Repository/Page_Dashboard  American Software Contracts/span_Buy Now' is clicked on

2020-09-18 23:34:05 - [MESSAGE][PASSED] - Object: 'Object Repository/Page_Dashboard  American Software Contracts/span_Buy Now' is clicked on

2020-09-18 23:34:05 - [TEST_STEP][PASSED] - click(findTestObject("Object Repository/Page_Dashboard  American Software Contracts/a_No")): Object: 'Object Repository/Page_Dashboard  American Software Contracts/a_No' is clicked on

2020-09-18 23:34:06 - [MESSAGE][PASSED] - Object: 'Object Repository/Page_Dashboard  American Software Contracts/a_No' is clicked on

2020-09-18 23:34:06 - [TEST_STEP][PASSED] - delay(2): Delayed 2 second(s)

2020-09-18 23:34:08 - [MESSAGE][PASSED] - Delayed 2 second(s)

2020-09-18 23:34:08 - [TEST_STEP][PASSED] - click(findTestObject("Object Repository/Page_Dashboard  American Software Contracts/span_Buy Now")): Object: 'Object Repository/Page_Dashboard  American Software Contracts/span_Buy Now' is clicked on

2020-09-18 23:34:08 - [MESSAGE][PASSED] - Object: 'Object Repository/Page_Dashboard  American Software Contracts/span_Buy Now' is clicked on

2020-09-18 23:34:08 - [TEST_STEP][PASSED] - click(findTestObject("Object Repository/Page_Dashboard  American Software Contracts/a_Yes")): Object: 'Object Repository/Page_Dashboard  American Software Contracts/a_Yes' is clicked on

2020-09-18 23:34:09 - [MESSAGE][PASSED] - Object: 'Object Repository/Page_Dashboard  American Software Contracts/a_Yes' is clicked on

2020-09-18 23:34:09 - [TEST_STEP][PASSED] - delay(2): Delayed 2 second(s)

2020-09-18 23:34:11 - [MESSAGE][PASSED] - Delayed 2 second(s)

2020-09-18 23:34:11 - [TEST_STEP][PASSED] - click(findTestObject("Page_Checkout  American Software Contracts/h3_Mahendra A")): Object: 'Object Repository/Page_Checkout  American Software Contracts/h3_Mahendra A' is clicked on

2020-09-18 23:34:17 - [MESSAGE][PASSED] - Object: 'Object Repository/Page_Checkout  American Software Contracts/h3_Mahendra A' is clicked on

2020-09-18 23:34:17 - [TEST_STEP][PASSED] - click(findTestObject("Page_Checkout  American Software Contracts/span_Manage Jobs")): Object: 'Object Repository/Page_Checkout  American Software Contracts/span_Manage Jobs' is clicked on

2020-09-18 23:34:17 - [MESSAGE][PASSED] - Object: 'Object Repository/Page_Checkout  American Software Contracts/span_Manage Jobs' is clicked on

2020-09-18 23:34:17 - [TEST_STEP][PASSED] - click(findTestObject("Page_Dashboard  American Software Contracts/a_Post a job")): Object: 'Object Repository/Page_Dashboard  American Software Contracts/a_Post a job' is clicked on

2020-09-18 23:34:46 - [MESSAGE][PASSED] - Object: 'Object Repository/Page_Dashboard  American Software Contracts/a_Post a job' is clicked on

2020-09-18 23:34:46 - [TEST_STEP][PASSED] - delay(3): Delayed 3 second(s)

2020-09-18 23:34:49 - [MESSAGE][PASSED] - Delayed 3 second(s)

2020-09-18 23:34:49 - [TEST_STEP][PASSED] - click(findTestObject("All Sections/Page_American Software Contracts  Marketpla_f90b1c/h3_Mahendra A")): Object: 'Object Repository/All Sections/Page_American Software Contracts  Marketpla_f90b1c/h3_Mahendra A' is clicked on

2020-09-18 23:34:50 - [MESSAGE][PASSED] - Object: 'Object Repository/All Sections/Page_American Software Contracts  Marketpla_f90b1c/h3_Mahendra A' is clicked on

2020-09-18 23:34:50 - [TEST_STEP][PASSED] - click(findTestObject("Employer/Page_Dashboard  American Software Contracts/a_Packages")): Object: 'Object Repository/Employer/Page_Dashboard  American Software Contracts/a_Packages' is clicked on

2020-09-18 23:36:45 - [MESSAGE][PASSED] - Object: 'Object Repository/Employer/Page_Dashboard  American Software Contracts/a_Packages' is clicked on

2020-09-18 23:36:45 - [TEST_STEP][PASSED] - delay(3): Delayed 3 second(s)

2020-09-18 23:36:48 - [MESSAGE][PASSED] - Delayed 3 second(s)

2020-09-18 23:36:48 - [TEST_STEP][PASSED] - click(findTestObject("Page_Dashboard  American Software Contracts/span_Buy Now")): Object: 'Object Repository/Page_Dashboard  American Software Contracts/span_Buy Now' is clicked on

2020-09-18 23:36:48 - [MESSAGE][PASSED] - Object: 'Object Repository/Page_Dashboard  American Software Contracts/span_Buy Now' is clicked on

2020-09-18 23:36:48 - [TEST_STEP][PASSED] - click(findTestObject("Page_Dashboard  American Software Contracts/a_Yes")): Object: 'Object Repository/Page_Dashboard  American Software Contracts/a_Yes' is clicked on

2020-09-18 23:36:49 - [MESSAGE][PASSED] - Object: 'Object Repository/Page_Dashboard  American Software Contracts/a_Yes' is clicked on

2020-09-18 23:36:49 - [TEST_STEP][PASSED] - click(findTestObject("Page_Dashboard  American Software Contracts/h3_Mahendra A")): Object: 'Object Repository/Page_Dashboard  American Software Contracts/h3_Mahendra A' is clicked on

2020-09-18 23:36:57 - [MESSAGE][PASSED] - Object: 'Object Repository/Page_Dashboard  American Software Contracts/h3_Mahendra A' is clicked on

2020-09-18 23:36:57 - [TEST_STEP][PASSED] - click(findTestObject("Page_Dashboard  American Software Contracts/span_Manage Jobs")): Object: 'Object Repository/Page_Dashboard  American Software Contracts/span_Manage Jobs' is clicked on

2020-09-18 23:36:58 - [MESSAGE][PASSED] - Object: 'Object Repository/Page_Dashboard  American Software Contracts/span_Manage Jobs' is clicked on

2020-09-18 23:36:58 - [TEST_STEP][PASSED] - click(findTestObject("Page_Checkout  American Software Contracts/a_Posted Jobs")): Object: 'Object Repository/Page_Checkout  American Software Contracts/a_Posted Jobs' is clicked on

2020-09-18 23:37:02 - [MESSAGE][PASSED] - Object: 'Object Repository/Page_Checkout  American Software Contracts/a_Posted Jobs' is clicked on

2020-09-18 23:37:02 - [TEST_STEP][PASSED] - delay(3): Delayed 3 second(s)

2020-09-18 23:37:05 - [MESSAGE][PASSED] - Delayed 3 second(s)

2020-09-18 23:37:05 - [TEST_STEP][PASSED] - click(findTestObject("Page_Dashboard  American Software Contracts/h3_Mahendra A")): Object: 'Object Repository/Page_Dashboard  American Software Contracts/h3_Mahendra A' is clicked on

2020-09-18 23:37:05 - [MESSAGE][PASSED] - Object: 'Object Repository/Page_Dashboard  American Software Contracts/h3_Mahendra A' is clicked on

2020-09-18 23:37:05 - [TEST_STEP][PASSED] - click(findTestObject("Page_Dashboard  American Software Contracts/span_Manage Jobs")): Object: 'Object Repository/Page_Dashboard  American Software Contracts/span_Manage Jobs' is clicked on

2020-09-18 23:37:06 - [MESSAGE][PASSED] - Object: 'Object Repository/Page_Dashboard  American Software Contracts/span_Manage Jobs' is clicked on

2020-09-18 23:37:06 - [TEST_STEP][PASSED] - click(findTestObject("Page_Checkout  American Software Contracts/a_Ongoing Jobs")): Object: 'Object Repository/Page_Checkout  American Software Contracts/a_Ongoing Jobs' is clicked on

2020-09-18 23:37:10 - [MESSAGE][PASSED] - Object: 'Object Repository/Page_Checkout  American Software Contracts/a_Ongoing Jobs' is clicked on

2020-09-18 23:37:10 - [TEST_STEP][PASSED] - delay(3): Delayed 3 second(s)

2020-09-18 23:37:13 - [MESSAGE][PASSED] - Delayed 3 second(s)

2020-09-18 23:37:13 - [TEST_STEP][PASSED] - click(findTestObject("Page_Dashboard  American Software Contracts/h3_Mahendra A")): Object: 'Object Repository/Page_Dashboard  American Software Contracts/h3_Mahendra A' is clicked on

2020-09-18 23:37:14 - [MESSAGE][PASSED] - Object: 'Object Repository/Page_Dashboard  American Software Contracts/h3_Mahendra A' is clicked on

2020-09-18 23:37:14 - [TEST_STEP][PASSED] - click(findTestObject("Page_Dashboard  American Software Contracts/span_Manage Jobs")): Object: 'Object Repository/Page_Dashboard  American Software Contracts/span_Manage Jobs' is clicked on

2020-09-18 23:37:15 - [MESSAGE][PASSED] - Object: 'Object Repository/Page_Dashboard  American Software Contracts/span_Manage Jobs' is clicked on

2020-09-18 23:37:15 - [TEST_STEP][PASSED] - click(findTestObject("Page_Checkout  American Software Contracts/a_Completed Jobs")): Object: 'Object Repository/Page_Checkout  American Software Contracts/a_Completed Jobs' is clicked on

2020-09-18 23:39:02 - [MESSAGE][PASSED] - Object: 'Object Repository/Page_Checkout  American Software Contracts/a_Completed Jobs' is clicked on

2020-09-18 23:39:02 - [TEST_STEP][PASSED] - delay(3): Delayed 3 second(s)

2020-09-18 23:39:05 - [MESSAGE][PASSED] - Delayed 3 second(s)

2020-09-18 23:39:05 - [TEST_STEP][PASSED] - click(findTestObject("Page_Checkout  American Software Contracts/h3_Mahendra A")): Object: 'Object Repository/Page_Checkout  American Software Contracts/h3_Mahendra A' is clicked on

2020-09-18 23:39:06 - [MESSAGE][PASSED] - Object: 'Object Repository/Page_Checkout  American Software Contracts/h3_Mahendra A' is clicked on

2020-09-18 23:39:06 - [TEST_STEP][PASSED] - click(findTestObject("Page_Checkout  American Software Contracts/span_Manage Jobs")): Object: 'Object Repository/Page_Checkout  American Software Contracts/span_Manage Jobs' is clicked on

2020-09-18 23:39:06 - [MESSAGE][PASSED] - Object: 'Object Repository/Page_Checkout  American Software Contracts/span_Manage Jobs' is clicked on

2020-09-18 23:39:06 - [TEST_STEP][PASSED] - click(findTestObject("Page_Checkout  American Software Contracts/a_Cancelled Jobs")): Object: 'Object Repository/Page_Checkout  American Software Contracts/a_Cancelled Jobs' is clicked on

2020-09-18 23:39:10 - [MESSAGE][PASSED] - Object: 'Object Repository/Page_Checkout  American Software Contracts/a_Cancelled Jobs' is clicked on

2020-09-18 23:39:10 - [TEST_STEP][PASSED] - delay(3): Delayed 3 second(s)

2020-09-18 23:39:13 - [MESSAGE][PASSED] - Delayed 3 second(s)

2020-09-18 23:39:13 - [TEST_STEP][PASSED] - click(findTestObject("Page_Checkout  American Software Contracts/h3_Mahendra A")): Object: 'Object Repository/Page_Checkout  American Software Contracts/h3_Mahendra A' is clicked on

2020-09-18 23:39:14 - [MESSAGE][PASSED] - Object: 'Object Repository/Page_Checkout  American Software Contracts/h3_Mahendra A' is clicked on

2020-09-18 23:39:14 - [TEST_STEP][PASSED] - click(findTestObject("Page_Dashboard  American Software Contracts/a_Dashboard")): Object: 'Object Repository/Page_Dashboard  American Software Contracts/a_Dashboard' is clicked on

2020-09-18 23:39:17 - [MESSAGE][PASSED] - Object: 'Object Repository/Page_Dashboard  American Software Contracts/a_Dashboard' is clicked on

2020-09-18 23:39:17 - [TEST_STEP][PASSED] - click(findTestObject("Page_Dashboard  American Software Contracts/h3_Mahendra A")): Object: 'Object Repository/Page_Dashboard  American Software Contracts/h3_Mahendra A' is clicked on

2020-09-18 23:39:18 - [MESSAGE][PASSED] - Object: 'Object Repository/Page_Dashboard  American Software Contracts/h3_Mahendra A' is clicked on

2020-09-18 23:39:18 - [TEST_STEP][PASSED] - click(findTestObject("Page_Dashboard  American Software Contracts/a_Logout")): Object: 'Object Repository/Page_Dashboard  American Software Contracts/a_Logout' is clicked on

2020-09-18 23:39:22 - [MESSAGE][PASSED] - Object: 'Object Repository/Page_Dashboard  American Software Contracts/a_Logout' is clicked on

2020-09-18 23:39:22 - [TEST_STEP][PASSED] - delay(3): Delayed 3 second(s)

2020-09-18 23:39:25 - [MESSAGE][PASSED] - Delayed 3 second(s)

2020-09-18 23:39:25 - [TEST_STEP][PASSED] - closeBrowser(): Browser is closed

2020-09-18 23:39:26 - [MESSAGE][PASSED] - Browser is closed]]></system-out>
         <system-err><![CDATA[]]></system-err>
      </testcase>
      <testcase name="Test Cases/Manage Jobs and Projects/Types of Projects - Freelancer" time="75.348" classname="Test Cases/Manage Jobs and Projects/Types of Projects - Freelancer" status="PASSED">
         <system-out><![CDATA[2020-09-18 23:39:26 - [TEST_CASE][PASSED] - Test Cases/Manage Jobs and Projects/Types of Projects - Freelancer: Test Cases/Manage Jobs and Projects/Types of Projects - Freelancer

2020-09-18 23:39:26 - [TEST_STEP][PASSED] - openBrowser(""): Browser is opened with url: ''

2020-09-18 23:39:26 - [MESSAGE][INFO] - Starting 'Chrome' driver

2020-09-18 23:39:26 - [MESSAGE][INFO] - Action delay is set to 0 milliseconds

2020-09-18 23:39:30 - [MESSAGE][PASSED] - Browser is opened with url: ''

2020-09-18 23:39:30 - [TEST_STEP][PASSED] - navigateToUrl("https://www.wp.americansoftwarecontracts.com/"): Navigate to 'https://www.wp.americansoftwarecontracts.com/' successfully

2020-09-18 23:39:43 - [MESSAGE][PASSED] - Navigate to 'https://www.wp.americansoftwarecontracts.com/' successfully

2020-09-18 23:39:43 - [TEST_STEP][PASSED] - maximizeWindow(): Current window maximized

2020-09-18 23:39:45 - [MESSAGE][PASSED] - Current window maximized

2020-09-18 23:39:45 - [TEST_STEP][PASSED] - click(findTestObject("Object Repository/Types of Projects/Page_American Software Contracts  Marketpla_f90b1c/a_Sign In")): Object: 'Object Repository/Types of Projects/Page_American Software Contracts  Marketpla_f90b1c/a_Sign In' is clicked on

2020-09-18 23:39:46 - [MESSAGE][PASSED] - Object: 'Object Repository/Types of Projects/Page_American Software Contracts  Marketpla_f90b1c/a_Sign In' is clicked on

2020-09-18 23:39:46 - [TEST_STEP][PASSED] - setText(findTestObject("Object Repository/Types of Projects/Page_American Software Contracts  Marketpla_f90b1c/input_Login_username"), "amaramahendra1989@gmail.com"): Text 'amaramahendra1989@gmail.com' is set on object 'Object Repository/Types of Projects/Page_American Software Contracts  Marketpla_f90b1c/input_Login_username'

2020-09-18 23:39:47 - [MESSAGE][PASSED] - Text 'amaramahendra1989@gmail.com' is set on object 'Object Repository/Types of Projects/Page_American Software Contracts  Marketpla_f90b1c/input_Login_username'

2020-09-18 23:39:47 - [TEST_STEP][PASSED] - setEncryptedText(findTestObject("Object Repository/Types of Projects/Page_American Software Contracts  Marketpla_f90b1c/input_Login_password"), "XUwhRSdIKYJlFl7OB//OUg=="): Text ****** has been set on object 'Object Repository/Types of Projects/Page_American Software Contracts  Marketpla_f90b1c/input_Login_password'

2020-09-18 23:39:48 - [MESSAGE][PASSED] - Text ****** has been set on object 'Object Repository/Types of Projects/Page_American Software Contracts  Marketpla_f90b1c/input_Login_password'

2020-09-18 23:39:48 - [TEST_STEP][PASSED] - click(findTestObject("Object Repository/Types of Projects/Page_American Software Contracts  Marketpla_f90b1c/button_login")): Object: 'Object Repository/Types of Projects/Page_American Software Contracts  Marketpla_f90b1c/button_login' is clicked on

2020-09-18 23:39:49 - [MESSAGE][PASSED] - Object: 'Object Repository/Types of Projects/Page_American Software Contracts  Marketpla_f90b1c/button_login' is clicked on

2020-09-18 23:39:49 - [TEST_STEP][PASSED] - click(findTestObject("Types of Projects/Page_Dashboard  American Software Contracts/div_Test T")): Object: 'Object Repository/Types of Projects/Page_Dashboard  American Software Contracts/div_Test T' is clicked on

2020-09-18 23:40:00 - [MESSAGE][PASSED] - Object: 'Object Repository/Types of Projects/Page_Dashboard  American Software Contracts/div_Test T' is clicked on

2020-09-18 23:40:00 - [TEST_STEP][PASSED] - click(findTestObject("Object Repository/Types of Projects/Page_Dashboard  American Software Contracts/a_Manage projects")): Object: 'Object Repository/Types of Projects/Page_Dashboard  American Software Contracts/a_Manage projects' is clicked on

2020-09-18 23:40:01 - [MESSAGE][PASSED] - Object: 'Object Repository/Types of Projects/Page_Dashboard  American Software Contracts/a_Manage projects' is clicked on

2020-09-18 23:40:01 - [TEST_STEP][PASSED] - click(findTestObject("Object Repository/Types of Projects/Page_Dashboard  American Software Contracts/a_Your Proposals")): Object: 'Object Repository/Types of Projects/Page_Dashboard  American Software Contracts/a_Your Proposals' is clicked on

2020-09-18 23:40:06 - [MESSAGE][PASSED] - Object: 'Object Repository/Types of Projects/Page_Dashboard  American Software Contracts/a_Your Proposals' is clicked on

2020-09-18 23:40:06 - [TEST_STEP][PASSED] - delay(3): Delayed 3 second(s)

2020-09-18 23:40:09 - [MESSAGE][PASSED] - Delayed 3 second(s)

2020-09-18 23:40:09 - [TEST_STEP][PASSED] - click(findTestObject("Types of Projects/Page_Dashboard  American Software Contracts/div_Test T")): Object: 'Object Repository/Types of Projects/Page_Dashboard  American Software Contracts/div_Test T' is clicked on

2020-09-18 23:40:10 - [MESSAGE][PASSED] - Object: 'Object Repository/Types of Projects/Page_Dashboard  American Software Contracts/div_Test T' is clicked on

2020-09-18 23:40:10 - [TEST_STEP][PASSED] - click(findTestObject("Types of Projects/Page_Dashboard  American Software Contracts/a_Manage projects")): Object: 'Object Repository/Types of Projects/Page_Dashboard  American Software Contracts/a_Manage projects' is clicked on

2020-09-18 23:40:11 - [MESSAGE][PASSED] - Object: 'Object Repository/Types of Projects/Page_Dashboard  American Software Contracts/a_Manage projects' is clicked on

2020-09-18 23:40:11 - [TEST_STEP][PASSED] - click(findTestObject("Object Repository/Types of Projects/Page_Dashboard  American Software Contracts/a_Ongoing Projects")): Object: 'Object Repository/Types of Projects/Page_Dashboard  American Software Contracts/a_Ongoing Projects' is clicked on

2020-09-18 23:40:15 - [MESSAGE][PASSED] - Object: 'Object Repository/Types of Projects/Page_Dashboard  American Software Contracts/a_Ongoing Projects' is clicked on

2020-09-18 23:40:15 - [TEST_STEP][PASSED] - delay(3): Delayed 3 second(s)

2020-09-18 23:40:18 - [MESSAGE][PASSED] - Delayed 3 second(s)

2020-09-18 23:40:18 - [TEST_STEP][PASSED] - click(findTestObject("Types of Projects/Page_Dashboard  American Software Contracts/div_Test T")): Object: 'Object Repository/Types of Projects/Page_Dashboard  American Software Contracts/div_Test T' is clicked on

2020-09-18 23:40:19 - [MESSAGE][PASSED] - Object: 'Object Repository/Types of Projects/Page_Dashboard  American Software Contracts/div_Test T' is clicked on

2020-09-18 23:40:19 - [TEST_STEP][PASSED] - click(findTestObject("Types of Projects/Page_Dashboard  American Software Contracts/a_Manage projects")): Object: 'Object Repository/Types of Projects/Page_Dashboard  American Software Contracts/a_Manage projects' is clicked on

2020-09-18 23:40:19 - [MESSAGE][PASSED] - Object: 'Object Repository/Types of Projects/Page_Dashboard  American Software Contracts/a_Manage projects' is clicked on

2020-09-18 23:40:19 - [TEST_STEP][PASSED] - click(findTestObject("Types of Projects/Page_Dashboard  American Software Contracts/a_Completed Projects")): Object: 'Object Repository/Types of Projects/Page_Dashboard  American Software Contracts/a_Completed Projects' is clicked on

2020-09-18 23:40:23 - [MESSAGE][PASSED] - Object: 'Object Repository/Types of Projects/Page_Dashboard  American Software Contracts/a_Completed Projects' is clicked on

2020-09-18 23:40:23 - [TEST_STEP][PASSED] - delay(3): Delayed 3 second(s)

2020-09-18 23:40:26 - [MESSAGE][PASSED] - Delayed 3 second(s)

2020-09-18 23:40:26 - [TEST_STEP][PASSED] - click(findTestObject("Types of Projects/Page_Dashboard  American Software Contracts/div_Test T")): Object: 'Object Repository/Types of Projects/Page_Dashboard  American Software Contracts/div_Test T' is clicked on

2020-09-18 23:40:26 - [MESSAGE][PASSED] - Object: 'Object Repository/Types of Projects/Page_Dashboard  American Software Contracts/div_Test T' is clicked on

2020-09-18 23:40:26 - [TEST_STEP][PASSED] - click(findTestObject("Types of Projects/Page_Dashboard  American Software Contracts/a_Manage projects")): Object: 'Object Repository/Types of Projects/Page_Dashboard  American Software Contracts/a_Manage projects' is clicked on

2020-09-18 23:40:27 - [MESSAGE][PASSED] - Object: 'Object Repository/Types of Projects/Page_Dashboard  American Software Contracts/a_Manage projects' is clicked on

2020-09-18 23:40:27 - [TEST_STEP][PASSED] - click(findTestObject("Types of Projects/Page_Dashboard  American Software Contracts/a_Cancelled Projects")): Object: 'Object Repository/Types of Projects/Page_Dashboard  American Software Contracts/a_Cancelled Projects' is clicked on

2020-09-18 23:40:31 - [MESSAGE][PASSED] - Object: 'Object Repository/Types of Projects/Page_Dashboard  American Software Contracts/a_Cancelled Projects' is clicked on

2020-09-18 23:40:31 - [TEST_STEP][PASSED] - delay(3): Delayed 3 second(s)

2020-09-18 23:40:34 - [MESSAGE][PASSED] - Delayed 3 second(s)

2020-09-18 23:40:34 - [TEST_STEP][PASSED] - click(findTestObject("Types of Projects/Page_Dashboard  American Software Contracts/div_Test T")): Object: 'Object Repository/Types of Projects/Page_Dashboard  American Software Contracts/div_Test T' is clicked on

2020-09-18 23:40:35 - [MESSAGE][PASSED] - Object: 'Object Repository/Types of Projects/Page_Dashboard  American Software Contracts/div_Test T' is clicked on

2020-09-18 23:40:35 - [TEST_STEP][PASSED] - click(findTestObject("Object Repository/Types of Projects/Page_Dashboard  American Software Contracts/span_Logout")): Object: 'Object Repository/Types of Projects/Page_Dashboard  American Software Contracts/span_Logout' is clicked on

2020-09-18 23:40:40 - [MESSAGE][PASSED] - Object: 'Object Repository/Types of Projects/Page_Dashboard  American Software Contracts/span_Logout' is clicked on

2020-09-18 23:40:40 - [TEST_STEP][PASSED] - closeBrowser(): Browser is closed

2020-09-18 23:40:41 - [MESSAGE][PASSED] - Browser is closed]]></system-out>
         <system-err><![CDATA[]]></system-err>
      </testcase>
      <system-out><![CDATA[2020-09-18 23:32:51 - [TEST_SUITE][PASSED] - Test Suite 2_ASC: Test Cases/Manage Jobs and Projects/Types of Projects - Freelancer]]></system-out>
      <system-err><![CDATA[]]></system-err>
   </testsuite>
</testsuites>
