<?xml version="1.0" encoding="UTF-8"?>
<testsuites name="Test Suite 2_ASC" time="157.378" tests="1" failures="0" errors="0">
   <testsuite name="Test Suite 2_ASC" tests="1" failures="0" errors="0" time="157.378" timestamp="2020-08-31 00:22:22" hostname="Mahi - MSAMARA" id="Test Suites/Test Suite 2_ASC">
      <properties>
         <property name="deviceName" value=""/>
         <property name="devicePlatform" value=""/>
         <property name="logFolder" value="C:\\Users\\Mahi\\Katalon Studio\\American Software Contracts\\Reports\\20200831_002215\\Test Suite 2_ASC\\20200831_002215"/>
         <property name="logFiles" value="C:\\Users\\Mahi\\Katalon Studio\\American Software Contracts\\Reports\\20200831_002215\\Test Suite 2_ASC\\20200831_002215\\execution0.log"/>
         <property name="attachments" value=""/>
         <property name="hostName" value="Mahi - MSAMARA"/>
         <property name="os" value="Windows 8.1 64bit"/>
         <property name="katalonVersion" value="null.null"/>
         <property name="browser" value="Chrome 84.0.4147.135"/>
         <property name="hostAddress" value="192.168.0.103"/>
         <property name="sessionId" value="d1b322953f64df70971c610b93dcc61c"/>
         <property name="seleniumVersion" value="3.141.59"/>
         <property name="proxyInformation" value="ProxyInformation { proxyOption=NO_PROXY, proxyServerType=HTTP, username=, password=********, proxyServerAddress=, proxyServerPort=0, executionList=\&quot;\&quot;, isApplyToDesiredCapabilities=true }"/>
         <property name="platform" value="Windows 8.1"/>
      </properties>
      <testcase name="Test Cases/Manage Jobs/Types of Jobs" time="156.805" classname="Test Cases/Manage Jobs/Types of Jobs" status="PASSED">
         <system-out><![CDATA[2020-08-31 00:22:23 - [TEST_CASE][PASSED] - Test Cases/Manage Jobs/Types of Jobs: Test Cases/Manage Jobs/Types of Jobs

2020-08-31 00:22:23 - [TEST_STEP][PASSED] - openBrowser(""): Browser is opened with url: ''

2020-08-31 00:22:24 - [MESSAGE][INFO] - Starting 'Chrome' driver

2020-08-31 00:22:24 - [MESSAGE][INFO] - Action delay is set to 0 milliseconds

2020-08-31 00:22:27 - [MESSAGE][PASSED] - Browser is opened with url: ''

2020-08-31 00:22:27 - [TEST_STEP][PASSED] - navigateToUrl("https://www.wp.americansoftwarecontracts.com/"): Navigate to 'https://www.wp.americansoftwarecontracts.com/' successfully

2020-08-31 00:22:37 - [MESSAGE][PASSED] - Navigate to 'https://www.wp.americansoftwarecontracts.com/' successfully

2020-08-31 00:22:37 - [TEST_STEP][PASSED] - maximizeWindow(): Current window maximized

2020-08-31 00:22:38 - [MESSAGE][PASSED] - Current window maximized

2020-08-31 00:22:38 - [TEST_STEP][PASSED] - click(findTestObject("Page_American Software Contracts  Marketpla_f90b1c/a_Sign In")): Object: 'Object Repository/Page_American Software Contracts  Marketpla_f90b1c/a_Sign In' is clicked on

2020-08-31 00:22:39 - [MESSAGE][PASSED] - Object: 'Object Repository/Page_American Software Contracts  Marketpla_f90b1c/a_Sign In' is clicked on

2020-08-31 00:22:39 - [TEST_STEP][PASSED] - setText(findTestObject("Page_American Software Contracts  Marketpla_f90b1c/input_Login_username"), "mahendram15@gmail.com"): Text 'mahendram15@gmail.com' is set on object 'Object Repository/Page_American Software Contracts  Marketpla_f90b1c/input_Login_username'

2020-08-31 00:22:41 - [MESSAGE][PASSED] - Text 'mahendram15@gmail.com' is set on object 'Object Repository/Page_American Software Contracts  Marketpla_f90b1c/input_Login_username'

2020-08-31 00:22:41 - [TEST_STEP][PASSED] - setEncryptedText(findTestObject("Object Repository/Page_American Software Contracts  Marketpla_f90b1c/input_Login_password"), "XUwhRSdIKYJlFl7OB//OUg=="): Text ****** has been set on object 'Object Repository/Page_American Software Contracts  Marketpla_f90b1c/input_Login_password'

2020-08-31 00:22:41 - [MESSAGE][PASSED] - Text ****** has been set on object 'Object Repository/Page_American Software Contracts  Marketpla_f90b1c/input_Login_password'

2020-08-31 00:22:41 - [TEST_STEP][PASSED] - click(findTestObject("Page_American Software Contracts  Marketpla_f90b1c/button_login")): Object: 'Object Repository/Page_American Software Contracts  Marketpla_f90b1c/button_login' is clicked on

2020-08-31 00:22:42 - [MESSAGE][PASSED] - Object: 'Object Repository/Page_American Software Contracts  Marketpla_f90b1c/button_login' is clicked on

2020-08-31 00:22:42 - [TEST_STEP][PASSED] - click(findTestObject("Object Repository/Page_Dashboard  American Software Contracts/h3_Mahendra A")): Object: 'Object Repository/Page_Dashboard  American Software Contracts/h3_Mahendra A' is clicked on

2020-08-31 00:22:50 - [MESSAGE][PASSED] - Object: 'Object Repository/Page_Dashboard  American Software Contracts/h3_Mahendra A' is clicked on

2020-08-31 00:22:50 - [TEST_STEP][PASSED] - click(findTestObject("Object Repository/Page_Dashboard  American Software Contracts/span_Manage Jobs")): Object: 'Object Repository/Page_Dashboard  American Software Contracts/span_Manage Jobs' is clicked on

2020-08-31 00:22:51 - [MESSAGE][PASSED] - Object: 'Object Repository/Page_Dashboard  American Software Contracts/span_Manage Jobs' is clicked on

2020-08-31 00:22:51 - [TEST_STEP][PASSED] - click(findTestObject("Object Repository/Page_Dashboard  American Software Contracts/a_Post a job")): Object: 'Object Repository/Page_Dashboard  American Software Contracts/a_Post a job' is clicked on

2020-08-31 00:22:55 - [MESSAGE][PASSED] - Object: 'Object Repository/Page_Dashboard  American Software Contracts/a_Post a job' is clicked on

2020-08-31 00:22:55 - [TEST_STEP][PASSED] - delay(3): Delayed 3 second(s)

2020-08-31 00:22:58 - [MESSAGE][PASSED] - Delayed 3 second(s)

2020-08-31 00:22:58 - [TEST_STEP][PASSED] - click(findTestObject("Object Repository/Page_Dashboard  American Software Contracts/a_Buy Now")): Object: 'Object Repository/Page_Dashboard  American Software Contracts/a_Buy Now' is clicked on

2020-08-31 00:23:02 - [MESSAGE][PASSED] - Object: 'Object Repository/Page_Dashboard  American Software Contracts/a_Buy Now' is clicked on

2020-08-31 00:23:02 - [TEST_STEP][PASSED] - delay(3): Delayed 3 second(s)

2020-08-31 00:23:05 - [MESSAGE][PASSED] - Delayed 3 second(s)

2020-08-31 00:23:05 - [TEST_STEP][PASSED] - click(findTestObject("Object Repository/Page_Dashboard  American Software Contracts/span_Buy Now")): Object: 'Object Repository/Page_Dashboard  American Software Contracts/span_Buy Now' is clicked on

2020-08-31 00:23:05 - [MESSAGE][PASSED] - Object: 'Object Repository/Page_Dashboard  American Software Contracts/span_Buy Now' is clicked on

2020-08-31 00:23:05 - [TEST_STEP][PASSED] - click(findTestObject("Object Repository/Page_Dashboard  American Software Contracts/a_Yes")): Object: 'Object Repository/Page_Dashboard  American Software Contracts/a_Yes' is clicked on

2020-08-31 00:23:06 - [MESSAGE][PASSED] - Object: 'Object Repository/Page_Dashboard  American Software Contracts/a_Yes' is clicked on

2020-08-31 00:23:06 - [TEST_STEP][PASSED] - delay(3): Delayed 3 second(s)

2020-08-31 00:23:09 - [MESSAGE][PASSED] - Delayed 3 second(s)

2020-08-31 00:23:09 - [TEST_STEP][PASSED] - click(findTestObject("Object Repository/Page_Checkout  American Software Contracts/h3_Mahendra A")): Object: 'Object Repository/Page_Checkout  American Software Contracts/h3_Mahendra A' is clicked on

2020-08-31 00:23:16 - [MESSAGE][PASSED] - Object: 'Object Repository/Page_Checkout  American Software Contracts/h3_Mahendra A' is clicked on

2020-08-31 00:23:16 - [TEST_STEP][PASSED] - click(findTestObject("Object Repository/Page_Checkout  American Software Contracts/span_Manage Jobs")): Object: 'Object Repository/Page_Checkout  American Software Contracts/span_Manage Jobs' is clicked on

2020-08-31 00:23:16 - [MESSAGE][PASSED] - Object: 'Object Repository/Page_Checkout  American Software Contracts/span_Manage Jobs' is clicked on

2020-08-31 00:23:16 - [TEST_STEP][PASSED] - click(findTestObject("Object Repository/Page_Checkout  American Software Contracts/a_Post a job")): Object: 'Object Repository/Page_Checkout  American Software Contracts/a_Post a job' is clicked on

2020-08-31 00:23:21 - [MESSAGE][PASSED] - Object: 'Object Repository/Page_Checkout  American Software Contracts/a_Post a job' is clicked on

2020-08-31 00:23:21 - [TEST_STEP][PASSED] - delay(3): Delayed 3 second(s)

2020-08-31 00:23:24 - [MESSAGE][PASSED] - Delayed 3 second(s)

2020-08-31 00:23:24 - [TEST_STEP][PASSED] - click(findTestObject("Object Repository/Page_Dashboard  American Software Contracts/a_Buy Now")): Object: 'Object Repository/Page_Dashboard  American Software Contracts/a_Buy Now' is clicked on

2020-08-31 00:23:28 - [MESSAGE][PASSED] - Object: 'Object Repository/Page_Dashboard  American Software Contracts/a_Buy Now' is clicked on

2020-08-31 00:23:28 - [TEST_STEP][PASSED] - delay(3): Delayed 3 second(s)

2020-08-31 00:23:31 - [MESSAGE][PASSED] - Delayed 3 second(s)

2020-08-31 00:23:31 - [TEST_STEP][PASSED] - click(findTestObject("Object Repository/Page_Dashboard  American Software Contracts/span_Buy Now")): Object: 'Object Repository/Page_Dashboard  American Software Contracts/span_Buy Now' is clicked on

2020-08-31 00:23:31 - [MESSAGE][PASSED] - Object: 'Object Repository/Page_Dashboard  American Software Contracts/span_Buy Now' is clicked on

2020-08-31 00:23:31 - [TEST_STEP][PASSED] - click(findTestObject("Object Repository/Page_Dashboard  American Software Contracts/a_No")): Object: 'Object Repository/Page_Dashboard  American Software Contracts/a_No' is clicked on

2020-08-31 00:23:32 - [MESSAGE][PASSED] - Object: 'Object Repository/Page_Dashboard  American Software Contracts/a_No' is clicked on

2020-08-31 00:23:32 - [TEST_STEP][PASSED] - delay(2): Delayed 2 second(s)

2020-08-31 00:23:34 - [MESSAGE][PASSED] - Delayed 2 second(s)

2020-08-31 00:23:34 - [TEST_STEP][PASSED] - click(findTestObject("Object Repository/Page_Dashboard  American Software Contracts/span_Buy Now")): Object: 'Object Repository/Page_Dashboard  American Software Contracts/span_Buy Now' is clicked on

2020-08-31 00:23:34 - [MESSAGE][PASSED] - Object: 'Object Repository/Page_Dashboard  American Software Contracts/span_Buy Now' is clicked on

2020-08-31 00:23:34 - [TEST_STEP][PASSED] - click(findTestObject("Object Repository/Page_Dashboard  American Software Contracts/a_Yes")): Object: 'Object Repository/Page_Dashboard  American Software Contracts/a_Yes' is clicked on

2020-08-31 00:23:35 - [MESSAGE][PASSED] - Object: 'Object Repository/Page_Dashboard  American Software Contracts/a_Yes' is clicked on

2020-08-31 00:23:35 - [TEST_STEP][PASSED] - delay(2): Delayed 2 second(s)

2020-08-31 00:23:37 - [MESSAGE][PASSED] - Delayed 2 second(s)

2020-08-31 00:23:37 - [TEST_STEP][PASSED] - click(findTestObject("Page_Checkout  American Software Contracts/h3_Mahendra A")): Object: 'Object Repository/Page_Checkout  American Software Contracts/h3_Mahendra A' is clicked on

2020-08-31 00:23:46 - [MESSAGE][PASSED] - Object: 'Object Repository/Page_Checkout  American Software Contracts/h3_Mahendra A' is clicked on

2020-08-31 00:23:46 - [TEST_STEP][PASSED] - click(findTestObject("Page_Checkout  American Software Contracts/span_Manage Jobs")): Object: 'Object Repository/Page_Checkout  American Software Contracts/span_Manage Jobs' is clicked on

2020-08-31 00:23:47 - [MESSAGE][PASSED] - Object: 'Object Repository/Page_Checkout  American Software Contracts/span_Manage Jobs' is clicked on

2020-08-31 00:23:47 - [TEST_STEP][PASSED] - click(findTestObject("Page_Dashboard  American Software Contracts/a_Post a job")): Object: 'Object Repository/Page_Dashboard  American Software Contracts/a_Post a job' is clicked on

2020-08-31 00:23:51 - [MESSAGE][PASSED] - Object: 'Object Repository/Page_Dashboard  American Software Contracts/a_Post a job' is clicked on

2020-08-31 00:23:51 - [TEST_STEP][PASSED] - delay(3): Delayed 3 second(s)

2020-08-31 00:23:54 - [MESSAGE][PASSED] - Delayed 3 second(s)

2020-08-31 00:23:54 - [TEST_STEP][PASSED] - click(findTestObject("Page_Dashboard  American Software Contracts/a_Buy Now")): Object: 'Object Repository/Page_Dashboard  American Software Contracts/a_Buy Now' is clicked on

2020-08-31 00:23:57 - [MESSAGE][PASSED] - Object: 'Object Repository/Page_Dashboard  American Software Contracts/a_Buy Now' is clicked on

2020-08-31 00:23:57 - [TEST_STEP][PASSED] - delay(3): Delayed 3 second(s)

2020-08-31 00:24:00 - [MESSAGE][PASSED] - Delayed 3 second(s)

2020-08-31 00:24:00 - [TEST_STEP][PASSED] - click(findTestObject("Page_Dashboard  American Software Contracts/span_Buy Now")): Object: 'Object Repository/Page_Dashboard  American Software Contracts/span_Buy Now' is clicked on

2020-08-31 00:24:01 - [MESSAGE][PASSED] - Object: 'Object Repository/Page_Dashboard  American Software Contracts/span_Buy Now' is clicked on

2020-08-31 00:24:01 - [TEST_STEP][PASSED] - click(findTestObject("Page_Dashboard  American Software Contracts/a_Yes")): Object: 'Object Repository/Page_Dashboard  American Software Contracts/a_Yes' is clicked on

2020-08-31 00:24:02 - [MESSAGE][PASSED] - Object: 'Object Repository/Page_Dashboard  American Software Contracts/a_Yes' is clicked on

2020-08-31 00:24:02 - [TEST_STEP][PASSED] - click(findTestObject("Page_Dashboard  American Software Contracts/h3_Mahendra A")): Object: 'Object Repository/Page_Dashboard  American Software Contracts/h3_Mahendra A' is clicked on

2020-08-31 00:24:10 - [MESSAGE][PASSED] - Object: 'Object Repository/Page_Dashboard  American Software Contracts/h3_Mahendra A' is clicked on

2020-08-31 00:24:10 - [TEST_STEP][PASSED] - click(findTestObject("Page_Dashboard  American Software Contracts/span_Manage Jobs")): Object: 'Object Repository/Page_Dashboard  American Software Contracts/span_Manage Jobs' is clicked on

2020-08-31 00:24:10 - [MESSAGE][PASSED] - Object: 'Object Repository/Page_Dashboard  American Software Contracts/span_Manage Jobs' is clicked on

2020-08-31 00:24:10 - [TEST_STEP][PASSED] - click(findTestObject("Page_Checkout  American Software Contracts/a_Posted Jobs")): Object: 'Object Repository/Page_Checkout  American Software Contracts/a_Posted Jobs' is clicked on

2020-08-31 00:24:17 - [MESSAGE][PASSED] - Object: 'Object Repository/Page_Checkout  American Software Contracts/a_Posted Jobs' is clicked on

2020-08-31 00:24:17 - [TEST_STEP][PASSED] - delay(3): Delayed 3 second(s)

2020-08-31 00:24:20 - [MESSAGE][PASSED] - Delayed 3 second(s)

2020-08-31 00:24:20 - [TEST_STEP][PASSED] - click(findTestObject("Page_Dashboard  American Software Contracts/h3_Mahendra A")): Object: 'Object Repository/Page_Dashboard  American Software Contracts/h3_Mahendra A' is clicked on

2020-08-31 00:24:20 - [MESSAGE][PASSED] - Object: 'Object Repository/Page_Dashboard  American Software Contracts/h3_Mahendra A' is clicked on

2020-08-31 00:24:20 - [TEST_STEP][PASSED] - click(findTestObject("Page_Dashboard  American Software Contracts/span_Manage Jobs")): Object: 'Object Repository/Page_Dashboard  American Software Contracts/span_Manage Jobs' is clicked on

2020-08-31 00:24:21 - [MESSAGE][PASSED] - Object: 'Object Repository/Page_Dashboard  American Software Contracts/span_Manage Jobs' is clicked on

2020-08-31 00:24:21 - [TEST_STEP][PASSED] - click(findTestObject("Page_Checkout  American Software Contracts/a_Ongoing Jobs")): Object: 'Object Repository/Page_Checkout  American Software Contracts/a_Ongoing Jobs' is clicked on

2020-08-31 00:24:25 - [MESSAGE][PASSED] - Object: 'Object Repository/Page_Checkout  American Software Contracts/a_Ongoing Jobs' is clicked on

2020-08-31 00:24:25 - [TEST_STEP][PASSED] - delay(3): Delayed 3 second(s)

2020-08-31 00:24:28 - [MESSAGE][PASSED] - Delayed 3 second(s)

2020-08-31 00:24:28 - [TEST_STEP][PASSED] - click(findTestObject("Page_Dashboard  American Software Contracts/h3_Mahendra A")): Object: 'Object Repository/Page_Dashboard  American Software Contracts/h3_Mahendra A' is clicked on

2020-08-31 00:24:28 - [MESSAGE][PASSED] - Object: 'Object Repository/Page_Dashboard  American Software Contracts/h3_Mahendra A' is clicked on

2020-08-31 00:24:28 - [TEST_STEP][PASSED] - click(findTestObject("Page_Dashboard  American Software Contracts/span_Manage Jobs")): Object: 'Object Repository/Page_Dashboard  American Software Contracts/span_Manage Jobs' is clicked on

2020-08-31 00:24:29 - [MESSAGE][PASSED] - Object: 'Object Repository/Page_Dashboard  American Software Contracts/span_Manage Jobs' is clicked on

2020-08-31 00:24:29 - [TEST_STEP][PASSED] - click(findTestObject("Page_Checkout  American Software Contracts/a_Completed Jobs")): Object: 'Object Repository/Page_Checkout  American Software Contracts/a_Completed Jobs' is clicked on

2020-08-31 00:24:32 - [MESSAGE][PASSED] - Object: 'Object Repository/Page_Checkout  American Software Contracts/a_Completed Jobs' is clicked on

2020-08-31 00:24:32 - [TEST_STEP][PASSED] - delay(3): Delayed 3 second(s)

2020-08-31 00:24:35 - [MESSAGE][PASSED] - Delayed 3 second(s)

2020-08-31 00:24:35 - [TEST_STEP][PASSED] - click(findTestObject("Page_Checkout  American Software Contracts/h3_Mahendra A")): Object: 'Object Repository/Page_Checkout  American Software Contracts/h3_Mahendra A' is clicked on

2020-08-31 00:24:36 - [MESSAGE][PASSED] - Object: 'Object Repository/Page_Checkout  American Software Contracts/h3_Mahendra A' is clicked on

2020-08-31 00:24:36 - [TEST_STEP][PASSED] - click(findTestObject("Page_Checkout  American Software Contracts/span_Manage Jobs")): Object: 'Object Repository/Page_Checkout  American Software Contracts/span_Manage Jobs' is clicked on

2020-08-31 00:24:36 - [MESSAGE][PASSED] - Object: 'Object Repository/Page_Checkout  American Software Contracts/span_Manage Jobs' is clicked on

2020-08-31 00:24:36 - [TEST_STEP][PASSED] - click(findTestObject("Page_Checkout  American Software Contracts/a_Cancelled Jobs")): Object: 'Object Repository/Page_Checkout  American Software Contracts/a_Cancelled Jobs' is clicked on

2020-08-31 00:24:40 - [MESSAGE][PASSED] - Object: 'Object Repository/Page_Checkout  American Software Contracts/a_Cancelled Jobs' is clicked on

2020-08-31 00:24:40 - [TEST_STEP][PASSED] - delay(3): Delayed 3 second(s)

2020-08-31 00:24:43 - [MESSAGE][PASSED] - Delayed 3 second(s)

2020-08-31 00:24:43 - [TEST_STEP][PASSED] - click(findTestObject("Page_Checkout  American Software Contracts/h3_Mahendra A")): Object: 'Object Repository/Page_Checkout  American Software Contracts/h3_Mahendra A' is clicked on

2020-08-31 00:24:44 - [MESSAGE][PASSED] - Object: 'Object Repository/Page_Checkout  American Software Contracts/h3_Mahendra A' is clicked on

2020-08-31 00:24:44 - [TEST_STEP][PASSED] - click(findTestObject("Page_Dashboard  American Software Contracts/a_Dashboard")): Object: 'Object Repository/Page_Dashboard  American Software Contracts/a_Dashboard' is clicked on

2020-08-31 00:24:47 - [MESSAGE][PASSED] - Object: 'Object Repository/Page_Dashboard  American Software Contracts/a_Dashboard' is clicked on

2020-08-31 00:24:47 - [TEST_STEP][PASSED] - click(findTestObject("Page_Dashboard  American Software Contracts/h3_Mahendra A")): Object: 'Object Repository/Page_Dashboard  American Software Contracts/h3_Mahendra A' is clicked on

2020-08-31 00:24:48 - [MESSAGE][PASSED] - Object: 'Object Repository/Page_Dashboard  American Software Contracts/h3_Mahendra A' is clicked on

2020-08-31 00:24:48 - [TEST_STEP][PASSED] - click(findTestObject("Page_Dashboard  American Software Contracts/a_Logout")): Object: 'Object Repository/Page_Dashboard  American Software Contracts/a_Logout' is clicked on

2020-08-31 00:24:55 - [MESSAGE][PASSED] - Object: 'Object Repository/Page_Dashboard  American Software Contracts/a_Logout' is clicked on

2020-08-31 00:24:55 - [TEST_STEP][PASSED] - delay(3): Delayed 3 second(s)

2020-08-31 00:24:58 - [MESSAGE][PASSED] - Delayed 3 second(s)

2020-08-31 00:24:58 - [TEST_STEP][PASSED] - closeBrowser(): Browser is closed

2020-08-31 00:24:59 - [MESSAGE][PASSED] - Browser is closed]]></system-out>
         <system-err><![CDATA[]]></system-err>
      </testcase>
      <system-out><![CDATA[2020-08-31 00:22:22 - [TEST_SUITE][PASSED] - Test Suite 2_ASC: Test Cases/Manage Jobs/Types of Jobs]]></system-out>
      <system-err><![CDATA[]]></system-err>
   </testsuite>
</testsuites>
