<?xml version="1.0" encoding="UTF-8"?>
<testsuites name="Test Suite 4_ASC" time="67.418" tests="1" failures="0" errors="0">
   <testsuite name="Test Suite 4_ASC" tests="1" failures="0" errors="0" time="67.418" timestamp="2020-08-31 20:51:24" hostname="Mahi - MSAMARA" id="Test Suites/Test Suite 4_ASC">
      <properties>
         <property name="deviceName" value=""/>
         <property name="devicePlatform" value=""/>
         <property name="logFolder" value="C:\\Users\\Mahi\\git\\KatalonGitTestASC1\\KatalonGitTestASC1\\Reports\\20200831_205116\\Test Suite 4_ASC\\20200831_205116"/>
         <property name="logFiles" value="C:\\Users\\Mahi\\git\\KatalonGitTestASC1\\KatalonGitTestASC1\\Reports\\20200831_205116\\Test Suite 4_ASC\\20200831_205116\\execution0.log"/>
         <property name="attachments" value=""/>
         <property name="hostName" value="Mahi - MSAMARA"/>
         <property name="os" value="Windows 8.1 64bit"/>
         <property name="katalonVersion" value="null.null"/>
         <property name="browser" value="Chrome 84.0.4147.135"/>
         <property name="hostAddress" value="192.168.0.103"/>
         <property name="sessionId" value="e48dadfab83b8a91c26c85607947c3a9"/>
         <property name="seleniumVersion" value="3.141.59"/>
         <property name="proxyInformation" value="ProxyInformation { proxyOption=NO_PROXY, proxyServerType=HTTP, username=, password=********, proxyServerAddress=, proxyServerPort=0, executionList=\&quot;\&quot;, isApplyToDesiredCapabilities=true }"/>
         <property name="platform" value="Windows 8.1"/>
      </properties>
      <testcase name="Test Cases/Payout Settings/Test Payouts" time="66.962" classname="Test Cases/Payout Settings/Test Payouts" status="PASSED">
         <system-out><![CDATA[2020-08-31 20:51:24 - [TEST_CASE][PASSED] - Test Cases/Payout Settings/Test Payouts: Test Cases/Payout Settings/Test Payouts

2020-08-31 20:51:25 - [TEST_STEP][PASSED] - openBrowser(""): Browser is opened with url: ''

2020-08-31 20:51:25 - [MESSAGE][INFO] - Starting 'Chrome' driver

2020-08-31 20:51:25 - [MESSAGE][INFO] - Action delay is set to 0 milliseconds

2020-08-31 20:51:29 - [MESSAGE][PASSED] - Browser is opened with url: ''

2020-08-31 20:51:29 - [TEST_STEP][PASSED] - navigateToUrl("https://www.wp.americansoftwarecontracts.com/"): Navigate to 'https://www.wp.americansoftwarecontracts.com/' successfully

2020-08-31 20:51:37 - [MESSAGE][PASSED] - Navigate to 'https://www.wp.americansoftwarecontracts.com/' successfully

2020-08-31 20:51:37 - [TEST_STEP][PASSED] - maximizeWindow(): Current window maximized

2020-08-31 20:51:40 - [MESSAGE][PASSED] - Current window maximized

2020-08-31 20:51:40 - [TEST_STEP][PASSED] - click(findTestObject("Object Repository/Settings/Page_American Software Contracts  Marketpla_f90b1c/a_Sign In")): Object: 'Object Repository/Settings/Page_American Software Contracts  Marketpla_f90b1c/a_Sign In' is clicked on

2020-08-31 20:51:41 - [MESSAGE][PASSED] - Object: 'Object Repository/Settings/Page_American Software Contracts  Marketpla_f90b1c/a_Sign In' is clicked on

2020-08-31 20:51:41 - [TEST_STEP][PASSED] - setText(findTestObject("Object Repository/Settings/Page_American Software Contracts  Marketpla_f90b1c/input_Login_username"), "mahendram15@gmail.com"): Text 'mahendram15@gmail.com' is set on object 'Object Repository/Settings/Page_American Software Contracts  Marketpla_f90b1c/input_Login_username'

2020-08-31 20:51:42 - [MESSAGE][PASSED] - Text 'mahendram15@gmail.com' is set on object 'Object Repository/Settings/Page_American Software Contracts  Marketpla_f90b1c/input_Login_username'

2020-08-31 20:51:42 - [TEST_STEP][PASSED] - setEncryptedText(findTestObject("Object Repository/Settings/Page_American Software Contracts  Marketpla_f90b1c/input_Login_password"), "XUwhRSdIKYJlFl7OB//OUg=="): Text ****** has been set on object 'Object Repository/Settings/Page_American Software Contracts  Marketpla_f90b1c/input_Login_password'

2020-08-31 20:51:42 - [MESSAGE][PASSED] - Text ****** has been set on object 'Object Repository/Settings/Page_American Software Contracts  Marketpla_f90b1c/input_Login_password'

2020-08-31 20:51:42 - [TEST_STEP][PASSED] - click(findTestObject("Object Repository/Settings/Page_American Software Contracts  Marketpla_f90b1c/button_login")): Object: 'Object Repository/Settings/Page_American Software Contracts  Marketpla_f90b1c/button_login' is clicked on

2020-08-31 20:51:43 - [MESSAGE][PASSED] - Object: 'Object Repository/Settings/Page_American Software Contracts  Marketpla_f90b1c/button_login' is clicked on

2020-08-31 20:51:43 - [TEST_STEP][PASSED] - click(findTestObject("Object Repository/Settings/Page_Dashboard  American Software Contracts/h3_Mahendra A")): Object: 'Object Repository/Settings/Page_Dashboard  American Software Contracts/h3_Mahendra A' is clicked on

2020-08-31 20:51:50 - [MESSAGE][PASSED] - Object: 'Object Repository/Settings/Page_Dashboard  American Software Contracts/h3_Mahendra A' is clicked on

2020-08-31 20:51:50 - [TEST_STEP][PASSED] - click(findTestObject("Object Repository/Settings/Page_Dashboard  American Software Contracts/span_Payouts Settings")): Object: 'Object Repository/Settings/Page_Dashboard  American Software Contracts/span_Payouts Settings' is clicked on

2020-08-31 20:51:53 - [MESSAGE][PASSED] - Object: 'Object Repository/Settings/Page_Dashboard  American Software Contracts/span_Payouts Settings' is clicked on

2020-08-31 20:51:53 - [TEST_STEP][PASSED] - click(findTestObject("Object Repository/Settings/Page_Dashboard  American Software Contracts/img")): Object: 'Object Repository/Settings/Page_Dashboard  American Software Contracts/img' is clicked on

2020-08-31 20:51:54 - [MESSAGE][PASSED] - Object: 'Object Repository/Settings/Page_Dashboard  American Software Contracts/img' is clicked on

2020-08-31 20:51:54 - [TEST_STEP][PASSED] - click(findTestObject("Object Repository/Settings/Page_Dashboard  American Software Contracts/button_Submit")): Object: 'Object Repository/Settings/Page_Dashboard  American Software Contracts/button_Submit' is clicked on

2020-08-31 20:51:54 - [MESSAGE][PASSED] - Object: 'Object Repository/Settings/Page_Dashboard  American Software Contracts/button_Submit' is clicked on

2020-08-31 20:51:54 - [TEST_STEP][PASSED] - delay(8): Delayed 8 second(s)

2020-08-31 20:52:02 - [MESSAGE][PASSED] - Delayed 8 second(s)

2020-08-31 20:52:02 - [TEST_STEP][PASSED] - click(findTestObject("Object Repository/Settings/Page_Dashboard  American Software Contracts/img_1")): Object: 'Object Repository/Settings/Page_Dashboard  American Software Contracts/img_1' is clicked on

2020-08-31 20:52:03 - [MESSAGE][PASSED] - Object: 'Object Repository/Settings/Page_Dashboard  American Software Contracts/img_1' is clicked on

2020-08-31 20:52:03 - [TEST_STEP][PASSED] - click(findTestObject("Object Repository/Settings/Page_Dashboard  American Software Contracts/button_Submit")): Object: 'Object Repository/Settings/Page_Dashboard  American Software Contracts/button_Submit' is clicked on

2020-08-31 20:52:03 - [MESSAGE][PASSED] - Object: 'Object Repository/Settings/Page_Dashboard  American Software Contracts/button_Submit' is clicked on

2020-08-31 20:52:03 - [TEST_STEP][PASSED] - delay(7): Delayed 7 second(s)

2020-08-31 20:52:10 - [MESSAGE][PASSED] - Delayed 7 second(s)

2020-08-31 20:52:10 - [TEST_STEP][PASSED] - click(findTestObject("Object Repository/Settings/Page_Dashboard  American Software Contracts/a_Your Payouts")): Object: 'Object Repository/Settings/Page_Dashboard  American Software Contracts/a_Your Payouts' is clicked on

2020-08-31 20:52:15 - [MESSAGE][PASSED] - Object: 'Object Repository/Settings/Page_Dashboard  American Software Contracts/a_Your Payouts' is clicked on

2020-08-31 20:52:15 - [TEST_STEP][PASSED] - delay(2): Delayed 2 second(s)

2020-08-31 20:52:17 - [MESSAGE][PASSED] - Delayed 2 second(s)

2020-08-31 20:52:17 - [TEST_STEP][PASSED] - click(findTestObject("Settings/Page_Dashboard  American Software Contracts/a_Payouts Settings")): Object: 'Object Repository/Settings/Page_Dashboard  American Software Contracts/a_Payouts Settings' is clicked on

2020-08-31 20:52:21 - [MESSAGE][PASSED] - Object: 'Object Repository/Settings/Page_Dashboard  American Software Contracts/a_Payouts Settings' is clicked on

2020-08-31 20:52:21 - [TEST_STEP][PASSED] - click(findTestObject("Settings/Page_Dashboard  American Software Contracts/h3_Mahendra A")): Object: 'Object Repository/Settings/Page_Dashboard  American Software Contracts/h3_Mahendra A' is clicked on

2020-08-31 20:52:21 - [MESSAGE][PASSED] - Object: 'Object Repository/Settings/Page_Dashboard  American Software Contracts/h3_Mahendra A' is clicked on

2020-08-31 20:52:21 - [TEST_STEP][PASSED] - click(findTestObject("Object Repository/Settings/Page_Dashboard  American Software Contracts/span_Logout")): Object: 'Object Repository/Settings/Page_Dashboard  American Software Contracts/span_Logout' is clicked on

2020-08-31 20:52:27 - [MESSAGE][PASSED] - Object: 'Object Repository/Settings/Page_Dashboard  American Software Contracts/span_Logout' is clicked on

2020-08-31 20:52:27 - [TEST_STEP][PASSED] - delay(3): Delayed 3 second(s)

2020-08-31 20:52:30 - [MESSAGE][PASSED] - Delayed 3 second(s)

2020-08-31 20:52:30 - [TEST_STEP][PASSED] - closeBrowser(): Browser is closed

2020-08-31 20:52:31 - [MESSAGE][PASSED] - Browser is closed]]></system-out>
         <system-err><![CDATA[]]></system-err>
      </testcase>
      <system-out><![CDATA[2020-08-31 20:51:24 - [TEST_SUITE][PASSED] - Test Suite 4_ASC: Test Cases/Payout Settings/Test Payouts]]></system-out>
      <system-err><![CDATA[]]></system-err>
   </testsuite>
</testsuites>
