<?xml version="1.0" encoding="UTF-8"?>
<testsuites name="Test Suite 2_ASC" time="232.493" tests="2" failures="0" errors="0">
   <testsuite name="Test Suite 2_ASC" tests="2" failures="0" errors="0" time="232.493" timestamp="2020-08-31 20:38:25" hostname="Mahi - MSAMARA" id="Test Suites/Test Suite 2_ASC">
      <properties>
         <property name="deviceName" value=""/>
         <property name="devicePlatform" value=""/>
         <property name="logFolder" value="C:\\Users\\Mahi\\git\\KatalonGitTestASC1\\KatalonGitTestASC1\\Reports\\20200831_203817\\Test Suite 2_ASC\\20200831_203817"/>
         <property name="logFiles" value="C:\\Users\\Mahi\\git\\KatalonGitTestASC1\\KatalonGitTestASC1\\Reports\\20200831_203817\\Test Suite 2_ASC\\20200831_203817\\execution0.log"/>
         <property name="attachments" value=""/>
         <property name="hostName" value="Mahi - MSAMARA"/>
         <property name="os" value="Windows 8.1 64bit"/>
         <property name="katalonVersion" value="null.null"/>
         <property name="browser" value="Chrome 84.0.4147.135"/>
         <property name="hostAddress" value="192.168.0.103"/>
         <property name="sessionId" value="fe4e8f4b7c397cd2311f9a06d83d648c"/>
         <property name="seleniumVersion" value="3.141.59"/>
         <property name="proxyInformation" value="ProxyInformation { proxyOption=NO_PROXY, proxyServerType=HTTP, username=, password=********, proxyServerAddress=, proxyServerPort=0, executionList=\&quot;\&quot;, isApplyToDesiredCapabilities=true }"/>
         <property name="platform" value="Windows 8.1"/>
      </properties>
      <testcase name="Test Cases/Manage Jobs and Projects/Types of Jobs - Employer" time="166.98" classname="Test Cases/Manage Jobs and Projects/Types of Jobs - Employer" status="PASSED">
         <system-out><![CDATA[2020-08-31 20:38:25 - [TEST_CASE][PASSED] - Test Cases/Manage Jobs and Projects/Types of Jobs - Employer: Test Cases/Manage Jobs and Projects/Types of Jobs - Employer

2020-08-31 20:38:26 - [TEST_STEP][PASSED] - openBrowser(""): Browser is opened with url: ''

2020-08-31 20:38:26 - [MESSAGE][INFO] - Starting 'Chrome' driver

2020-08-31 20:38:26 - [MESSAGE][INFO] - Action delay is set to 0 milliseconds

2020-08-31 20:38:30 - [MESSAGE][PASSED] - Browser is opened with url: ''

2020-08-31 20:38:30 - [TEST_STEP][PASSED] - navigateToUrl("https://www.wp.americansoftwarecontracts.com/"): Navigate to 'https://www.wp.americansoftwarecontracts.com/' successfully

2020-08-31 20:38:41 - [MESSAGE][PASSED] - Navigate to 'https://www.wp.americansoftwarecontracts.com/' successfully

2020-08-31 20:38:41 - [TEST_STEP][PASSED] - maximizeWindow(): Current window maximized

2020-08-31 20:38:42 - [MESSAGE][PASSED] - Current window maximized

2020-08-31 20:38:42 - [TEST_STEP][PASSED] - click(findTestObject("Page_American Software Contracts  Marketpla_f90b1c/a_Sign In")): Object: 'Object Repository/Page_American Software Contracts  Marketpla_f90b1c/a_Sign In' is clicked on

2020-08-31 20:38:46 - [MESSAGE][PASSED] - Object: 'Object Repository/Page_American Software Contracts  Marketpla_f90b1c/a_Sign In' is clicked on

2020-08-31 20:38:46 - [TEST_STEP][PASSED] - setText(findTestObject("Page_American Software Contracts  Marketpla_f90b1c/input_Login_username"), "mahendram15@gmail.com"): Text 'mahendram15@gmail.com' is set on object 'Object Repository/Page_American Software Contracts  Marketpla_f90b1c/input_Login_username'

2020-08-31 20:38:47 - [MESSAGE][PASSED] - Text 'mahendram15@gmail.com' is set on object 'Object Repository/Page_American Software Contracts  Marketpla_f90b1c/input_Login_username'

2020-08-31 20:38:47 - [TEST_STEP][PASSED] - setEncryptedText(findTestObject("Object Repository/Page_American Software Contracts  Marketpla_f90b1c/input_Login_password"), "XUwhRSdIKYJlFl7OB//OUg=="): Text ****** has been set on object 'Object Repository/Page_American Software Contracts  Marketpla_f90b1c/input_Login_password'

2020-08-31 20:38:47 - [MESSAGE][PASSED] - Text ****** has been set on object 'Object Repository/Page_American Software Contracts  Marketpla_f90b1c/input_Login_password'

2020-08-31 20:38:47 - [TEST_STEP][PASSED] - click(findTestObject("Page_American Software Contracts  Marketpla_f90b1c/button_login")): Object: 'Object Repository/Page_American Software Contracts  Marketpla_f90b1c/button_login' is clicked on

2020-08-31 20:38:48 - [MESSAGE][PASSED] - Object: 'Object Repository/Page_American Software Contracts  Marketpla_f90b1c/button_login' is clicked on

2020-08-31 20:38:48 - [TEST_STEP][PASSED] - click(findTestObject("Object Repository/Page_Dashboard  American Software Contracts/h3_Mahendra A")): Object: 'Object Repository/Page_Dashboard  American Software Contracts/h3_Mahendra A' is clicked on

2020-08-31 20:38:56 - [MESSAGE][PASSED] - Object: 'Object Repository/Page_Dashboard  American Software Contracts/h3_Mahendra A' is clicked on

2020-08-31 20:38:56 - [TEST_STEP][PASSED] - click(findTestObject("Object Repository/Page_Dashboard  American Software Contracts/span_Manage Jobs")): Object: 'Object Repository/Page_Dashboard  American Software Contracts/span_Manage Jobs' is clicked on

2020-08-31 20:38:57 - [MESSAGE][PASSED] - Object: 'Object Repository/Page_Dashboard  American Software Contracts/span_Manage Jobs' is clicked on

2020-08-31 20:38:57 - [TEST_STEP][PASSED] - click(findTestObject("Object Repository/Page_Dashboard  American Software Contracts/a_Post a job")): Object: 'Object Repository/Page_Dashboard  American Software Contracts/a_Post a job' is clicked on

2020-08-31 20:39:04 - [MESSAGE][PASSED] - Object: 'Object Repository/Page_Dashboard  American Software Contracts/a_Post a job' is clicked on

2020-08-31 20:39:04 - [TEST_STEP][PASSED] - delay(8): Delayed 8 second(s)

2020-08-31 20:39:12 - [MESSAGE][PASSED] - Delayed 8 second(s)

2020-08-31 20:39:12 - [TEST_STEP][PASSED] - click(findTestObject("Object Repository/Page_Dashboard  American Software Contracts/a_Buy Now")): Object: 'Object Repository/Page_Dashboard  American Software Contracts/a_Buy Now' is clicked on

2020-08-31 20:39:18 - [MESSAGE][PASSED] - Object: 'Object Repository/Page_Dashboard  American Software Contracts/a_Buy Now' is clicked on

2020-08-31 20:39:18 - [TEST_STEP][PASSED] - delay(3): Delayed 3 second(s)

2020-08-31 20:39:21 - [MESSAGE][PASSED] - Delayed 3 second(s)

2020-08-31 20:39:21 - [TEST_STEP][PASSED] - click(findTestObject("Object Repository/Page_Dashboard  American Software Contracts/span_Buy Now")): Object: 'Object Repository/Page_Dashboard  American Software Contracts/span_Buy Now' is clicked on

2020-08-31 20:39:22 - [MESSAGE][PASSED] - Object: 'Object Repository/Page_Dashboard  American Software Contracts/span_Buy Now' is clicked on

2020-08-31 20:39:22 - [TEST_STEP][PASSED] - click(findTestObject("Object Repository/Page_Dashboard  American Software Contracts/a_Yes")): Object: 'Object Repository/Page_Dashboard  American Software Contracts/a_Yes' is clicked on

2020-08-31 20:39:22 - [MESSAGE][PASSED] - Object: 'Object Repository/Page_Dashboard  American Software Contracts/a_Yes' is clicked on

2020-08-31 20:39:22 - [TEST_STEP][PASSED] - delay(3): Delayed 3 second(s)

2020-08-31 20:39:25 - [MESSAGE][PASSED] - Delayed 3 second(s)

2020-08-31 20:39:25 - [TEST_STEP][PASSED] - click(findTestObject("Object Repository/Page_Checkout  American Software Contracts/h3_Mahendra A")): Object: 'Object Repository/Page_Checkout  American Software Contracts/h3_Mahendra A' is clicked on

2020-08-31 20:39:31 - [MESSAGE][PASSED] - Object: 'Object Repository/Page_Checkout  American Software Contracts/h3_Mahendra A' is clicked on

2020-08-31 20:39:31 - [TEST_STEP][PASSED] - click(findTestObject("Object Repository/Page_Checkout  American Software Contracts/span_Manage Jobs")): Object: 'Object Repository/Page_Checkout  American Software Contracts/span_Manage Jobs' is clicked on

2020-08-31 20:39:32 - [MESSAGE][PASSED] - Object: 'Object Repository/Page_Checkout  American Software Contracts/span_Manage Jobs' is clicked on

2020-08-31 20:39:32 - [TEST_STEP][PASSED] - click(findTestObject("Object Repository/Page_Checkout  American Software Contracts/a_Post a job")): Object: 'Object Repository/Page_Checkout  American Software Contracts/a_Post a job' is clicked on

2020-08-31 20:39:36 - [MESSAGE][PASSED] - Object: 'Object Repository/Page_Checkout  American Software Contracts/a_Post a job' is clicked on

2020-08-31 20:39:36 - [TEST_STEP][PASSED] - delay(3): Delayed 3 second(s)

2020-08-31 20:39:39 - [MESSAGE][PASSED] - Delayed 3 second(s)

2020-08-31 20:39:39 - [TEST_STEP][PASSED] - click(findTestObject("Object Repository/Page_Dashboard  American Software Contracts/a_Buy Now")): Object: 'Object Repository/Page_Dashboard  American Software Contracts/a_Buy Now' is clicked on

2020-08-31 20:39:43 - [MESSAGE][PASSED] - Object: 'Object Repository/Page_Dashboard  American Software Contracts/a_Buy Now' is clicked on

2020-08-31 20:39:43 - [TEST_STEP][PASSED] - delay(3): Delayed 3 second(s)

2020-08-31 20:39:46 - [MESSAGE][PASSED] - Delayed 3 second(s)

2020-08-31 20:39:46 - [TEST_STEP][PASSED] - click(findTestObject("Object Repository/Page_Dashboard  American Software Contracts/span_Buy Now")): Object: 'Object Repository/Page_Dashboard  American Software Contracts/span_Buy Now' is clicked on

2020-08-31 20:39:47 - [MESSAGE][PASSED] - Object: 'Object Repository/Page_Dashboard  American Software Contracts/span_Buy Now' is clicked on

2020-08-31 20:39:47 - [TEST_STEP][PASSED] - click(findTestObject("Object Repository/Page_Dashboard  American Software Contracts/a_No")): Object: 'Object Repository/Page_Dashboard  American Software Contracts/a_No' is clicked on

2020-08-31 20:39:48 - [MESSAGE][PASSED] - Object: 'Object Repository/Page_Dashboard  American Software Contracts/a_No' is clicked on

2020-08-31 20:39:48 - [TEST_STEP][PASSED] - delay(2): Delayed 2 second(s)

2020-08-31 20:39:50 - [MESSAGE][PASSED] - Delayed 2 second(s)

2020-08-31 20:39:50 - [TEST_STEP][PASSED] - click(findTestObject("Object Repository/Page_Dashboard  American Software Contracts/span_Buy Now")): Object: 'Object Repository/Page_Dashboard  American Software Contracts/span_Buy Now' is clicked on

2020-08-31 20:39:50 - [MESSAGE][PASSED] - Object: 'Object Repository/Page_Dashboard  American Software Contracts/span_Buy Now' is clicked on

2020-08-31 20:39:50 - [TEST_STEP][PASSED] - click(findTestObject("Object Repository/Page_Dashboard  American Software Contracts/a_Yes")): Object: 'Object Repository/Page_Dashboard  American Software Contracts/a_Yes' is clicked on

2020-08-31 20:39:50 - [MESSAGE][PASSED] - Object: 'Object Repository/Page_Dashboard  American Software Contracts/a_Yes' is clicked on

2020-08-31 20:39:50 - [TEST_STEP][PASSED] - delay(2): Delayed 2 second(s)

2020-08-31 20:39:52 - [MESSAGE][PASSED] - Delayed 2 second(s)

2020-08-31 20:39:52 - [TEST_STEP][PASSED] - click(findTestObject("Page_Checkout  American Software Contracts/h3_Mahendra A")): Object: 'Object Repository/Page_Checkout  American Software Contracts/h3_Mahendra A' is clicked on

2020-08-31 20:40:00 - [MESSAGE][PASSED] - Object: 'Object Repository/Page_Checkout  American Software Contracts/h3_Mahendra A' is clicked on

2020-08-31 20:40:00 - [TEST_STEP][PASSED] - click(findTestObject("Page_Checkout  American Software Contracts/span_Manage Jobs")): Object: 'Object Repository/Page_Checkout  American Software Contracts/span_Manage Jobs' is clicked on

2020-08-31 20:40:00 - [MESSAGE][PASSED] - Object: 'Object Repository/Page_Checkout  American Software Contracts/span_Manage Jobs' is clicked on

2020-08-31 20:40:00 - [TEST_STEP][PASSED] - click(findTestObject("Page_Dashboard  American Software Contracts/a_Post a job")): Object: 'Object Repository/Page_Dashboard  American Software Contracts/a_Post a job' is clicked on

2020-08-31 20:40:05 - [MESSAGE][PASSED] - Object: 'Object Repository/Page_Dashboard  American Software Contracts/a_Post a job' is clicked on

2020-08-31 20:40:05 - [TEST_STEP][PASSED] - delay(3): Delayed 3 second(s)

2020-08-31 20:40:08 - [MESSAGE][PASSED] - Delayed 3 second(s)

2020-08-31 20:40:08 - [TEST_STEP][PASSED] - click(findTestObject("Page_Dashboard  American Software Contracts/a_Buy Now")): Object: 'Object Repository/Page_Dashboard  American Software Contracts/a_Buy Now' is clicked on

2020-08-31 20:40:13 - [MESSAGE][PASSED] - Object: 'Object Repository/Page_Dashboard  American Software Contracts/a_Buy Now' is clicked on

2020-08-31 20:40:13 - [TEST_STEP][PASSED] - delay(3): Delayed 3 second(s)

2020-08-31 20:40:16 - [MESSAGE][PASSED] - Delayed 3 second(s)

2020-08-31 20:40:16 - [TEST_STEP][PASSED] - click(findTestObject("Page_Dashboard  American Software Contracts/span_Buy Now")): Object: 'Object Repository/Page_Dashboard  American Software Contracts/span_Buy Now' is clicked on

2020-08-31 20:40:17 - [MESSAGE][PASSED] - Object: 'Object Repository/Page_Dashboard  American Software Contracts/span_Buy Now' is clicked on

2020-08-31 20:40:17 - [TEST_STEP][PASSED] - click(findTestObject("Page_Dashboard  American Software Contracts/a_Yes")): Object: 'Object Repository/Page_Dashboard  American Software Contracts/a_Yes' is clicked on

2020-08-31 20:40:17 - [MESSAGE][PASSED] - Object: 'Object Repository/Page_Dashboard  American Software Contracts/a_Yes' is clicked on

2020-08-31 20:40:17 - [TEST_STEP][PASSED] - click(findTestObject("Page_Dashboard  American Software Contracts/h3_Mahendra A")): Object: 'Object Repository/Page_Dashboard  American Software Contracts/h3_Mahendra A' is clicked on

2020-08-31 20:40:25 - [MESSAGE][PASSED] - Object: 'Object Repository/Page_Dashboard  American Software Contracts/h3_Mahendra A' is clicked on

2020-08-31 20:40:25 - [TEST_STEP][PASSED] - click(findTestObject("Page_Dashboard  American Software Contracts/span_Manage Jobs")): Object: 'Object Repository/Page_Dashboard  American Software Contracts/span_Manage Jobs' is clicked on

2020-08-31 20:40:25 - [MESSAGE][PASSED] - Object: 'Object Repository/Page_Dashboard  American Software Contracts/span_Manage Jobs' is clicked on

2020-08-31 20:40:25 - [TEST_STEP][PASSED] - click(findTestObject("Page_Checkout  American Software Contracts/a_Posted Jobs")): Object: 'Object Repository/Page_Checkout  American Software Contracts/a_Posted Jobs' is clicked on

2020-08-31 20:40:29 - [MESSAGE][PASSED] - Object: 'Object Repository/Page_Checkout  American Software Contracts/a_Posted Jobs' is clicked on

2020-08-31 20:40:29 - [TEST_STEP][PASSED] - delay(3): Delayed 3 second(s)

2020-08-31 20:40:32 - [MESSAGE][PASSED] - Delayed 3 second(s)

2020-08-31 20:40:32 - [TEST_STEP][PASSED] - click(findTestObject("Page_Dashboard  American Software Contracts/h3_Mahendra A")): Object: 'Object Repository/Page_Dashboard  American Software Contracts/h3_Mahendra A' is clicked on

2020-08-31 20:40:33 - [MESSAGE][PASSED] - Object: 'Object Repository/Page_Dashboard  American Software Contracts/h3_Mahendra A' is clicked on

2020-08-31 20:40:33 - [TEST_STEP][PASSED] - click(findTestObject("Page_Dashboard  American Software Contracts/span_Manage Jobs")): Object: 'Object Repository/Page_Dashboard  American Software Contracts/span_Manage Jobs' is clicked on

2020-08-31 20:40:33 - [MESSAGE][PASSED] - Object: 'Object Repository/Page_Dashboard  American Software Contracts/span_Manage Jobs' is clicked on

2020-08-31 20:40:33 - [TEST_STEP][PASSED] - click(findTestObject("Page_Checkout  American Software Contracts/a_Ongoing Jobs")): Object: 'Object Repository/Page_Checkout  American Software Contracts/a_Ongoing Jobs' is clicked on

2020-08-31 20:40:38 - [MESSAGE][PASSED] - Object: 'Object Repository/Page_Checkout  American Software Contracts/a_Ongoing Jobs' is clicked on

2020-08-31 20:40:38 - [TEST_STEP][PASSED] - delay(3): Delayed 3 second(s)

2020-08-31 20:40:41 - [MESSAGE][PASSED] - Delayed 3 second(s)

2020-08-31 20:40:41 - [TEST_STEP][PASSED] - click(findTestObject("Page_Dashboard  American Software Contracts/h3_Mahendra A")): Object: 'Object Repository/Page_Dashboard  American Software Contracts/h3_Mahendra A' is clicked on

2020-08-31 20:40:42 - [MESSAGE][PASSED] - Object: 'Object Repository/Page_Dashboard  American Software Contracts/h3_Mahendra A' is clicked on

2020-08-31 20:40:42 - [TEST_STEP][PASSED] - click(findTestObject("Page_Dashboard  American Software Contracts/span_Manage Jobs")): Object: 'Object Repository/Page_Dashboard  American Software Contracts/span_Manage Jobs' is clicked on

2020-08-31 20:40:42 - [MESSAGE][PASSED] - Object: 'Object Repository/Page_Dashboard  American Software Contracts/span_Manage Jobs' is clicked on

2020-08-31 20:40:42 - [TEST_STEP][PASSED] - click(findTestObject("Page_Checkout  American Software Contracts/a_Completed Jobs")): Object: 'Object Repository/Page_Checkout  American Software Contracts/a_Completed Jobs' is clicked on

2020-08-31 20:40:46 - [MESSAGE][PASSED] - Object: 'Object Repository/Page_Checkout  American Software Contracts/a_Completed Jobs' is clicked on

2020-08-31 20:40:46 - [TEST_STEP][PASSED] - delay(3): Delayed 3 second(s)

2020-08-31 20:40:49 - [MESSAGE][PASSED] - Delayed 3 second(s)

2020-08-31 20:40:49 - [TEST_STEP][PASSED] - click(findTestObject("Page_Checkout  American Software Contracts/h3_Mahendra A")): Object: 'Object Repository/Page_Checkout  American Software Contracts/h3_Mahendra A' is clicked on

2020-08-31 20:40:49 - [MESSAGE][PASSED] - Object: 'Object Repository/Page_Checkout  American Software Contracts/h3_Mahendra A' is clicked on

2020-08-31 20:40:49 - [TEST_STEP][PASSED] - click(findTestObject("Page_Checkout  American Software Contracts/span_Manage Jobs")): Object: 'Object Repository/Page_Checkout  American Software Contracts/span_Manage Jobs' is clicked on

2020-08-31 20:40:50 - [MESSAGE][PASSED] - Object: 'Object Repository/Page_Checkout  American Software Contracts/span_Manage Jobs' is clicked on

2020-08-31 20:40:50 - [TEST_STEP][PASSED] - click(findTestObject("Page_Checkout  American Software Contracts/a_Cancelled Jobs")): Object: 'Object Repository/Page_Checkout  American Software Contracts/a_Cancelled Jobs' is clicked on

2020-08-31 20:40:54 - [MESSAGE][PASSED] - Object: 'Object Repository/Page_Checkout  American Software Contracts/a_Cancelled Jobs' is clicked on

2020-08-31 20:40:54 - [TEST_STEP][PASSED] - delay(3): Delayed 3 second(s)

2020-08-31 20:40:57 - [MESSAGE][PASSED] - Delayed 3 second(s)

2020-08-31 20:40:57 - [TEST_STEP][PASSED] - click(findTestObject("Page_Checkout  American Software Contracts/h3_Mahendra A")): Object: 'Object Repository/Page_Checkout  American Software Contracts/h3_Mahendra A' is clicked on

2020-08-31 20:40:57 - [MESSAGE][PASSED] - Object: 'Object Repository/Page_Checkout  American Software Contracts/h3_Mahendra A' is clicked on

2020-08-31 20:40:57 - [TEST_STEP][PASSED] - click(findTestObject("Page_Dashboard  American Software Contracts/a_Dashboard")): Object: 'Object Repository/Page_Dashboard  American Software Contracts/a_Dashboard' is clicked on

2020-08-31 20:41:01 - [MESSAGE][PASSED] - Object: 'Object Repository/Page_Dashboard  American Software Contracts/a_Dashboard' is clicked on

2020-08-31 20:41:01 - [TEST_STEP][PASSED] - click(findTestObject("Page_Dashboard  American Software Contracts/h3_Mahendra A")): Object: 'Object Repository/Page_Dashboard  American Software Contracts/h3_Mahendra A' is clicked on

2020-08-31 20:41:02 - [MESSAGE][PASSED] - Object: 'Object Repository/Page_Dashboard  American Software Contracts/h3_Mahendra A' is clicked on

2020-08-31 20:41:02 - [TEST_STEP][PASSED] - click(findTestObject("Page_Dashboard  American Software Contracts/a_Logout")): Object: 'Object Repository/Page_Dashboard  American Software Contracts/a_Logout' is clicked on

2020-08-31 20:41:08 - [MESSAGE][PASSED] - Object: 'Object Repository/Page_Dashboard  American Software Contracts/a_Logout' is clicked on

2020-08-31 20:41:08 - [TEST_STEP][PASSED] - delay(3): Delayed 3 second(s)

2020-08-31 20:41:11 - [MESSAGE][PASSED] - Delayed 3 second(s)

2020-08-31 20:41:11 - [TEST_STEP][PASSED] - closeBrowser(): Browser is closed

2020-08-31 20:41:12 - [MESSAGE][PASSED] - Browser is closed]]></system-out>
         <system-err><![CDATA[]]></system-err>
      </testcase>
      <testcase name="Test Cases/Manage Jobs and Projects/Types of Projects - Freelancer" time="65.062" classname="Test Cases/Manage Jobs and Projects/Types of Projects - Freelancer" status="PASSED">
         <system-out><![CDATA[2020-08-31 20:41:12 - [TEST_CASE][PASSED] - Test Cases/Manage Jobs and Projects/Types of Projects - Freelancer: Test Cases/Manage Jobs and Projects/Types of Projects - Freelancer

2020-08-31 20:41:13 - [TEST_STEP][PASSED] - openBrowser(""): Browser is opened with url: ''

2020-08-31 20:41:13 - [MESSAGE][INFO] - Starting 'Chrome' driver

2020-08-31 20:41:13 - [MESSAGE][INFO] - Action delay is set to 0 milliseconds

2020-08-31 20:41:15 - [MESSAGE][PASSED] - Browser is opened with url: ''

2020-08-31 20:41:15 - [TEST_STEP][PASSED] - navigateToUrl("https://www.wp.americansoftwarecontracts.com/"): Navigate to 'https://www.wp.americansoftwarecontracts.com/' successfully

2020-08-31 20:41:22 - [MESSAGE][PASSED] - Navigate to 'https://www.wp.americansoftwarecontracts.com/' successfully

2020-08-31 20:41:22 - [TEST_STEP][PASSED] - maximizeWindow(): Current window maximized

2020-08-31 20:41:23 - [MESSAGE][PASSED] - Current window maximized

2020-08-31 20:41:23 - [TEST_STEP][PASSED] - click(findTestObject("Object Repository/Types of Projects/Page_American Software Contracts  Marketpla_f90b1c/a_Sign In")): Object: 'Object Repository/Types of Projects/Page_American Software Contracts  Marketpla_f90b1c/a_Sign In' is clicked on

2020-08-31 20:41:26 - [MESSAGE][PASSED] - Object: 'Object Repository/Types of Projects/Page_American Software Contracts  Marketpla_f90b1c/a_Sign In' is clicked on

2020-08-31 20:41:26 - [TEST_STEP][PASSED] - setText(findTestObject("Object Repository/Types of Projects/Page_American Software Contracts  Marketpla_f90b1c/input_Login_username"), "amaramahendra1989@gmail.com"): Text 'amaramahendra1989@gmail.com' is set on object 'Object Repository/Types of Projects/Page_American Software Contracts  Marketpla_f90b1c/input_Login_username'

2020-08-31 20:41:27 - [MESSAGE][PASSED] - Text 'amaramahendra1989@gmail.com' is set on object 'Object Repository/Types of Projects/Page_American Software Contracts  Marketpla_f90b1c/input_Login_username'

2020-08-31 20:41:27 - [TEST_STEP][PASSED] - setEncryptedText(findTestObject("Object Repository/Types of Projects/Page_American Software Contracts  Marketpla_f90b1c/input_Login_password"), "XUwhRSdIKYJlFl7OB//OUg=="): Text ****** has been set on object 'Object Repository/Types of Projects/Page_American Software Contracts  Marketpla_f90b1c/input_Login_password'

2020-08-31 20:41:27 - [MESSAGE][PASSED] - Text ****** has been set on object 'Object Repository/Types of Projects/Page_American Software Contracts  Marketpla_f90b1c/input_Login_password'

2020-08-31 20:41:27 - [TEST_STEP][PASSED] - click(findTestObject("Object Repository/Types of Projects/Page_American Software Contracts  Marketpla_f90b1c/button_login")): Object: 'Object Repository/Types of Projects/Page_American Software Contracts  Marketpla_f90b1c/button_login' is clicked on

2020-08-31 20:41:27 - [MESSAGE][PASSED] - Object: 'Object Repository/Types of Projects/Page_American Software Contracts  Marketpla_f90b1c/button_login' is clicked on

2020-08-31 20:41:27 - [TEST_STEP][PASSED] - click(findTestObject("Types of Projects/Page_Dashboard  American Software Contracts/div_Test T")): Object: 'Object Repository/Types of Projects/Page_Dashboard  American Software Contracts/div_Test T' is clicked on

2020-08-31 20:41:37 - [MESSAGE][PASSED] - Object: 'Object Repository/Types of Projects/Page_Dashboard  American Software Contracts/div_Test T' is clicked on

2020-08-31 20:41:37 - [TEST_STEP][PASSED] - click(findTestObject("Object Repository/Types of Projects/Page_Dashboard  American Software Contracts/a_Manage projects")): Object: 'Object Repository/Types of Projects/Page_Dashboard  American Software Contracts/a_Manage projects' is clicked on

2020-08-31 20:41:38 - [MESSAGE][PASSED] - Object: 'Object Repository/Types of Projects/Page_Dashboard  American Software Contracts/a_Manage projects' is clicked on

2020-08-31 20:41:38 - [TEST_STEP][PASSED] - click(findTestObject("Object Repository/Types of Projects/Page_Dashboard  American Software Contracts/a_Your Proposals")): Object: 'Object Repository/Types of Projects/Page_Dashboard  American Software Contracts/a_Your Proposals' is clicked on

2020-08-31 20:41:41 - [MESSAGE][PASSED] - Object: 'Object Repository/Types of Projects/Page_Dashboard  American Software Contracts/a_Your Proposals' is clicked on

2020-08-31 20:41:41 - [TEST_STEP][PASSED] - delay(3): Delayed 3 second(s)

2020-08-31 20:41:44 - [MESSAGE][PASSED] - Delayed 3 second(s)

2020-08-31 20:41:44 - [TEST_STEP][PASSED] - click(findTestObject("Types of Projects/Page_Dashboard  American Software Contracts/div_Test T")): Object: 'Object Repository/Types of Projects/Page_Dashboard  American Software Contracts/div_Test T' is clicked on

2020-08-31 20:41:44 - [MESSAGE][PASSED] - Object: 'Object Repository/Types of Projects/Page_Dashboard  American Software Contracts/div_Test T' is clicked on

2020-08-31 20:41:44 - [TEST_STEP][PASSED] - click(findTestObject("Types of Projects/Page_Dashboard  American Software Contracts/a_Manage projects")): Object: 'Object Repository/Types of Projects/Page_Dashboard  American Software Contracts/a_Manage projects' is clicked on

2020-08-31 20:41:45 - [MESSAGE][PASSED] - Object: 'Object Repository/Types of Projects/Page_Dashboard  American Software Contracts/a_Manage projects' is clicked on

2020-08-31 20:41:45 - [TEST_STEP][PASSED] - click(findTestObject("Object Repository/Types of Projects/Page_Dashboard  American Software Contracts/a_Ongoing Projects")): Object: 'Object Repository/Types of Projects/Page_Dashboard  American Software Contracts/a_Ongoing Projects' is clicked on

2020-08-31 20:41:48 - [MESSAGE][PASSED] - Object: 'Object Repository/Types of Projects/Page_Dashboard  American Software Contracts/a_Ongoing Projects' is clicked on

2020-08-31 20:41:48 - [TEST_STEP][PASSED] - delay(3): Delayed 3 second(s)

2020-08-31 20:41:51 - [MESSAGE][PASSED] - Delayed 3 second(s)

2020-08-31 20:41:51 - [TEST_STEP][PASSED] - click(findTestObject("Types of Projects/Page_Dashboard  American Software Contracts/div_Test T")): Object: 'Object Repository/Types of Projects/Page_Dashboard  American Software Contracts/div_Test T' is clicked on

2020-08-31 20:41:52 - [MESSAGE][PASSED] - Object: 'Object Repository/Types of Projects/Page_Dashboard  American Software Contracts/div_Test T' is clicked on

2020-08-31 20:41:52 - [TEST_STEP][PASSED] - click(findTestObject("Types of Projects/Page_Dashboard  American Software Contracts/a_Manage projects")): Object: 'Object Repository/Types of Projects/Page_Dashboard  American Software Contracts/a_Manage projects' is clicked on

2020-08-31 20:41:52 - [MESSAGE][PASSED] - Object: 'Object Repository/Types of Projects/Page_Dashboard  American Software Contracts/a_Manage projects' is clicked on

2020-08-31 20:41:52 - [TEST_STEP][PASSED] - click(findTestObject("Types of Projects/Page_Dashboard  American Software Contracts/a_Completed Projects")): Object: 'Object Repository/Types of Projects/Page_Dashboard  American Software Contracts/a_Completed Projects' is clicked on

2020-08-31 20:41:56 - [MESSAGE][PASSED] - Object: 'Object Repository/Types of Projects/Page_Dashboard  American Software Contracts/a_Completed Projects' is clicked on

2020-08-31 20:41:56 - [TEST_STEP][PASSED] - delay(3): Delayed 3 second(s)

2020-08-31 20:41:59 - [MESSAGE][PASSED] - Delayed 3 second(s)

2020-08-31 20:41:59 - [TEST_STEP][PASSED] - click(findTestObject("Types of Projects/Page_Dashboard  American Software Contracts/div_Test T")): Object: 'Object Repository/Types of Projects/Page_Dashboard  American Software Contracts/div_Test T' is clicked on

2020-08-31 20:41:59 - [MESSAGE][PASSED] - Object: 'Object Repository/Types of Projects/Page_Dashboard  American Software Contracts/div_Test T' is clicked on

2020-08-31 20:41:59 - [TEST_STEP][PASSED] - click(findTestObject("Types of Projects/Page_Dashboard  American Software Contracts/a_Manage projects")): Object: 'Object Repository/Types of Projects/Page_Dashboard  American Software Contracts/a_Manage projects' is clicked on

2020-08-31 20:42:00 - [MESSAGE][PASSED] - Object: 'Object Repository/Types of Projects/Page_Dashboard  American Software Contracts/a_Manage projects' is clicked on

2020-08-31 20:42:00 - [TEST_STEP][PASSED] - click(findTestObject("Types of Projects/Page_Dashboard  American Software Contracts/a_Cancelled Projects")): Object: 'Object Repository/Types of Projects/Page_Dashboard  American Software Contracts/a_Cancelled Projects' is clicked on

2020-08-31 20:42:03 - [MESSAGE][PASSED] - Object: 'Object Repository/Types of Projects/Page_Dashboard  American Software Contracts/a_Cancelled Projects' is clicked on

2020-08-31 20:42:03 - [TEST_STEP][PASSED] - delay(3): Delayed 3 second(s)

2020-08-31 20:42:06 - [MESSAGE][PASSED] - Delayed 3 second(s)

2020-08-31 20:42:06 - [TEST_STEP][PASSED] - click(findTestObject("Types of Projects/Page_Dashboard  American Software Contracts/div_Test T")): Object: 'Object Repository/Types of Projects/Page_Dashboard  American Software Contracts/div_Test T' is clicked on

2020-08-31 20:42:07 - [MESSAGE][PASSED] - Object: 'Object Repository/Types of Projects/Page_Dashboard  American Software Contracts/div_Test T' is clicked on

2020-08-31 20:42:07 - [TEST_STEP][PASSED] - click(findTestObject("Object Repository/Types of Projects/Page_Dashboard  American Software Contracts/span_Logout")): Object: 'Object Repository/Types of Projects/Page_Dashboard  American Software Contracts/span_Logout' is clicked on

2020-08-31 20:42:16 - [MESSAGE][PASSED] - Object: 'Object Repository/Types of Projects/Page_Dashboard  American Software Contracts/span_Logout' is clicked on

2020-08-31 20:42:16 - [TEST_STEP][PASSED] - closeBrowser(): Browser is closed

2020-08-31 20:42:17 - [MESSAGE][PASSED] - Browser is closed]]></system-out>
         <system-err><![CDATA[]]></system-err>
      </testcase>
      <system-out><![CDATA[2020-08-31 20:38:25 - [TEST_SUITE][PASSED] - Test Suite 2_ASC: Test Cases/Manage Jobs and Projects/Types of Projects - Freelancer]]></system-out>
      <system-err><![CDATA[]]></system-err>
   </testsuite>
</testsuites>
